<?xml version="1.0" encoding="UTF-8"?>
<testsuite name="testCases.VulnerabilityTest" tests="1" skipped="0" failures="0" errors="0" timestamp="2021-09-17T17:56:23" hostname="DESKTOP-LPG622Q" time="168.598">
  <properties/>
  <testcase name="scanningVulnerabilityTest()" classname="testCases.VulnerabilityTest" time="168.598"/>
  <system-out><![CDATA[Request
URL: http://localhost:8888/JSON/ascan/action/scan/?url=https://todoist.com/
Response, Body: {"scan":"3"}
Response, Code: 200
Request
URL: http://localhost:8888/JSON/ascan/view/status/?scanId=3
Response, Body: {"status":"0"}
Response, Code: 200
Request
URL: http://localhost:8888/JSON/ascan/view/status/?scanId=3
Response, Body: {"status":"0"}
Response, Code: 200
INFO> percentage: 0%
Request
URL: http://localhost:8888/JSON/ascan/view/status/?scanId=3
Response, Body: {"status":"0"}
Response, Code: 200
INFO> percentage: 0%
Request
URL: http://localhost:8888/JSON/ascan/view/status/?scanId=3
Response, Body: {"status":"0"}
Response, Code: 200
INFO> percentage: 0%
Request
URL: http://localhost:8888/JSON/ascan/view/status/?scanId=3
Response, Body: {"status":"0"}
Response, Code: 200
INFO> percentage: 0%
Request
URL: http://localhost:8888/JSON/ascan/view/status/?scanId=3
Response, Body: {"status":"0"}
Response, Code: 200
INFO> percentage: 0%
Request
URL: http://localhost:8888/JSON/ascan/view/status/?scanId=3
Response, Body: {"status":"0"}
Response, Code: 200
INFO> percentage: 0%
Request
URL: http://localhost:8888/JSON/ascan/view/status/?scanId=3
Response, Body: {"status":"1"}
Response, Code: 200
INFO> percentage: 1%
Request
URL: http://localhost:8888/JSON/ascan/view/status/?scanId=3
Response, Body: {"status":"2"}
Response, Code: 200
INFO> percentage: 2%
Request
URL: http://localhost:8888/JSON/ascan/view/status/?scanId=3
Response, Body: {"status":"2"}
Response, Code: 200
INFO> percentage: 2%
Request
URL: http://localhost:8888/JSON/ascan/view/status/?scanId=3
Response, Body: {"status":"3"}
Response, Code: 200
INFO> percentage: 3%
Request
URL: http://localhost:8888/JSON/ascan/view/status/?scanId=3
Response, Body: {"status":"100"}
Response, Code: 200
INFO> percentage: 100%
INFO> Scanner 100%
INFO> ***** generacion de reporte
Request
URL: http://localhost:8888/OTHER/core/other/htmlreport/?
Response, Body: <html>
    <head>
        <META http-equiv="Content-Type" content="text/html; charset=UTF-8">
        <title>ZAP Scanning Report</title>
        <style>
body{
  font-family: "Helvetica Neue",Helvetica,Arial,sans-serif;
  color: #000;
  font-size: 13px;
}
h1{
  text-align: center;
  font-weight: bold;
  font-size: 32px
}
h3{
  font-size: 16px;
}
table{
  border: none;
  font-size: 13px;
}
td, th {
  padding: 3px 4px;
  word-break: break-word;
}
th{
  font-weight: bold;
}
.results th{
  text-align: left;
}
.spacer{
  margin: 10px;
}
.spacer-lg{
  margin: 40px;
}
.indent1{
  padding: 4px 20px;
}
.indent2{
  padding: 4px 40px;
}
.risk-high{
  background-color: red;
  color: #FFF;
}
.risk-medium{
  background-color: orange;
  color: #FFF;
}
.risk-low{
  background-color: yellow;
  color: #000;
}
.risk-info{
  background-color: blue;
  color: #FFF;
}
.summary th{
  color: #FFF;
}
.alerts th{
  color: #FFF;
}
.left-header{
  display: inline-block;
}
.time-stamp{
  float: right;
}
</style>
    </head>
    <body>
        <h1>
            <img src="data:image/png;base64,iVBORw0KGgoAAAANSUhEUgAAACAAAAAgCAYAAABzenr0AAAABmJLR0QA/wD/AP+gvaeTAAAACXBIWXMAABqbAAAamwHdbkbTAAAAB3RJTUUH4QsKDDQPKy6k8AAABxpJREFUWMO9l31sVWcdxz+/55xzbwt9QddJExClvIzNxTKJDZi22oJSbFZpmRb4g8sfhpEIwXQNTKh0NYgiMKIwo5AsdIxdQldGNBN5W2OTFRVcIZE1YwExcXOdc1DK+nLvOc/PP87tC9CWsj98bp6ck3Ofc57v7+37/T3wYGMucBR4F/gK/8exAugAdPXq1bpx40YFekZdHYuP+8PuGP+lAc8CmzIyMtLq6uqora3FcRwAzp49m/7Wv5O95tsNEfyEKvwH9B1V2hT7GnB+PABkhGePAvVA9dy5c6mvr2fp0qX3LOru7iYrK4toSQ1OXhGKohpOiyVQe0NVn9PGFb8iFofGFSMCMMPulwEXgbdXrlxZ3dHRQXt7+4ibA2RmZtLc3Ex/y/O4fg8RMUSMS8RxiRiPqPE+4xrnl07syA3Q+aN5wADlwO1oNPpqQ0NDfl9fH4cPH2bOnDn3dV9VVRWVlVV88vsteNF0XCO4xuA6Bs9xiBgPz/EmueKcIxavHyk/BPjnli1bpm3btu1TZ2hmxkTk8aeYMK8aay1WFVWwqgSqBDYgqQFJGxygccWa4e86IhJpbW39Zk5ODgUFBZ8KwOLFZeyr/wHZs0vw0jMxIqFpAuFt+EOYZ/OrAi41t96dhF8HThcWFnpnzpwhGo0+MIhnamvZs+8AM55uIhn4+Cnrkza8Wqv4NiBhfXwNCgxy3jauuKMKPOCPrpHSU2fOUlJS8sAg8qZP50bGY0xeuIFk4JO0SnIYiMAqSRuQDPyPgsbqh++ugqSsPXGC+WsoLS1lzZqnHxhA40svcfPvfyDNjRARwTOCJ+E0IjgiOGIwRnIkFl97NwBMX9dPvEfLSC+t5cCB/eTk5Ix78ylTplBcXMxDjy3EweIZISKSqoxwcyOCYwRXHETkuSEAsTjE4kVGTLrjpdP7p33U1NTQ2dk5bgCbN28Ow7BoA8YmcVOWR1KWuyKIgEEwYjBiJhN75Ushr15qRp747g9dcRZ4RtCuf3HhdBMlpQuZNm3auAAUFBRw+fJlWl/dy9SCaqwGIBIyJGBTUwemWqzy/mAIRPmaEUGsJeNbz+IVfJ+ioiI2bNgwbi80NTUxJWciV47/GM9Lwwg4CA6CSblbBqYYRPjqEACRR8JaVcRPkPHlJ5m66kX27W8kL2/6uMPR3t7Ox+++yQcXjmLEIEYQA8YIkuIHSYVDkBnDk3DSEDwAi5c5mUfWNtGVPovc3FwOHTp0XwDZ2dm0nTvH9Td+zSedVxDVkIQAEQ1BoIgKCpnmflqpQcAXyjYxo6KeVatWUVZWRiKRGPO1+fPns2vXLjoOr7uvFA8HcHMoQ8IHmkqOINnH1d81kJeXR0VFRcqKkUcQBLS0tHD79u2QXHq7UmkIqgKqoIKKAnQPNiSqXFG0QFVCXbcGK4pVIdnTBcDOnTupqqoa06q2tjZKS0uZ8LmZzKiox5nwWXzfx9qBfmGgCkDRa4MeUNE3repg2QSEiwMFk5nDF8vrWLZsGTNnzqS9vX1UAEVFRezYsYOeD68y8fNPEFifAL2rDAfBnJdhGv0NzzgtoYYbHGOICkSMIWKEqBE8x+X91v18cKGJyspKDh48SFZW1ohAlixZQstfLzM99iK9iQQJqySsxVfFDyz9Nolv/fw7gumsPtIbMZE0zxhcR3DFEDVCZIDTjeA5Drb3Jv84sYOu639j69atNDQ0jAgiN3cyPQ/NJXvhM/QnEwRW8dWSDAL6bbLTHlyee0cVWNWfBhpgVbEWfFUSqiSGqVoyCCCaxayndjKn+nm2736BzIyJHDt27B4AFy9eovvtU3R3nA5DkFJEXwNUtWHEptSsPtIXNW7UMy4mJSLeMA+4IrhCKC6A46XR+VYz772xj/z8fJqampg1a9bg906ePElZWRlZy3+DZuSGPUGQ/G/QuDznHjVMeaEyaS2+WqxVbMryxMDVKv0W+qzSr0pPoo/Mx8uZs/51rgdTmD17NrFYbJArFi9ezKZNm7h1dD1B4JO0PgG23KR6QxnlYLHXM846z7i4oX4P6vmA9Q6ENMsQZyiGxK1OPjr5M5Kd77B7925qamoAWLBgAX+59jFU7tmivy3fPvq5INXDSyx+3DXOd1xx8YzBiGBMKCIDwmKMDLEWEnoMUDdK37U2bp/6BQ9PSueV+BEWLVpEdnYW3be6f67wo7EOJoMgiMX3uuKs84zBEQcjghjBMCAmhF1niskGCMaiqFWs8ehrj+Off5nCwkK2b99OcXExwFTgvdEB3AmizIi85oqTNgDCSKrPFWV4DFRD/beqWLX4YUXdst0ffk+b168CVqZWpwN9YwO4Wzhi8c1GpM6ISTcYREJPMOSAQYZLHc1upY5meyjfBq/XAUwGbgL9Y4dgrBGLFwtSITAPkekCk1L73wS9qsoFxR6nceWfx/O5/wGLCSMJ+zJrfwAAAABJRU5ErkJggg==">
ZAP Scanning Report

        </h1>
        <p>
</p>
        <h3 class="left-header">Summary of Alerts</h3>
        <h3 class="time-stamp">Generated on Fri, 17 Sep 2021 12:59:11</h3>
        <table width="45%" class="summary">
            <tr bgcolor="#666666">
                <th width="45%" height="24">Risk 
      Level</th><th width="55%" align="center">Number 
      of Alerts</th>
            </tr>
            <tr bgcolor="#e8e8e8">
                <td><a href="#high">High</a></td><td align="center">6</td>
            </tr>
            <tr bgcolor="#e8e8e8">
                <td><a href="#medium">Medium</a></td><td align="center">13</td>
            </tr>
            <tr bgcolor="#e8e8e8">
                <td><a href="#low">Low</a></td><td align="center">23</td>
            </tr>
            <tr bgcolor="#e8e8e8">
                <td><a href="#info">Informational</a></td><td align="center">11</td>
            </tr>
        </table>
        <div class="spacer-lg"></div>
        <h3>Alerts</h3>
        <table width="75%" class="alerts">
            <tr bgcolor="#666666">
                <th width="60%" height="24">Name</th><th width="20%" align="center">Risk Level</th><th width="20%" align="center">Number of Instances</th>
            </tr>
            <tr bgcolor="#e8e8e8">
                <td>Generic Padding Oracle</td><td align="center">High</td><td align="center">1</td>
            </tr>
            <tr bgcolor="#e8e8e8">
                <td>Path Traversal</td><td align="center">High</td><td align="center">1</td>
            </tr>
            <tr bgcolor="#e8e8e8">
                <td>Source Code Disclosure - File Inclusion</td><td align="center">High</td><td align="center">1</td>
            </tr>
            <tr bgcolor="#e8e8e8">
                <td>SQL Injection - Hypersonic SQL - Time Based</td><td align="center">High</td><td align="center">1</td>
            </tr>
            <tr bgcolor="#e8e8e8">
                <td>SQL Injection - MySQL</td><td align="center">High</td><td align="center">1</td>
            </tr>
            <tr bgcolor="#e8e8e8">
                <td>SQL Injection - SQLite</td><td align="center">High</td><td align="center">4</td>
            </tr>
            <tr bgcolor="#e8e8e8">
                <td>Bypassing 403</td><td align="center">Medium</td><td align="center">1</td>
            </tr>
            <tr bgcolor="#e8e8e8">
                <td>Cross-Domain Misconfiguration</td><td align="center">Medium</td><td align="center">9</td>
            </tr>
            <tr bgcolor="#e8e8e8">
                <td>CSP: style-src unsafe-inline</td><td align="center">Medium</td><td align="center">5</td>
            </tr>
            <tr bgcolor="#e8e8e8">
                <td>CSP: Wildcard Directive</td><td align="center">Medium</td><td align="center">6</td>
            </tr>
            <tr bgcolor="#e8e8e8">
                <td>Format String Error</td><td align="center">Medium</td><td align="center">1</td>
            </tr>
            <tr bgcolor="#e8e8e8">
                <td>Integer Overflow Error</td><td align="center">Medium</td><td align="center">1</td>
            </tr>
            <tr bgcolor="#e8e8e8">
                <td>Proxy Disclosure</td><td align="center">Medium</td><td align="center">52</td>
            </tr>
            <tr bgcolor="#e8e8e8">
                <td>X-Frame-Options Header Not Set</td><td align="center">Medium</td><td align="center">4</td>
            </tr>
            <tr bgcolor="#e8e8e8">
                <td>Cookie No HttpOnly Flag</td><td align="center">Low</td><td align="center">62</td>
            </tr>
            <tr bgcolor="#e8e8e8">
                <td>Cookie without SameSite Attribute</td><td align="center">Low</td><td align="center">22</td>
            </tr>
            <tr bgcolor="#e8e8e8">
                <td>Cookie Without Secure Flag</td><td align="center">Low</td><td align="center">41</td>
            </tr>
            <tr bgcolor="#e8e8e8">
                <td>Cookie with SameSite Attribute None</td><td align="center">Low</td><td align="center">22</td>
            </tr>
            <tr bgcolor="#e8e8e8">
                <td>Cross-Domain JavaScript Source File Inclusion</td><td align="center">Low</td><td align="center">20</td>
            </tr>
            <tr bgcolor="#e8e8e8">
                <td>CSP: Notices</td><td align="center">Low</td><td align="center">5</td>
            </tr>
            <tr bgcolor="#e8e8e8">
                <td>Incomplete or No Cache-control Header Set</td><td align="center">Low</td><td align="center">57</td>
            </tr>
            <tr bgcolor="#e8e8e8">
                <td>Server Leaks Information via "X-Powered-By" HTTP Response Header Field(s)</td><td align="center">Low</td><td align="center">2</td>
            </tr>
            <tr bgcolor="#e8e8e8">
                <td>X-Content-Type-Options Header Missing</td><td align="center">Low</td><td align="center">82</td>
            </tr>
            <tr bgcolor="#e8e8e8">
                <td>Cookie Slack Detector</td><td align="center">Informational</td><td align="center">42</td>
            </tr>
            <tr bgcolor="#e8e8e8">
                <td>Information Disclosure - Sensitive Information in URL</td><td align="center">Informational</td><td align="center">1</td>
            </tr>
            <tr bgcolor="#e8e8e8">
                <td>Information Disclosure - Suspicious Comments</td><td align="center">Informational</td><td align="center">37</td>
            </tr>
            <tr bgcolor="#e8e8e8">
                <td>Timestamp Disclosure - Unix</td><td align="center">Informational</td><td align="center">502</td>
            </tr>
            <tr bgcolor="#e8e8e8">
                <td>User Agent Fuzzer</td><td align="center">Informational</td><td align="center">98</td>
            </tr>
        </table>
        <div class="spacer-lg"></div>
        <h3>Alert Detail</h3>
        <div class="spacer"></div>
        <table width="100%" class="results">
              
  
  
  
            <tr height="24" class="risk-high">
                <th width="20%"><a name="high"></a>High (Medium)</th><th width="80%">Generic Padding Oracle</th>
            </tr>
              
  
  
  
            <tr bgcolor="#e8e8e8">
                <td width="20%">Description</td><td width="80%"><p>By manipulating the padding on an encrypted string, an attacker is able to generate an error message that indicates a likely 'padding oracle' vulnerability. Such a vulnerability can affect any application or framework that uses encryption improperly, such as some versions of ASP.net, Java Server Faces, and Mono. An attacker may exploit this issue to decrypt data and recover encryption keys, potentially viewing and modifying confidential data. This rule should detect the MS10-070 padding oracle vulnerability in ASP.net if CustomErrors are enabled for that.</p></td>
            </tr>
            <TR vAlign="top">
                <TD colspan="2"></TD>
            </TR>
              
  
  
            <tr bgcolor="#e8e8e8">
                <td width="20%" class="indent1">URL</td><td width="80%">https://todoist.com/Users/login</td>
            </tr>
              
            <tr bgcolor="#e8e8e8">
                <td width="20%" class="indent2">Method</td><td width="80%">POST</td>
            </tr>
              
            <tr bgcolor="#e8e8e8">
                <td width="20%" class="indent2">Parameter</td><td width="80%">csrf</td>
            </tr>
              
            <tr bgcolor="#e8e8e8">
                <td width="20%" class="indent2">Attack</td><td width="80%">https://todoist.com/Users/login</td>
            </tr>
              
            <tr bgcolor="#e8e8e8">
                <td width="20%" class="indent2">Evidence</td><td width="80%">padding</td>
            </tr>
              
  
  
            <tr bgcolor="#e8e8e8">
                <td width="20%">Instances</td><td width="80%">1</td>
            </tr>
              
            <tr bgcolor="#e8e8e8">
                <td width="20%">Solution</td><td width="80%"><p>Update the affected server software, or modify the scripts so that they properly validate encrypted data before attempting decryption.</p></td>
            </tr>
              
            <tr bgcolor="#e8e8e8">
                <td width="20%">Reference</td><td width="80%"><p>http://netifera.com/research/</p><p>http://www.microsoft.com/technet/security/bulletin/ms10-070.mspx</p><p>http://www.mono-project.com/Vulnerabilities#ASP.NET_Padding_Oracle</p><p>https://bugzilla.redhat.com/show_bug.cgi?id=623799</p></td>
            </tr>
              
            <tr bgcolor="#e8e8e8">
                <td width="20%">CWE Id</td><td width="80%">209</td>
            </tr>
              
            <tr bgcolor="#e8e8e8">
                <td width="20%">WASC Id</td><td width="80%">20</td>
            </tr>
              
            <tr bgcolor="#e8e8e8">
                <td width="20%">Source ID</td><td width="80%">1</td>
            </tr>
            
        </table>
        <div class="spacer"></div>
        <table width="100%" class="results">
              
  
  
  
            <tr height="24" class="risk-high">
                <th width="20%"><a name="high"></a>High (Low)</th><th width="80%">Path Traversal</th>
            </tr>
              
  
  
  
            <tr bgcolor="#e8e8e8">
                <td width="20%">Description</td><td width="80%"><p>The Path Traversal attack technique allows an attacker access to files, directories, and commands that potentially reside outside the web document root directory. An attacker may manipulate a URL in such a way that the web site will execute or reveal the contents of arbitrary files anywhere on the web server. Any device that exposes an HTTP-based interface is potentially vulnerable to Path Traversal.</p><p></p><p>Most web sites restrict user access to a specific portion of the file-system, typically called the "web document root" or "CGI root" directory. These directories contain the files intended for user access and the executable necessary to drive web application functionality. To access files or execute commands anywhere on the file-system, Path Traversal attacks will utilize the ability of special-characters sequences.</p><p></p><p>The most basic Path Traversal attack uses the "../" special-character sequence to alter the resource location requested in the URL. Although most popular web servers will prevent this technique from escaping the web document root, alternate encodings of the "../" sequence may help bypass the security filters. These method variations include valid and invalid Unicode-encoding ("..%u2216" or "..%c0%af") of the forward slash character, backslash characters ("..\") on Windows-based servers, URL encoded characters "%2e%2e%2f"), and double URL encoding ("..%255c") of the backslash character.</p><p></p><p>Even if the web server properly restricts Path Traversal attempts in the URL path, a web application itself may still be vulnerable due to improper handling of user-supplied input. This is a common problem of web applications that use template mechanisms or load static text from files. In variations of the attack, the original URL parameter value is substituted with the file name of one of the web application's dynamic scripts. Consequently, the results can reveal source code because the file is interpreted as text instead of an executable script. These techniques often employ additional special characters such as the dot (".") to reveal the listing of the current working directory, or "%00" NULL characters in order to bypass rudimentary file extension checks.</p></td>
            </tr>
            <TR vAlign="top">
                <TD colspan="2"></TD>
            </TR>
              
  
  
            <tr bgcolor="#e8e8e8">
                <td width="20%" class="indent1">URL</td><td width="80%">https://todoist.com/API/v8.7/sync</td>
            </tr>
              
            <tr bgcolor="#e8e8e8">
                <td width="20%" class="indent2">Method</td><td width="80%">POST</td>
            </tr>
              
            <tr bgcolor="#e8e8e8">
                <td width="20%" class="indent2">Parameter</td><td width="80%">sync_token</td>
            </tr>
              
            <tr bgcolor="#e8e8e8">
                <td width="20%" class="indent2">Attack</td><td width="80%">sync</td>
            </tr>
              
  
  
            <tr bgcolor="#e8e8e8">
                <td width="20%">Instances</td><td width="80%">1</td>
            </tr>
              
            <tr bgcolor="#e8e8e8">
                <td width="20%">Solution</td><td width="80%"><p>Assume all input is malicious. Use an "accept known good" input validation strategy, i.e., use an allow list of acceptable inputs that strictly conform to specifications. Reject any input that does not strictly conform to specifications, or transform it into something that does. Do not rely exclusively on looking for malicious or malformed inputs (i.e., do not rely on a deny list). However, deny lists can be useful for detecting potential attacks or determining which inputs are so malformed that they should be rejected outright.</p><p></p><p>When performing input validation, consider all potentially relevant properties, including length, type of input, the full range of acceptable values, missing or extra inputs, syntax, consistency across related fields, and conformance to business rules. As an example of business rule logic, "boat" may be syntactically valid because it only contains alphanumeric characters, but it is not valid if you are expecting colors such as "red" or "blue."</p><p></p><p>For filenames, use stringent allow lists that limit the character set to be used. If feasible, only allow a single "." character in the filename to avoid weaknesses, and exclude directory separators such as "/". Use an allow list of allowable file extensions.</p><p></p><p>Warning: if you attempt to cleanse your data, then do so that the end result is not in the form that can be dangerous. A sanitizing mechanism can remove characters such as '.' and ';' which may be required for some exploits. An attacker can try to fool the sanitizing mechanism into "cleaning" data into a dangerous form. Suppose the attacker injects a '.' inside a filename (e.g. "sensi.tiveFile") and the sanitizing mechanism removes the character resulting in the valid filename, "sensitiveFile". If the input data are now assumed to be safe, then the file may be compromised. </p><p></p><p>Inputs should be decoded and canonicalized to the application's current internal representation before being validated. Make sure that your application does not decode the same input twice. Such errors could be used to bypass allow list schemes by introducing dangerous inputs after they have been checked.</p><p></p><p>Use a built-in path canonicalization function (such as realpath() in C) that produces the canonical version of the pathname, which effectively removes ".." sequences and symbolic links.</p><p></p><p>Run your code using the lowest privileges that are required to accomplish the necessary tasks. If possible, create isolated accounts with limited privileges that are only used for a single task. That way, a successful attack will not immediately give the attacker access to the rest of the software or its environment. For example, database applications rarely need to run as the database administrator, especially in day-to-day operations.</p><p></p><p>When the set of acceptable objects, such as filenames or URLs, is limited or known, create a mapping from a set of fixed input values (such as numeric IDs) to the actual filenames or URLs, and reject all other inputs.</p><p></p><p>Run your code in a "jail" or similar sandbox environment that enforces strict boundaries between the process and the operating system. This may effectively restrict which files can be accessed in a particular directory or which commands can be executed by your software.</p><p></p><p>OS-level examples include the Unix chroot jail, AppArmor, and SELinux. In general, managed code may provide some protection. For example, java.io.FilePermission in the Java SecurityManager allows you to specify restrictions on file operations.</p><p></p><p>This may not be a feasible solution, and it only limits the impact to the operating system; the rest of your application may still be subject to compromise.</p></td>
            </tr>
              
            <tr bgcolor="#e8e8e8">
                <td width="20%">Other information</td><td width="80%"><p>Check 5</p></td>
            </tr>
            <TR vAlign="top">
                <TD colspan="2"></TD>
            </TR>
              
            <tr bgcolor="#e8e8e8">
                <td width="20%">Reference</td><td width="80%"><p>http://projects.webappsec.org/Path-Traversal</p><p>http://cwe.mitre.org/data/definitions/22.html</p></td>
            </tr>
              
            <tr bgcolor="#e8e8e8">
                <td width="20%">CWE Id</td><td width="80%">22</td>
            </tr>
              
            <tr bgcolor="#e8e8e8">
                <td width="20%">WASC Id</td><td width="80%">33</td>
            </tr>
              
            <tr bgcolor="#e8e8e8">
                <td width="20%">Source ID</td><td width="80%">1</td>
            </tr>
            
        </table>
        <div class="spacer"></div>
        <table width="100%" class="results">
              
  
  
  
            <tr height="24" class="risk-high">
                <th width="20%"><a name="high"></a>High (Medium)</th><th width="80%">Source Code Disclosure - File Inclusion</th>
            </tr>
              
  
  
  
            <tr bgcolor="#e8e8e8">
                <td width="20%">Description</td><td width="80%"><p>The source code for the current page was disclosed by the web server</p></td>
            </tr>
            <TR vAlign="top">
                <TD colspan="2"></TD>
            </TR>
              
  
  
            <tr bgcolor="#e8e8e8">
                <td width="20%" class="indent1">URL</td><td width="80%">https://todoist.com/API/v8.7/sync</td>
            </tr>
              
            <tr bgcolor="#e8e8e8">
                <td width="20%" class="indent2">Method</td><td width="80%">POST</td>
            </tr>
              
            <tr bgcolor="#e8e8e8">
                <td width="20%" class="indent2">Parameter</td><td width="80%">sync_token</td>
            </tr>
              
            <tr bgcolor="#e8e8e8">
                <td width="20%" class="indent2">Attack</td><td width="80%">sync</td>
            </tr>
              
  
  
            <tr bgcolor="#e8e8e8">
                <td width="20%">Instances</td><td width="80%">1</td>
            </tr>
              
            <tr bgcolor="#e8e8e8">
                <td width="20%">Solution</td><td width="80%"><p>Ensure that arbitrary files specified by the user are not included in the output</p></td>
            </tr>
              
            <tr bgcolor="#e8e8e8">
                <td width="20%">Other information</td><td width="80%"><p>The output for the source code filename [sync] differs sufficiently from that of the random parameter [aquztgsuayivolunbwbreheepztedmosokzgvg], at [2%], compared to a threshold of [75%]</p></td>
            </tr>
            <TR vAlign="top">
                <TD colspan="2"></TD>
            </TR>
              
            <tr bgcolor="#e8e8e8">
                <td width="20%">Reference</td><td width="80%"><p>http://projects.webappsec.org/Path-Traversal</p><p>http://cwe.mitre.org/data/definitions/22.html</p></td>
            </tr>
              
            <tr bgcolor="#e8e8e8">
                <td width="20%">CWE Id</td><td width="80%">541</td>
            </tr>
              
            <tr bgcolor="#e8e8e8">
                <td width="20%">WASC Id</td><td width="80%">33</td>
            </tr>
              
            <tr bgcolor="#e8e8e8">
                <td width="20%">Source ID</td><td width="80%">1</td>
            </tr>
            
        </table>
        <div class="spacer"></div>
        <table width="100%" class="results">
              
  
  
  
            <tr height="24" class="risk-high">
                <th width="20%"><a name="high"></a>High (Medium)</th><th width="80%">SQL Injection - Hypersonic SQL - Time Based</th>
            </tr>
              
  
  
  
            <tr bgcolor="#e8e8e8">
                <td width="20%">Description</td><td width="80%"><p>SQL injection may be possible</p></td>
            </tr>
            <TR vAlign="top">
                <TD colspan="2"></TD>
            </TR>
              
  
  
            <tr bgcolor="#e8e8e8">
                <td width="20%" class="indent1">URL</td><td width="80%">https://todoist.com/Users/login</td>
            </tr>
              
            <tr bgcolor="#e8e8e8">
                <td width="20%" class="indent2">Method</td><td width="80%">POST</td>
            </tr>
              
            <tr bgcolor="#e8e8e8">
                <td width="20%" class="indent2">Parameter</td><td width="80%">email</td>
            </tr>
              
            <tr bgcolor="#e8e8e8">
                <td width="20%" class="indent2">Attack</td><td width="80%">field: [email], value ["java.lang.Thread.sleep"(15000)]</td>
            </tr>
              
  
  
            <tr bgcolor="#e8e8e8">
                <td width="20%">Instances</td><td width="80%">1</td>
            </tr>
              
            <tr bgcolor="#e8e8e8">
                <td width="20%">Solution</td><td width="80%"><p>Do not trust client side input, even if there is client side validation in place. </p><p>In general, type check all data on the server side.</p><p>If the application uses JDBC, use PreparedStatement or CallableStatement, with parameters passed by '?'</p><p>If the application uses ASP, use ADO Command Objects with strong type checking and parameterized queries.</p><p>If database Stored Procedures can be used, use them.</p><p>Do *not* concatenate strings into queries in the stored procedure, or use 'exec', 'exec immediate', or equivalent functionality!</p><p>Do not create dynamic SQL queries using simple string concatenation.</p><p>Escape all data received from the client.</p><p>Apply an 'allow list' of allowed characters, or a 'deny list' of disallowed characters in user input.</p><p>Apply the privilege of least privilege by using the least privileged database user possible.</p><p>In particular, avoid using the 'sa' or 'db-owner' database users. This does not eliminate SQL injection, but minimizes its impact.</p><p>Grant the minimum database access that is necessary for the application.</p></td>
            </tr>
              
            <tr bgcolor="#e8e8e8">
                <td width="20%">Other information</td><td width="80%"><p>The query time is controllable using parameter value ["java.lang.Thread.sleep"(15000)], which caused the request to take [21,394] milliseconds, when the original unmodified query with value [caritotep@hotmail.com] took [391] milliseconds </p></td>
            </tr>
            <TR vAlign="top">
                <TD colspan="2"></TD>
            </TR>
              
            <tr bgcolor="#e8e8e8">
                <td width="20%">Reference</td><td width="80%"><p>https://cheatsheetseries.owasp.org/cheatsheets/SQL_Injection_Prevention_Cheat_Sheet.html</p></td>
            </tr>
              
            <tr bgcolor="#e8e8e8">
                <td width="20%">CWE Id</td><td width="80%">89</td>
            </tr>
              
            <tr bgcolor="#e8e8e8">
                <td width="20%">WASC Id</td><td width="80%">19</td>
            </tr>
              
            <tr bgcolor="#e8e8e8">
                <td width="20%">Source ID</td><td width="80%">1</td>
            </tr>
            
        </table>
        <div class="spacer"></div>
        <table width="100%" class="results">
              
  
  
  
            <tr height="24" class="risk-high">
                <th width="20%"><a name="high"></a>High (Medium)</th><th width="80%">SQL Injection - MySQL</th>
            </tr>
              
  
  
  
            <tr bgcolor="#e8e8e8">
                <td width="20%">Description</td><td width="80%"><p>SQL injection may be possible</p></td>
            </tr>
            <TR vAlign="top">
                <TD colspan="2"></TD>
            </TR>
              
  
  
            <tr bgcolor="#e8e8e8">
                <td width="20%" class="indent1">URL</td><td width="80%">https://todoist.com/API/v8.7/sync</td>
            </tr>
              
            <tr bgcolor="#e8e8e8">
                <td width="20%" class="indent2">Method</td><td width="80%">POST</td>
            </tr>
              
            <tr bgcolor="#e8e8e8">
                <td width="20%" class="indent2">Parameter</td><td width="80%">with_dateist_version</td>
            </tr>
              
            <tr bgcolor="#e8e8e8">
                <td width="20%" class="indent2">Attack</td><td width="80%">1' / sleep(15) / '</td>
            </tr>
              
  
  
            <tr bgcolor="#e8e8e8">
                <td width="20%">Instances</td><td width="80%">1</td>
            </tr>
              
            <tr bgcolor="#e8e8e8">
                <td width="20%">Solution</td><td width="80%"><p>Do not trust client side input, even if there is client side validation in place. </p><p>In general, type check all data on the server side.</p><p>If the application uses JDBC, use PreparedStatement or CallableStatement, with parameters passed by '?'</p><p>If the application uses ASP, use ADO Command Objects with strong type checking and parameterized queries.</p><p>If database Stored Procedures can be used, use them.</p><p>Do *not* concatenate strings into queries in the stored procedure, or use 'exec', 'exec immediate', or equivalent functionality!</p><p>Do not create dynamic SQL queries using simple string concatenation.</p><p>Escape all data received from the client.</p><p>Apply an 'allow list' of allowed characters, or a 'deny list' of disallowed characters in user input.</p><p>Apply the privilege of least privilege by using the least privileged database user possible.</p><p>In particular, avoid using the 'sa' or 'db-owner' database users. This does not eliminate SQL injection, but minimizes its impact.</p><p>Grant the minimum database access that is necessary for the application.</p></td>
            </tr>
              
            <tr bgcolor="#e8e8e8">
                <td width="20%">Other information</td><td width="80%"><p>The query time is controllable using parameter value [1' / sleep(15) / '], which caused the request to take [15,090] milliseconds, when the original unmodified query with value [1] took [281] milliseconds </p></td>
            </tr>
            <TR vAlign="top">
                <TD colspan="2"></TD>
            </TR>
              
            <tr bgcolor="#e8e8e8">
                <td width="20%">Reference</td><td width="80%"><p>https://cheatsheetseries.owasp.org/cheatsheets/SQL_Injection_Prevention_Cheat_Sheet.html</p></td>
            </tr>
              
            <tr bgcolor="#e8e8e8">
                <td width="20%">CWE Id</td><td width="80%">89</td>
            </tr>
              
            <tr bgcolor="#e8e8e8">
                <td width="20%">WASC Id</td><td width="80%">19</td>
            </tr>
              
            <tr bgcolor="#e8e8e8">
                <td width="20%">Source ID</td><td width="80%">1</td>
            </tr>
            
        </table>
        <div class="spacer"></div>
        <table width="100%" class="results">
              
  
  
  
            <tr height="24" class="risk-high">
                <th width="20%"><a name="high"></a>High (Medium)</th><th width="80%">SQL Injection - SQLite</th>
            </tr>
              
  
  
  
            <tr bgcolor="#e8e8e8">
                <td width="20%">Description</td><td width="80%"><p>SQL injection may be possible</p></td>
            </tr>
            <TR vAlign="top">
                <TD colspan="2"></TD>
            </TR>
              
  
  
            <tr bgcolor="#e8e8e8">
                <td width="20%" class="indent1">URL</td><td width="80%">https://todoist.com/API/v8.7/sync</td>
            </tr>
              
            <tr bgcolor="#e8e8e8">
                <td width="20%" class="indent2">Method</td><td width="80%">POST</td>
            </tr>
              
            <tr bgcolor="#e8e8e8">
                <td width="20%" class="indent2">Parameter</td><td width="80%">collaborators_timestamp</td>
            </tr>
              
            <tr bgcolor="#e8e8e8">
                <td width="20%" class="indent2">Attack</td><td width="80%">case randomblob(10000000) when not null then 1 else 1 end </td>
            </tr>
              
            <tr bgcolor="#e8e8e8">
                <td width="20%" class="indent2">Evidence</td><td width="80%">The query time is controllable using parameter value [case randomblob(10000000) when not null then 1 else 1 end ], which caused the request to take [887] milliseconds, parameter value [case randomblob(100000000) when not null then 1 else 1 end ], which caused the request to take [1,135] milliseconds, when the original unmodified query with value [] took [310] milliseconds.</td>
            </tr>
              
  
  
            <tr bgcolor="#e8e8e8">
                <td width="20%" class="indent1">URL</td><td width="80%">https://todoist.com/API/v8.7/sync</td>
            </tr>
              
            <tr bgcolor="#e8e8e8">
                <td width="20%" class="indent2">Method</td><td width="80%">POST</td>
            </tr>
              
            <tr bgcolor="#e8e8e8">
                <td width="20%" class="indent2">Parameter</td><td width="80%">sync_token</td>
            </tr>
              
            <tr bgcolor="#e8e8e8">
                <td width="20%" class="indent2">Attack</td><td width="80%">case randomblob(1000000) when not null then 1 else 1 end </td>
            </tr>
              
            <tr bgcolor="#e8e8e8">
                <td width="20%" class="indent2">Evidence</td><td width="80%">The query time is controllable using parameter value [case randomblob(1000000) when not null then 1 else 1 end ], which caused the request to take [1,536] milliseconds, parameter value [case randomblob(10000000) when not null then 1 else 1 end ], which caused the request to take [4,805] milliseconds, when the original unmodified query with value [fsxQo7ExrgfzE4CczexA9FJuUv86OMZLqMQRm-3SsShJgSSNeZrmMUrh9Z4p7or-zmS8__oqlrVJXxcxQbrours6_vEFAP9ZAhMpoHCilCQT] took [350] milliseconds.</td>
            </tr>
              
  
  
            <tr bgcolor="#e8e8e8">
                <td width="20%" class="indent1">URL</td><td width="80%">https://todoist.com/Users/login</td>
            </tr>
              
            <tr bgcolor="#e8e8e8">
                <td width="20%" class="indent2">Method</td><td width="80%">POST</td>
            </tr>
              
            <tr bgcolor="#e8e8e8">
                <td width="20%" class="indent2">Parameter</td><td width="80%">error_page</td>
            </tr>
              
            <tr bgcolor="#e8e8e8">
                <td width="20%" class="indent2">Attack</td><td width="80%">case randomblob(10000000) when not null then 1 else 1 end </td>
            </tr>
              
            <tr bgcolor="#e8e8e8">
                <td width="20%" class="indent2">Evidence</td><td width="80%">The query time is controllable using parameter value [case randomblob(10000000) when not null then 1 else 1 end ], which caused the request to take [719] milliseconds, parameter value [case randomblob(100000000) when not null then 1 else 1 end ], which caused the request to take [899] milliseconds, when the original unmodified query with value [/Users/showLogin] took [915] milliseconds.</td>
            </tr>
              
  
  
            <tr bgcolor="#e8e8e8">
                <td width="20%" class="indent1">URL</td><td width="80%">https://todoist.com/Users/login</td>
            </tr>
              
            <tr bgcolor="#e8e8e8">
                <td width="20%" class="indent2">Method</td><td width="80%">POST</td>
            </tr>
              
            <tr bgcolor="#e8e8e8">
                <td width="20%" class="indent2">Parameter</td><td width="80%">csrf</td>
            </tr>
              
            <tr bgcolor="#e8e8e8">
                <td width="20%" class="indent2">Attack</td><td width="80%">case randomblob(10000000) when not null then 1 else 1 end </td>
            </tr>
              
            <tr bgcolor="#e8e8e8">
                <td width="20%" class="indent2">Evidence</td><td width="80%">The query time is controllable using parameter value [case randomblob(10000000) when not null then 1 else 1 end ], which caused the request to take [728] milliseconds, parameter value [case randomblob(100000000) when not null then 1 else 1 end ], which caused the request to take [1,059] milliseconds, when the original unmodified query with value [fe5878209c9b444085c24f310d04e297] took [333] milliseconds.</td>
            </tr>
              
  
  
            <tr bgcolor="#e8e8e8">
                <td width="20%">Instances</td><td width="80%">4</td>
            </tr>
              
            <tr bgcolor="#e8e8e8">
                <td width="20%">Solution</td><td width="80%"><p>Do not trust client side input, even if there is client side validation in place. </p><p>In general, type check all data on the server side.</p><p>If the application uses JDBC, use PreparedStatement or CallableStatement, with parameters passed by '?'</p><p>If the application uses ASP, use ADO Command Objects with strong type checking and parameterized queries.</p><p>If database Stored Procedures can be used, use them.</p><p>Do *not* concatenate strings into queries in the stored procedure, or use 'exec', 'exec immediate', or equivalent functionality!</p><p>Do not create dynamic SQL queries using simple string concatenation.</p><p>Escape all data received from the client.</p><p>Apply an 'allow list' of allowed characters, or a 'deny list' of disallowed characters in user input.</p><p>Apply the privilege of least privilege by using the least privileged database user possible.</p><p>In particular, avoid using the 'sa' or 'db-owner' database users. This does not eliminate SQL injection, but minimizes its impact.</p><p>Grant the minimum database access that is necessary for the application.</p></td>
            </tr>
              
            <tr bgcolor="#e8e8e8">
                <td width="20%">Other information</td><td width="80%"><p>The query time is controllable using parameter value [case randomblob(10000000) when not null then 1 else 1 end ], which caused the request to take [887] milliseconds, parameter value [case randomblob(100000000) when not null then 1 else 1 end ], which caused the request to take [1,135] milliseconds, when the original unmodified query with value [] took [310] milliseconds.</p></td>
            </tr>
            <TR vAlign="top">
                <TD colspan="2"></TD>
            </TR>
              
            <tr bgcolor="#e8e8e8">
                <td width="20%">Reference</td><td width="80%"><p>https://cheatsheetseries.owasp.org/cheatsheets/SQL_Injection_Prevention_Cheat_Sheet.html</p></td>
            </tr>
              
            <tr bgcolor="#e8e8e8">
                <td width="20%">CWE Id</td><td width="80%">89</td>
            </tr>
              
            <tr bgcolor="#e8e8e8">
                <td width="20%">WASC Id</td><td width="80%">19</td>
            </tr>
              
            <tr bgcolor="#e8e8e8">
                <td width="20%">Source ID</td><td width="80%">1</td>
            </tr>
            
        </table>
        <div class="spacer"></div>
        <table width="100%" class="results">
              
  
  
  
            <tr height="24" class="risk-medium">
                <th width="20%"><a name="medium"></a>Medium (Medium)</th><th width="80%">Bypassing 403</th>
            </tr>
              
  
  
  
            <tr bgcolor="#e8e8e8">
                <td width="20%">Description</td><td width="80%"><p>Bypassing 403 endpoints may be possible, the scan rule sent a payload that caused the response to be accessible (status code 200).</p></td>
            </tr>
            <TR vAlign="top">
                <TD colspan="2"></TD>
            </TR>
              
  
  
            <tr bgcolor="#e8e8e8">
                <td width="20%" class="indent1">URL</td><td width="80%">https://todoist.com/</td>
            </tr>
              
            <tr bgcolor="#e8e8e8">
                <td width="20%" class="indent2">Method</td><td width="80%">GET</td>
            </tr>
              
            <tr bgcolor="#e8e8e8">
                <td width="20%" class="indent2">Attack</td><td width="80%">X-Original-URL: /csp_report</td>
            </tr>
              
  
  
            <tr bgcolor="#e8e8e8">
                <td width="20%">Instances</td><td width="80%">1</td>
            </tr>
              
            <tr bgcolor="#e8e8e8">
                <td width="20%">Solution</td><td width="80%"><p></p></td>
            </tr>
              
            <tr bgcolor="#e8e8e8">
                <td width="20%">Other information</td><td width="80%"><p>https://todoist.com/csp_report</p></td>
            </tr>
            <TR vAlign="top">
                <TD colspan="2"></TD>
            </TR>
              
            <tr bgcolor="#e8e8e8">
                <td width="20%">Reference</td><td width="80%"><p>https://www.acunetix.com/blog/articles/a-fresh-look-on-reverse-proxy-related-attacks/</p><p>https://i.blackhat.com/us-18/Wed-August-8/us-18-Orange-Tsai-Breaking-Parser-Logic-Take-Your-Path-Normalization-Off-And-Pop-0days-Out-2.pdf</p><p>https://www.contextis.com/en/blog/server-technologies-reverse-proxy-bypass</p></td>
            </tr>
              
            <tr bgcolor="#e8e8e8">
                <td width="20%">Source ID</td><td width="80%">1</td>
            </tr>
            
        </table>
        <div class="spacer"></div>
        <table width="100%" class="results">
              
  
  
  
            <tr height="24" class="risk-medium">
                <th width="20%"><a name="medium"></a>Medium (Medium)</th><th width="80%">Cross-Domain Misconfiguration</th>
            </tr>
              
  
  
  
            <tr bgcolor="#e8e8e8">
                <td width="20%">Description</td><td width="80%"><p>Web browser data loading may be possible, due to a Cross Origin Resource Sharing (CORS) misconfiguration on the web server</p></td>
            </tr>
            <TR vAlign="top">
                <TD colspan="2"></TD>
            </TR>
              
  
  
            <tr bgcolor="#e8e8e8">
                <td width="20%" class="indent1">URL</td><td width="80%">https://analytic.rollout.io/impression/5d5a503b2385ac15e39b6051</td>
            </tr>
              
            <tr bgcolor="#e8e8e8">
                <td width="20%" class="indent2">Method</td><td width="80%">POST</td>
            </tr>
              
            <tr bgcolor="#e8e8e8">
                <td width="20%" class="indent2">Evidence</td><td width="80%">Access-Control-Allow-Origin: *</td>
            </tr>
              
  
  
            <tr bgcolor="#e8e8e8">
                <td width="20%" class="indent1">URL</td><td width="80%">https://analytic.rollout.io/impression/5d5a503b2385ac15e39b6051</td>
            </tr>
              
            <tr bgcolor="#e8e8e8">
                <td width="20%" class="indent2">Method</td><td width="80%">OPTIONS</td>
            </tr>
              
            <tr bgcolor="#e8e8e8">
                <td width="20%" class="indent2">Evidence</td><td width="80%">Access-Control-Allow-Origin: *</td>
            </tr>
              
  
  
            <tr bgcolor="#e8e8e8">
                <td width="20%">Instances</td><td width="80%">2</td>
            </tr>
              
            <tr bgcolor="#e8e8e8">
                <td width="20%">Solution</td><td width="80%"><p>Ensure that sensitive data is not available in an unauthenticated manner (using IP address white-listing, for instance).</p><p>Configure the "Access-Control-Allow-Origin" HTTP header to a more restrictive set of domains, or remove all CORS headers entirely, to allow the web browser to enforce the Same Origin Policy (SOP) in a more restrictive manner.</p></td>
            </tr>
              
            <tr bgcolor="#e8e8e8">
                <td width="20%">Other information</td><td width="80%"><p>The CORS misconfiguration on the web server permits cross-domain read requests from arbitrary third party domains, using unauthenticated APIs on this domain. Web browser implementations do not permit arbitrary third parties to read the response from authenticated APIs, however. This reduces the risk somewhat. This misconfiguration could be used by an attacker to access data that is available in an unauthenticated manner, but which uses some other form of security, such as IP address white-listing.</p></td>
            </tr>
            <TR vAlign="top">
                <TD colspan="2"></TD>
            </TR>
              
            <tr bgcolor="#e8e8e8">
                <td width="20%">Reference</td><td width="80%"><p>http://www.hpenterprisesecurity.com/vulncat/en/vulncat/vb/html5_overly_permissive_cors_policy.html</p></td>
            </tr>
              
            <tr bgcolor="#e8e8e8">
                <td width="20%">CWE Id</td><td width="80%">264</td>
            </tr>
              
            <tr bgcolor="#e8e8e8">
                <td width="20%">WASC Id</td><td width="80%">14</td>
            </tr>
              
            <tr bgcolor="#e8e8e8">
                <td width="20%">Source ID</td><td width="80%">3</td>
            </tr>
            
        </table>
        <div class="spacer"></div>
        <table width="100%" class="results">
              
  
  
  
            <tr height="24" class="risk-medium">
                <th width="20%"><a name="medium"></a>Medium (Medium)</th><th width="80%">Cross-Domain Misconfiguration</th>
            </tr>
              
  
  
  
            <tr bgcolor="#e8e8e8">
                <td width="20%">Description</td><td width="80%"><p>Web browser data loading may be possible, due to a Cross Origin Resource Sharing (CORS) misconfiguration on the web server</p></td>
            </tr>
            <TR vAlign="top">
                <TD colspan="2"></TD>
            </TR>
              
  
  
            <tr bgcolor="#e8e8e8">
                <td width="20%" class="indent1">URL</td><td width="80%">https://push.rollout.io/sse/5d5a503b2385ac15e39b6051</td>
            </tr>
              
            <tr bgcolor="#e8e8e8">
                <td width="20%" class="indent2">Method</td><td width="80%">GET</td>
            </tr>
              
            <tr bgcolor="#e8e8e8">
                <td width="20%" class="indent2">Evidence</td><td width="80%">Access-Control-Allow-Origin: *</td>
            </tr>
              
  
  
            <tr bgcolor="#e8e8e8">
                <td width="20%">Instances</td><td width="80%">1</td>
            </tr>
              
            <tr bgcolor="#e8e8e8">
                <td width="20%">Solution</td><td width="80%"><p>Ensure that sensitive data is not available in an unauthenticated manner (using IP address white-listing, for instance).</p><p>Configure the "Access-Control-Allow-Origin" HTTP header to a more restrictive set of domains, or remove all CORS headers entirely, to allow the web browser to enforce the Same Origin Policy (SOP) in a more restrictive manner.</p></td>
            </tr>
              
            <tr bgcolor="#e8e8e8">
                <td width="20%">Other information</td><td width="80%"><p>The CORS misconfiguration on the web server permits cross-domain read requests from arbitrary third party domains, using unauthenticated APIs on this domain. Web browser implementations do not permit arbitrary third parties to read the response from authenticated APIs, however. This reduces the risk somewhat. This misconfiguration could be used by an attacker to access data that is available in an unauthenticated manner, but which uses some other form of security, such as IP address white-listing.</p></td>
            </tr>
            <TR vAlign="top">
                <TD colspan="2"></TD>
            </TR>
              
            <tr bgcolor="#e8e8e8">
                <td width="20%">Reference</td><td width="80%"><p>http://www.hpenterprisesecurity.com/vulncat/en/vulncat/vb/html5_overly_permissive_cors_policy.html</p></td>
            </tr>
              
            <tr bgcolor="#e8e8e8">
                <td width="20%">CWE Id</td><td width="80%">264</td>
            </tr>
              
            <tr bgcolor="#e8e8e8">
                <td width="20%">WASC Id</td><td width="80%">14</td>
            </tr>
              
            <tr bgcolor="#e8e8e8">
                <td width="20%">Source ID</td><td width="80%">3</td>
            </tr>
            
        </table>
        <div class="spacer"></div>
        <table width="100%" class="results">
              
  
  
  
            <tr height="24" class="risk-medium">
                <th width="20%"><a name="medium"></a>Medium (Medium)</th><th width="80%">Cross-Domain Misconfiguration</th>
            </tr>
              
  
  
  
            <tr bgcolor="#e8e8e8">
                <td width="20%">Description</td><td width="80%"><p>Web browser data loading may be possible, due to a Cross Origin Resource Sharing (CORS) misconfiguration on the web server</p></td>
            </tr>
            <TR vAlign="top">
                <TD colspan="2"></TD>
            </TR>
              
  
  
            <tr bgcolor="#e8e8e8">
                <td width="20%" class="indent1">URL</td><td width="80%">https://conf.rollout.io/5d5a503b2385ac15e39b6051/b859f67c45a8580d78dd322613358fe4?distinct_id=dc0eb47b-22aa-4fcc-8620-09dd8b158809</td>
            </tr>
              
            <tr bgcolor="#e8e8e8">
                <td width="20%" class="indent2">Method</td><td width="80%">GET</td>
            </tr>
              
            <tr bgcolor="#e8e8e8">
                <td width="20%" class="indent2">Evidence</td><td width="80%">Access-Control-Allow-Origin: *</td>
            </tr>
              
  
  
            <tr bgcolor="#e8e8e8">
                <td width="20%" class="indent1">URL</td><td width="80%">https://conf.rollout.io/5d5a503b2385ac15e39b6051/b859f67c45a8580d78dd322613358fe4?distinct_id=c0febc59-715c-42d9-b60b-e9951851284e</td>
            </tr>
              
            <tr bgcolor="#e8e8e8">
                <td width="20%" class="indent2">Method</td><td width="80%">GET</td>
            </tr>
              
            <tr bgcolor="#e8e8e8">
                <td width="20%" class="indent2">Evidence</td><td width="80%">Access-Control-Allow-Origin: *</td>
            </tr>
              
  
  
            <tr bgcolor="#e8e8e8">
                <td width="20%" class="indent1">URL</td><td width="80%">https://conf.rollout.io/5d5a503b2385ac15e39b6051/b859f67c45a8580d78dd322613358fe4?distinct_id=2d1f2b2c-09de-4a4a-8771-bb8a6f9e4758</td>
            </tr>
              
            <tr bgcolor="#e8e8e8">
                <td width="20%" class="indent2">Method</td><td width="80%">GET</td>
            </tr>
              
            <tr bgcolor="#e8e8e8">
                <td width="20%" class="indent2">Evidence</td><td width="80%">Access-Control-Allow-Origin: *</td>
            </tr>
              
  
  
            <tr bgcolor="#e8e8e8">
                <td width="20%" class="indent1">URL</td><td width="80%">https://conf.rollout.io/5d5a503b2385ac15e39b6051/b859f67c45a8580d78dd322613358fe4?distinct_id=9552f91f-9fe7-4987-a399-be5f6adcd80b</td>
            </tr>
              
            <tr bgcolor="#e8e8e8">
                <td width="20%" class="indent2">Method</td><td width="80%">GET</td>
            </tr>
              
            <tr bgcolor="#e8e8e8">
                <td width="20%" class="indent2">Evidence</td><td width="80%">Access-Control-Allow-Origin: *</td>
            </tr>
              
  
  
            <tr bgcolor="#e8e8e8">
                <td width="20%">Instances</td><td width="80%">4</td>
            </tr>
              
            <tr bgcolor="#e8e8e8">
                <td width="20%">Solution</td><td width="80%"><p>Ensure that sensitive data is not available in an unauthenticated manner (using IP address white-listing, for instance).</p><p>Configure the "Access-Control-Allow-Origin" HTTP header to a more restrictive set of domains, or remove all CORS headers entirely, to allow the web browser to enforce the Same Origin Policy (SOP) in a more restrictive manner.</p></td>
            </tr>
              
            <tr bgcolor="#e8e8e8">
                <td width="20%">Other information</td><td width="80%"><p>The CORS misconfiguration on the web server permits cross-domain read requests from arbitrary third party domains, using unauthenticated APIs on this domain. Web browser implementations do not permit arbitrary third parties to read the response from authenticated APIs, however. This reduces the risk somewhat. This misconfiguration could be used by an attacker to access data that is available in an unauthenticated manner, but which uses some other form of security, such as IP address white-listing.</p></td>
            </tr>
            <TR vAlign="top">
                <TD colspan="2"></TD>
            </TR>
              
            <tr bgcolor="#e8e8e8">
                <td width="20%">Reference</td><td width="80%"><p>http://www.hpenterprisesecurity.com/vulncat/en/vulncat/vb/html5_overly_permissive_cors_policy.html</p></td>
            </tr>
              
            <tr bgcolor="#e8e8e8">
                <td width="20%">CWE Id</td><td width="80%">264</td>
            </tr>
              
            <tr bgcolor="#e8e8e8">
                <td width="20%">WASC Id</td><td width="80%">14</td>
            </tr>
              
            <tr bgcolor="#e8e8e8">
                <td width="20%">Source ID</td><td width="80%">3</td>
            </tr>
            
        </table>
        <div class="spacer"></div>
        <table width="100%" class="results">
              
  
  
  
            <tr height="24" class="risk-medium">
                <th width="20%"><a name="medium"></a>Medium (Medium)</th><th width="80%">Cross-Domain Misconfiguration</th>
            </tr>
              
  
  
  
            <tr bgcolor="#e8e8e8">
                <td width="20%">Description</td><td width="80%"><p>Web browser data loading may be possible, due to a Cross Origin Resource Sharing (CORS) misconfiguration on the web server</p></td>
            </tr>
            <TR vAlign="top">
                <TD colspan="2"></TD>
            </TR>
              
  
  
            <tr bgcolor="#e8e8e8">
                <td width="20%" class="indent1">URL</td><td width="80%">https://statestore.rollout.io/5d5a503b2385ac15e39b6051/d9d56b90bcec6b76c8189066452cdbd0</td>
            </tr>
              
            <tr bgcolor="#e8e8e8">
                <td width="20%" class="indent2">Method</td><td width="80%">GET</td>
            </tr>
              
            <tr bgcolor="#e8e8e8">
                <td width="20%" class="indent2">Evidence</td><td width="80%">Access-Control-Allow-Origin: *</td>
            </tr>
              
  
  
            <tr bgcolor="#e8e8e8">
                <td width="20%">Instances</td><td width="80%">1</td>
            </tr>
              
            <tr bgcolor="#e8e8e8">
                <td width="20%">Solution</td><td width="80%"><p>Ensure that sensitive data is not available in an unauthenticated manner (using IP address white-listing, for instance).</p><p>Configure the "Access-Control-Allow-Origin" HTTP header to a more restrictive set of domains, or remove all CORS headers entirely, to allow the web browser to enforce the Same Origin Policy (SOP) in a more restrictive manner.</p></td>
            </tr>
              
            <tr bgcolor="#e8e8e8">
                <td width="20%">Other information</td><td width="80%"><p>The CORS misconfiguration on the web server permits cross-domain read requests from arbitrary third party domains, using unauthenticated APIs on this domain. Web browser implementations do not permit arbitrary third parties to read the response from authenticated APIs, however. This reduces the risk somewhat. This misconfiguration could be used by an attacker to access data that is available in an unauthenticated manner, but which uses some other form of security, such as IP address white-listing.</p></td>
            </tr>
            <TR vAlign="top">
                <TD colspan="2"></TD>
            </TR>
              
            <tr bgcolor="#e8e8e8">
                <td width="20%">Reference</td><td width="80%"><p>http://www.hpenterprisesecurity.com/vulncat/en/vulncat/vb/html5_overly_permissive_cors_policy.html</p></td>
            </tr>
              
            <tr bgcolor="#e8e8e8">
                <td width="20%">CWE Id</td><td width="80%">264</td>
            </tr>
              
            <tr bgcolor="#e8e8e8">
                <td width="20%">WASC Id</td><td width="80%">14</td>
            </tr>
              
            <tr bgcolor="#e8e8e8">
                <td width="20%">Source ID</td><td width="80%">3</td>
            </tr>
            
        </table>
        <div class="spacer"></div>
        <table width="100%" class="results">
              
  
  
  
            <tr height="24" class="risk-medium">
                <th width="20%"><a name="medium"></a>Medium (Medium)</th><th width="80%">Cross-Domain Misconfiguration</th>
            </tr>
              
  
  
  
            <tr bgcolor="#e8e8e8">
                <td width="20%">Description</td><td width="80%"><p>Web browser data loading may be possible, due to a Cross Origin Resource Sharing (CORS) misconfiguration on the web server</p></td>
            </tr>
            <TR vAlign="top">
                <TD colspan="2"></TD>
            </TR>
              
  
  
            <tr bgcolor="#e8e8e8">
                <td width="20%" class="indent1">URL</td><td width="80%">https://firefox.settings.services.mozilla.com/v1/buckets/blocklists/collections/gfx/records?_expected=1623195938349&amp;_sort=-last_modified&amp;_since=1480349135384</td>
            </tr>
              
            <tr bgcolor="#e8e8e8">
                <td width="20%" class="indent2">Method</td><td width="80%">GET</td>
            </tr>
              
            <tr bgcolor="#e8e8e8">
                <td width="20%" class="indent2">Evidence</td><td width="80%">Access-Control-Allow-Origin: *</td>
            </tr>
              
  
  
            <tr bgcolor="#e8e8e8">
                <td width="20%">Instances</td><td width="80%">1</td>
            </tr>
              
            <tr bgcolor="#e8e8e8">
                <td width="20%">Solution</td><td width="80%"><p>Ensure that sensitive data is not available in an unauthenticated manner (using IP address white-listing, for instance).</p><p>Configure the "Access-Control-Allow-Origin" HTTP header to a more restrictive set of domains, or remove all CORS headers entirely, to allow the web browser to enforce the Same Origin Policy (SOP) in a more restrictive manner.</p></td>
            </tr>
              
            <tr bgcolor="#e8e8e8">
                <td width="20%">Other information</td><td width="80%"><p>The CORS misconfiguration on the web server permits cross-domain read requests from arbitrary third party domains, using unauthenticated APIs on this domain. Web browser implementations do not permit arbitrary third parties to read the response from authenticated APIs, however. This reduces the risk somewhat. This misconfiguration could be used by an attacker to access data that is available in an unauthenticated manner, but which uses some other form of security, such as IP address white-listing.</p></td>
            </tr>
            <TR vAlign="top">
                <TD colspan="2"></TD>
            </TR>
              
            <tr bgcolor="#e8e8e8">
                <td width="20%">Reference</td><td width="80%"><p>http://www.hpenterprisesecurity.com/vulncat/en/vulncat/vb/html5_overly_permissive_cors_policy.html</p></td>
            </tr>
              
            <tr bgcolor="#e8e8e8">
                <td width="20%">CWE Id</td><td width="80%">264</td>
            </tr>
              
            <tr bgcolor="#e8e8e8">
                <td width="20%">WASC Id</td><td width="80%">14</td>
            </tr>
              
            <tr bgcolor="#e8e8e8">
                <td width="20%">Source ID</td><td width="80%">3</td>
            </tr>
            
        </table>
        <div class="spacer"></div>
        <table width="100%" class="results">
              
  
  
  
            <tr height="24" class="risk-medium">
                <th width="20%"><a name="medium"></a>Medium (Medium)</th><th width="80%">CSP: style-src unsafe-inline</th>
            </tr>
              
  
  
  
            <tr bgcolor="#e8e8e8">
                <td width="20%">Description</td><td width="80%"><p>style-src includes unsafe-inline.</p></td>
            </tr>
            <TR vAlign="top">
                <TD colspan="2"></TD>
            </TR>
              
  
  
            <tr bgcolor="#e8e8e8">
                <td width="20%" class="indent1">URL</td><td width="80%">https://todoist.com/app/</td>
            </tr>
              
            <tr bgcolor="#e8e8e8">
                <td width="20%" class="indent2">Method</td><td width="80%">GET</td>
            </tr>
              
            <tr bgcolor="#e8e8e8">
                <td width="20%" class="indent2">Evidence</td><td width="80%">default-src 'self' wss://*.todoist.com https://www.google-analytics.com https://o476415.ingest.sentry.io https://d3ptyyxy2at9ui.cloudfront.net https://dcff1xvirvpfp.cloudfront.net https://d266vjxpnndrqi.cloudfront.net https://x-api.rollout.io https://statestore.rollout.io https://conf.rollout.io https://push.rollout.io https://analytic.rollout.io https://browser.sentry-cdn.com https://www.dropbox.com/static/api/2/dropins.js https://apis.google.com https://*.todoist.com https://todoist.com https://maps.googleapis.com https://fonts.gstatic.com https://*.datadoghq.com 'nonce-zKthIlngzSTxViOMgeV0CEcPrN6s9NkDEPHMO93rTX0' https://tagmanager.google.com https://tagmanager.google.com https://ssl.google-analytics.com http://www.google-analytics.com https://js.stripe.com; style-src 'self' wss://*.todoist.com https://www.google-analytics.com https://o476415.ingest.sentry.io https://d3ptyyxy2at9ui.cloudfront.net https://dcff1xvirvpfp.cloudfront.net https://d266vjxpnndrqi.cloudfront.net https://x-api.rollout.io https://statestore.rollout.io https://conf.rollout.io https://push.rollout.io https://analytic.rollout.io https://browser.sentry-cdn.com https://www.dropbox.com/static/api/2/dropins.js https://apis.google.com https://*.todoist.com https://todoist.com https://maps.googleapis.com https://fonts.gstatic.com 'unsafe-inline' https://fonts.googleapis.com https://tagmanager.google.com; img-src 'self' data: https://d3ptyyxy2at9ui.cloudfront.net https://dcff1xvirvpfp.cloudfront.net https://d266vjxpnndrqi.cloudfront.net https://d1x0mwiac2rqwt.cloudfront.net https://avatars.doist.com https://image-resize.todoist.com https://maps.gstatic.com https://*.googleapis.com https://*.ggpht https://twemoji.maxcdn.com https://www.google-analytics.com www.googletagmanager.com https://ssl.gstatic.com https://www.gstatic.com; media-src 'self' https://d1ysz50cxb9zwl.cloudfront.net https://d3ptyyxy2at9ui.cloudfront.net https://*.todoist.com https://todoist.com; frame-src 'self' https://www.dropbox.com https://accounts.google.com https://docs.google.com https://www.youtube.com https://js.stripe.com; font-src 'self' https://fonts.gstatic.com data:; report-uri /csp_report</td>
            </tr>
              
  
  
            <tr bgcolor="#e8e8e8">
                <td width="20%" class="indent1">URL</td><td width="80%">https://todoist.com/app/</td>
            </tr>
              
            <tr bgcolor="#e8e8e8">
                <td width="20%" class="indent2">Method</td><td width="80%">GET</td>
            </tr>
              
            <tr bgcolor="#e8e8e8">
                <td width="20%" class="indent2">Evidence</td><td width="80%">default-src 'self' wss://*.todoist.com https://www.google-analytics.com https://o476415.ingest.sentry.io https://d3ptyyxy2at9ui.cloudfront.net https://dcff1xvirvpfp.cloudfront.net https://d266vjxpnndrqi.cloudfront.net https://x-api.rollout.io https://statestore.rollout.io https://conf.rollout.io https://push.rollout.io https://analytic.rollout.io https://browser.sentry-cdn.com https://www.dropbox.com/static/api/2/dropins.js https://apis.google.com https://*.todoist.com https://todoist.com https://maps.googleapis.com https://fonts.gstatic.com https://*.datadoghq.com 'nonce-0WxmXU8A0ESqYfZfAVG1hozA0fig-netdQelEx1joGQ' https://tagmanager.google.com https://tagmanager.google.com https://ssl.google-analytics.com http://www.google-analytics.com https://js.stripe.com; style-src 'self' wss://*.todoist.com https://www.google-analytics.com https://o476415.ingest.sentry.io https://d3ptyyxy2at9ui.cloudfront.net https://dcff1xvirvpfp.cloudfront.net https://d266vjxpnndrqi.cloudfront.net https://x-api.rollout.io https://statestore.rollout.io https://conf.rollout.io https://push.rollout.io https://analytic.rollout.io https://browser.sentry-cdn.com https://www.dropbox.com/static/api/2/dropins.js https://apis.google.com https://*.todoist.com https://todoist.com https://maps.googleapis.com https://fonts.gstatic.com 'unsafe-inline' https://fonts.googleapis.com https://tagmanager.google.com; img-src 'self' data: https://d3ptyyxy2at9ui.cloudfront.net https://dcff1xvirvpfp.cloudfront.net https://d266vjxpnndrqi.cloudfront.net https://d1x0mwiac2rqwt.cloudfront.net https://avatars.doist.com https://image-resize.todoist.com https://maps.gstatic.com https://*.googleapis.com https://*.ggpht https://twemoji.maxcdn.com https://www.google-analytics.com www.googletagmanager.com https://ssl.gstatic.com https://www.gstatic.com; media-src 'self' https://d1ysz50cxb9zwl.cloudfront.net https://d3ptyyxy2at9ui.cloudfront.net https://*.todoist.com https://todoist.com; frame-src 'self' https://www.dropbox.com https://accounts.google.com https://docs.google.com https://www.youtube.com https://js.stripe.com; font-src 'self' https://fonts.gstatic.com data:; report-uri /csp_report</td>
            </tr>
              
  
  
            <tr bgcolor="#e8e8e8">
                <td width="20%" class="indent1">URL</td><td width="80%">https://todoist.com/app/</td>
            </tr>
              
            <tr bgcolor="#e8e8e8">
                <td width="20%" class="indent2">Method</td><td width="80%">GET</td>
            </tr>
              
            <tr bgcolor="#e8e8e8">
                <td width="20%" class="indent2">Evidence</td><td width="80%">default-src 'self' wss://*.todoist.com https://www.google-analytics.com https://o476415.ingest.sentry.io https://d3ptyyxy2at9ui.cloudfront.net https://dcff1xvirvpfp.cloudfront.net https://d266vjxpnndrqi.cloudfront.net https://x-api.rollout.io https://statestore.rollout.io https://conf.rollout.io https://push.rollout.io https://analytic.rollout.io https://browser.sentry-cdn.com https://www.dropbox.com/static/api/2/dropins.js https://apis.google.com https://*.todoist.com https://todoist.com https://maps.googleapis.com https://fonts.gstatic.com https://*.datadoghq.com 'nonce-qaB14S0YNGEF0-ZBI5n_5orsp8hhb0Yd5BmEfuJakPI' https://tagmanager.google.com https://tagmanager.google.com https://ssl.google-analytics.com http://www.google-analytics.com https://js.stripe.com; style-src 'self' wss://*.todoist.com https://www.google-analytics.com https://o476415.ingest.sentry.io https://d3ptyyxy2at9ui.cloudfront.net https://dcff1xvirvpfp.cloudfront.net https://d266vjxpnndrqi.cloudfront.net https://x-api.rollout.io https://statestore.rollout.io https://conf.rollout.io https://push.rollout.io https://analytic.rollout.io https://browser.sentry-cdn.com https://www.dropbox.com/static/api/2/dropins.js https://apis.google.com https://*.todoist.com https://todoist.com https://maps.googleapis.com https://fonts.gstatic.com 'unsafe-inline' https://fonts.googleapis.com https://tagmanager.google.com; img-src 'self' data: https://d3ptyyxy2at9ui.cloudfront.net https://dcff1xvirvpfp.cloudfront.net https://d266vjxpnndrqi.cloudfront.net https://d1x0mwiac2rqwt.cloudfront.net https://avatars.doist.com https://image-resize.todoist.com https://maps.gstatic.com https://*.googleapis.com https://*.ggpht https://twemoji.maxcdn.com https://www.google-analytics.com www.googletagmanager.com https://ssl.gstatic.com https://www.gstatic.com; media-src 'self' https://d1ysz50cxb9zwl.cloudfront.net https://d3ptyyxy2at9ui.cloudfront.net https://*.todoist.com https://todoist.com; frame-src 'self' https://www.dropbox.com https://accounts.google.com https://docs.google.com https://www.youtube.com https://js.stripe.com; font-src 'self' https://fonts.gstatic.com data:; report-uri /csp_report</td>
            </tr>
              
  
  
            <tr bgcolor="#e8e8e8">
                <td width="20%" class="indent1">URL</td><td width="80%">https://todoist.com/app/</td>
            </tr>
              
            <tr bgcolor="#e8e8e8">
                <td width="20%" class="indent2">Method</td><td width="80%">GET</td>
            </tr>
              
            <tr bgcolor="#e8e8e8">
                <td width="20%" class="indent2">Evidence</td><td width="80%">default-src 'self' wss://*.todoist.com https://www.google-analytics.com https://o476415.ingest.sentry.io https://d3ptyyxy2at9ui.cloudfront.net https://dcff1xvirvpfp.cloudfront.net https://d266vjxpnndrqi.cloudfront.net https://x-api.rollout.io https://statestore.rollout.io https://conf.rollout.io https://push.rollout.io https://analytic.rollout.io https://browser.sentry-cdn.com https://www.dropbox.com/static/api/2/dropins.js https://apis.google.com https://*.todoist.com https://todoist.com https://maps.googleapis.com https://fonts.gstatic.com https://*.datadoghq.com 'nonce-VwzAXGJeBaZEWRzIb3B-pIGJqU0srcwgfEYuiOX3jsI' https://tagmanager.google.com https://tagmanager.google.com https://ssl.google-analytics.com http://www.google-analytics.com https://js.stripe.com; style-src 'self' wss://*.todoist.com https://www.google-analytics.com https://o476415.ingest.sentry.io https://d3ptyyxy2at9ui.cloudfront.net https://dcff1xvirvpfp.cloudfront.net https://d266vjxpnndrqi.cloudfront.net https://x-api.rollout.io https://statestore.rollout.io https://conf.rollout.io https://push.rollout.io https://analytic.rollout.io https://browser.sentry-cdn.com https://www.dropbox.com/static/api/2/dropins.js https://apis.google.com https://*.todoist.com https://todoist.com https://maps.googleapis.com https://fonts.gstatic.com 'unsafe-inline' https://fonts.googleapis.com https://tagmanager.google.com; img-src 'self' data: https://d3ptyyxy2at9ui.cloudfront.net https://dcff1xvirvpfp.cloudfront.net https://d266vjxpnndrqi.cloudfront.net https://d1x0mwiac2rqwt.cloudfront.net https://avatars.doist.com https://image-resize.todoist.com https://maps.gstatic.com https://*.googleapis.com https://*.ggpht https://twemoji.maxcdn.com https://www.google-analytics.com www.googletagmanager.com https://ssl.gstatic.com https://www.gstatic.com; media-src 'self' https://d1ysz50cxb9zwl.cloudfront.net https://d3ptyyxy2at9ui.cloudfront.net https://*.todoist.com https://todoist.com; frame-src 'self' https://www.dropbox.com https://accounts.google.com https://docs.google.com https://www.youtube.com https://js.stripe.com; font-src 'self' https://fonts.gstatic.com data:; report-uri /csp_report</td>
            </tr>
              
  
  
            <tr bgcolor="#e8e8e8">
                <td width="20%" class="indent1">URL</td><td width="80%">https://todoist.com/app/</td>
            </tr>
              
            <tr bgcolor="#e8e8e8">
                <td width="20%" class="indent2">Method</td><td width="80%">GET</td>
            </tr>
              
            <tr bgcolor="#e8e8e8">
                <td width="20%" class="indent2">Evidence</td><td width="80%">default-src 'self' wss://*.todoist.com https://www.google-analytics.com https://o476415.ingest.sentry.io https://d3ptyyxy2at9ui.cloudfront.net https://dcff1xvirvpfp.cloudfront.net https://d266vjxpnndrqi.cloudfront.net https://x-api.rollout.io https://statestore.rollout.io https://conf.rollout.io https://push.rollout.io https://analytic.rollout.io https://browser.sentry-cdn.com https://www.dropbox.com/static/api/2/dropins.js https://apis.google.com https://*.todoist.com https://todoist.com https://maps.googleapis.com https://fonts.gstatic.com https://*.datadoghq.com 'nonce-Wpd7rOXwfG1jBFQLB7oMpjP7xkfpcG3e64oBu6yE-Iw' https://tagmanager.google.com https://tagmanager.google.com https://ssl.google-analytics.com http://www.google-analytics.com https://js.stripe.com; style-src 'self' wss://*.todoist.com https://www.google-analytics.com https://o476415.ingest.sentry.io https://d3ptyyxy2at9ui.cloudfront.net https://dcff1xvirvpfp.cloudfront.net https://d266vjxpnndrqi.cloudfront.net https://x-api.rollout.io https://statestore.rollout.io https://conf.rollout.io https://push.rollout.io https://analytic.rollout.io https://browser.sentry-cdn.com https://www.dropbox.com/static/api/2/dropins.js https://apis.google.com https://*.todoist.com https://todoist.com https://maps.googleapis.com https://fonts.gstatic.com 'unsafe-inline' https://fonts.googleapis.com https://tagmanager.google.com; img-src 'self' data: https://d3ptyyxy2at9ui.cloudfront.net https://dcff1xvirvpfp.cloudfront.net https://d266vjxpnndrqi.cloudfront.net https://d1x0mwiac2rqwt.cloudfront.net https://avatars.doist.com https://image-resize.todoist.com https://maps.gstatic.com https://*.googleapis.com https://*.ggpht https://twemoji.maxcdn.com https://www.google-analytics.com www.googletagmanager.com https://ssl.gstatic.com https://www.gstatic.com; media-src 'self' https://d1ysz50cxb9zwl.cloudfront.net https://d3ptyyxy2at9ui.cloudfront.net https://*.todoist.com https://todoist.com; frame-src 'self' https://www.dropbox.com https://accounts.google.com https://docs.google.com https://www.youtube.com https://js.stripe.com; font-src 'self' https://fonts.gstatic.com data:; report-uri /csp_report</td>
            </tr>
              
  
  
            <tr bgcolor="#e8e8e8">
                <td width="20%">Instances</td><td width="80%">5</td>
            </tr>
              
            <tr bgcolor="#e8e8e8">
                <td width="20%">Solution</td><td width="80%"><p>Ensure that your web server, application server, load balancer, etc. is properly configured to set the Content-Security-Policy header.</p></td>
            </tr>
              
            <tr bgcolor="#e8e8e8">
                <td width="20%">Reference</td><td width="80%"><p>http://www.w3.org/TR/CSP2/</p><p>http://www.w3.org/TR/CSP/</p><p>http://caniuse.com/#search=content+security+policy</p><p>http://content-security-policy.com/</p><p>https://github.com/shapesecurity/salvation</p><p>https://developers.google.com/web/fundamentals/security/csp#policy_applies_to_a_wide_variety_of_resources</p></td>
            </tr>
              
            <tr bgcolor="#e8e8e8">
                <td width="20%">CWE Id</td><td width="80%">693</td>
            </tr>
              
            <tr bgcolor="#e8e8e8">
                <td width="20%">WASC Id</td><td width="80%">15</td>
            </tr>
              
            <tr bgcolor="#e8e8e8">
                <td width="20%">Source ID</td><td width="80%">3</td>
            </tr>
            
        </table>
        <div class="spacer"></div>
        <table width="100%" class="results">
              
  
  
  
            <tr height="24" class="risk-medium">
                <th width="20%"><a name="medium"></a>Medium (Medium)</th><th width="80%">CSP: Wildcard Directive</th>
            </tr>
              
  
  
  
            <tr bgcolor="#e8e8e8">
                <td width="20%">Description</td><td width="80%"><p>The following directives either allow wildcard sources (or ancestors), are not defined, or are overly broadly defined: </p><p>frame-ancestors, form-action</p><p></p><p>The directive(s): frame-ancestors, form-action are among the directives that do not fallback to default-src, missing/excluding them is the same as allowing anything.</p></td>
            </tr>
            <TR vAlign="top">
                <TD colspan="2"></TD>
            </TR>
              
  
  
            <tr bgcolor="#e8e8e8">
                <td width="20%" class="indent1">URL</td><td width="80%">https://todoist.com/app/</td>
            </tr>
              
            <tr bgcolor="#e8e8e8">
                <td width="20%" class="indent2">Method</td><td width="80%">GET</td>
            </tr>
              
            <tr bgcolor="#e8e8e8">
                <td width="20%" class="indent2">Evidence</td><td width="80%">default-src 'self' wss://*.todoist.com https://www.google-analytics.com https://o476415.ingest.sentry.io https://d3ptyyxy2at9ui.cloudfront.net https://dcff1xvirvpfp.cloudfront.net https://d266vjxpnndrqi.cloudfront.net https://x-api.rollout.io https://statestore.rollout.io https://conf.rollout.io https://push.rollout.io https://analytic.rollout.io https://browser.sentry-cdn.com https://www.dropbox.com/static/api/2/dropins.js https://apis.google.com https://*.todoist.com https://todoist.com https://maps.googleapis.com https://fonts.gstatic.com https://*.datadoghq.com 'nonce-qaB14S0YNGEF0-ZBI5n_5orsp8hhb0Yd5BmEfuJakPI' https://tagmanager.google.com https://tagmanager.google.com https://ssl.google-analytics.com http://www.google-analytics.com https://js.stripe.com; style-src 'self' wss://*.todoist.com https://www.google-analytics.com https://o476415.ingest.sentry.io https://d3ptyyxy2at9ui.cloudfront.net https://dcff1xvirvpfp.cloudfront.net https://d266vjxpnndrqi.cloudfront.net https://x-api.rollout.io https://statestore.rollout.io https://conf.rollout.io https://push.rollout.io https://analytic.rollout.io https://browser.sentry-cdn.com https://www.dropbox.com/static/api/2/dropins.js https://apis.google.com https://*.todoist.com https://todoist.com https://maps.googleapis.com https://fonts.gstatic.com 'unsafe-inline' https://fonts.googleapis.com https://tagmanager.google.com; img-src 'self' data: https://d3ptyyxy2at9ui.cloudfront.net https://dcff1xvirvpfp.cloudfront.net https://d266vjxpnndrqi.cloudfront.net https://d1x0mwiac2rqwt.cloudfront.net https://avatars.doist.com https://image-resize.todoist.com https://maps.gstatic.com https://*.googleapis.com https://*.ggpht https://twemoji.maxcdn.com https://www.google-analytics.com www.googletagmanager.com https://ssl.gstatic.com https://www.gstatic.com; media-src 'self' https://d1ysz50cxb9zwl.cloudfront.net https://d3ptyyxy2at9ui.cloudfront.net https://*.todoist.com https://todoist.com; frame-src 'self' https://www.dropbox.com https://accounts.google.com https://docs.google.com https://www.youtube.com https://js.stripe.com; font-src 'self' https://fonts.gstatic.com data:; report-uri /csp_report</td>
            </tr>
              
  
  
            <tr bgcolor="#e8e8e8">
                <td width="20%" class="indent1">URL</td><td width="80%">https://todoist.com/csp_report</td>
            </tr>
              
            <tr bgcolor="#e8e8e8">
                <td width="20%" class="indent2">Method</td><td width="80%">POST</td>
            </tr>
              
            <tr bgcolor="#e8e8e8">
                <td width="20%" class="indent2">Evidence</td><td width="80%">default-src 'none'</td>
            </tr>
              
  
  
            <tr bgcolor="#e8e8e8">
                <td width="20%" class="indent1">URL</td><td width="80%">https://todoist.com/app/</td>
            </tr>
              
            <tr bgcolor="#e8e8e8">
                <td width="20%" class="indent2">Method</td><td width="80%">GET</td>
            </tr>
              
            <tr bgcolor="#e8e8e8">
                <td width="20%" class="indent2">Evidence</td><td width="80%">default-src 'self' wss://*.todoist.com https://www.google-analytics.com https://o476415.ingest.sentry.io https://d3ptyyxy2at9ui.cloudfront.net https://dcff1xvirvpfp.cloudfront.net https://d266vjxpnndrqi.cloudfront.net https://x-api.rollout.io https://statestore.rollout.io https://conf.rollout.io https://push.rollout.io https://analytic.rollout.io https://browser.sentry-cdn.com https://www.dropbox.com/static/api/2/dropins.js https://apis.google.com https://*.todoist.com https://todoist.com https://maps.googleapis.com https://fonts.gstatic.com https://*.datadoghq.com 'nonce-zKthIlngzSTxViOMgeV0CEcPrN6s9NkDEPHMO93rTX0' https://tagmanager.google.com https://tagmanager.google.com https://ssl.google-analytics.com http://www.google-analytics.com https://js.stripe.com; style-src 'self' wss://*.todoist.com https://www.google-analytics.com https://o476415.ingest.sentry.io https://d3ptyyxy2at9ui.cloudfront.net https://dcff1xvirvpfp.cloudfront.net https://d266vjxpnndrqi.cloudfront.net https://x-api.rollout.io https://statestore.rollout.io https://conf.rollout.io https://push.rollout.io https://analytic.rollout.io https://browser.sentry-cdn.com https://www.dropbox.com/static/api/2/dropins.js https://apis.google.com https://*.todoist.com https://todoist.com https://maps.googleapis.com https://fonts.gstatic.com 'unsafe-inline' https://fonts.googleapis.com https://tagmanager.google.com; img-src 'self' data: https://d3ptyyxy2at9ui.cloudfront.net https://dcff1xvirvpfp.cloudfront.net https://d266vjxpnndrqi.cloudfront.net https://d1x0mwiac2rqwt.cloudfront.net https://avatars.doist.com https://image-resize.todoist.com https://maps.gstatic.com https://*.googleapis.com https://*.ggpht https://twemoji.maxcdn.com https://www.google-analytics.com www.googletagmanager.com https://ssl.gstatic.com https://www.gstatic.com; media-src 'self' https://d1ysz50cxb9zwl.cloudfront.net https://d3ptyyxy2at9ui.cloudfront.net https://*.todoist.com https://todoist.com; frame-src 'self' https://www.dropbox.com https://accounts.google.com https://docs.google.com https://www.youtube.com https://js.stripe.com; font-src 'self' https://fonts.gstatic.com data:; report-uri /csp_report</td>
            </tr>
              
  
  
            <tr bgcolor="#e8e8e8">
                <td width="20%" class="indent1">URL</td><td width="80%">https://todoist.com/app/</td>
            </tr>
              
            <tr bgcolor="#e8e8e8">
                <td width="20%" class="indent2">Method</td><td width="80%">GET</td>
            </tr>
              
            <tr bgcolor="#e8e8e8">
                <td width="20%" class="indent2">Evidence</td><td width="80%">default-src 'self' wss://*.todoist.com https://www.google-analytics.com https://o476415.ingest.sentry.io https://d3ptyyxy2at9ui.cloudfront.net https://dcff1xvirvpfp.cloudfront.net https://d266vjxpnndrqi.cloudfront.net https://x-api.rollout.io https://statestore.rollout.io https://conf.rollout.io https://push.rollout.io https://analytic.rollout.io https://browser.sentry-cdn.com https://www.dropbox.com/static/api/2/dropins.js https://apis.google.com https://*.todoist.com https://todoist.com https://maps.googleapis.com https://fonts.gstatic.com https://*.datadoghq.com 'nonce-0WxmXU8A0ESqYfZfAVG1hozA0fig-netdQelEx1joGQ' https://tagmanager.google.com https://tagmanager.google.com https://ssl.google-analytics.com http://www.google-analytics.com https://js.stripe.com; style-src 'self' wss://*.todoist.com https://www.google-analytics.com https://o476415.ingest.sentry.io https://d3ptyyxy2at9ui.cloudfront.net https://dcff1xvirvpfp.cloudfront.net https://d266vjxpnndrqi.cloudfront.net https://x-api.rollout.io https://statestore.rollout.io https://conf.rollout.io https://push.rollout.io https://analytic.rollout.io https://browser.sentry-cdn.com https://www.dropbox.com/static/api/2/dropins.js https://apis.google.com https://*.todoist.com https://todoist.com https://maps.googleapis.com https://fonts.gstatic.com 'unsafe-inline' https://fonts.googleapis.com https://tagmanager.google.com; img-src 'self' data: https://d3ptyyxy2at9ui.cloudfront.net https://dcff1xvirvpfp.cloudfront.net https://d266vjxpnndrqi.cloudfront.net https://d1x0mwiac2rqwt.cloudfront.net https://avatars.doist.com https://image-resize.todoist.com https://maps.gstatic.com https://*.googleapis.com https://*.ggpht https://twemoji.maxcdn.com https://www.google-analytics.com www.googletagmanager.com https://ssl.gstatic.com https://www.gstatic.com; media-src 'self' https://d1ysz50cxb9zwl.cloudfront.net https://d3ptyyxy2at9ui.cloudfront.net https://*.todoist.com https://todoist.com; frame-src 'self' https://www.dropbox.com https://accounts.google.com https://docs.google.com https://www.youtube.com https://js.stripe.com; font-src 'self' https://fonts.gstatic.com data:; report-uri /csp_report</td>
            </tr>
              
  
  
            <tr bgcolor="#e8e8e8">
                <td width="20%" class="indent1">URL</td><td width="80%">https://todoist.com/app/</td>
            </tr>
              
            <tr bgcolor="#e8e8e8">
                <td width="20%" class="indent2">Method</td><td width="80%">GET</td>
            </tr>
              
            <tr bgcolor="#e8e8e8">
                <td width="20%" class="indent2">Evidence</td><td width="80%">default-src 'self' wss://*.todoist.com https://www.google-analytics.com https://o476415.ingest.sentry.io https://d3ptyyxy2at9ui.cloudfront.net https://dcff1xvirvpfp.cloudfront.net https://d266vjxpnndrqi.cloudfront.net https://x-api.rollout.io https://statestore.rollout.io https://conf.rollout.io https://push.rollout.io https://analytic.rollout.io https://browser.sentry-cdn.com https://www.dropbox.com/static/api/2/dropins.js https://apis.google.com https://*.todoist.com https://todoist.com https://maps.googleapis.com https://fonts.gstatic.com https://*.datadoghq.com 'nonce-Wpd7rOXwfG1jBFQLB7oMpjP7xkfpcG3e64oBu6yE-Iw' https://tagmanager.google.com https://tagmanager.google.com https://ssl.google-analytics.com http://www.google-analytics.com https://js.stripe.com; style-src 'self' wss://*.todoist.com https://www.google-analytics.com https://o476415.ingest.sentry.io https://d3ptyyxy2at9ui.cloudfront.net https://dcff1xvirvpfp.cloudfront.net https://d266vjxpnndrqi.cloudfront.net https://x-api.rollout.io https://statestore.rollout.io https://conf.rollout.io https://push.rollout.io https://analytic.rollout.io https://browser.sentry-cdn.com https://www.dropbox.com/static/api/2/dropins.js https://apis.google.com https://*.todoist.com https://todoist.com https://maps.googleapis.com https://fonts.gstatic.com 'unsafe-inline' https://fonts.googleapis.com https://tagmanager.google.com; img-src 'self' data: https://d3ptyyxy2at9ui.cloudfront.net https://dcff1xvirvpfp.cloudfront.net https://d266vjxpnndrqi.cloudfront.net https://d1x0mwiac2rqwt.cloudfront.net https://avatars.doist.com https://image-resize.todoist.com https://maps.gstatic.com https://*.googleapis.com https://*.ggpht https://twemoji.maxcdn.com https://www.google-analytics.com www.googletagmanager.com https://ssl.gstatic.com https://www.gstatic.com; media-src 'self' https://d1ysz50cxb9zwl.cloudfront.net https://d3ptyyxy2at9ui.cloudfront.net https://*.todoist.com https://todoist.com; frame-src 'self' https://www.dropbox.com https://accounts.google.com https://docs.google.com https://www.youtube.com https://js.stripe.com; font-src 'self' https://fonts.gstatic.com data:; report-uri /csp_report</td>
            </tr>
              
  
  
            <tr bgcolor="#e8e8e8">
                <td width="20%" class="indent1">URL</td><td width="80%">https://todoist.com/app/</td>
            </tr>
              
            <tr bgcolor="#e8e8e8">
                <td width="20%" class="indent2">Method</td><td width="80%">GET</td>
            </tr>
              
            <tr bgcolor="#e8e8e8">
                <td width="20%" class="indent2">Evidence</td><td width="80%">default-src 'self' wss://*.todoist.com https://www.google-analytics.com https://o476415.ingest.sentry.io https://d3ptyyxy2at9ui.cloudfront.net https://dcff1xvirvpfp.cloudfront.net https://d266vjxpnndrqi.cloudfront.net https://x-api.rollout.io https://statestore.rollout.io https://conf.rollout.io https://push.rollout.io https://analytic.rollout.io https://browser.sentry-cdn.com https://www.dropbox.com/static/api/2/dropins.js https://apis.google.com https://*.todoist.com https://todoist.com https://maps.googleapis.com https://fonts.gstatic.com https://*.datadoghq.com 'nonce-VwzAXGJeBaZEWRzIb3B-pIGJqU0srcwgfEYuiOX3jsI' https://tagmanager.google.com https://tagmanager.google.com https://ssl.google-analytics.com http://www.google-analytics.com https://js.stripe.com; style-src 'self' wss://*.todoist.com https://www.google-analytics.com https://o476415.ingest.sentry.io https://d3ptyyxy2at9ui.cloudfront.net https://dcff1xvirvpfp.cloudfront.net https://d266vjxpnndrqi.cloudfront.net https://x-api.rollout.io https://statestore.rollout.io https://conf.rollout.io https://push.rollout.io https://analytic.rollout.io https://browser.sentry-cdn.com https://www.dropbox.com/static/api/2/dropins.js https://apis.google.com https://*.todoist.com https://todoist.com https://maps.googleapis.com https://fonts.gstatic.com 'unsafe-inline' https://fonts.googleapis.com https://tagmanager.google.com; img-src 'self' data: https://d3ptyyxy2at9ui.cloudfront.net https://dcff1xvirvpfp.cloudfront.net https://d266vjxpnndrqi.cloudfront.net https://d1x0mwiac2rqwt.cloudfront.net https://avatars.doist.com https://image-resize.todoist.com https://maps.gstatic.com https://*.googleapis.com https://*.ggpht https://twemoji.maxcdn.com https://www.google-analytics.com www.googletagmanager.com https://ssl.gstatic.com https://www.gstatic.com; media-src 'self' https://d1ysz50cxb9zwl.cloudfront.net https://d3ptyyxy2at9ui.cloudfront.net https://*.todoist.com https://todoist.com; frame-src 'self' https://www.dropbox.com https://accounts.google.com https://docs.google.com https://www.youtube.com https://js.stripe.com; font-src 'self' https://fonts.gstatic.com data:; report-uri /csp_report</td>
            </tr>
              
  
  
            <tr bgcolor="#e8e8e8">
                <td width="20%">Instances</td><td width="80%">6</td>
            </tr>
              
            <tr bgcolor="#e8e8e8">
                <td width="20%">Solution</td><td width="80%"><p>Ensure that your web server, application server, load balancer, etc. is properly configured to set the Content-Security-Policy header.</p></td>
            </tr>
              
            <tr bgcolor="#e8e8e8">
                <td width="20%">Reference</td><td width="80%"><p>http://www.w3.org/TR/CSP2/</p><p>http://www.w3.org/TR/CSP/</p><p>http://caniuse.com/#search=content+security+policy</p><p>http://content-security-policy.com/</p><p>https://github.com/shapesecurity/salvation</p><p>https://developers.google.com/web/fundamentals/security/csp#policy_applies_to_a_wide_variety_of_resources</p></td>
            </tr>
              
            <tr bgcolor="#e8e8e8">
                <td width="20%">CWE Id</td><td width="80%">693</td>
            </tr>
              
            <tr bgcolor="#e8e8e8">
                <td width="20%">WASC Id</td><td width="80%">15</td>
            </tr>
              
            <tr bgcolor="#e8e8e8">
                <td width="20%">Source ID</td><td width="80%">3</td>
            </tr>
            
        </table>
        <div class="spacer"></div>
        <table width="100%" class="results">
              
  
  
  
            <tr height="24" class="risk-medium">
                <th width="20%"><a name="medium"></a>Medium (Medium)</th><th width="80%">Format String Error</th>
            </tr>
              
  
  
  
            <tr bgcolor="#e8e8e8">
                <td width="20%">Description</td><td width="80%"><p>A Format String error occurs when the submitted data of an input string is evaluated as a command by the application. </p></td>
            </tr>
            <TR vAlign="top">
                <TD colspan="2"></TD>
            </TR>
              
  
  
            <tr bgcolor="#e8e8e8">
                <td width="20%" class="indent1">URL</td><td width="80%">https://todoist.com/API/v8.7/sync</td>
            </tr>
              
            <tr bgcolor="#e8e8e8">
                <td width="20%" class="indent2">Method</td><td width="80%">POST</td>
            </tr>
              
            <tr bgcolor="#e8e8e8">
                <td width="20%" class="indent2">Parameter</td><td width="80%">sync_token</td>
            </tr>
              
            <tr bgcolor="#e8e8e8">
                <td width="20%" class="indent2">Attack</td><td width="80%">ZAP%n%s%n%s%n%s%n%s%n%s%n%s%n%s%n%s%n%s%n%s%n%s%n%s%n%s%n%s%n%s%n%s%n%s%n%s%n%s%n%s
</td>
            </tr>
              
  
  
            <tr bgcolor="#e8e8e8">
                <td width="20%">Instances</td><td width="80%">1</td>
            </tr>
              
            <tr bgcolor="#e8e8e8">
                <td width="20%">Solution</td><td width="80%"><p>Rewrite the background program using proper deletion of bad character strings.  This will require a recompile of the background executable.</p></td>
            </tr>
              
            <tr bgcolor="#e8e8e8">
                <td width="20%">Other information</td><td width="80%"><p>Potential Format String Error.  The script closed the connection on a /%s</p></td>
            </tr>
            <TR vAlign="top">
                <TD colspan="2"></TD>
            </TR>
              
            <tr bgcolor="#e8e8e8">
                <td width="20%">Reference</td><td width="80%"><p>https://owasp.org/www-community/attacks/Format_string_attack</p></td>
            </tr>
              
            <tr bgcolor="#e8e8e8">
                <td width="20%">CWE Id</td><td width="80%">134</td>
            </tr>
              
            <tr bgcolor="#e8e8e8">
                <td width="20%">WASC Id</td><td width="80%">6</td>
            </tr>
              
            <tr bgcolor="#e8e8e8">
                <td width="20%">Source ID</td><td width="80%">1</td>
            </tr>
            
        </table>
        <div class="spacer"></div>
        <table width="100%" class="results">
              
  
  
  
            <tr height="24" class="risk-medium">
                <th width="20%"><a name="medium"></a>Medium (Medium)</th><th width="80%">Integer Overflow Error</th>
            </tr>
              
  
  
  
            <tr bgcolor="#e8e8e8">
                <td width="20%">Description</td><td width="80%"><p>An integer overflow condition exists when an integer, which has not been properly checked from the input stream is used within a compiled program. </p></td>
            </tr>
            <TR vAlign="top">
                <TD colspan="2"></TD>
            </TR>
              
  
  
            <tr bgcolor="#e8e8e8">
                <td width="20%" class="indent1">URL</td><td width="80%">https://todoist.com/API/v8.7/sync</td>
            </tr>
              
            <tr bgcolor="#e8e8e8">
                <td width="20%" class="indent2">Method</td><td width="80%">POST</td>
            </tr>
              
            <tr bgcolor="#e8e8e8">
                <td width="20%" class="indent2">Parameter</td><td width="80%">sync_token</td>
            </tr>
              
            <tr bgcolor="#e8e8e8">
                <td width="20%" class="indent2">Attack</td><td width="80%">02393021523574495965818542815397601416054860</td>
            </tr>
              
            <tr bgcolor="#e8e8e8">
                <td width="20%" class="indent2">Evidence</td><td width="80%">HTTP/1.1 500 Internal Server Error</td>
            </tr>
              
  
  
            <tr bgcolor="#e8e8e8">
                <td width="20%">Instances</td><td width="80%">1</td>
            </tr>
              
            <tr bgcolor="#e8e8e8">
                <td width="20%">Solution</td><td width="80%"><p>Rewrite the background program using proper checking of the size of integer being input to prevent overflows and divide by 0 errors.  This will require a recompile of the background executable.</p></td>
            </tr>
              
            <tr bgcolor="#e8e8e8">
                <td width="20%">Other information</td><td width="80%"><p>Potential Integer Overflow.  Status code changed on the input of a long string of random integers.</p></td>
            </tr>
            <TR vAlign="top">
                <TD colspan="2"></TD>
            </TR>
              
            <tr bgcolor="#e8e8e8">
                <td width="20%">Reference</td><td width="80%"><p>http://projects.webappsec.org/w/page/13246946/Integer%20Overflows</p></td>
            </tr>
              
            <tr bgcolor="#e8e8e8">
                <td width="20%">CWE Id</td><td width="80%">190</td>
            </tr>
              
            <tr bgcolor="#e8e8e8">
                <td width="20%">WASC Id</td><td width="80%">3</td>
            </tr>
              
            <tr bgcolor="#e8e8e8">
                <td width="20%">Source ID</td><td width="80%">1</td>
            </tr>
            
        </table>
        <div class="spacer"></div>
        <table width="100%" class="results">
              
  
  
  
            <tr height="24" class="risk-medium">
                <th width="20%"><a name="medium"></a>Medium (Medium)</th><th width="80%">Proxy Disclosure</th>
            </tr>
              
  
  
  
            <tr bgcolor="#e8e8e8">
                <td width="20%">Description</td><td width="80%"><p>1 proxy server(s) were detected or fingerprinted. This information helps a potential attacker to determine </p><p> - A list of targets for an attack against the application.</p><p> - Potential vulnerabilities on the proxy servers that service the application.</p><p> - The presence or absence of any proxy-based components that might cause attacks against the application to be detected, prevented, or mitigated. </p></td>
            </tr>
            <TR vAlign="top">
                <TD colspan="2"></TD>
            </TR>
              
  
  
            <tr bgcolor="#e8e8e8">
                <td width="20%" class="indent1">URL</td><td width="80%">https://todoist.com/app</td>
            </tr>
              
            <tr bgcolor="#e8e8e8">
                <td width="20%" class="indent2">Method</td><td width="80%">GET</td>
            </tr>
              
            <tr bgcolor="#e8e8e8">
                <td width="20%" class="indent2">Attack</td><td width="80%">TRACE, OPTIONS methods with 'Max-Forwards' header. TRACK method.</td>
            </tr>
              
  
  
            <tr bgcolor="#e8e8e8">
                <td width="20%" class="indent1">URL</td><td width="80%">https://todoist.com/_next/static/chunks/4af5f773.cbea4d2bb3592e8bed23.js</td>
            </tr>
              
            <tr bgcolor="#e8e8e8">
                <td width="20%" class="indent2">Method</td><td width="80%">GET</td>
            </tr>
              
            <tr bgcolor="#e8e8e8">
                <td width="20%" class="indent2">Attack</td><td width="80%">TRACE, OPTIONS methods with 'Max-Forwards' header. TRACK method.</td>
            </tr>
              
  
  
            <tr bgcolor="#e8e8e8">
                <td width="20%" class="indent1">URL</td><td width="80%">https://todoist.com/_next/static/css/pages/index.e740e94c.chunk.css</td>
            </tr>
              
            <tr bgcolor="#e8e8e8">
                <td width="20%" class="indent2">Method</td><td width="80%">GET</td>
            </tr>
              
            <tr bgcolor="#e8e8e8">
                <td width="20%" class="indent2">Attack</td><td width="80%">TRACE, OPTIONS methods with 'Max-Forwards' header. TRACK method.</td>
            </tr>
              
  
  
            <tr bgcolor="#e8e8e8">
                <td width="20%" class="indent1">URL</td><td width="80%">https://todoist.com/_next/static/chunks/pages</td>
            </tr>
              
            <tr bgcolor="#e8e8e8">
                <td width="20%" class="indent2">Method</td><td width="80%">GET</td>
            </tr>
              
            <tr bgcolor="#e8e8e8">
                <td width="20%" class="indent2">Attack</td><td width="80%">TRACE, OPTIONS methods with 'Max-Forwards' header. TRACK method.</td>
            </tr>
              
  
  
            <tr bgcolor="#e8e8e8">
                <td width="20%" class="indent1">URL</td><td width="80%">https://todoist.com/_next/static/images/screenshot@2x_e9fa6ecca1a46e57105e63d832171f15.webp</td>
            </tr>
              
            <tr bgcolor="#e8e8e8">
                <td width="20%" class="indent2">Method</td><td width="80%">GET</td>
            </tr>
              
            <tr bgcolor="#e8e8e8">
                <td width="20%" class="indent2">Attack</td><td width="80%">TRACE, OPTIONS methods with 'Max-Forwards' header. TRACK method.</td>
            </tr>
              
  
  
            <tr bgcolor="#e8e8e8">
                <td width="20%" class="indent1">URL</td><td width="80%">https://todoist.com/_next/static/chunks/a52680fc7b32262e6da88792d4c55199e7c7070b.ef1131dd945b73b40945.js</td>
            </tr>
              
            <tr bgcolor="#e8e8e8">
                <td width="20%" class="indent2">Method</td><td width="80%">GET</td>
            </tr>
              
            <tr bgcolor="#e8e8e8">
                <td width="20%" class="indent2">Attack</td><td width="80%">TRACE, OPTIONS methods with 'Max-Forwards' header. TRACK method.</td>
            </tr>
              
  
  
            <tr bgcolor="#e8e8e8">
                <td width="20%" class="indent1">URL</td><td width="80%">https://todoist.com/_next/static/chunks/framework.3105c3e333ee10fd9558.js</td>
            </tr>
              
            <tr bgcolor="#e8e8e8">
                <td width="20%" class="indent2">Method</td><td width="80%">GET</td>
            </tr>
              
            <tr bgcolor="#e8e8e8">
                <td width="20%" class="indent2">Attack</td><td width="80%">TRACE, OPTIONS methods with 'Max-Forwards' header. TRACK method.</td>
            </tr>
              
  
  
            <tr bgcolor="#e8e8e8">
                <td width="20%" class="indent1">URL</td><td width="80%">https://todoist.com/sync</td>
            </tr>
              
            <tr bgcolor="#e8e8e8">
                <td width="20%" class="indent2">Method</td><td width="80%">GET</td>
            </tr>
              
            <tr bgcolor="#e8e8e8">
                <td width="20%" class="indent2">Attack</td><td width="80%">TRACE, OPTIONS methods with 'Max-Forwards' header. TRACK method.</td>
            </tr>
              
  
  
            <tr bgcolor="#e8e8e8">
                <td width="20%" class="indent1">URL</td><td width="80%">https://todoist.com/Users</td>
            </tr>
              
            <tr bgcolor="#e8e8e8">
                <td width="20%" class="indent2">Method</td><td width="80%">GET</td>
            </tr>
              
            <tr bgcolor="#e8e8e8">
                <td width="20%" class="indent2">Attack</td><td width="80%">TRACE, OPTIONS methods with 'Max-Forwards' header. TRACK method.</td>
            </tr>
              
  
  
            <tr bgcolor="#e8e8e8">
                <td width="20%" class="indent1">URL</td><td width="80%">https://todoist.com/_next/static/chunks/commons.b18f7b8b8fe9524cd840.js</td>
            </tr>
              
            <tr bgcolor="#e8e8e8">
                <td width="20%" class="indent2">Method</td><td width="80%">GET</td>
            </tr>
              
            <tr bgcolor="#e8e8e8">
                <td width="20%" class="indent2">Attack</td><td width="80%">TRACE, OPTIONS methods with 'Max-Forwards' header. TRACK method.</td>
            </tr>
              
  
  
            <tr bgcolor="#e8e8e8">
                <td width="20%" class="indent1">URL</td><td width="80%">https://todoist.com/_next/static/images/reviews@2x_4876e995d30e1f2f847bb8fde9e0008c.webp</td>
            </tr>
              
            <tr bgcolor="#e8e8e8">
                <td width="20%" class="indent2">Method</td><td width="80%">GET</td>
            </tr>
              
            <tr bgcolor="#e8e8e8">
                <td width="20%" class="indent2">Attack</td><td width="80%">TRACE, OPTIONS methods with 'Max-Forwards' header. TRACK method.</td>
            </tr>
              
  
  
            <tr bgcolor="#e8e8e8">
                <td width="20%" class="indent1">URL</td><td width="80%">https://todoist.com/sync/v8/tooltips</td>
            </tr>
              
            <tr bgcolor="#e8e8e8">
                <td width="20%" class="indent2">Method</td><td width="80%">GET</td>
            </tr>
              
            <tr bgcolor="#e8e8e8">
                <td width="20%" class="indent2">Attack</td><td width="80%">TRACE, OPTIONS methods with 'Max-Forwards' header. TRACK method.</td>
            </tr>
              
  
  
            <tr bgcolor="#e8e8e8">
                <td width="20%" class="indent1">URL</td><td width="80%">https://todoist.com/_next/static/chunks/pages/index-48679ec33cb80820c987.js</td>
            </tr>
              
            <tr bgcolor="#e8e8e8">
                <td width="20%" class="indent2">Method</td><td width="80%">GET</td>
            </tr>
              
            <tr bgcolor="#e8e8e8">
                <td width="20%" class="indent2">Attack</td><td width="80%">TRACE, OPTIONS methods with 'Max-Forwards' header. TRACK method.</td>
            </tr>
              
  
  
            <tr bgcolor="#e8e8e8">
                <td width="20%" class="indent1">URL</td><td width="80%">https://todoist.com/es</td>
            </tr>
              
            <tr bgcolor="#e8e8e8">
                <td width="20%" class="indent2">Method</td><td width="80%">GET</td>
            </tr>
              
            <tr bgcolor="#e8e8e8">
                <td width="20%" class="indent2">Attack</td><td width="80%">TRACE, OPTIONS methods with 'Max-Forwards' header. TRACK method.</td>
            </tr>
              
  
  
            <tr bgcolor="#e8e8e8">
                <td width="20%" class="indent1">URL</td><td width="80%">https://todoist.com/app/service-worker.js</td>
            </tr>
              
            <tr bgcolor="#e8e8e8">
                <td width="20%" class="indent2">Method</td><td width="80%">GET</td>
            </tr>
              
            <tr bgcolor="#e8e8e8">
                <td width="20%" class="indent2">Attack</td><td width="80%">TRACE, OPTIONS methods with 'Max-Forwards' header. TRACK method.</td>
            </tr>
              
  
  
            <tr bgcolor="#e8e8e8">
                <td width="20%" class="indent1">URL</td><td width="80%">https://todoist.com/_next/static/chunks</td>
            </tr>
              
            <tr bgcolor="#e8e8e8">
                <td width="20%" class="indent2">Method</td><td width="80%">GET</td>
            </tr>
              
            <tr bgcolor="#e8e8e8">
                <td width="20%" class="indent2">Attack</td><td width="80%">TRACE, OPTIONS methods with 'Max-Forwards' header. TRACK method.</td>
            </tr>
              
  
  
            <tr bgcolor="#e8e8e8">
                <td width="20%" class="indent1">URL</td><td width="80%">https://todoist.com/_next/static/images/header-bg@2x_d49daad6e384274c19f96f6aad65a615.webp</td>
            </tr>
              
            <tr bgcolor="#e8e8e8">
                <td width="20%" class="indent2">Method</td><td width="80%">GET</td>
            </tr>
              
            <tr bgcolor="#e8e8e8">
                <td width="20%" class="indent2">Attack</td><td width="80%">TRACE, OPTIONS methods with 'Max-Forwards' header. TRACK method.</td>
            </tr>
              
  
  
            <tr bgcolor="#e8e8e8">
                <td width="20%" class="indent1">URL</td><td width="80%">https://todoist.com/_next/static/chunks/ec39cfc4811edb60b21d247b521a20cac18b8703_CSS.ddce25b62cf34b951439.js</td>
            </tr>
              
            <tr bgcolor="#e8e8e8">
                <td width="20%" class="indent2">Method</td><td width="80%">GET</td>
            </tr>
              
            <tr bgcolor="#e8e8e8">
                <td width="20%" class="indent2">Attack</td><td width="80%">TRACE, OPTIONS methods with 'Max-Forwards' header. TRACK method.</td>
            </tr>
              
  
  
            <tr bgcolor="#e8e8e8">
                <td width="20%" class="indent1">URL</td><td width="80%">https://todoist.com/sync/v8/tooltips/get_seen_list</td>
            </tr>
              
            <tr bgcolor="#e8e8e8">
                <td width="20%" class="indent2">Method</td><td width="80%">GET</td>
            </tr>
              
            <tr bgcolor="#e8e8e8">
                <td width="20%" class="indent2">Attack</td><td width="80%">TRACE, OPTIONS methods with 'Max-Forwards' header. TRACK method.</td>
            </tr>
              
  
  
            <tr bgcolor="#e8e8e8">
                <td width="20%" class="indent1">URL</td><td width="80%">https://todoist.com/users</td>
            </tr>
              
            <tr bgcolor="#e8e8e8">
                <td width="20%" class="indent2">Method</td><td width="80%">GET</td>
            </tr>
              
            <tr bgcolor="#e8e8e8">
                <td width="20%" class="indent2">Attack</td><td width="80%">TRACE, OPTIONS methods with 'Max-Forwards' header. TRACK method.</td>
            </tr>
              
  
  
            <tr bgcolor="#e8e8e8">
                <td width="20%">Instances</td><td width="80%">52</td>
            </tr>
              
            <tr bgcolor="#e8e8e8">
                <td width="20%">Solution</td><td width="80%"><p>Disable the 'TRACE' method on the proxy servers, as well as the origin web/application server.</p><p>Disable the 'OPTIONS' method on the proxy servers, as well as the origin web/application server, if it is not required for other purposes, such as 'CORS' (Cross Origin Resource Sharing).</p><p>Configure the web and application servers with custom error pages, to prevent 'fingerprintable' product-specific error pages being leaked to the user in the event of HTTP errors, such as 'TRACK' requests for non-existent pages.</p><p>Configure all proxies, application servers, and web servers to prevent disclosure of the technology and version information in the 'Server' and 'X-Powered-By' HTTP response headers.</p><p></p></td>
            </tr>
              
            <tr bgcolor="#e8e8e8">
                <td width="20%">Other information</td><td width="80%"><p>Using the TRACE, OPTIONS, and TRACK methods, the following proxy servers have been identified between OWASP ZAP and the application/web server: </p><p>- CloudFront</p><p>The following web/application server has been identified: </p><p>- openresty/1.19.9.1</p><p></p></td>
            </tr>
            <TR vAlign="top">
                <TD colspan="2"></TD>
            </TR>
              
            <tr bgcolor="#e8e8e8">
                <td width="20%">Reference</td><td width="80%"><p>https://tools.ietf.org/html/rfc7231#section-5.1.2</p></td>
            </tr>
              
            <tr bgcolor="#e8e8e8">
                <td width="20%">CWE Id</td><td width="80%">200</td>
            </tr>
              
            <tr bgcolor="#e8e8e8">
                <td width="20%">WASC Id</td><td width="80%">45</td>
            </tr>
              
            <tr bgcolor="#e8e8e8">
                <td width="20%">Source ID</td><td width="80%">1</td>
            </tr>
            
        </table>
        <div class="spacer"></div>
        <table width="100%" class="results">
              
  
  
  
            <tr height="24" class="risk-medium">
                <th width="20%"><a name="medium"></a>Medium (Medium)</th><th width="80%">X-Frame-Options Header Not Set</th>
            </tr>
              
  
  
  
            <tr bgcolor="#e8e8e8">
                <td width="20%">Description</td><td width="80%"><p>X-Frame-Options header is not included in the HTTP response to protect against 'ClickJacking' attacks.</p></td>
            </tr>
            <TR vAlign="top">
                <TD colspan="2"></TD>
            </TR>
              
  
  
            <tr bgcolor="#e8e8e8">
                <td width="20%" class="indent1">URL</td><td width="80%">https://analytic.rollout.io/impression/5d5a503b2385ac15e39b6051</td>
            </tr>
              
            <tr bgcolor="#e8e8e8">
                <td width="20%" class="indent2">Method</td><td width="80%">OPTIONS</td>
            </tr>
              
            <tr bgcolor="#e8e8e8">
                <td width="20%" class="indent2">Parameter</td><td width="80%">X-Frame-Options</td>
            </tr>
              
  
  
            <tr bgcolor="#e8e8e8">
                <td width="20%">Instances</td><td width="80%">1</td>
            </tr>
              
            <tr bgcolor="#e8e8e8">
                <td width="20%">Solution</td><td width="80%"><p>Most modern Web browsers support the X-Frame-Options HTTP header. Ensure it's set on all web pages returned by your site (if you expect the page to be framed only by pages on your server (e.g. it's part of a FRAMESET) then you'll want to use SAMEORIGIN, otherwise if you never expect the page to be framed, you should use DENY. Alternatively consider implementing Content Security Policy's "frame-ancestors" directive. </p></td>
            </tr>
              
            <tr bgcolor="#e8e8e8">
                <td width="20%">Reference</td><td width="80%"><p>https://developer.mozilla.org/en-US/docs/Web/HTTP/Headers/X-Frame-Options</p></td>
            </tr>
              
            <tr bgcolor="#e8e8e8">
                <td width="20%">CWE Id</td><td width="80%">1021</td>
            </tr>
              
            <tr bgcolor="#e8e8e8">
                <td width="20%">WASC Id</td><td width="80%">15</td>
            </tr>
              
            <tr bgcolor="#e8e8e8">
                <td width="20%">Source ID</td><td width="80%">3</td>
            </tr>
            
        </table>
        <div class="spacer"></div>
        <table width="100%" class="results">
              
  
  
  
            <tr height="24" class="risk-medium">
                <th width="20%"><a name="medium"></a>Medium (Medium)</th><th width="80%">X-Frame-Options Header Not Set</th>
            </tr>
              
  
  
  
            <tr bgcolor="#e8e8e8">
                <td width="20%">Description</td><td width="80%"><p>X-Frame-Options header is not included in the HTTP response to protect against 'ClickJacking' attacks.</p></td>
            </tr>
            <TR vAlign="top">
                <TD colspan="2"></TD>
            </TR>
              
  
  
            <tr bgcolor="#e8e8e8">
                <td width="20%" class="indent1">URL</td><td width="80%">https://todoist.com/users/showlogin</td>
            </tr>
              
            <tr bgcolor="#e8e8e8">
                <td width="20%" class="indent2">Method</td><td width="80%">GET</td>
            </tr>
              
            <tr bgcolor="#e8e8e8">
                <td width="20%" class="indent2">Parameter</td><td width="80%">X-Frame-Options</td>
            </tr>
              
  
  
            <tr bgcolor="#e8e8e8">
                <td width="20%" class="indent1">URL</td><td width="80%">https://todoist.com/Users/login</td>
            </tr>
              
            <tr bgcolor="#e8e8e8">
                <td width="20%" class="indent2">Method</td><td width="80%">POST</td>
            </tr>
              
            <tr bgcolor="#e8e8e8">
                <td width="20%" class="indent2">Parameter</td><td width="80%">X-Frame-Options</td>
            </tr>
              
  
  
            <tr bgcolor="#e8e8e8">
                <td width="20%" class="indent1">URL</td><td width="80%">https://todoist.com/app/</td>
            </tr>
              
            <tr bgcolor="#e8e8e8">
                <td width="20%" class="indent2">Method</td><td width="80%">GET</td>
            </tr>
              
            <tr bgcolor="#e8e8e8">
                <td width="20%" class="indent2">Parameter</td><td width="80%">X-Frame-Options</td>
            </tr>
              
  
  
            <tr bgcolor="#e8e8e8">
                <td width="20%">Instances</td><td width="80%">3</td>
            </tr>
              
            <tr bgcolor="#e8e8e8">
                <td width="20%">Solution</td><td width="80%"><p>Most modern Web browsers support the X-Frame-Options HTTP header. Ensure it's set on all web pages returned by your site (if you expect the page to be framed only by pages on your server (e.g. it's part of a FRAMESET) then you'll want to use SAMEORIGIN, otherwise if you never expect the page to be framed, you should use DENY. Alternatively consider implementing Content Security Policy's "frame-ancestors" directive. </p></td>
            </tr>
              
            <tr bgcolor="#e8e8e8">
                <td width="20%">Reference</td><td width="80%"><p>https://developer.mozilla.org/en-US/docs/Web/HTTP/Headers/X-Frame-Options</p></td>
            </tr>
              
            <tr bgcolor="#e8e8e8">
                <td width="20%">CWE Id</td><td width="80%">1021</td>
            </tr>
              
            <tr bgcolor="#e8e8e8">
                <td width="20%">WASC Id</td><td width="80%">15</td>
            </tr>
              
            <tr bgcolor="#e8e8e8">
                <td width="20%">Source ID</td><td width="80%">3</td>
            </tr>
            
        </table>
        <div class="spacer"></div>
        <table width="100%" class="results">
              
  
  
  
            <tr height="24" class="risk-low">
                <a name="low"></a><th width="20%">Low (Medium)</th><th width="80%">Cookie No HttpOnly Flag</th>
            </tr>
              
  
  
  
            <tr bgcolor="#e8e8e8">
                <td width="20%">Description</td><td width="80%"><p>A cookie has been set without the HttpOnly flag, which means that the cookie can be accessed by JavaScript. If a malicious script can be run on this page then the cookie will be accessible and can be transmitted to another site. If this is a session cookie then session hijacking may be possible.</p></td>
            </tr>
            <TR vAlign="top">
                <TD colspan="2"></TD>
            </TR>
              
  
  
            <tr bgcolor="#e8e8e8">
                <td width="20%" class="indent1">URL</td><td width="80%">https://todoist.com/_next/static/chunks/pages/_app-87ecfa05d1f9483d94ca.js</td>
            </tr>
              
            <tr bgcolor="#e8e8e8">
                <td width="20%" class="indent2">Method</td><td width="80%">GET</td>
            </tr>
              
            <tr bgcolor="#e8e8e8">
                <td width="20%" class="indent2">Parameter</td><td width="80%">AWSALBCORS</td>
            </tr>
              
            <tr bgcolor="#e8e8e8">
                <td width="20%" class="indent2">Evidence</td><td width="80%">Set-Cookie: AWSALBCORS</td>
            </tr>
              
  
  
            <tr bgcolor="#e8e8e8">
                <td width="20%" class="indent1">URL</td><td width="80%">https://todoist.com/_next/static/ie6hUP0chTXNaiNXXPooB/_ssgManifest.js</td>
            </tr>
              
            <tr bgcolor="#e8e8e8">
                <td width="20%" class="indent2">Method</td><td width="80%">GET</td>
            </tr>
              
            <tr bgcolor="#e8e8e8">
                <td width="20%" class="indent2">Parameter</td><td width="80%">AWSALB</td>
            </tr>
              
            <tr bgcolor="#e8e8e8">
                <td width="20%" class="indent2">Evidence</td><td width="80%">Set-Cookie: AWSALB</td>
            </tr>
              
  
  
            <tr bgcolor="#e8e8e8">
                <td width="20%" class="indent1">URL</td><td width="80%">https://todoist.com/_next/static/chunks/ec39cfc4811edb60b21d247b521a20cac18b8703.50bdbf9881f6c85b5c1a.js</td>
            </tr>
              
            <tr bgcolor="#e8e8e8">
                <td width="20%" class="indent2">Method</td><td width="80%">GET</td>
            </tr>
              
            <tr bgcolor="#e8e8e8">
                <td width="20%" class="indent2">Parameter</td><td width="80%">AWSALB</td>
            </tr>
              
            <tr bgcolor="#e8e8e8">
                <td width="20%" class="indent2">Evidence</td><td width="80%">Set-Cookie: AWSALB</td>
            </tr>
              
  
  
            <tr bgcolor="#e8e8e8">
                <td width="20%" class="indent1">URL</td><td width="80%">https://todoist.com/_next/static/css/ec39cfc4811edb60b21d247b521a20cac18b8703_CSS.e1009e24.chunk.css</td>
            </tr>
              
            <tr bgcolor="#e8e8e8">
                <td width="20%" class="indent2">Method</td><td width="80%">GET</td>
            </tr>
              
            <tr bgcolor="#e8e8e8">
                <td width="20%" class="indent2">Parameter</td><td width="80%">next-i18next</td>
            </tr>
              
            <tr bgcolor="#e8e8e8">
                <td width="20%" class="indent2">Evidence</td><td width="80%">Set-Cookie: next-i18next</td>
            </tr>
              
  
  
            <tr bgcolor="#e8e8e8">
                <td width="20%" class="indent1">URL</td><td width="80%">https://todoist.com/_next/static/chunks/main-053c43a0d73c3a67a374.js</td>
            </tr>
              
            <tr bgcolor="#e8e8e8">
                <td width="20%" class="indent2">Method</td><td width="80%">GET</td>
            </tr>
              
            <tr bgcolor="#e8e8e8">
                <td width="20%" class="indent2">Parameter</td><td width="80%">AWSALBCORS</td>
            </tr>
              
            <tr bgcolor="#e8e8e8">
                <td width="20%" class="indent2">Evidence</td><td width="80%">Set-Cookie: AWSALBCORS</td>
            </tr>
              
  
  
            <tr bgcolor="#e8e8e8">
                <td width="20%" class="indent1">URL</td><td width="80%">https://todoist.com/_next/static/chunks/ec39cfc4811edb60b21d247b521a20cac18b8703.50bdbf9881f6c85b5c1a.js</td>
            </tr>
              
            <tr bgcolor="#e8e8e8">
                <td width="20%" class="indent2">Method</td><td width="80%">GET</td>
            </tr>
              
            <tr bgcolor="#e8e8e8">
                <td width="20%" class="indent2">Parameter</td><td width="80%">next-i18next</td>
            </tr>
              
            <tr bgcolor="#e8e8e8">
                <td width="20%" class="indent2">Evidence</td><td width="80%">Set-Cookie: next-i18next</td>
            </tr>
              
  
  
            <tr bgcolor="#e8e8e8">
                <td width="20%" class="indent1">URL</td><td width="80%">https://todoist.com/_next/static/chunks/599a3c3ab2eff4db4f4c33c8ff174793a675b4e1.82b4cfb3e56a8eee03c1.js</td>
            </tr>
              
            <tr bgcolor="#e8e8e8">
                <td width="20%" class="indent2">Method</td><td width="80%">GET</td>
            </tr>
              
            <tr bgcolor="#e8e8e8">
                <td width="20%" class="indent2">Parameter</td><td width="80%">next-i18next</td>
            </tr>
              
            <tr bgcolor="#e8e8e8">
                <td width="20%" class="indent2">Evidence</td><td width="80%">Set-Cookie: next-i18next</td>
            </tr>
              
  
  
            <tr bgcolor="#e8e8e8">
                <td width="20%" class="indent1">URL</td><td width="80%">https://todoist.com/_next/static/css/ec39cfc4811edb60b21d247b521a20cac18b8703_CSS.e1009e24.chunk.css</td>
            </tr>
              
            <tr bgcolor="#e8e8e8">
                <td width="20%" class="indent2">Method</td><td width="80%">GET</td>
            </tr>
              
            <tr bgcolor="#e8e8e8">
                <td width="20%" class="indent2">Parameter</td><td width="80%">AWSALB</td>
            </tr>
              
            <tr bgcolor="#e8e8e8">
                <td width="20%" class="indent2">Evidence</td><td width="80%">Set-Cookie: AWSALB</td>
            </tr>
              
  
  
            <tr bgcolor="#e8e8e8">
                <td width="20%" class="indent1">URL</td><td width="80%">https://todoist.com/_next/static/ie6hUP0chTXNaiNXXPooB/_buildManifest.js</td>
            </tr>
              
            <tr bgcolor="#e8e8e8">
                <td width="20%" class="indent2">Method</td><td width="80%">GET</td>
            </tr>
              
            <tr bgcolor="#e8e8e8">
                <td width="20%" class="indent2">Parameter</td><td width="80%">AWSALBCORS</td>
            </tr>
              
            <tr bgcolor="#e8e8e8">
                <td width="20%" class="indent2">Evidence</td><td width="80%">Set-Cookie: AWSALBCORS</td>
            </tr>
              
  
  
            <tr bgcolor="#e8e8e8">
                <td width="20%" class="indent1">URL</td><td width="80%">https://todoist.com/</td>
            </tr>
              
            <tr bgcolor="#e8e8e8">
                <td width="20%" class="indent2">Method</td><td width="80%">GET</td>
            </tr>
              
            <tr bgcolor="#e8e8e8">
                <td width="20%" class="indent2">Parameter</td><td width="80%">AWSALBCORS</td>
            </tr>
              
            <tr bgcolor="#e8e8e8">
                <td width="20%" class="indent2">Evidence</td><td width="80%">Set-Cookie: AWSALBCORS</td>
            </tr>
              
  
  
            <tr bgcolor="#e8e8e8">
                <td width="20%" class="indent1">URL</td><td width="80%">https://todoist.com/_next/static/css/styles.c8bb21f0.chunk.css</td>
            </tr>
              
            <tr bgcolor="#e8e8e8">
                <td width="20%" class="indent2">Method</td><td width="80%">GET</td>
            </tr>
              
            <tr bgcolor="#e8e8e8">
                <td width="20%" class="indent2">Parameter</td><td width="80%">next-i18next</td>
            </tr>
              
            <tr bgcolor="#e8e8e8">
                <td width="20%" class="indent2">Evidence</td><td width="80%">Set-Cookie: next-i18next</td>
            </tr>
              
  
  
            <tr bgcolor="#e8e8e8">
                <td width="20%" class="indent1">URL</td><td width="80%">https://todoist.com/csp_report</td>
            </tr>
              
            <tr bgcolor="#e8e8e8">
                <td width="20%" class="indent2">Method</td><td width="80%">POST</td>
            </tr>
              
            <tr bgcolor="#e8e8e8">
                <td width="20%" class="indent2">Parameter</td><td width="80%">AWSALB</td>
            </tr>
              
            <tr bgcolor="#e8e8e8">
                <td width="20%" class="indent2">Evidence</td><td width="80%">Set-Cookie: AWSALB</td>
            </tr>
              
  
  
            <tr bgcolor="#e8e8e8">
                <td width="20%" class="indent1">URL</td><td width="80%">https://todoist.com/es</td>
            </tr>
              
            <tr bgcolor="#e8e8e8">
                <td width="20%" class="indent2">Method</td><td width="80%">GET</td>
            </tr>
              
            <tr bgcolor="#e8e8e8">
                <td width="20%" class="indent2">Parameter</td><td width="80%">AWSALBCORS</td>
            </tr>
              
            <tr bgcolor="#e8e8e8">
                <td width="20%" class="indent2">Evidence</td><td width="80%">Set-Cookie: AWSALBCORS</td>
            </tr>
              
  
  
            <tr bgcolor="#e8e8e8">
                <td width="20%" class="indent1">URL</td><td width="80%">https://todoist.com/_next/static/chunks/framework.3105c3e333ee10fd9558.js</td>
            </tr>
              
            <tr bgcolor="#e8e8e8">
                <td width="20%" class="indent2">Method</td><td width="80%">GET</td>
            </tr>
              
            <tr bgcolor="#e8e8e8">
                <td width="20%" class="indent2">Parameter</td><td width="80%">AWSALB</td>
            </tr>
              
            <tr bgcolor="#e8e8e8">
                <td width="20%" class="indent2">Evidence</td><td width="80%">Set-Cookie: AWSALB</td>
            </tr>
              
  
  
            <tr bgcolor="#e8e8e8">
                <td width="20%" class="indent1">URL</td><td width="80%">https://todoist.com/_next/static/chunks/ec39cfc4811edb60b21d247b521a20cac18b8703_CSS.ddce25b62cf34b951439.js</td>
            </tr>
              
            <tr bgcolor="#e8e8e8">
                <td width="20%" class="indent2">Method</td><td width="80%">GET</td>
            </tr>
              
            <tr bgcolor="#e8e8e8">
                <td width="20%" class="indent2">Parameter</td><td width="80%">next-i18next</td>
            </tr>
              
            <tr bgcolor="#e8e8e8">
                <td width="20%" class="indent2">Evidence</td><td width="80%">Set-Cookie: next-i18next</td>
            </tr>
              
  
  
            <tr bgcolor="#e8e8e8">
                <td width="20%" class="indent1">URL</td><td width="80%">https://todoist.com/_next/static/chunks/webpack-58d5fd13edd13ddbddb0.js</td>
            </tr>
              
            <tr bgcolor="#e8e8e8">
                <td width="20%" class="indent2">Method</td><td width="80%">GET</td>
            </tr>
              
            <tr bgcolor="#e8e8e8">
                <td width="20%" class="indent2">Parameter</td><td width="80%">next-i18next</td>
            </tr>
              
            <tr bgcolor="#e8e8e8">
                <td width="20%" class="indent2">Evidence</td><td width="80%">Set-Cookie: next-i18next</td>
            </tr>
              
  
  
            <tr bgcolor="#e8e8e8">
                <td width="20%" class="indent1">URL</td><td width="80%">https://todoist.com/_next/static/css/styles.c8bb21f0.chunk.css</td>
            </tr>
              
            <tr bgcolor="#e8e8e8">
                <td width="20%" class="indent2">Method</td><td width="80%">GET</td>
            </tr>
              
            <tr bgcolor="#e8e8e8">
                <td width="20%" class="indent2">Parameter</td><td width="80%">AWSALB</td>
            </tr>
              
            <tr bgcolor="#e8e8e8">
                <td width="20%" class="indent2">Evidence</td><td width="80%">Set-Cookie: AWSALB</td>
            </tr>
              
  
  
            <tr bgcolor="#e8e8e8">
                <td width="20%" class="indent1">URL</td><td width="80%">https://todoist.com/csp_report</td>
            </tr>
              
            <tr bgcolor="#e8e8e8">
                <td width="20%" class="indent2">Method</td><td width="80%">POST</td>
            </tr>
              
            <tr bgcolor="#e8e8e8">
                <td width="20%" class="indent2">Parameter</td><td width="80%">_csrf</td>
            </tr>
              
            <tr bgcolor="#e8e8e8">
                <td width="20%" class="indent2">Evidence</td><td width="80%">set-cookie: _csrf</td>
            </tr>
              
  
  
            <tr bgcolor="#e8e8e8">
                <td width="20%" class="indent1">URL</td><td width="80%">https://todoist.com/_next/static/chunks/a52680fc7b32262e6da88792d4c55199e7c7070b.ef1131dd945b73b40945.js</td>
            </tr>
              
            <tr bgcolor="#e8e8e8">
                <td width="20%" class="indent2">Method</td><td width="80%">GET</td>
            </tr>
              
            <tr bgcolor="#e8e8e8">
                <td width="20%" class="indent2">Parameter</td><td width="80%">AWSALBCORS</td>
            </tr>
              
            <tr bgcolor="#e8e8e8">
                <td width="20%" class="indent2">Evidence</td><td width="80%">Set-Cookie: AWSALBCORS</td>
            </tr>
              
  
  
            <tr bgcolor="#e8e8e8">
                <td width="20%" class="indent1">URL</td><td width="80%">https://todoist.com/_next/static/chunks/pages/index-48679ec33cb80820c987.js</td>
            </tr>
              
            <tr bgcolor="#e8e8e8">
                <td width="20%" class="indent2">Method</td><td width="80%">GET</td>
            </tr>
              
            <tr bgcolor="#e8e8e8">
                <td width="20%" class="indent2">Parameter</td><td width="80%">AWSALBCORS</td>
            </tr>
              
            <tr bgcolor="#e8e8e8">
                <td width="20%" class="indent2">Evidence</td><td width="80%">Set-Cookie: AWSALBCORS</td>
            </tr>
              
  
  
            <tr bgcolor="#e8e8e8">
                <td width="20%">Instances</td><td width="80%">62</td>
            </tr>
              
            <tr bgcolor="#e8e8e8">
                <td width="20%">Solution</td><td width="80%"><p>Ensure that the HttpOnly flag is set for all cookies.</p></td>
            </tr>
              
            <tr bgcolor="#e8e8e8">
                <td width="20%">Reference</td><td width="80%"><p>https://owasp.org/www-community/HttpOnly</p></td>
            </tr>
              
            <tr bgcolor="#e8e8e8">
                <td width="20%">CWE Id</td><td width="80%">1004</td>
            </tr>
              
            <tr bgcolor="#e8e8e8">
                <td width="20%">WASC Id</td><td width="80%">13</td>
            </tr>
              
            <tr bgcolor="#e8e8e8">
                <td width="20%">Source ID</td><td width="80%">3</td>
            </tr>
            
        </table>
        <div class="spacer"></div>
        <table width="100%" class="results">
              
  
  
  
            <tr height="24" class="risk-low">
                <a name="low"></a><th width="20%">Low (Medium)</th><th width="80%">Cookie without SameSite Attribute</th>
            </tr>
              
  
  
  
            <tr bgcolor="#e8e8e8">
                <td width="20%">Description</td><td width="80%"><p>A cookie has been set without the SameSite attribute, which means that the cookie can be sent as a result of a 'cross-site' request. The SameSite attribute is an effective counter measure to cross-site request forgery, cross-site script inclusion, and timing attacks.</p></td>
            </tr>
            <TR vAlign="top">
                <TD colspan="2"></TD>
            </TR>
              
  
  
            <tr bgcolor="#e8e8e8">
                <td width="20%" class="indent1">URL</td><td width="80%">https://todoist.com/_next/static/css/pages/index.e740e94c.chunk.css</td>
            </tr>
              
            <tr bgcolor="#e8e8e8">
                <td width="20%" class="indent2">Method</td><td width="80%">GET</td>
            </tr>
              
            <tr bgcolor="#e8e8e8">
                <td width="20%" class="indent2">Parameter</td><td width="80%">AWSALB</td>
            </tr>
              
            <tr bgcolor="#e8e8e8">
                <td width="20%" class="indent2">Evidence</td><td width="80%">Set-Cookie: AWSALB</td>
            </tr>
              
  
  
            <tr bgcolor="#e8e8e8">
                <td width="20%" class="indent1">URL</td><td width="80%">https://todoist.com/_next/static/chunks/pages/index-48679ec33cb80820c987.js</td>
            </tr>
              
            <tr bgcolor="#e8e8e8">
                <td width="20%" class="indent2">Method</td><td width="80%">GET</td>
            </tr>
              
            <tr bgcolor="#e8e8e8">
                <td width="20%" class="indent2">Parameter</td><td width="80%">AWSALB</td>
            </tr>
              
            <tr bgcolor="#e8e8e8">
                <td width="20%" class="indent2">Evidence</td><td width="80%">Set-Cookie: AWSALB</td>
            </tr>
              
  
  
            <tr bgcolor="#e8e8e8">
                <td width="20%" class="indent1">URL</td><td width="80%">https://todoist.com/_next/static/chunks/a52680fc7b32262e6da88792d4c55199e7c7070b.ef1131dd945b73b40945.js</td>
            </tr>
              
            <tr bgcolor="#e8e8e8">
                <td width="20%" class="indent2">Method</td><td width="80%">GET</td>
            </tr>
              
            <tr bgcolor="#e8e8e8">
                <td width="20%" class="indent2">Parameter</td><td width="80%">AWSALB</td>
            </tr>
              
            <tr bgcolor="#e8e8e8">
                <td width="20%" class="indent2">Evidence</td><td width="80%">Set-Cookie: AWSALB</td>
            </tr>
              
  
  
            <tr bgcolor="#e8e8e8">
                <td width="20%" class="indent1">URL</td><td width="80%">https://todoist.com/_next/static/chunks/4af5f773.cbea4d2bb3592e8bed23.js</td>
            </tr>
              
            <tr bgcolor="#e8e8e8">
                <td width="20%" class="indent2">Method</td><td width="80%">GET</td>
            </tr>
              
            <tr bgcolor="#e8e8e8">
                <td width="20%" class="indent2">Parameter</td><td width="80%">AWSALB</td>
            </tr>
              
            <tr bgcolor="#e8e8e8">
                <td width="20%" class="indent2">Evidence</td><td width="80%">Set-Cookie: AWSALB</td>
            </tr>
              
  
  
            <tr bgcolor="#e8e8e8">
                <td width="20%" class="indent1">URL</td><td width="80%">https://todoist.com/</td>
            </tr>
              
            <tr bgcolor="#e8e8e8">
                <td width="20%" class="indent2">Method</td><td width="80%">GET</td>
            </tr>
              
            <tr bgcolor="#e8e8e8">
                <td width="20%" class="indent2">Parameter</td><td width="80%">_csrf</td>
            </tr>
              
            <tr bgcolor="#e8e8e8">
                <td width="20%" class="indent2">Evidence</td><td width="80%">Set-Cookie: _csrf</td>
            </tr>
              
  
  
            <tr bgcolor="#e8e8e8">
                <td width="20%" class="indent1">URL</td><td width="80%">https://todoist.com/es</td>
            </tr>
              
            <tr bgcolor="#e8e8e8">
                <td width="20%" class="indent2">Method</td><td width="80%">GET</td>
            </tr>
              
            <tr bgcolor="#e8e8e8">
                <td width="20%" class="indent2">Parameter</td><td width="80%">AWSALB</td>
            </tr>
              
            <tr bgcolor="#e8e8e8">
                <td width="20%" class="indent2">Evidence</td><td width="80%">Set-Cookie: AWSALB</td>
            </tr>
              
  
  
            <tr bgcolor="#e8e8e8">
                <td width="20%" class="indent1">URL</td><td width="80%">https://todoist.com/csp_report</td>
            </tr>
              
            <tr bgcolor="#e8e8e8">
                <td width="20%" class="indent2">Method</td><td width="80%">POST</td>
            </tr>
              
            <tr bgcolor="#e8e8e8">
                <td width="20%" class="indent2">Parameter</td><td width="80%">AWSALB</td>
            </tr>
              
            <tr bgcolor="#e8e8e8">
                <td width="20%" class="indent2">Evidence</td><td width="80%">Set-Cookie: AWSALB</td>
            </tr>
              
  
  
            <tr bgcolor="#e8e8e8">
                <td width="20%" class="indent1">URL</td><td width="80%">https://todoist.com/_next/static/chunks/pages/_app-87ecfa05d1f9483d94ca.js</td>
            </tr>
              
            <tr bgcolor="#e8e8e8">
                <td width="20%" class="indent2">Method</td><td width="80%">GET</td>
            </tr>
              
            <tr bgcolor="#e8e8e8">
                <td width="20%" class="indent2">Parameter</td><td width="80%">AWSALB</td>
            </tr>
              
            <tr bgcolor="#e8e8e8">
                <td width="20%" class="indent2">Evidence</td><td width="80%">Set-Cookie: AWSALB</td>
            </tr>
              
  
  
            <tr bgcolor="#e8e8e8">
                <td width="20%" class="indent1">URL</td><td width="80%">https://todoist.com/_next/static/css/ec39cfc4811edb60b21d247b521a20cac18b8703_CSS.e1009e24.chunk.css</td>
            </tr>
              
            <tr bgcolor="#e8e8e8">
                <td width="20%" class="indent2">Method</td><td width="80%">GET</td>
            </tr>
              
            <tr bgcolor="#e8e8e8">
                <td width="20%" class="indent2">Parameter</td><td width="80%">AWSALB</td>
            </tr>
              
            <tr bgcolor="#e8e8e8">
                <td width="20%" class="indent2">Evidence</td><td width="80%">Set-Cookie: AWSALB</td>
            </tr>
              
  
  
            <tr bgcolor="#e8e8e8">
                <td width="20%" class="indent1">URL</td><td width="80%">https://todoist.com/_next/static/chunks/commons.b18f7b8b8fe9524cd840.js</td>
            </tr>
              
            <tr bgcolor="#e8e8e8">
                <td width="20%" class="indent2">Method</td><td width="80%">GET</td>
            </tr>
              
            <tr bgcolor="#e8e8e8">
                <td width="20%" class="indent2">Parameter</td><td width="80%">AWSALB</td>
            </tr>
              
            <tr bgcolor="#e8e8e8">
                <td width="20%" class="indent2">Evidence</td><td width="80%">Set-Cookie: AWSALB</td>
            </tr>
              
  
  
            <tr bgcolor="#e8e8e8">
                <td width="20%" class="indent1">URL</td><td width="80%">https://todoist.com/_next/static/chunks/main-053c43a0d73c3a67a374.js</td>
            </tr>
              
            <tr bgcolor="#e8e8e8">
                <td width="20%" class="indent2">Method</td><td width="80%">GET</td>
            </tr>
              
            <tr bgcolor="#e8e8e8">
                <td width="20%" class="indent2">Parameter</td><td width="80%">AWSALB</td>
            </tr>
              
            <tr bgcolor="#e8e8e8">
                <td width="20%" class="indent2">Evidence</td><td width="80%">Set-Cookie: AWSALB</td>
            </tr>
              
  
  
            <tr bgcolor="#e8e8e8">
                <td width="20%" class="indent1">URL</td><td width="80%">https://todoist.com/_next/static/css/styles.c8bb21f0.chunk.css</td>
            </tr>
              
            <tr bgcolor="#e8e8e8">
                <td width="20%" class="indent2">Method</td><td width="80%">GET</td>
            </tr>
              
            <tr bgcolor="#e8e8e8">
                <td width="20%" class="indent2">Parameter</td><td width="80%">AWSALB</td>
            </tr>
              
            <tr bgcolor="#e8e8e8">
                <td width="20%" class="indent2">Evidence</td><td width="80%">Set-Cookie: AWSALB</td>
            </tr>
              
  
  
            <tr bgcolor="#e8e8e8">
                <td width="20%" class="indent1">URL</td><td width="80%">https://todoist.com/_next/static/chunks/599a3c3ab2eff4db4f4c33c8ff174793a675b4e1.82b4cfb3e56a8eee03c1.js</td>
            </tr>
              
            <tr bgcolor="#e8e8e8">
                <td width="20%" class="indent2">Method</td><td width="80%">GET</td>
            </tr>
              
            <tr bgcolor="#e8e8e8">
                <td width="20%" class="indent2">Parameter</td><td width="80%">AWSALB</td>
            </tr>
              
            <tr bgcolor="#e8e8e8">
                <td width="20%" class="indent2">Evidence</td><td width="80%">Set-Cookie: AWSALB</td>
            </tr>
              
  
  
            <tr bgcolor="#e8e8e8">
                <td width="20%" class="indent1">URL</td><td width="80%">https://todoist.com/_next/static/chunks/webpack-58d5fd13edd13ddbddb0.js</td>
            </tr>
              
            <tr bgcolor="#e8e8e8">
                <td width="20%" class="indent2">Method</td><td width="80%">GET</td>
            </tr>
              
            <tr bgcolor="#e8e8e8">
                <td width="20%" class="indent2">Parameter</td><td width="80%">AWSALB</td>
            </tr>
              
            <tr bgcolor="#e8e8e8">
                <td width="20%" class="indent2">Evidence</td><td width="80%">Set-Cookie: AWSALB</td>
            </tr>
              
  
  
            <tr bgcolor="#e8e8e8">
                <td width="20%" class="indent1">URL</td><td width="80%">https://todoist.com/csp_report</td>
            </tr>
              
            <tr bgcolor="#e8e8e8">
                <td width="20%" class="indent2">Method</td><td width="80%">POST</td>
            </tr>
              
            <tr bgcolor="#e8e8e8">
                <td width="20%" class="indent2">Parameter</td><td width="80%">_csrf</td>
            </tr>
              
            <tr bgcolor="#e8e8e8">
                <td width="20%" class="indent2">Evidence</td><td width="80%">set-cookie: _csrf</td>
            </tr>
              
  
  
            <tr bgcolor="#e8e8e8">
                <td width="20%" class="indent1">URL</td><td width="80%">https://todoist.com/_next/static/ie6hUP0chTXNaiNXXPooB/_ssgManifest.js</td>
            </tr>
              
            <tr bgcolor="#e8e8e8">
                <td width="20%" class="indent2">Method</td><td width="80%">GET</td>
            </tr>
              
            <tr bgcolor="#e8e8e8">
                <td width="20%" class="indent2">Parameter</td><td width="80%">AWSALB</td>
            </tr>
              
            <tr bgcolor="#e8e8e8">
                <td width="20%" class="indent2">Evidence</td><td width="80%">Set-Cookie: AWSALB</td>
            </tr>
              
  
  
            <tr bgcolor="#e8e8e8">
                <td width="20%" class="indent1">URL</td><td width="80%">https://todoist.com/</td>
            </tr>
              
            <tr bgcolor="#e8e8e8">
                <td width="20%" class="indent2">Method</td><td width="80%">GET</td>
            </tr>
              
            <tr bgcolor="#e8e8e8">
                <td width="20%" class="indent2">Parameter</td><td width="80%">AWSALB</td>
            </tr>
              
            <tr bgcolor="#e8e8e8">
                <td width="20%" class="indent2">Evidence</td><td width="80%">Set-Cookie: AWSALB</td>
            </tr>
              
  
  
            <tr bgcolor="#e8e8e8">
                <td width="20%" class="indent1">URL</td><td width="80%">https://todoist.com/_next/static/chunks/styles.5dc2a400000a299d8863.js</td>
            </tr>
              
            <tr bgcolor="#e8e8e8">
                <td width="20%" class="indent2">Method</td><td width="80%">GET</td>
            </tr>
              
            <tr bgcolor="#e8e8e8">
                <td width="20%" class="indent2">Parameter</td><td width="80%">AWSALB</td>
            </tr>
              
            <tr bgcolor="#e8e8e8">
                <td width="20%" class="indent2">Evidence</td><td width="80%">Set-Cookie: AWSALB</td>
            </tr>
              
  
  
            <tr bgcolor="#e8e8e8">
                <td width="20%" class="indent1">URL</td><td width="80%">https://todoist.com/_next/static/chunks/ec39cfc4811edb60b21d247b521a20cac18b8703.50bdbf9881f6c85b5c1a.js</td>
            </tr>
              
            <tr bgcolor="#e8e8e8">
                <td width="20%" class="indent2">Method</td><td width="80%">GET</td>
            </tr>
              
            <tr bgcolor="#e8e8e8">
                <td width="20%" class="indent2">Parameter</td><td width="80%">AWSALB</td>
            </tr>
              
            <tr bgcolor="#e8e8e8">
                <td width="20%" class="indent2">Evidence</td><td width="80%">Set-Cookie: AWSALB</td>
            </tr>
              
  
  
            <tr bgcolor="#e8e8e8">
                <td width="20%" class="indent1">URL</td><td width="80%">https://todoist.com/_next/static/chunks/framework.3105c3e333ee10fd9558.js</td>
            </tr>
              
            <tr bgcolor="#e8e8e8">
                <td width="20%" class="indent2">Method</td><td width="80%">GET</td>
            </tr>
              
            <tr bgcolor="#e8e8e8">
                <td width="20%" class="indent2">Parameter</td><td width="80%">AWSALB</td>
            </tr>
              
            <tr bgcolor="#e8e8e8">
                <td width="20%" class="indent2">Evidence</td><td width="80%">Set-Cookie: AWSALB</td>
            </tr>
              
  
  
            <tr bgcolor="#e8e8e8">
                <td width="20%">Instances</td><td width="80%">22</td>
            </tr>
              
            <tr bgcolor="#e8e8e8">
                <td width="20%">Solution</td><td width="80%"><p>Ensure that the SameSite attribute is set to either 'lax' or ideally 'strict' for all cookies.</p></td>
            </tr>
              
            <tr bgcolor="#e8e8e8">
                <td width="20%">Reference</td><td width="80%"><p>https://tools.ietf.org/html/draft-ietf-httpbis-cookie-same-site</p></td>
            </tr>
              
            <tr bgcolor="#e8e8e8">
                <td width="20%">CWE Id</td><td width="80%">1275</td>
            </tr>
              
            <tr bgcolor="#e8e8e8">
                <td width="20%">WASC Id</td><td width="80%">13</td>
            </tr>
              
            <tr bgcolor="#e8e8e8">
                <td width="20%">Source ID</td><td width="80%">3</td>
            </tr>
            
        </table>
        <div class="spacer"></div>
        <table width="100%" class="results">
              
  
  
  
            <tr height="24" class="risk-low">
                <a name="low"></a><th width="20%">Low (Medium)</th><th width="80%">Cookie Without Secure Flag</th>
            </tr>
              
  
  
  
            <tr bgcolor="#e8e8e8">
                <td width="20%">Description</td><td width="80%"><p>A cookie has been set without the secure flag, which means that the cookie can be accessed via unencrypted connections.</p></td>
            </tr>
            <TR vAlign="top">
                <TD colspan="2"></TD>
            </TR>
              
  
  
            <tr bgcolor="#e8e8e8">
                <td width="20%" class="indent1">URL</td><td width="80%">https://todoist.com/_next/static/css/ec39cfc4811edb60b21d247b521a20cac18b8703_CSS.e1009e24.chunk.css</td>
            </tr>
              
            <tr bgcolor="#e8e8e8">
                <td width="20%" class="indent2">Method</td><td width="80%">GET</td>
            </tr>
              
            <tr bgcolor="#e8e8e8">
                <td width="20%" class="indent2">Parameter</td><td width="80%">AWSALB</td>
            </tr>
              
            <tr bgcolor="#e8e8e8">
                <td width="20%" class="indent2">Evidence</td><td width="80%">Set-Cookie: AWSALB</td>
            </tr>
              
  
  
            <tr bgcolor="#e8e8e8">
                <td width="20%" class="indent1">URL</td><td width="80%">https://todoist.com/_next/static/chunks/ec39cfc4811edb60b21d247b521a20cac18b8703.50bdbf9881f6c85b5c1a.js</td>
            </tr>
              
            <tr bgcolor="#e8e8e8">
                <td width="20%" class="indent2">Method</td><td width="80%">GET</td>
            </tr>
              
            <tr bgcolor="#e8e8e8">
                <td width="20%" class="indent2">Parameter</td><td width="80%">AWSALB</td>
            </tr>
              
            <tr bgcolor="#e8e8e8">
                <td width="20%" class="indent2">Evidence</td><td width="80%">Set-Cookie: AWSALB</td>
            </tr>
              
  
  
            <tr bgcolor="#e8e8e8">
                <td width="20%" class="indent1">URL</td><td width="80%">https://todoist.com/_next/static/chunks/ec39cfc4811edb60b21d247b521a20cac18b8703_CSS.ddce25b62cf34b951439.js</td>
            </tr>
              
            <tr bgcolor="#e8e8e8">
                <td width="20%" class="indent2">Method</td><td width="80%">GET</td>
            </tr>
              
            <tr bgcolor="#e8e8e8">
                <td width="20%" class="indent2">Parameter</td><td width="80%">AWSALB</td>
            </tr>
              
            <tr bgcolor="#e8e8e8">
                <td width="20%" class="indent2">Evidence</td><td width="80%">Set-Cookie: AWSALB</td>
            </tr>
              
  
  
            <tr bgcolor="#e8e8e8">
                <td width="20%" class="indent1">URL</td><td width="80%">https://todoist.com/_next/static/chunks/webpack-58d5fd13edd13ddbddb0.js</td>
            </tr>
              
            <tr bgcolor="#e8e8e8">
                <td width="20%" class="indent2">Method</td><td width="80%">GET</td>
            </tr>
              
            <tr bgcolor="#e8e8e8">
                <td width="20%" class="indent2">Parameter</td><td width="80%">AWSALB</td>
            </tr>
              
            <tr bgcolor="#e8e8e8">
                <td width="20%" class="indent2">Evidence</td><td width="80%">Set-Cookie: AWSALB</td>
            </tr>
              
  
  
            <tr bgcolor="#e8e8e8">
                <td width="20%" class="indent1">URL</td><td width="80%">https://todoist.com/_next/static/chunks/599a3c3ab2eff4db4f4c33c8ff174793a675b4e1.82b4cfb3e56a8eee03c1.js</td>
            </tr>
              
            <tr bgcolor="#e8e8e8">
                <td width="20%" class="indent2">Method</td><td width="80%">GET</td>
            </tr>
              
            <tr bgcolor="#e8e8e8">
                <td width="20%" class="indent2">Parameter</td><td width="80%">next-i18next</td>
            </tr>
              
            <tr bgcolor="#e8e8e8">
                <td width="20%" class="indent2">Evidence</td><td width="80%">Set-Cookie: next-i18next</td>
            </tr>
              
  
  
            <tr bgcolor="#e8e8e8">
                <td width="20%" class="indent1">URL</td><td width="80%">https://todoist.com/_next/static/css/styles.c8bb21f0.chunk.css</td>
            </tr>
              
            <tr bgcolor="#e8e8e8">
                <td width="20%" class="indent2">Method</td><td width="80%">GET</td>
            </tr>
              
            <tr bgcolor="#e8e8e8">
                <td width="20%" class="indent2">Parameter</td><td width="80%">next-i18next</td>
            </tr>
              
            <tr bgcolor="#e8e8e8">
                <td width="20%" class="indent2">Evidence</td><td width="80%">Set-Cookie: next-i18next</td>
            </tr>
              
  
  
            <tr bgcolor="#e8e8e8">
                <td width="20%" class="indent1">URL</td><td width="80%">https://todoist.com/_next/static/chunks/main-053c43a0d73c3a67a374.js</td>
            </tr>
              
            <tr bgcolor="#e8e8e8">
                <td width="20%" class="indent2">Method</td><td width="80%">GET</td>
            </tr>
              
            <tr bgcolor="#e8e8e8">
                <td width="20%" class="indent2">Parameter</td><td width="80%">next-i18next</td>
            </tr>
              
            <tr bgcolor="#e8e8e8">
                <td width="20%" class="indent2">Evidence</td><td width="80%">Set-Cookie: next-i18next</td>
            </tr>
              
  
  
            <tr bgcolor="#e8e8e8">
                <td width="20%" class="indent1">URL</td><td width="80%">https://todoist.com/_next/static/chunks/styles.5dc2a400000a299d8863.js</td>
            </tr>
              
            <tr bgcolor="#e8e8e8">
                <td width="20%" class="indent2">Method</td><td width="80%">GET</td>
            </tr>
              
            <tr bgcolor="#e8e8e8">
                <td width="20%" class="indent2">Parameter</td><td width="80%">AWSALB</td>
            </tr>
              
            <tr bgcolor="#e8e8e8">
                <td width="20%" class="indent2">Evidence</td><td width="80%">Set-Cookie: AWSALB</td>
            </tr>
              
  
  
            <tr bgcolor="#e8e8e8">
                <td width="20%" class="indent1">URL</td><td width="80%">https://todoist.com/_next/static/css/ec39cfc4811edb60b21d247b521a20cac18b8703_CSS.e1009e24.chunk.css</td>
            </tr>
              
            <tr bgcolor="#e8e8e8">
                <td width="20%" class="indent2">Method</td><td width="80%">GET</td>
            </tr>
              
            <tr bgcolor="#e8e8e8">
                <td width="20%" class="indent2">Parameter</td><td width="80%">next-i18next</td>
            </tr>
              
            <tr bgcolor="#e8e8e8">
                <td width="20%" class="indent2">Evidence</td><td width="80%">Set-Cookie: next-i18next</td>
            </tr>
              
  
  
            <tr bgcolor="#e8e8e8">
                <td width="20%" class="indent1">URL</td><td width="80%">https://todoist.com/_next/static/ie6hUP0chTXNaiNXXPooB/_ssgManifest.js</td>
            </tr>
              
            <tr bgcolor="#e8e8e8">
                <td width="20%" class="indent2">Method</td><td width="80%">GET</td>
            </tr>
              
            <tr bgcolor="#e8e8e8">
                <td width="20%" class="indent2">Parameter</td><td width="80%">AWSALB</td>
            </tr>
              
            <tr bgcolor="#e8e8e8">
                <td width="20%" class="indent2">Evidence</td><td width="80%">Set-Cookie: AWSALB</td>
            </tr>
              
  
  
            <tr bgcolor="#e8e8e8">
                <td width="20%" class="indent1">URL</td><td width="80%">https://todoist.com/_next/static/chunks/pages/_app-87ecfa05d1f9483d94ca.js</td>
            </tr>
              
            <tr bgcolor="#e8e8e8">
                <td width="20%" class="indent2">Method</td><td width="80%">GET</td>
            </tr>
              
            <tr bgcolor="#e8e8e8">
                <td width="20%" class="indent2">Parameter</td><td width="80%">next-i18next</td>
            </tr>
              
            <tr bgcolor="#e8e8e8">
                <td width="20%" class="indent2">Evidence</td><td width="80%">Set-Cookie: next-i18next</td>
            </tr>
              
  
  
            <tr bgcolor="#e8e8e8">
                <td width="20%" class="indent1">URL</td><td width="80%">https://todoist.com/_next/static/ie6hUP0chTXNaiNXXPooB/_buildManifest.js</td>
            </tr>
              
            <tr bgcolor="#e8e8e8">
                <td width="20%" class="indent2">Method</td><td width="80%">GET</td>
            </tr>
              
            <tr bgcolor="#e8e8e8">
                <td width="20%" class="indent2">Parameter</td><td width="80%">next-i18next</td>
            </tr>
              
            <tr bgcolor="#e8e8e8">
                <td width="20%" class="indent2">Evidence</td><td width="80%">Set-Cookie: next-i18next</td>
            </tr>
              
  
  
            <tr bgcolor="#e8e8e8">
                <td width="20%" class="indent1">URL</td><td width="80%">https://todoist.com/_next/static/chunks/main-053c43a0d73c3a67a374.js</td>
            </tr>
              
            <tr bgcolor="#e8e8e8">
                <td width="20%" class="indent2">Method</td><td width="80%">GET</td>
            </tr>
              
            <tr bgcolor="#e8e8e8">
                <td width="20%" class="indent2">Parameter</td><td width="80%">AWSALB</td>
            </tr>
              
            <tr bgcolor="#e8e8e8">
                <td width="20%" class="indent2">Evidence</td><td width="80%">Set-Cookie: AWSALB</td>
            </tr>
              
  
  
            <tr bgcolor="#e8e8e8">
                <td width="20%" class="indent1">URL</td><td width="80%">https://todoist.com/_next/static/ie6hUP0chTXNaiNXXPooB/_ssgManifest.js</td>
            </tr>
              
            <tr bgcolor="#e8e8e8">
                <td width="20%" class="indent2">Method</td><td width="80%">GET</td>
            </tr>
              
            <tr bgcolor="#e8e8e8">
                <td width="20%" class="indent2">Parameter</td><td width="80%">next-i18next</td>
            </tr>
              
            <tr bgcolor="#e8e8e8">
                <td width="20%" class="indent2">Evidence</td><td width="80%">Set-Cookie: next-i18next</td>
            </tr>
              
  
  
            <tr bgcolor="#e8e8e8">
                <td width="20%" class="indent1">URL</td><td width="80%">https://todoist.com/</td>
            </tr>
              
            <tr bgcolor="#e8e8e8">
                <td width="20%" class="indent2">Method</td><td width="80%">GET</td>
            </tr>
              
            <tr bgcolor="#e8e8e8">
                <td width="20%" class="indent2">Parameter</td><td width="80%">next-i18next</td>
            </tr>
              
            <tr bgcolor="#e8e8e8">
                <td width="20%" class="indent2">Evidence</td><td width="80%">Set-Cookie: next-i18next</td>
            </tr>
              
  
  
            <tr bgcolor="#e8e8e8">
                <td width="20%" class="indent1">URL</td><td width="80%">https://todoist.com/csp_report</td>
            </tr>
              
            <tr bgcolor="#e8e8e8">
                <td width="20%" class="indent2">Method</td><td width="80%">POST</td>
            </tr>
              
            <tr bgcolor="#e8e8e8">
                <td width="20%" class="indent2">Parameter</td><td width="80%">AWSALB</td>
            </tr>
              
            <tr bgcolor="#e8e8e8">
                <td width="20%" class="indent2">Evidence</td><td width="80%">Set-Cookie: AWSALB</td>
            </tr>
              
  
  
            <tr bgcolor="#e8e8e8">
                <td width="20%" class="indent1">URL</td><td width="80%">https://todoist.com/_next/static/chunks/pages/_app-87ecfa05d1f9483d94ca.js</td>
            </tr>
              
            <tr bgcolor="#e8e8e8">
                <td width="20%" class="indent2">Method</td><td width="80%">GET</td>
            </tr>
              
            <tr bgcolor="#e8e8e8">
                <td width="20%" class="indent2">Parameter</td><td width="80%">AWSALB</td>
            </tr>
              
            <tr bgcolor="#e8e8e8">
                <td width="20%" class="indent2">Evidence</td><td width="80%">Set-Cookie: AWSALB</td>
            </tr>
              
  
  
            <tr bgcolor="#e8e8e8">
                <td width="20%" class="indent1">URL</td><td width="80%">https://todoist.com/_next/static/chunks/commons.b18f7b8b8fe9524cd840.js</td>
            </tr>
              
            <tr bgcolor="#e8e8e8">
                <td width="20%" class="indent2">Method</td><td width="80%">GET</td>
            </tr>
              
            <tr bgcolor="#e8e8e8">
                <td width="20%" class="indent2">Parameter</td><td width="80%">AWSALB</td>
            </tr>
              
            <tr bgcolor="#e8e8e8">
                <td width="20%" class="indent2">Evidence</td><td width="80%">Set-Cookie: AWSALB</td>
            </tr>
              
  
  
            <tr bgcolor="#e8e8e8">
                <td width="20%" class="indent1">URL</td><td width="80%">https://todoist.com/_next/static/chunks/4af5f773.cbea4d2bb3592e8bed23.js</td>
            </tr>
              
            <tr bgcolor="#e8e8e8">
                <td width="20%" class="indent2">Method</td><td width="80%">GET</td>
            </tr>
              
            <tr bgcolor="#e8e8e8">
                <td width="20%" class="indent2">Parameter</td><td width="80%">next-i18next</td>
            </tr>
              
            <tr bgcolor="#e8e8e8">
                <td width="20%" class="indent2">Evidence</td><td width="80%">Set-Cookie: next-i18next</td>
            </tr>
              
  
  
            <tr bgcolor="#e8e8e8">
                <td width="20%" class="indent1">URL</td><td width="80%">https://todoist.com/_next/static/css/pages/index.e740e94c.chunk.css</td>
            </tr>
              
            <tr bgcolor="#e8e8e8">
                <td width="20%" class="indent2">Method</td><td width="80%">GET</td>
            </tr>
              
            <tr bgcolor="#e8e8e8">
                <td width="20%" class="indent2">Parameter</td><td width="80%">next-i18next</td>
            </tr>
              
            <tr bgcolor="#e8e8e8">
                <td width="20%" class="indent2">Evidence</td><td width="80%">Set-Cookie: next-i18next</td>
            </tr>
              
  
  
            <tr bgcolor="#e8e8e8">
                <td width="20%">Instances</td><td width="80%">41</td>
            </tr>
              
            <tr bgcolor="#e8e8e8">
                <td width="20%">Solution</td><td width="80%"><p>Whenever a cookie contains sensitive information or is a session token, then it should always be passed using an encrypted channel. Ensure that the secure flag is set for cookies containing such sensitive information.</p></td>
            </tr>
              
            <tr bgcolor="#e8e8e8">
                <td width="20%">Reference</td><td width="80%"><p>https://owasp.org/www-project-web-security-testing-guide/v41/4-Web_Application_Security_Testing/06-Session_Management_Testing/02-Testing_for_Cookies_Attributes.html</p></td>
            </tr>
              
            <tr bgcolor="#e8e8e8">
                <td width="20%">CWE Id</td><td width="80%">614</td>
            </tr>
              
            <tr bgcolor="#e8e8e8">
                <td width="20%">WASC Id</td><td width="80%">13</td>
            </tr>
              
            <tr bgcolor="#e8e8e8">
                <td width="20%">Source ID</td><td width="80%">3</td>
            </tr>
            
        </table>
        <div class="spacer"></div>
        <table width="100%" class="results">
              
  
  
  
            <tr height="24" class="risk-low">
                <a name="low"></a><th width="20%">Low (Medium)</th><th width="80%">Cookie with SameSite Attribute None</th>
            </tr>
              
  
  
  
            <tr bgcolor="#e8e8e8">
                <td width="20%">Description</td><td width="80%"><p>A cookie has been set with its SameSite attribute set to "none", which means that the cookie can be sent as a result of a 'cross-site' request. The SameSite attribute is an effective counter measure to cross-site request forgery, cross-site script inclusion, and timing attacks.</p></td>
            </tr>
            <TR vAlign="top">
                <TD colspan="2"></TD>
            </TR>
              
  
  
            <tr bgcolor="#e8e8e8">
                <td width="20%" class="indent1">URL</td><td width="80%">https://todoist.com/_next/static/chunks/ec39cfc4811edb60b21d247b521a20cac18b8703.50bdbf9881f6c85b5c1a.js</td>
            </tr>
              
            <tr bgcolor="#e8e8e8">
                <td width="20%" class="indent2">Method</td><td width="80%">GET</td>
            </tr>
              
  
  
            <tr bgcolor="#e8e8e8">
                <td width="20%" class="indent1">URL</td><td width="80%">https://todoist.com/_next/static/ie6hUP0chTXNaiNXXPooB/_ssgManifest.js</td>
            </tr>
              
            <tr bgcolor="#e8e8e8">
                <td width="20%" class="indent2">Method</td><td width="80%">GET</td>
            </tr>
              
  
  
            <tr bgcolor="#e8e8e8">
                <td width="20%" class="indent1">URL</td><td width="80%">https://todoist.com/_next/static/css/ec39cfc4811edb60b21d247b521a20cac18b8703_CSS.e1009e24.chunk.css</td>
            </tr>
              
            <tr bgcolor="#e8e8e8">
                <td width="20%" class="indent2">Method</td><td width="80%">GET</td>
            </tr>
              
  
  
            <tr bgcolor="#e8e8e8">
                <td width="20%" class="indent1">URL</td><td width="80%">https://todoist.com/_next/static/chunks/styles.5dc2a400000a299d8863.js</td>
            </tr>
              
            <tr bgcolor="#e8e8e8">
                <td width="20%" class="indent2">Method</td><td width="80%">GET</td>
            </tr>
              
  
  
            <tr bgcolor="#e8e8e8">
                <td width="20%" class="indent1">URL</td><td width="80%">https://todoist.com/_next/static/ie6hUP0chTXNaiNXXPooB/_buildManifest.js</td>
            </tr>
              
            <tr bgcolor="#e8e8e8">
                <td width="20%" class="indent2">Method</td><td width="80%">GET</td>
            </tr>
              
  
  
            <tr bgcolor="#e8e8e8">
                <td width="20%" class="indent1">URL</td><td width="80%">https://todoist.com/_next/static/chunks/framework.3105c3e333ee10fd9558.js</td>
            </tr>
              
            <tr bgcolor="#e8e8e8">
                <td width="20%" class="indent2">Method</td><td width="80%">GET</td>
            </tr>
              
  
  
            <tr bgcolor="#e8e8e8">
                <td width="20%" class="indent1">URL</td><td width="80%">https://todoist.com/_next/static/chunks/pages/index-48679ec33cb80820c987.js</td>
            </tr>
              
            <tr bgcolor="#e8e8e8">
                <td width="20%" class="indent2">Method</td><td width="80%">GET</td>
            </tr>
              
  
  
            <tr bgcolor="#e8e8e8">
                <td width="20%" class="indent1">URL</td><td width="80%">https://todoist.com/Users/login</td>
            </tr>
              
            <tr bgcolor="#e8e8e8">
                <td width="20%" class="indent2">Method</td><td width="80%">POST</td>
            </tr>
              
  
  
            <tr bgcolor="#e8e8e8">
                <td width="20%" class="indent1">URL</td><td width="80%">https://todoist.com/_next/static/chunks/a52680fc7b32262e6da88792d4c55199e7c7070b.ef1131dd945b73b40945.js</td>
            </tr>
              
            <tr bgcolor="#e8e8e8">
                <td width="20%" class="indent2">Method</td><td width="80%">GET</td>
            </tr>
              
  
  
            <tr bgcolor="#e8e8e8">
                <td width="20%" class="indent1">URL</td><td width="80%">https://todoist.com/_next/static/css/pages/index.e740e94c.chunk.css</td>
            </tr>
              
            <tr bgcolor="#e8e8e8">
                <td width="20%" class="indent2">Method</td><td width="80%">GET</td>
            </tr>
              
  
  
            <tr bgcolor="#e8e8e8">
                <td width="20%" class="indent1">URL</td><td width="80%">https://todoist.com/_next/static/chunks/webpack-58d5fd13edd13ddbddb0.js</td>
            </tr>
              
            <tr bgcolor="#e8e8e8">
                <td width="20%" class="indent2">Method</td><td width="80%">GET</td>
            </tr>
              
  
  
            <tr bgcolor="#e8e8e8">
                <td width="20%" class="indent1">URL</td><td width="80%">https://todoist.com/_next/static/chunks/ec39cfc4811edb60b21d247b521a20cac18b8703_CSS.ddce25b62cf34b951439.js</td>
            </tr>
              
            <tr bgcolor="#e8e8e8">
                <td width="20%" class="indent2">Method</td><td width="80%">GET</td>
            </tr>
              
  
  
            <tr bgcolor="#e8e8e8">
                <td width="20%" class="indent1">URL</td><td width="80%">https://todoist.com/_next/static/chunks/599a3c3ab2eff4db4f4c33c8ff174793a675b4e1.82b4cfb3e56a8eee03c1.js</td>
            </tr>
              
            <tr bgcolor="#e8e8e8">
                <td width="20%" class="indent2">Method</td><td width="80%">GET</td>
            </tr>
              
  
  
            <tr bgcolor="#e8e8e8">
                <td width="20%" class="indent1">URL</td><td width="80%">https://todoist.com/_next/static/css/styles.c8bb21f0.chunk.css</td>
            </tr>
              
            <tr bgcolor="#e8e8e8">
                <td width="20%" class="indent2">Method</td><td width="80%">GET</td>
            </tr>
              
  
  
            <tr bgcolor="#e8e8e8">
                <td width="20%" class="indent1">URL</td><td width="80%">https://todoist.com/_next/static/chunks/commons.b18f7b8b8fe9524cd840.js</td>
            </tr>
              
            <tr bgcolor="#e8e8e8">
                <td width="20%" class="indent2">Method</td><td width="80%">GET</td>
            </tr>
              
  
  
            <tr bgcolor="#e8e8e8">
                <td width="20%" class="indent1">URL</td><td width="80%">https://todoist.com/es</td>
            </tr>
              
            <tr bgcolor="#e8e8e8">
                <td width="20%" class="indent2">Method</td><td width="80%">GET</td>
            </tr>
              
  
  
            <tr bgcolor="#e8e8e8">
                <td width="20%" class="indent1">URL</td><td width="80%">https://todoist.com/_next/static/chunks/4af5f773.cbea4d2bb3592e8bed23.js</td>
            </tr>
              
            <tr bgcolor="#e8e8e8">
                <td width="20%" class="indent2">Method</td><td width="80%">GET</td>
            </tr>
              
  
  
            <tr bgcolor="#e8e8e8">
                <td width="20%" class="indent1">URL</td><td width="80%">https://todoist.com/</td>
            </tr>
              
            <tr bgcolor="#e8e8e8">
                <td width="20%" class="indent2">Method</td><td width="80%">GET</td>
            </tr>
              
  
  
            <tr bgcolor="#e8e8e8">
                <td width="20%" class="indent1">URL</td><td width="80%">https://todoist.com/_next/static/chunks/main-053c43a0d73c3a67a374.js</td>
            </tr>
              
            <tr bgcolor="#e8e8e8">
                <td width="20%" class="indent2">Method</td><td width="80%">GET</td>
            </tr>
              
  
  
            <tr bgcolor="#e8e8e8">
                <td width="20%" class="indent1">URL</td><td width="80%">https://todoist.com/_next/static/chunks/pages/_app-87ecfa05d1f9483d94ca.js</td>
            </tr>
              
            <tr bgcolor="#e8e8e8">
                <td width="20%" class="indent2">Method</td><td width="80%">GET</td>
            </tr>
              
  
  
            <tr bgcolor="#e8e8e8">
                <td width="20%">Instances</td><td width="80%">22</td>
            </tr>
              
            <tr bgcolor="#e8e8e8">
                <td width="20%">Solution</td><td width="80%"><p>Ensure that the SameSite attribute is set to either 'lax' or ideally 'strict' for all cookies.</p></td>
            </tr>
              
            <tr bgcolor="#e8e8e8">
                <td width="20%">Reference</td><td width="80%"><p>https://tools.ietf.org/html/draft-ietf-httpbis-cookie-same-site</p></td>
            </tr>
              
            <tr bgcolor="#e8e8e8">
                <td width="20%">CWE Id</td><td width="80%">1275</td>
            </tr>
              
            <tr bgcolor="#e8e8e8">
                <td width="20%">WASC Id</td><td width="80%">13</td>
            </tr>
              
            <tr bgcolor="#e8e8e8">
                <td width="20%">Source ID</td><td width="80%">3</td>
            </tr>
            
        </table>
        <div class="spacer"></div>
        <table width="100%" class="results">
              
  
  
  
            <tr height="24" class="risk-low">
                <a name="low"></a><th width="20%">Low (Medium)</th><th width="80%">Cross-Domain JavaScript Source File Inclusion</th>
            </tr>
              
  
  
  
            <tr bgcolor="#e8e8e8">
                <td width="20%">Description</td><td width="80%"><p>The page includes one or more script files from a third-party domain.</p></td>
            </tr>
            <TR vAlign="top">
                <TD colspan="2"></TD>
            </TR>
              
  
  
            <tr bgcolor="#e8e8e8">
                <td width="20%" class="indent1">URL</td><td width="80%">https://todoist.com/Users/login</td>
            </tr>
              
            <tr bgcolor="#e8e8e8">
                <td width="20%" class="indent2">Method</td><td width="80%">POST</td>
            </tr>
              
            <tr bgcolor="#e8e8e8">
                <td width="20%" class="indent2">Parameter</td><td width="80%">https://d3ptyyxy2at9ui.cloudfront.net/GreyBox-b6bb57.js</td>
            </tr>
              
            <tr bgcolor="#e8e8e8">
                <td width="20%" class="indent2">Evidence</td><td width="80%">&lt;script type="text/javascript" src="https://d3ptyyxy2at9ui.cloudfront.net/GreyBox-b6bb57.js" &gt;&lt;/script&gt;</td>
            </tr>
              
  
  
            <tr bgcolor="#e8e8e8">
                <td width="20%" class="indent1">URL</td><td width="80%">https://todoist.com/app/</td>
            </tr>
              
            <tr bgcolor="#e8e8e8">
                <td width="20%" class="indent2">Method</td><td width="80%">GET</td>
            </tr>
              
            <tr bgcolor="#e8e8e8">
                <td width="20%" class="indent2">Parameter</td><td width="80%">https://d3ptyyxy2at9ui.cloudfront.net/assets/initTheme.b1a12b68f418d0aa0577144c7364b8ab.js</td>
            </tr>
              
            <tr bgcolor="#e8e8e8">
                <td width="20%" class="indent2">Evidence</td><td width="80%">&lt;script src="https://d3ptyyxy2at9ui.cloudfront.net/assets/initTheme.b1a12b68f418d0aa0577144c7364b8ab.js"&gt;&lt;/script&gt;</td>
            </tr>
              
  
  
            <tr bgcolor="#e8e8e8">
                <td width="20%" class="indent1">URL</td><td width="80%">https://todoist.com/Users/login</td>
            </tr>
              
            <tr bgcolor="#e8e8e8">
                <td width="20%" class="indent2">Method</td><td width="80%">POST</td>
            </tr>
              
            <tr bgcolor="#e8e8e8">
                <td width="20%" class="indent2">Parameter</td><td width="80%">https://d3ptyyxy2at9ui.cloudfront.net/Col_LoginSignupCollection-976c4c.js</td>
            </tr>
              
            <tr bgcolor="#e8e8e8">
                <td width="20%" class="indent2">Evidence</td><td width="80%">&lt;script type="text/javascript" src="https://d3ptyyxy2at9ui.cloudfront.net/Col_LoginSignupCollection-976c4c.js" &gt;&lt;/script&gt;</td>
            </tr>
              
  
  
            <tr bgcolor="#e8e8e8">
                <td width="20%" class="indent1">URL</td><td width="80%">https://todoist.com/es</td>
            </tr>
              
            <tr bgcolor="#e8e8e8">
                <td width="20%" class="indent2">Method</td><td width="80%">GET</td>
            </tr>
              
            <tr bgcolor="#e8e8e8">
                <td width="20%" class="indent2">Parameter</td><td width="80%">https://www.googleoptimize.com/optimize.js?id=OPT-PNP389R</td>
            </tr>
              
            <tr bgcolor="#e8e8e8">
                <td width="20%" class="indent2">Evidence</td><td width="80%">&lt;script async="" src="https://www.googleoptimize.com/optimize.js?id=OPT-PNP389R"&gt;&lt;/script&gt;</td>
            </tr>
              
  
  
            <tr bgcolor="#e8e8e8">
                <td width="20%" class="indent1">URL</td><td width="80%">https://todoist.com/app/</td>
            </tr>
              
            <tr bgcolor="#e8e8e8">
                <td width="20%" class="indent2">Method</td><td width="80%">GET</td>
            </tr>
              
            <tr bgcolor="#e8e8e8">
                <td width="20%" class="indent2">Parameter</td><td width="80%">https://d3ptyyxy2at9ui.cloudfront.net/assets/app.fcd55763e38f0df90ce6.js</td>
            </tr>
              
            <tr bgcolor="#e8e8e8">
                <td width="20%" class="indent2">Evidence</td><td width="80%">&lt;script src="https://d3ptyyxy2at9ui.cloudfront.net/assets/app.fcd55763e38f0df90ce6.js"&gt;&lt;/script&gt;</td>
            </tr>
              
  
  
            <tr bgcolor="#e8e8e8">
                <td width="20%" class="indent1">URL</td><td width="80%">https://todoist.com/users/showlogin</td>
            </tr>
              
            <tr bgcolor="#e8e8e8">
                <td width="20%" class="indent2">Method</td><td width="80%">GET</td>
            </tr>
              
            <tr bgcolor="#e8e8e8">
                <td width="20%" class="indent2">Parameter</td><td width="80%">https://d3ptyyxy2at9ui.cloudfront.net/GreyBox-b6bb57.js</td>
            </tr>
              
            <tr bgcolor="#e8e8e8">
                <td width="20%" class="indent2">Evidence</td><td width="80%">&lt;script type="text/javascript" src="https://d3ptyyxy2at9ui.cloudfront.net/GreyBox-b6bb57.js" &gt;&lt;/script&gt;</td>
            </tr>
              
  
  
            <tr bgcolor="#e8e8e8">
                <td width="20%" class="indent1">URL</td><td width="80%">https://todoist.com/Users/login</td>
            </tr>
              
            <tr bgcolor="#e8e8e8">
                <td width="20%" class="indent2">Method</td><td width="80%">POST</td>
            </tr>
              
            <tr bgcolor="#e8e8e8">
                <td width="20%" class="indent2">Parameter</td><td width="80%">https://d3ptyyxy2at9ui.cloudfront.net/es-e1a86c.js</td>
            </tr>
              
            <tr bgcolor="#e8e8e8">
                <td width="20%" class="indent2">Evidence</td><td width="80%">&lt;script type="text/javascript" src="https://d3ptyyxy2at9ui.cloudfront.net/es-e1a86c.js"&gt;&lt;/script&gt;</td>
            </tr>
              
  
  
            <tr bgcolor="#e8e8e8">
                <td width="20%" class="indent1">URL</td><td width="80%">https://todoist.com/app/</td>
            </tr>
              
            <tr bgcolor="#e8e8e8">
                <td width="20%" class="indent2">Method</td><td width="80%">GET</td>
            </tr>
              
            <tr bgcolor="#e8e8e8">
                <td width="20%" class="indent2">Parameter</td><td width="80%">https://d3ptyyxy2at9ui.cloudfront.net/assets/vendor.28b18f1d0b1949cce512.js</td>
            </tr>
              
            <tr bgcolor="#e8e8e8">
                <td width="20%" class="indent2">Evidence</td><td width="80%">&lt;script src="https://d3ptyyxy2at9ui.cloudfront.net/assets/vendor.28b18f1d0b1949cce512.js"&gt;&lt;/script&gt;</td>
            </tr>
              
  
  
            <tr bgcolor="#e8e8e8">
                <td width="20%" class="indent1">URL</td><td width="80%">https://todoist.com/Users/login</td>
            </tr>
              
            <tr bgcolor="#e8e8e8">
                <td width="20%" class="indent2">Method</td><td width="80%">POST</td>
            </tr>
              
            <tr bgcolor="#e8e8e8">
                <td width="20%" class="indent2">Parameter</td><td width="80%">https://d3ptyyxy2at9ui.cloudfront.net/Col_StandalonePageCollection-d72ac1.js</td>
            </tr>
              
            <tr bgcolor="#e8e8e8">
                <td width="20%" class="indent2">Evidence</td><td width="80%">&lt;script type="text/javascript" src="https://d3ptyyxy2at9ui.cloudfront.net/Col_StandalonePageCollection-d72ac1.js" &gt;&lt;/script&gt;</td>
            </tr>
              
  
  
            <tr bgcolor="#e8e8e8">
                <td width="20%" class="indent1">URL</td><td width="80%">https://todoist.com/Users/login</td>
            </tr>
              
            <tr bgcolor="#e8e8e8">
                <td width="20%" class="indent2">Method</td><td width="80%">POST</td>
            </tr>
              
            <tr bgcolor="#e8e8e8">
                <td width="20%" class="indent2">Parameter</td><td width="80%">https://d3ptyyxy2at9ui.cloudfront.net/Col_PluginCollection-f907f0.js</td>
            </tr>
              
            <tr bgcolor="#e8e8e8">
                <td width="20%" class="indent2">Evidence</td><td width="80%">&lt;script type="text/javascript" src="https://d3ptyyxy2at9ui.cloudfront.net/Col_PluginCollection-f907f0.js" &gt;&lt;/script&gt;</td>
            </tr>
              
  
  
            <tr bgcolor="#e8e8e8">
                <td width="20%" class="indent1">URL</td><td width="80%">https://todoist.com/users/showlogin</td>
            </tr>
              
            <tr bgcolor="#e8e8e8">
                <td width="20%" class="indent2">Method</td><td width="80%">GET</td>
            </tr>
              
            <tr bgcolor="#e8e8e8">
                <td width="20%" class="indent2">Parameter</td><td width="80%">https://d3ptyyxy2at9ui.cloudfront.net/es-e1a86c.js</td>
            </tr>
              
            <tr bgcolor="#e8e8e8">
                <td width="20%" class="indent2">Evidence</td><td width="80%">&lt;script type="text/javascript" src="https://d3ptyyxy2at9ui.cloudfront.net/es-e1a86c.js"&gt;&lt;/script&gt;</td>
            </tr>
              
  
  
            <tr bgcolor="#e8e8e8">
                <td width="20%" class="indent1">URL</td><td width="80%">https://todoist.com/app/</td>
            </tr>
              
            <tr bgcolor="#e8e8e8">
                <td width="20%" class="indent2">Method</td><td width="80%">GET</td>
            </tr>
              
            <tr bgcolor="#e8e8e8">
                <td width="20%" class="indent2">Parameter</td><td width="80%">https://www.google-analytics.com/analytics.js</td>
            </tr>
              
            <tr bgcolor="#e8e8e8">
                <td width="20%" class="indent2">Evidence</td><td width="80%">&lt;script async src="https://www.google-analytics.com/analytics.js"&gt;&lt;/script&gt;</td>
            </tr>
              
  
  
            <tr bgcolor="#e8e8e8">
                <td width="20%" class="indent1">URL</td><td width="80%">https://todoist.com/users/showlogin</td>
            </tr>
              
            <tr bgcolor="#e8e8e8">
                <td width="20%" class="indent2">Method</td><td width="80%">GET</td>
            </tr>
              
            <tr bgcolor="#e8e8e8">
                <td width="20%" class="indent2">Parameter</td><td width="80%">https://d3ptyyxy2at9ui.cloudfront.net/ist_button-56a55c.js</td>
            </tr>
              
            <tr bgcolor="#e8e8e8">
                <td width="20%" class="indent2">Evidence</td><td width="80%">&lt;script type="text/javascript" src="https://d3ptyyxy2at9ui.cloudfront.net/ist_button-56a55c.js" &gt;&lt;/script&gt;</td>
            </tr>
              
  
  
            <tr bgcolor="#e8e8e8">
                <td width="20%" class="indent1">URL</td><td width="80%">https://todoist.com/Users/login</td>
            </tr>
              
            <tr bgcolor="#e8e8e8">
                <td width="20%" class="indent2">Method</td><td width="80%">POST</td>
            </tr>
              
            <tr bgcolor="#e8e8e8">
                <td width="20%" class="indent2">Parameter</td><td width="80%">https://d3ptyyxy2at9ui.cloudfront.net/Col_ICECollection-8b8f90.js</td>
            </tr>
              
            <tr bgcolor="#e8e8e8">
                <td width="20%" class="indent2">Evidence</td><td width="80%">&lt;script type="text/javascript" src="https://d3ptyyxy2at9ui.cloudfront.net/Col_ICECollection-8b8f90.js" &gt;&lt;/script&gt;</td>
            </tr>
              
  
  
            <tr bgcolor="#e8e8e8">
                <td width="20%" class="indent1">URL</td><td width="80%">https://todoist.com/users/showlogin</td>
            </tr>
              
            <tr bgcolor="#e8e8e8">
                <td width="20%" class="indent2">Method</td><td width="80%">GET</td>
            </tr>
              
            <tr bgcolor="#e8e8e8">
                <td width="20%" class="indent2">Parameter</td><td width="80%">https://d3ptyyxy2at9ui.cloudfront.net/Col_StandalonePageCollection-d72ac1.js</td>
            </tr>
              
            <tr bgcolor="#e8e8e8">
                <td width="20%" class="indent2">Evidence</td><td width="80%">&lt;script type="text/javascript" src="https://d3ptyyxy2at9ui.cloudfront.net/Col_StandalonePageCollection-d72ac1.js" &gt;&lt;/script&gt;</td>
            </tr>
              
  
  
            <tr bgcolor="#e8e8e8">
                <td width="20%" class="indent1">URL</td><td width="80%">https://todoist.com/</td>
            </tr>
              
            <tr bgcolor="#e8e8e8">
                <td width="20%" class="indent2">Method</td><td width="80%">GET</td>
            </tr>
              
            <tr bgcolor="#e8e8e8">
                <td width="20%" class="indent2">Parameter</td><td width="80%">https://www.googleoptimize.com/optimize.js?id=OPT-PNP389R</td>
            </tr>
              
            <tr bgcolor="#e8e8e8">
                <td width="20%" class="indent2">Evidence</td><td width="80%">&lt;script async="" src="https://www.googleoptimize.com/optimize.js?id=OPT-PNP389R"&gt;&lt;/script&gt;</td>
            </tr>
              
  
  
            <tr bgcolor="#e8e8e8">
                <td width="20%" class="indent1">URL</td><td width="80%">https://todoist.com/users/showlogin</td>
            </tr>
              
            <tr bgcolor="#e8e8e8">
                <td width="20%" class="indent2">Method</td><td width="80%">GET</td>
            </tr>
              
            <tr bgcolor="#e8e8e8">
                <td width="20%" class="indent2">Parameter</td><td width="80%">https://d3ptyyxy2at9ui.cloudfront.net/Col_PluginCollection-f907f0.js</td>
            </tr>
              
            <tr bgcolor="#e8e8e8">
                <td width="20%" class="indent2">Evidence</td><td width="80%">&lt;script type="text/javascript" src="https://d3ptyyxy2at9ui.cloudfront.net/Col_PluginCollection-f907f0.js" &gt;&lt;/script&gt;</td>
            </tr>
              
  
  
            <tr bgcolor="#e8e8e8">
                <td width="20%" class="indent1">URL</td><td width="80%">https://todoist.com/users/showlogin</td>
            </tr>
              
            <tr bgcolor="#e8e8e8">
                <td width="20%" class="indent2">Method</td><td width="80%">GET</td>
            </tr>
              
            <tr bgcolor="#e8e8e8">
                <td width="20%" class="indent2">Parameter</td><td width="80%">https://d3ptyyxy2at9ui.cloudfront.net/Col_LoginSignupCollection-976c4c.js</td>
            </tr>
              
            <tr bgcolor="#e8e8e8">
                <td width="20%" class="indent2">Evidence</td><td width="80%">&lt;script type="text/javascript" src="https://d3ptyyxy2at9ui.cloudfront.net/Col_LoginSignupCollection-976c4c.js" &gt;&lt;/script&gt;</td>
            </tr>
              
  
  
            <tr bgcolor="#e8e8e8">
                <td width="20%" class="indent1">URL</td><td width="80%">https://todoist.com/users/showlogin</td>
            </tr>
              
            <tr bgcolor="#e8e8e8">
                <td width="20%" class="indent2">Method</td><td width="80%">GET</td>
            </tr>
              
            <tr bgcolor="#e8e8e8">
                <td width="20%" class="indent2">Parameter</td><td width="80%">https://d3ptyyxy2at9ui.cloudfront.net/Col_ICECollection-8b8f90.js</td>
            </tr>
              
            <tr bgcolor="#e8e8e8">
                <td width="20%" class="indent2">Evidence</td><td width="80%">&lt;script type="text/javascript" src="https://d3ptyyxy2at9ui.cloudfront.net/Col_ICECollection-8b8f90.js" &gt;&lt;/script&gt;</td>
            </tr>
              
  
  
            <tr bgcolor="#e8e8e8">
                <td width="20%" class="indent1">URL</td><td width="80%">https://todoist.com/Users/login</td>
            </tr>
              
            <tr bgcolor="#e8e8e8">
                <td width="20%" class="indent2">Method</td><td width="80%">POST</td>
            </tr>
              
            <tr bgcolor="#e8e8e8">
                <td width="20%" class="indent2">Parameter</td><td width="80%">https://d3ptyyxy2at9ui.cloudfront.net/ist_button-56a55c.js</td>
            </tr>
              
            <tr bgcolor="#e8e8e8">
                <td width="20%" class="indent2">Evidence</td><td width="80%">&lt;script type="text/javascript" src="https://d3ptyyxy2at9ui.cloudfront.net/ist_button-56a55c.js" &gt;&lt;/script&gt;</td>
            </tr>
              
  
  
            <tr bgcolor="#e8e8e8">
                <td width="20%">Instances</td><td width="80%">20</td>
            </tr>
              
            <tr bgcolor="#e8e8e8">
                <td width="20%">Solution</td><td width="80%"><p>Ensure JavaScript source files are loaded from only trusted sources, and the sources can't be controlled by end users of the application.</p></td>
            </tr>
              
            <tr bgcolor="#e8e8e8">
                <td width="20%">Reference</td><td width="80%"><p></p></td>
            </tr>
              
            <tr bgcolor="#e8e8e8">
                <td width="20%">CWE Id</td><td width="80%">829</td>
            </tr>
              
            <tr bgcolor="#e8e8e8">
                <td width="20%">WASC Id</td><td width="80%">15</td>
            </tr>
              
            <tr bgcolor="#e8e8e8">
                <td width="20%">Source ID</td><td width="80%">3</td>
            </tr>
            
        </table>
        <div class="spacer"></div>
        <table width="100%" class="results">
              
  
  
  
            <tr height="24" class="risk-low">
                <a name="low"></a><th width="20%">Low (Medium)</th><th width="80%">CSP: Notices</th>
            </tr>
              
  
  
  
            <tr bgcolor="#e8e8e8">
                <td width="20%">Description</td><td width="80%"><p>Warnings:</p><p>Duplicate host https://tagmanager.google.com</p><p>The report-uri directive has ben deprecated in favor of the new report-to directive</p><p></p></td>
            </tr>
            <TR vAlign="top">
                <TD colspan="2"></TD>
            </TR>
              
  
  
            <tr bgcolor="#e8e8e8">
                <td width="20%" class="indent1">URL</td><td width="80%">https://todoist.com/app/</td>
            </tr>
              
            <tr bgcolor="#e8e8e8">
                <td width="20%" class="indent2">Method</td><td width="80%">GET</td>
            </tr>
              
            <tr bgcolor="#e8e8e8">
                <td width="20%" class="indent2">Evidence</td><td width="80%">default-src 'self' wss://*.todoist.com https://www.google-analytics.com https://o476415.ingest.sentry.io https://d3ptyyxy2at9ui.cloudfront.net https://dcff1xvirvpfp.cloudfront.net https://d266vjxpnndrqi.cloudfront.net https://x-api.rollout.io https://statestore.rollout.io https://conf.rollout.io https://push.rollout.io https://analytic.rollout.io https://browser.sentry-cdn.com https://www.dropbox.com/static/api/2/dropins.js https://apis.google.com https://*.todoist.com https://todoist.com https://maps.googleapis.com https://fonts.gstatic.com https://*.datadoghq.com 'nonce-qaB14S0YNGEF0-ZBI5n_5orsp8hhb0Yd5BmEfuJakPI' https://tagmanager.google.com https://tagmanager.google.com https://ssl.google-analytics.com http://www.google-analytics.com https://js.stripe.com; style-src 'self' wss://*.todoist.com https://www.google-analytics.com https://o476415.ingest.sentry.io https://d3ptyyxy2at9ui.cloudfront.net https://dcff1xvirvpfp.cloudfront.net https://d266vjxpnndrqi.cloudfront.net https://x-api.rollout.io https://statestore.rollout.io https://conf.rollout.io https://push.rollout.io https://analytic.rollout.io https://browser.sentry-cdn.com https://www.dropbox.com/static/api/2/dropins.js https://apis.google.com https://*.todoist.com https://todoist.com https://maps.googleapis.com https://fonts.gstatic.com 'unsafe-inline' https://fonts.googleapis.com https://tagmanager.google.com; img-src 'self' data: https://d3ptyyxy2at9ui.cloudfront.net https://dcff1xvirvpfp.cloudfront.net https://d266vjxpnndrqi.cloudfront.net https://d1x0mwiac2rqwt.cloudfront.net https://avatars.doist.com https://image-resize.todoist.com https://maps.gstatic.com https://*.googleapis.com https://*.ggpht https://twemoji.maxcdn.com https://www.google-analytics.com www.googletagmanager.com https://ssl.gstatic.com https://www.gstatic.com; media-src 'self' https://d1ysz50cxb9zwl.cloudfront.net https://d3ptyyxy2at9ui.cloudfront.net https://*.todoist.com https://todoist.com; frame-src 'self' https://www.dropbox.com https://accounts.google.com https://docs.google.com https://www.youtube.com https://js.stripe.com; font-src 'self' https://fonts.gstatic.com data:; report-uri /csp_report</td>
            </tr>
              
  
  
            <tr bgcolor="#e8e8e8">
                <td width="20%" class="indent1">URL</td><td width="80%">https://todoist.com/app/</td>
            </tr>
              
            <tr bgcolor="#e8e8e8">
                <td width="20%" class="indent2">Method</td><td width="80%">GET</td>
            </tr>
              
            <tr bgcolor="#e8e8e8">
                <td width="20%" class="indent2">Evidence</td><td width="80%">default-src 'self' wss://*.todoist.com https://www.google-analytics.com https://o476415.ingest.sentry.io https://d3ptyyxy2at9ui.cloudfront.net https://dcff1xvirvpfp.cloudfront.net https://d266vjxpnndrqi.cloudfront.net https://x-api.rollout.io https://statestore.rollout.io https://conf.rollout.io https://push.rollout.io https://analytic.rollout.io https://browser.sentry-cdn.com https://www.dropbox.com/static/api/2/dropins.js https://apis.google.com https://*.todoist.com https://todoist.com https://maps.googleapis.com https://fonts.gstatic.com https://*.datadoghq.com 'nonce-zKthIlngzSTxViOMgeV0CEcPrN6s9NkDEPHMO93rTX0' https://tagmanager.google.com https://tagmanager.google.com https://ssl.google-analytics.com http://www.google-analytics.com https://js.stripe.com; style-src 'self' wss://*.todoist.com https://www.google-analytics.com https://o476415.ingest.sentry.io https://d3ptyyxy2at9ui.cloudfront.net https://dcff1xvirvpfp.cloudfront.net https://d266vjxpnndrqi.cloudfront.net https://x-api.rollout.io https://statestore.rollout.io https://conf.rollout.io https://push.rollout.io https://analytic.rollout.io https://browser.sentry-cdn.com https://www.dropbox.com/static/api/2/dropins.js https://apis.google.com https://*.todoist.com https://todoist.com https://maps.googleapis.com https://fonts.gstatic.com 'unsafe-inline' https://fonts.googleapis.com https://tagmanager.google.com; img-src 'self' data: https://d3ptyyxy2at9ui.cloudfront.net https://dcff1xvirvpfp.cloudfront.net https://d266vjxpnndrqi.cloudfront.net https://d1x0mwiac2rqwt.cloudfront.net https://avatars.doist.com https://image-resize.todoist.com https://maps.gstatic.com https://*.googleapis.com https://*.ggpht https://twemoji.maxcdn.com https://www.google-analytics.com www.googletagmanager.com https://ssl.gstatic.com https://www.gstatic.com; media-src 'self' https://d1ysz50cxb9zwl.cloudfront.net https://d3ptyyxy2at9ui.cloudfront.net https://*.todoist.com https://todoist.com; frame-src 'self' https://www.dropbox.com https://accounts.google.com https://docs.google.com https://www.youtube.com https://js.stripe.com; font-src 'self' https://fonts.gstatic.com data:; report-uri /csp_report</td>
            </tr>
              
  
  
            <tr bgcolor="#e8e8e8">
                <td width="20%" class="indent1">URL</td><td width="80%">https://todoist.com/app/</td>
            </tr>
              
            <tr bgcolor="#e8e8e8">
                <td width="20%" class="indent2">Method</td><td width="80%">GET</td>
            </tr>
              
            <tr bgcolor="#e8e8e8">
                <td width="20%" class="indent2">Evidence</td><td width="80%">default-src 'self' wss://*.todoist.com https://www.google-analytics.com https://o476415.ingest.sentry.io https://d3ptyyxy2at9ui.cloudfront.net https://dcff1xvirvpfp.cloudfront.net https://d266vjxpnndrqi.cloudfront.net https://x-api.rollout.io https://statestore.rollout.io https://conf.rollout.io https://push.rollout.io https://analytic.rollout.io https://browser.sentry-cdn.com https://www.dropbox.com/static/api/2/dropins.js https://apis.google.com https://*.todoist.com https://todoist.com https://maps.googleapis.com https://fonts.gstatic.com https://*.datadoghq.com 'nonce-0WxmXU8A0ESqYfZfAVG1hozA0fig-netdQelEx1joGQ' https://tagmanager.google.com https://tagmanager.google.com https://ssl.google-analytics.com http://www.google-analytics.com https://js.stripe.com; style-src 'self' wss://*.todoist.com https://www.google-analytics.com https://o476415.ingest.sentry.io https://d3ptyyxy2at9ui.cloudfront.net https://dcff1xvirvpfp.cloudfront.net https://d266vjxpnndrqi.cloudfront.net https://x-api.rollout.io https://statestore.rollout.io https://conf.rollout.io https://push.rollout.io https://analytic.rollout.io https://browser.sentry-cdn.com https://www.dropbox.com/static/api/2/dropins.js https://apis.google.com https://*.todoist.com https://todoist.com https://maps.googleapis.com https://fonts.gstatic.com 'unsafe-inline' https://fonts.googleapis.com https://tagmanager.google.com; img-src 'self' data: https://d3ptyyxy2at9ui.cloudfront.net https://dcff1xvirvpfp.cloudfront.net https://d266vjxpnndrqi.cloudfront.net https://d1x0mwiac2rqwt.cloudfront.net https://avatars.doist.com https://image-resize.todoist.com https://maps.gstatic.com https://*.googleapis.com https://*.ggpht https://twemoji.maxcdn.com https://www.google-analytics.com www.googletagmanager.com https://ssl.gstatic.com https://www.gstatic.com; media-src 'self' https://d1ysz50cxb9zwl.cloudfront.net https://d3ptyyxy2at9ui.cloudfront.net https://*.todoist.com https://todoist.com; frame-src 'self' https://www.dropbox.com https://accounts.google.com https://docs.google.com https://www.youtube.com https://js.stripe.com; font-src 'self' https://fonts.gstatic.com data:; report-uri /csp_report</td>
            </tr>
              
  
  
            <tr bgcolor="#e8e8e8">
                <td width="20%" class="indent1">URL</td><td width="80%">https://todoist.com/app/</td>
            </tr>
              
            <tr bgcolor="#e8e8e8">
                <td width="20%" class="indent2">Method</td><td width="80%">GET</td>
            </tr>
              
            <tr bgcolor="#e8e8e8">
                <td width="20%" class="indent2">Evidence</td><td width="80%">default-src 'self' wss://*.todoist.com https://www.google-analytics.com https://o476415.ingest.sentry.io https://d3ptyyxy2at9ui.cloudfront.net https://dcff1xvirvpfp.cloudfront.net https://d266vjxpnndrqi.cloudfront.net https://x-api.rollout.io https://statestore.rollout.io https://conf.rollout.io https://push.rollout.io https://analytic.rollout.io https://browser.sentry-cdn.com https://www.dropbox.com/static/api/2/dropins.js https://apis.google.com https://*.todoist.com https://todoist.com https://maps.googleapis.com https://fonts.gstatic.com https://*.datadoghq.com 'nonce-Wpd7rOXwfG1jBFQLB7oMpjP7xkfpcG3e64oBu6yE-Iw' https://tagmanager.google.com https://tagmanager.google.com https://ssl.google-analytics.com http://www.google-analytics.com https://js.stripe.com; style-src 'self' wss://*.todoist.com https://www.google-analytics.com https://o476415.ingest.sentry.io https://d3ptyyxy2at9ui.cloudfront.net https://dcff1xvirvpfp.cloudfront.net https://d266vjxpnndrqi.cloudfront.net https://x-api.rollout.io https://statestore.rollout.io https://conf.rollout.io https://push.rollout.io https://analytic.rollout.io https://browser.sentry-cdn.com https://www.dropbox.com/static/api/2/dropins.js https://apis.google.com https://*.todoist.com https://todoist.com https://maps.googleapis.com https://fonts.gstatic.com 'unsafe-inline' https://fonts.googleapis.com https://tagmanager.google.com; img-src 'self' data: https://d3ptyyxy2at9ui.cloudfront.net https://dcff1xvirvpfp.cloudfront.net https://d266vjxpnndrqi.cloudfront.net https://d1x0mwiac2rqwt.cloudfront.net https://avatars.doist.com https://image-resize.todoist.com https://maps.gstatic.com https://*.googleapis.com https://*.ggpht https://twemoji.maxcdn.com https://www.google-analytics.com www.googletagmanager.com https://ssl.gstatic.com https://www.gstatic.com; media-src 'self' https://d1ysz50cxb9zwl.cloudfront.net https://d3ptyyxy2at9ui.cloudfront.net https://*.todoist.com https://todoist.com; frame-src 'self' https://www.dropbox.com https://accounts.google.com https://docs.google.com https://www.youtube.com https://js.stripe.com; font-src 'self' https://fonts.gstatic.com data:; report-uri /csp_report</td>
            </tr>
              
  
  
            <tr bgcolor="#e8e8e8">
                <td width="20%" class="indent1">URL</td><td width="80%">https://todoist.com/app/</td>
            </tr>
              
            <tr bgcolor="#e8e8e8">
                <td width="20%" class="indent2">Method</td><td width="80%">GET</td>
            </tr>
              
            <tr bgcolor="#e8e8e8">
                <td width="20%" class="indent2">Evidence</td><td width="80%">default-src 'self' wss://*.todoist.com https://www.google-analytics.com https://o476415.ingest.sentry.io https://d3ptyyxy2at9ui.cloudfront.net https://dcff1xvirvpfp.cloudfront.net https://d266vjxpnndrqi.cloudfront.net https://x-api.rollout.io https://statestore.rollout.io https://conf.rollout.io https://push.rollout.io https://analytic.rollout.io https://browser.sentry-cdn.com https://www.dropbox.com/static/api/2/dropins.js https://apis.google.com https://*.todoist.com https://todoist.com https://maps.googleapis.com https://fonts.gstatic.com https://*.datadoghq.com 'nonce-VwzAXGJeBaZEWRzIb3B-pIGJqU0srcwgfEYuiOX3jsI' https://tagmanager.google.com https://tagmanager.google.com https://ssl.google-analytics.com http://www.google-analytics.com https://js.stripe.com; style-src 'self' wss://*.todoist.com https://www.google-analytics.com https://o476415.ingest.sentry.io https://d3ptyyxy2at9ui.cloudfront.net https://dcff1xvirvpfp.cloudfront.net https://d266vjxpnndrqi.cloudfront.net https://x-api.rollout.io https://statestore.rollout.io https://conf.rollout.io https://push.rollout.io https://analytic.rollout.io https://browser.sentry-cdn.com https://www.dropbox.com/static/api/2/dropins.js https://apis.google.com https://*.todoist.com https://todoist.com https://maps.googleapis.com https://fonts.gstatic.com 'unsafe-inline' https://fonts.googleapis.com https://tagmanager.google.com; img-src 'self' data: https://d3ptyyxy2at9ui.cloudfront.net https://dcff1xvirvpfp.cloudfront.net https://d266vjxpnndrqi.cloudfront.net https://d1x0mwiac2rqwt.cloudfront.net https://avatars.doist.com https://image-resize.todoist.com https://maps.gstatic.com https://*.googleapis.com https://*.ggpht https://twemoji.maxcdn.com https://www.google-analytics.com www.googletagmanager.com https://ssl.gstatic.com https://www.gstatic.com; media-src 'self' https://d1ysz50cxb9zwl.cloudfront.net https://d3ptyyxy2at9ui.cloudfront.net https://*.todoist.com https://todoist.com; frame-src 'self' https://www.dropbox.com https://accounts.google.com https://docs.google.com https://www.youtube.com https://js.stripe.com; font-src 'self' https://fonts.gstatic.com data:; report-uri /csp_report</td>
            </tr>
              
  
  
            <tr bgcolor="#e8e8e8">
                <td width="20%">Instances</td><td width="80%">5</td>
            </tr>
              
            <tr bgcolor="#e8e8e8">
                <td width="20%">Solution</td><td width="80%"><p>Ensure that your web server, application server, load balancer, etc. is properly configured to set the Content-Security-Policy header.</p></td>
            </tr>
              
            <tr bgcolor="#e8e8e8">
                <td width="20%">Reference</td><td width="80%"><p>http://www.w3.org/TR/CSP2/</p><p>http://www.w3.org/TR/CSP/</p><p>http://caniuse.com/#search=content+security+policy</p><p>http://content-security-policy.com/</p><p>https://github.com/shapesecurity/salvation</p><p>https://developers.google.com/web/fundamentals/security/csp#policy_applies_to_a_wide_variety_of_resources</p></td>
            </tr>
              
            <tr bgcolor="#e8e8e8">
                <td width="20%">CWE Id</td><td width="80%">693</td>
            </tr>
              
            <tr bgcolor="#e8e8e8">
                <td width="20%">WASC Id</td><td width="80%">15</td>
            </tr>
              
            <tr bgcolor="#e8e8e8">
                <td width="20%">Source ID</td><td width="80%">3</td>
            </tr>
            
        </table>
        <div class="spacer"></div>
        <table width="100%" class="results">
              
  
  
  
            <tr height="24" class="risk-low">
                <a name="low"></a><th width="20%">Low (Medium)</th><th width="80%">Incomplete or No Cache-control Header Set</th>
            </tr>
              
  
  
  
            <tr bgcolor="#e8e8e8">
                <td width="20%">Description</td><td width="80%"><p>The cache-control header has not been set properly or is missing, allowing the browser and proxies to cache content.</p></td>
            </tr>
            <TR vAlign="top">
                <TD colspan="2"></TD>
            </TR>
              
  
  
            <tr bgcolor="#e8e8e8">
                <td width="20%" class="indent1">URL</td><td width="80%">https://analytic.rollout.io/impression/5d5a503b2385ac15e39b6051</td>
            </tr>
              
            <tr bgcolor="#e8e8e8">
                <td width="20%" class="indent2">Method</td><td width="80%">POST</td>
            </tr>
              
            <tr bgcolor="#e8e8e8">
                <td width="20%" class="indent2">Parameter</td><td width="80%">Cache-Control</td>
            </tr>
              
  
  
            <tr bgcolor="#e8e8e8">
                <td width="20%" class="indent1">URL</td><td width="80%">https://analytic.rollout.io/impression/5d5a503b2385ac15e39b6051</td>
            </tr>
              
            <tr bgcolor="#e8e8e8">
                <td width="20%" class="indent2">Method</td><td width="80%">OPTIONS</td>
            </tr>
              
            <tr bgcolor="#e8e8e8">
                <td width="20%" class="indent2">Parameter</td><td width="80%">Cache-Control</td>
            </tr>
              
  
  
            <tr bgcolor="#e8e8e8">
                <td width="20%">Instances</td><td width="80%">2</td>
            </tr>
              
            <tr bgcolor="#e8e8e8">
                <td width="20%">Solution</td><td width="80%"><p>Whenever possible ensure the cache-control HTTP header is set with no-cache, no-store, must-revalidate.</p></td>
            </tr>
              
            <tr bgcolor="#e8e8e8">
                <td width="20%">Reference</td><td width="80%"><p>https://cheatsheetseries.owasp.org/cheatsheets/Session_Management_Cheat_Sheet.html#web-content-caching</p><p>https://developer.mozilla.org/en-US/docs/Web/HTTP/Headers/Cache-Control</p></td>
            </tr>
              
            <tr bgcolor="#e8e8e8">
                <td width="20%">CWE Id</td><td width="80%">525</td>
            </tr>
              
            <tr bgcolor="#e8e8e8">
                <td width="20%">WASC Id</td><td width="80%">13</td>
            </tr>
              
            <tr bgcolor="#e8e8e8">
                <td width="20%">Source ID</td><td width="80%">3</td>
            </tr>
            
        </table>
        <div class="spacer"></div>
        <table width="100%" class="results">
              
  
  
  
            <tr height="24" class="risk-low">
                <a name="low"></a><th width="20%">Low (Medium)</th><th width="80%">Incomplete or No Cache-control Header Set</th>
            </tr>
              
  
  
  
            <tr bgcolor="#e8e8e8">
                <td width="20%">Description</td><td width="80%"><p>The cache-control header has not been set properly or is missing, allowing the browser and proxies to cache content.</p></td>
            </tr>
            <TR vAlign="top">
                <TD colspan="2"></TD>
            </TR>
              
  
  
            <tr bgcolor="#e8e8e8">
                <td width="20%" class="indent1">URL</td><td width="80%">https://conf.rollout.io/5d5a503b2385ac15e39b6051/b859f67c45a8580d78dd322613358fe4?distinct_id=9552f91f-9fe7-4987-a399-be5f6adcd80b</td>
            </tr>
              
            <tr bgcolor="#e8e8e8">
                <td width="20%" class="indent2">Method</td><td width="80%">GET</td>
            </tr>
              
            <tr bgcolor="#e8e8e8">
                <td width="20%" class="indent2">Parameter</td><td width="80%">Cache-Control</td>
            </tr>
              
            <tr bgcolor="#e8e8e8">
                <td width="20%" class="indent2">Evidence</td><td width="80%">no-cache</td>
            </tr>
              
  
  
            <tr bgcolor="#e8e8e8">
                <td width="20%" class="indent1">URL</td><td width="80%">https://conf.rollout.io/5d5a503b2385ac15e39b6051/b859f67c45a8580d78dd322613358fe4?distinct_id=dc0eb47b-22aa-4fcc-8620-09dd8b158809</td>
            </tr>
              
            <tr bgcolor="#e8e8e8">
                <td width="20%" class="indent2">Method</td><td width="80%">GET</td>
            </tr>
              
            <tr bgcolor="#e8e8e8">
                <td width="20%" class="indent2">Parameter</td><td width="80%">Cache-Control</td>
            </tr>
              
            <tr bgcolor="#e8e8e8">
                <td width="20%" class="indent2">Evidence</td><td width="80%">no-cache</td>
            </tr>
              
  
  
            <tr bgcolor="#e8e8e8">
                <td width="20%" class="indent1">URL</td><td width="80%">https://conf.rollout.io/5d5a503b2385ac15e39b6051/b859f67c45a8580d78dd322613358fe4?distinct_id=c0febc59-715c-42d9-b60b-e9951851284e</td>
            </tr>
              
            <tr bgcolor="#e8e8e8">
                <td width="20%" class="indent2">Method</td><td width="80%">GET</td>
            </tr>
              
            <tr bgcolor="#e8e8e8">
                <td width="20%" class="indent2">Parameter</td><td width="80%">Cache-Control</td>
            </tr>
              
            <tr bgcolor="#e8e8e8">
                <td width="20%" class="indent2">Evidence</td><td width="80%">no-cache</td>
            </tr>
              
  
  
            <tr bgcolor="#e8e8e8">
                <td width="20%" class="indent1">URL</td><td width="80%">https://conf.rollout.io/5d5a503b2385ac15e39b6051/b859f67c45a8580d78dd322613358fe4?distinct_id=2d1f2b2c-09de-4a4a-8771-bb8a6f9e4758</td>
            </tr>
              
            <tr bgcolor="#e8e8e8">
                <td width="20%" class="indent2">Method</td><td width="80%">GET</td>
            </tr>
              
            <tr bgcolor="#e8e8e8">
                <td width="20%" class="indent2">Parameter</td><td width="80%">Cache-Control</td>
            </tr>
              
            <tr bgcolor="#e8e8e8">
                <td width="20%" class="indent2">Evidence</td><td width="80%">no-cache</td>
            </tr>
              
  
  
            <tr bgcolor="#e8e8e8">
                <td width="20%">Instances</td><td width="80%">4</td>
            </tr>
              
            <tr bgcolor="#e8e8e8">
                <td width="20%">Solution</td><td width="80%"><p>Whenever possible ensure the cache-control HTTP header is set with no-cache, no-store, must-revalidate.</p></td>
            </tr>
              
            <tr bgcolor="#e8e8e8">
                <td width="20%">Reference</td><td width="80%"><p>https://cheatsheetseries.owasp.org/cheatsheets/Session_Management_Cheat_Sheet.html#web-content-caching</p><p>https://developer.mozilla.org/en-US/docs/Web/HTTP/Headers/Cache-Control</p></td>
            </tr>
              
            <tr bgcolor="#e8e8e8">
                <td width="20%">CWE Id</td><td width="80%">525</td>
            </tr>
              
            <tr bgcolor="#e8e8e8">
                <td width="20%">WASC Id</td><td width="80%">13</td>
            </tr>
              
            <tr bgcolor="#e8e8e8">
                <td width="20%">Source ID</td><td width="80%">3</td>
            </tr>
            
        </table>
        <div class="spacer"></div>
        <table width="100%" class="results">
              
  
  
  
            <tr height="24" class="risk-low">
                <a name="low"></a><th width="20%">Low (Medium)</th><th width="80%">Incomplete or No Cache-control Header Set</th>
            </tr>
              
  
  
  
            <tr bgcolor="#e8e8e8">
                <td width="20%">Description</td><td width="80%"><p>The cache-control header has not been set properly or is missing, allowing the browser and proxies to cache content.</p></td>
            </tr>
            <TR vAlign="top">
                <TD colspan="2"></TD>
            </TR>
              
  
  
            <tr bgcolor="#e8e8e8">
                <td width="20%" class="indent1">URL</td><td width="80%">https://statestore.rollout.io/5d5a503b2385ac15e39b6051/d9d56b90bcec6b76c8189066452cdbd0</td>
            </tr>
              
            <tr bgcolor="#e8e8e8">
                <td width="20%" class="indent2">Method</td><td width="80%">GET</td>
            </tr>
              
            <tr bgcolor="#e8e8e8">
                <td width="20%" class="indent2">Parameter</td><td width="80%">Cache-Control</td>
            </tr>
              
            <tr bgcolor="#e8e8e8">
                <td width="20%" class="indent2">Evidence</td><td width="80%">max-age=86400</td>
            </tr>
              
  
  
            <tr bgcolor="#e8e8e8">
                <td width="20%">Instances</td><td width="80%">1</td>
            </tr>
              
            <tr bgcolor="#e8e8e8">
                <td width="20%">Solution</td><td width="80%"><p>Whenever possible ensure the cache-control HTTP header is set with no-cache, no-store, must-revalidate.</p></td>
            </tr>
              
            <tr bgcolor="#e8e8e8">
                <td width="20%">Reference</td><td width="80%"><p>https://cheatsheetseries.owasp.org/cheatsheets/Session_Management_Cheat_Sheet.html#web-content-caching</p><p>https://developer.mozilla.org/en-US/docs/Web/HTTP/Headers/Cache-Control</p></td>
            </tr>
              
            <tr bgcolor="#e8e8e8">
                <td width="20%">CWE Id</td><td width="80%">525</td>
            </tr>
              
            <tr bgcolor="#e8e8e8">
                <td width="20%">WASC Id</td><td width="80%">13</td>
            </tr>
              
            <tr bgcolor="#e8e8e8">
                <td width="20%">Source ID</td><td width="80%">3</td>
            </tr>
            
        </table>
        <div class="spacer"></div>
        <table width="100%" class="results">
              
  
  
  
            <tr height="24" class="risk-low">
                <a name="low"></a><th width="20%">Low (Medium)</th><th width="80%">Incomplete or No Cache-control Header Set</th>
            </tr>
              
  
  
  
            <tr bgcolor="#e8e8e8">
                <td width="20%">Description</td><td width="80%"><p>The cache-control header has not been set properly or is missing, allowing the browser and proxies to cache content.</p></td>
            </tr>
            <TR vAlign="top">
                <TD colspan="2"></TD>
            </TR>
              
  
  
            <tr bgcolor="#e8e8e8">
                <td width="20%" class="indent1">URL</td><td width="80%">https://todoist.com/es</td>
            </tr>
              
            <tr bgcolor="#e8e8e8">
                <td width="20%" class="indent2">Method</td><td width="80%">GET</td>
            </tr>
              
            <tr bgcolor="#e8e8e8">
                <td width="20%" class="indent2">Parameter</td><td width="80%">Cache-Control</td>
            </tr>
              
  
  
            <tr bgcolor="#e8e8e8">
                <td width="20%" class="indent1">URL</td><td width="80%">https://todoist.com/API/v8.7/sync</td>
            </tr>
              
            <tr bgcolor="#e8e8e8">
                <td width="20%" class="indent2">Method</td><td width="80%">POST</td>
            </tr>
              
            <tr bgcolor="#e8e8e8">
                <td width="20%" class="indent2">Parameter</td><td width="80%">Cache-Control</td>
            </tr>
              
            <tr bgcolor="#e8e8e8">
                <td width="20%" class="indent2">Evidence</td><td width="80%">no-cache</td>
            </tr>
              
  
  
            <tr bgcolor="#e8e8e8">
                <td width="20%" class="indent1">URL</td><td width="80%">https://todoist.com/sync/v8/tooltips/get_seen_list</td>
            </tr>
              
            <tr bgcolor="#e8e8e8">
                <td width="20%" class="indent2">Method</td><td width="80%">GET</td>
            </tr>
              
            <tr bgcolor="#e8e8e8">
                <td width="20%" class="indent2">Parameter</td><td width="80%">Cache-Control</td>
            </tr>
              
  
  
            <tr bgcolor="#e8e8e8">
                <td width="20%" class="indent1">URL</td><td width="80%">https://todoist.com/Users/login</td>
            </tr>
              
            <tr bgcolor="#e8e8e8">
                <td width="20%" class="indent2">Method</td><td width="80%">POST</td>
            </tr>
              
            <tr bgcolor="#e8e8e8">
                <td width="20%" class="indent2">Parameter</td><td width="80%">Cache-Control</td>
            </tr>
              
            <tr bgcolor="#e8e8e8">
                <td width="20%" class="indent2">Evidence</td><td width="80%">no-cache</td>
            </tr>
              
  
  
            <tr bgcolor="#e8e8e8">
                <td width="20%" class="indent1">URL</td><td width="80%">https://todoist.com/users/showlogin</td>
            </tr>
              
            <tr bgcolor="#e8e8e8">
                <td width="20%" class="indent2">Method</td><td width="80%">GET</td>
            </tr>
              
            <tr bgcolor="#e8e8e8">
                <td width="20%" class="indent2">Parameter</td><td width="80%">Cache-Control</td>
            </tr>
              
  
  
            <tr bgcolor="#e8e8e8">
                <td width="20%" class="indent1">URL</td><td width="80%">https://todoist.com/sync/v8/tooltips/get_scheduled</td>
            </tr>
              
            <tr bgcolor="#e8e8e8">
                <td width="20%" class="indent2">Method</td><td width="80%">GET</td>
            </tr>
              
            <tr bgcolor="#e8e8e8">
                <td width="20%" class="indent2">Parameter</td><td width="80%">Cache-Control</td>
            </tr>
              
  
  
            <tr bgcolor="#e8e8e8">
                <td width="20%" class="indent1">URL</td><td width="80%">https://todoist.com/</td>
            </tr>
              
            <tr bgcolor="#e8e8e8">
                <td width="20%" class="indent2">Method</td><td width="80%">GET</td>
            </tr>
              
            <tr bgcolor="#e8e8e8">
                <td width="20%" class="indent2">Parameter</td><td width="80%">Cache-Control</td>
            </tr>
              
  
  
            <tr bgcolor="#e8e8e8">
                <td width="20%">Instances</td><td width="80%">7</td>
            </tr>
              
            <tr bgcolor="#e8e8e8">
                <td width="20%">Solution</td><td width="80%"><p>Whenever possible ensure the cache-control HTTP header is set with no-cache, no-store, must-revalidate.</p></td>
            </tr>
              
            <tr bgcolor="#e8e8e8">
                <td width="20%">Reference</td><td width="80%"><p>https://cheatsheetseries.owasp.org/cheatsheets/Session_Management_Cheat_Sheet.html#web-content-caching</p><p>https://developer.mozilla.org/en-US/docs/Web/HTTP/Headers/Cache-Control</p></td>
            </tr>
              
            <tr bgcolor="#e8e8e8">
                <td width="20%">CWE Id</td><td width="80%">525</td>
            </tr>
              
            <tr bgcolor="#e8e8e8">
                <td width="20%">WASC Id</td><td width="80%">13</td>
            </tr>
              
            <tr bgcolor="#e8e8e8">
                <td width="20%">Source ID</td><td width="80%">3</td>
            </tr>
            
        </table>
        <div class="spacer"></div>
        <table width="100%" class="results">
              
  
  
  
            <tr height="24" class="risk-low">
                <a name="low"></a><th width="20%">Low (Medium)</th><th width="80%">Incomplete or No Cache-control Header Set</th>
            </tr>
              
  
  
  
            <tr bgcolor="#e8e8e8">
                <td width="20%">Description</td><td width="80%"><p>The cache-control header has not been set properly or is missing, allowing the browser and proxies to cache content.</p></td>
            </tr>
            <TR vAlign="top">
                <TD colspan="2"></TD>
            </TR>
              
  
  
            <tr bgcolor="#e8e8e8">
                <td width="20%" class="indent1">URL</td><td width="80%">https://firefox.settings.services.mozilla.com/v1/buckets/security-state/collections/onecrl/records?_expected=1628187467330&amp;_sort=-last_modified&amp;_since=1584052365964</td>
            </tr>
              
            <tr bgcolor="#e8e8e8">
                <td width="20%" class="indent2">Method</td><td width="80%">GET</td>
            </tr>
              
            <tr bgcolor="#e8e8e8">
                <td width="20%" class="indent2">Parameter</td><td width="80%">Cache-Control</td>
            </tr>
              
            <tr bgcolor="#e8e8e8">
                <td width="20%" class="indent2">Evidence</td><td width="80%">max-age=3600</td>
            </tr>
              
  
  
            <tr bgcolor="#e8e8e8">
                <td width="20%" class="indent1">URL</td><td width="80%">https://firefox.settings.services.mozilla.com/v1/buckets/blocklists/collections/gfx/records?_expected=1623195938349&amp;_sort=-last_modified&amp;_since=1480349135384</td>
            </tr>
              
            <tr bgcolor="#e8e8e8">
                <td width="20%" class="indent2">Method</td><td width="80%">GET</td>
            </tr>
              
            <tr bgcolor="#e8e8e8">
                <td width="20%" class="indent2">Parameter</td><td width="80%">Cache-Control</td>
            </tr>
              
            <tr bgcolor="#e8e8e8">
                <td width="20%" class="indent2">Evidence</td><td width="80%">max-age=3600</td>
            </tr>
              
  
  
            <tr bgcolor="#e8e8e8">
                <td width="20%" class="indent1">URL</td><td width="80%">https://firefox.settings.services.mozilla.com/v1/buckets/monitor/collections/changes/records</td>
            </tr>
              
            <tr bgcolor="#e8e8e8">
                <td width="20%" class="indent2">Method</td><td width="80%">GET</td>
            </tr>
              
            <tr bgcolor="#e8e8e8">
                <td width="20%" class="indent2">Parameter</td><td width="80%">Cache-Control</td>
            </tr>
              
            <tr bgcolor="#e8e8e8">
                <td width="20%" class="indent2">Evidence</td><td width="80%">max-age=60</td>
            </tr>
              
  
  
            <tr bgcolor="#e8e8e8">
                <td width="20%" class="indent1">URL</td><td width="80%">https://firefox.settings.services.mozilla.com/v1/buckets/security-state/collections/cert-revocations/records?_expected=1631887043584&amp;_sort=-last_modified</td>
            </tr>
              
            <tr bgcolor="#e8e8e8">
                <td width="20%" class="indent2">Method</td><td width="80%">GET</td>
            </tr>
              
            <tr bgcolor="#e8e8e8">
                <td width="20%" class="indent2">Parameter</td><td width="80%">Cache-Control</td>
            </tr>
              
            <tr bgcolor="#e8e8e8">
                <td width="20%" class="indent2">Evidence</td><td width="80%">max-age=3600</td>
            </tr>
              
  
  
            <tr bgcolor="#e8e8e8">
                <td width="20%" class="indent1">URL</td><td width="80%">https://firefox.settings.services.mozilla.com/v1/buckets/main/collections/hijack-blocklists/records?_expected=1605801189258&amp;_sort=-last_modified&amp;_since=1572620201554</td>
            </tr>
              
            <tr bgcolor="#e8e8e8">
                <td width="20%" class="indent2">Method</td><td width="80%">GET</td>
            </tr>
              
            <tr bgcolor="#e8e8e8">
                <td width="20%" class="indent2">Parameter</td><td width="80%">Cache-Control</td>
            </tr>
              
            <tr bgcolor="#e8e8e8">
                <td width="20%" class="indent2">Evidence</td><td width="80%">max-age=3600</td>
            </tr>
              
  
  
            <tr bgcolor="#e8e8e8">
                <td width="20%" class="indent1">URL</td><td width="80%">https://firefox.settings.services.mozilla.com/v1/buckets/main/collections/message-groups/records?_expected=1595616291726&amp;_sort=-last_modified</td>
            </tr>
              
            <tr bgcolor="#e8e8e8">
                <td width="20%" class="indent2">Method</td><td width="80%">GET</td>
            </tr>
              
            <tr bgcolor="#e8e8e8">
                <td width="20%" class="indent2">Parameter</td><td width="80%">Cache-Control</td>
            </tr>
              
            <tr bgcolor="#e8e8e8">
                <td width="20%" class="indent2">Evidence</td><td width="80%">max-age=3600</td>
            </tr>
              
  
  
            <tr bgcolor="#e8e8e8">
                <td width="20%" class="indent1">URL</td><td width="80%">https://firefox.settings.services.mozilla.com/v1/buckets/main/collections/tippytop?_expected=1627481728329</td>
            </tr>
              
            <tr bgcolor="#e8e8e8">
                <td width="20%" class="indent2">Method</td><td width="80%">GET</td>
            </tr>
              
            <tr bgcolor="#e8e8e8">
                <td width="20%" class="indent2">Parameter</td><td width="80%">Cache-Control</td>
            </tr>
              
            <tr bgcolor="#e8e8e8">
                <td width="20%" class="indent2">Evidence</td><td width="80%">no-cache, no-store</td>
            </tr>
              
  
  
            <tr bgcolor="#e8e8e8">
                <td width="20%" class="indent1">URL</td><td width="80%">https://firefox.settings.services.mozilla.com/v1/buckets/main/collections/public-suffix-list/records?_expected=1575468539758&amp;_sort=-last_modified</td>
            </tr>
              
            <tr bgcolor="#e8e8e8">
                <td width="20%" class="indent2">Method</td><td width="80%">GET</td>
            </tr>
              
            <tr bgcolor="#e8e8e8">
                <td width="20%" class="indent2">Parameter</td><td width="80%">Cache-Control</td>
            </tr>
              
            <tr bgcolor="#e8e8e8">
                <td width="20%" class="indent2">Evidence</td><td width="80%">max-age=3600</td>
            </tr>
              
  
  
            <tr bgcolor="#e8e8e8">
                <td width="20%" class="indent1">URL</td><td width="80%">https://firefox.settings.services.mozilla.com/v1/buckets/monitor/collections/changes/records?collection=messaging-experiments&amp;bucket=main</td>
            </tr>
              
            <tr bgcolor="#e8e8e8">
                <td width="20%" class="indent2">Method</td><td width="80%">GET</td>
            </tr>
              
            <tr bgcolor="#e8e8e8">
                <td width="20%" class="indent2">Parameter</td><td width="80%">Cache-Control</td>
            </tr>
              
            <tr bgcolor="#e8e8e8">
                <td width="20%" class="indent2">Evidence</td><td width="80%">max-age=60</td>
            </tr>
              
  
  
            <tr bgcolor="#e8e8e8">
                <td width="20%" class="indent1">URL</td><td width="80%">https://firefox.settings.services.mozilla.com/v1/buckets/blocklists/collections/plugins/records?_expected=1603126502200&amp;_sort=-last_modified&amp;_since=1584379093300</td>
            </tr>
              
            <tr bgcolor="#e8e8e8">
                <td width="20%" class="indent2">Method</td><td width="80%">GET</td>
            </tr>
              
            <tr bgcolor="#e8e8e8">
                <td width="20%" class="indent2">Parameter</td><td width="80%">Cache-Control</td>
            </tr>
              
            <tr bgcolor="#e8e8e8">
                <td width="20%" class="indent2">Evidence</td><td width="80%">max-age=3600</td>
            </tr>
              
  
  
            <tr bgcolor="#e8e8e8">
                <td width="20%" class="indent1">URL</td><td width="80%">https://firefox.settings.services.mozilla.com/v1/buckets/security-state/collections/onecrl?_expected=1628187467330</td>
            </tr>
              
            <tr bgcolor="#e8e8e8">
                <td width="20%" class="indent2">Method</td><td width="80%">GET</td>
            </tr>
              
            <tr bgcolor="#e8e8e8">
                <td width="20%" class="indent2">Parameter</td><td width="80%">Cache-Control</td>
            </tr>
              
            <tr bgcolor="#e8e8e8">
                <td width="20%" class="indent2">Evidence</td><td width="80%">no-cache, no-store</td>
            </tr>
              
  
  
            <tr bgcolor="#e8e8e8">
                <td width="20%" class="indent1">URL</td><td width="80%">https://firefox.settings.services.mozilla.com/v1/buckets/blocklists/collections/gfx?_expected=1623195938349</td>
            </tr>
              
            <tr bgcolor="#e8e8e8">
                <td width="20%" class="indent2">Method</td><td width="80%">GET</td>
            </tr>
              
            <tr bgcolor="#e8e8e8">
                <td width="20%" class="indent2">Parameter</td><td width="80%">Cache-Control</td>
            </tr>
              
            <tr bgcolor="#e8e8e8">
                <td width="20%" class="indent2">Evidence</td><td width="80%">no-cache, no-store</td>
            </tr>
              
  
  
            <tr bgcolor="#e8e8e8">
                <td width="20%" class="indent1">URL</td><td width="80%">https://firefox.settings.services.mozilla.com/v1/buckets/main/collections/public-suffix-list?_expected=1575468539758</td>
            </tr>
              
            <tr bgcolor="#e8e8e8">
                <td width="20%" class="indent2">Method</td><td width="80%">GET</td>
            </tr>
              
            <tr bgcolor="#e8e8e8">
                <td width="20%" class="indent2">Parameter</td><td width="80%">Cache-Control</td>
            </tr>
              
            <tr bgcolor="#e8e8e8">
                <td width="20%" class="indent2">Evidence</td><td width="80%">no-cache, no-store</td>
            </tr>
              
  
  
            <tr bgcolor="#e8e8e8">
                <td width="20%" class="indent1">URL</td><td width="80%">https://firefox.settings.services.mozilla.com/v1/buckets/main/collections/cfr?_expected=1625839596878</td>
            </tr>
              
            <tr bgcolor="#e8e8e8">
                <td width="20%" class="indent2">Method</td><td width="80%">GET</td>
            </tr>
              
            <tr bgcolor="#e8e8e8">
                <td width="20%" class="indent2">Parameter</td><td width="80%">Cache-Control</td>
            </tr>
              
            <tr bgcolor="#e8e8e8">
                <td width="20%" class="indent2">Evidence</td><td width="80%">no-cache, no-store</td>
            </tr>
              
  
  
            <tr bgcolor="#e8e8e8">
                <td width="20%" class="indent1">URL</td><td width="80%">https://firefox.settings.services.mozilla.com/v1/buckets/main/collections/fxmonitor-breaches?_expected=1622732735407</td>
            </tr>
              
            <tr bgcolor="#e8e8e8">
                <td width="20%" class="indent2">Method</td><td width="80%">GET</td>
            </tr>
              
            <tr bgcolor="#e8e8e8">
                <td width="20%" class="indent2">Parameter</td><td width="80%">Cache-Control</td>
            </tr>
              
            <tr bgcolor="#e8e8e8">
                <td width="20%" class="indent2">Evidence</td><td width="80%">no-cache, no-store</td>
            </tr>
              
  
  
            <tr bgcolor="#e8e8e8">
                <td width="20%" class="indent1">URL</td><td width="80%">https://firefox.settings.services.mozilla.com/v1/buckets/security-state/collections/cert-revocations?_expected=1631887043584</td>
            </tr>
              
            <tr bgcolor="#e8e8e8">
                <td width="20%" class="indent2">Method</td><td width="80%">GET</td>
            </tr>
              
            <tr bgcolor="#e8e8e8">
                <td width="20%" class="indent2">Parameter</td><td width="80%">Cache-Control</td>
            </tr>
              
            <tr bgcolor="#e8e8e8">
                <td width="20%" class="indent2">Evidence</td><td width="80%">no-cache, no-store</td>
            </tr>
              
  
  
            <tr bgcolor="#e8e8e8">
                <td width="20%" class="indent1">URL</td><td width="80%">https://firefox.settings.services.mozilla.com/v1/buckets/main/collections/normandy-recipes-capabilities/records?_expected=1631813620074&amp;_sort=-last_modified</td>
            </tr>
              
            <tr bgcolor="#e8e8e8">
                <td width="20%" class="indent2">Method</td><td width="80%">GET</td>
            </tr>
              
            <tr bgcolor="#e8e8e8">
                <td width="20%" class="indent2">Parameter</td><td width="80%">Cache-Control</td>
            </tr>
              
            <tr bgcolor="#e8e8e8">
                <td width="20%" class="indent2">Evidence</td><td width="80%">max-age=3600</td>
            </tr>
              
  
  
            <tr bgcolor="#e8e8e8">
                <td width="20%" class="indent1">URL</td><td width="80%">https://firefox.settings.services.mozilla.com/v1/buckets/main/collections/sites-classification?_expected=1544035467383</td>
            </tr>
              
            <tr bgcolor="#e8e8e8">
                <td width="20%" class="indent2">Method</td><td width="80%">GET</td>
            </tr>
              
            <tr bgcolor="#e8e8e8">
                <td width="20%" class="indent2">Parameter</td><td width="80%">Cache-Control</td>
            </tr>
              
            <tr bgcolor="#e8e8e8">
                <td width="20%" class="indent2">Evidence</td><td width="80%">no-cache, no-store</td>
            </tr>
              
  
  
            <tr bgcolor="#e8e8e8">
                <td width="20%" class="indent1">URL</td><td width="80%">https://firefox.settings.services.mozilla.com/v1/buckets/main/collections/url-classifier-skip-urls?_expected=1606870304609</td>
            </tr>
              
            <tr bgcolor="#e8e8e8">
                <td width="20%" class="indent2">Method</td><td width="80%">GET</td>
            </tr>
              
            <tr bgcolor="#e8e8e8">
                <td width="20%" class="indent2">Parameter</td><td width="80%">Cache-Control</td>
            </tr>
              
            <tr bgcolor="#e8e8e8">
                <td width="20%" class="indent2">Evidence</td><td width="80%">no-cache, no-store</td>
            </tr>
              
  
  
            <tr bgcolor="#e8e8e8">
                <td width="20%" class="indent1">URL</td><td width="80%">https://firefox.settings.services.mozilla.com/v1/buckets/main/collections/cfr/records?_expected=1625839596878&amp;_sort=-last_modified</td>
            </tr>
              
            <tr bgcolor="#e8e8e8">
                <td width="20%" class="indent2">Method</td><td width="80%">GET</td>
            </tr>
              
            <tr bgcolor="#e8e8e8">
                <td width="20%" class="indent2">Parameter</td><td width="80%">Cache-Control</td>
            </tr>
              
            <tr bgcolor="#e8e8e8">
                <td width="20%" class="indent2">Evidence</td><td width="80%">max-age=3600</td>
            </tr>
              
  
  
            <tr bgcolor="#e8e8e8">
                <td width="20%">Instances</td><td width="80%">42</td>
            </tr>
              
            <tr bgcolor="#e8e8e8">
                <td width="20%">Solution</td><td width="80%"><p>Whenever possible ensure the cache-control HTTP header is set with no-cache, no-store, must-revalidate.</p></td>
            </tr>
              
            <tr bgcolor="#e8e8e8">
                <td width="20%">Reference</td><td width="80%"><p>https://cheatsheetseries.owasp.org/cheatsheets/Session_Management_Cheat_Sheet.html#web-content-caching</p><p>https://developer.mozilla.org/en-US/docs/Web/HTTP/Headers/Cache-Control</p></td>
            </tr>
              
            <tr bgcolor="#e8e8e8">
                <td width="20%">CWE Id</td><td width="80%">525</td>
            </tr>
              
            <tr bgcolor="#e8e8e8">
                <td width="20%">WASC Id</td><td width="80%">13</td>
            </tr>
              
            <tr bgcolor="#e8e8e8">
                <td width="20%">Source ID</td><td width="80%">3</td>
            </tr>
            
        </table>
        <div class="spacer"></div>
        <table width="100%" class="results">
              
  
  
  
            <tr height="24" class="risk-low">
                <a name="low"></a><th width="20%">Low (Medium)</th><th width="80%">Incomplete or No Cache-control Header Set</th>
            </tr>
              
  
  
  
            <tr bgcolor="#e8e8e8">
                <td width="20%">Description</td><td width="80%"><p>The cache-control header has not been set properly or is missing, allowing the browser and proxies to cache content.</p></td>
            </tr>
            <TR vAlign="top">
                <TD colspan="2"></TD>
            </TR>
              
  
  
            <tr bgcolor="#e8e8e8">
                <td width="20%" class="indent1">URL</td><td width="80%">https://snippets.cdn.mozilla.net/us-west/bundles-pregen/Firefox/es-es/default.json</td>
            </tr>
              
            <tr bgcolor="#e8e8e8">
                <td width="20%" class="indent2">Method</td><td width="80%">GET</td>
            </tr>
              
            <tr bgcolor="#e8e8e8">
                <td width="20%" class="indent2">Parameter</td><td width="80%">Cache-Control</td>
            </tr>
              
            <tr bgcolor="#e8e8e8">
                <td width="20%" class="indent2">Evidence</td><td width="80%">max-age=600</td>
            </tr>
              
  
  
            <tr bgcolor="#e8e8e8">
                <td width="20%">Instances</td><td width="80%">1</td>
            </tr>
              
            <tr bgcolor="#e8e8e8">
                <td width="20%">Solution</td><td width="80%"><p>Whenever possible ensure the cache-control HTTP header is set with no-cache, no-store, must-revalidate.</p></td>
            </tr>
              
            <tr bgcolor="#e8e8e8">
                <td width="20%">Reference</td><td width="80%"><p>https://cheatsheetseries.owasp.org/cheatsheets/Session_Management_Cheat_Sheet.html#web-content-caching</p><p>https://developer.mozilla.org/en-US/docs/Web/HTTP/Headers/Cache-Control</p></td>
            </tr>
              
            <tr bgcolor="#e8e8e8">
                <td width="20%">CWE Id</td><td width="80%">525</td>
            </tr>
              
            <tr bgcolor="#e8e8e8">
                <td width="20%">WASC Id</td><td width="80%">13</td>
            </tr>
              
            <tr bgcolor="#e8e8e8">
                <td width="20%">Source ID</td><td width="80%">3</td>
            </tr>
            
        </table>
        <div class="spacer"></div>
        <table width="100%" class="results">
              
  
  
  
            <tr height="24" class="risk-low">
                <a name="low"></a><th width="20%">Low (Medium)</th><th width="80%">Server Leaks Information via "X-Powered-By" HTTP Response Header Field(s)</th>
            </tr>
              
  
  
  
            <tr bgcolor="#e8e8e8">
                <td width="20%">Description</td><td width="80%"><p>The web/application server is leaking information via one or more "X-Powered-By" HTTP response headers. Access to such information may facilitate attackers identifying other frameworks/components your web application is reliant upon and the vulnerabilities such components may be subject to.</p></td>
            </tr>
            <TR vAlign="top">
                <TD colspan="2"></TD>
            </TR>
              
  
  
            <tr bgcolor="#e8e8e8">
                <td width="20%" class="indent1">URL</td><td width="80%">https://analytic.rollout.io/impression/5d5a503b2385ac15e39b6051</td>
            </tr>
              
            <tr bgcolor="#e8e8e8">
                <td width="20%" class="indent2">Method</td><td width="80%">OPTIONS</td>
            </tr>
              
            <tr bgcolor="#e8e8e8">
                <td width="20%" class="indent2">Evidence</td><td width="80%">X-Powered-By: Express</td>
            </tr>
              
  
  
            <tr bgcolor="#e8e8e8">
                <td width="20%" class="indent1">URL</td><td width="80%">https://analytic.rollout.io/impression/5d5a503b2385ac15e39b6051</td>
            </tr>
              
            <tr bgcolor="#e8e8e8">
                <td width="20%" class="indent2">Method</td><td width="80%">POST</td>
            </tr>
              
            <tr bgcolor="#e8e8e8">
                <td width="20%" class="indent2">Evidence</td><td width="80%">X-Powered-By: Express</td>
            </tr>
              
  
  
            <tr bgcolor="#e8e8e8">
                <td width="20%">Instances</td><td width="80%">2</td>
            </tr>
              
            <tr bgcolor="#e8e8e8">
                <td width="20%">Solution</td><td width="80%"><p>Ensure that your web server, application server, load balancer, etc. is configured to suppress "X-Powered-By" headers.</p></td>
            </tr>
              
            <tr bgcolor="#e8e8e8">
                <td width="20%">Reference</td><td width="80%"><p>http://blogs.msdn.com/b/varunm/archive/2013/04/23/remove-unwanted-http-response-headers.aspx</p><p>http://www.troyhunt.com/2012/02/shhh-dont-let-your-response-headers.html</p></td>
            </tr>
              
            <tr bgcolor="#e8e8e8">
                <td width="20%">CWE Id</td><td width="80%">200</td>
            </tr>
              
            <tr bgcolor="#e8e8e8">
                <td width="20%">WASC Id</td><td width="80%">13</td>
            </tr>
              
            <tr bgcolor="#e8e8e8">
                <td width="20%">Source ID</td><td width="80%">3</td>
            </tr>
            
        </table>
        <div class="spacer"></div>
        <table width="100%" class="results">
              
  
  
  
            <tr height="24" class="risk-low">
                <a name="low"></a><th width="20%">Low (Medium)</th><th width="80%">X-Content-Type-Options Header Missing</th>
            </tr>
              
  
  
  
            <tr bgcolor="#e8e8e8">
                <td width="20%">Description</td><td width="80%"><p>The Anti-MIME-Sniffing header X-Content-Type-Options was not set to 'nosniff'. This allows older versions of Internet Explorer and Chrome to perform MIME-sniffing on the response body, potentially causing the response body to be interpreted and displayed as a content type other than the declared content type. Current (early 2014) and legacy versions of Firefox will use the declared content type (if one is set), rather than performing MIME-sniffing.</p></td>
            </tr>
            <TR vAlign="top">
                <TD colspan="2"></TD>
            </TR>
              
  
  
            <tr bgcolor="#e8e8e8">
                <td width="20%" class="indent1">URL</td><td width="80%">http://detectportal.firefox.com/success.txt?ipv4</td>
            </tr>
              
            <tr bgcolor="#e8e8e8">
                <td width="20%" class="indent2">Method</td><td width="80%">GET</td>
            </tr>
              
            <tr bgcolor="#e8e8e8">
                <td width="20%" class="indent2">Parameter</td><td width="80%">X-Content-Type-Options</td>
            </tr>
              
  
  
            <tr bgcolor="#e8e8e8">
                <td width="20%">Instances</td><td width="80%">1</td>
            </tr>
              
            <tr bgcolor="#e8e8e8">
                <td width="20%">Solution</td><td width="80%"><p>Ensure that the application/web server sets the Content-Type header appropriately, and that it sets the X-Content-Type-Options header to 'nosniff' for all web pages.</p><p>If possible, ensure that the end user uses a standards-compliant and modern web browser that does not perform MIME-sniffing at all, or that can be directed by the web application/web server to not perform MIME-sniffing.</p></td>
            </tr>
              
            <tr bgcolor="#e8e8e8">
                <td width="20%">Other information</td><td width="80%"><p>This issue still applies to error type pages (401, 403, 500, etc.) as those pages are often still affected by injection issues, in which case there is still concern for browsers sniffing pages away from their actual content type.</p><p>At "High" threshold this scan rule will not alert on client or server error responses.</p></td>
            </tr>
            <TR vAlign="top">
                <TD colspan="2"></TD>
            </TR>
              
            <tr bgcolor="#e8e8e8">
                <td width="20%">Reference</td><td width="80%"><p>http://msdn.microsoft.com/en-us/library/ie/gg622941%28v=vs.85%29.aspx</p><p>https://owasp.org/www-community/Security_Headers</p></td>
            </tr>
              
            <tr bgcolor="#e8e8e8">
                <td width="20%">CWE Id</td><td width="80%">693</td>
            </tr>
              
            <tr bgcolor="#e8e8e8">
                <td width="20%">WASC Id</td><td width="80%">15</td>
            </tr>
              
            <tr bgcolor="#e8e8e8">
                <td width="20%">Source ID</td><td width="80%">3</td>
            </tr>
            
        </table>
        <div class="spacer"></div>
        <table width="100%" class="results">
              
  
  
  
            <tr height="24" class="risk-low">
                <a name="low"></a><th width="20%">Low (Medium)</th><th width="80%">X-Content-Type-Options Header Missing</th>
            </tr>
              
  
  
  
            <tr bgcolor="#e8e8e8">
                <td width="20%">Description</td><td width="80%"><p>The Anti-MIME-Sniffing header X-Content-Type-Options was not set to 'nosniff'. This allows older versions of Internet Explorer and Chrome to perform MIME-sniffing on the response body, potentially causing the response body to be interpreted and displayed as a content type other than the declared content type. Current (early 2014) and legacy versions of Firefox will use the declared content type (if one is set), rather than performing MIME-sniffing.</p></td>
            </tr>
            <TR vAlign="top">
                <TD colspan="2"></TD>
            </TR>
              
  
  
            <tr bgcolor="#e8e8e8">
                <td width="20%" class="indent1">URL</td><td width="80%">https://tracking-protection.cdn.mozilla.net/block-flash-digest256/1604686195</td>
            </tr>
              
            <tr bgcolor="#e8e8e8">
                <td width="20%" class="indent2">Method</td><td width="80%">GET</td>
            </tr>
              
            <tr bgcolor="#e8e8e8">
                <td width="20%" class="indent2">Parameter</td><td width="80%">X-Content-Type-Options</td>
            </tr>
              
  
  
            <tr bgcolor="#e8e8e8">
                <td width="20%" class="indent1">URL</td><td width="80%">https://tracking-protection.cdn.mozilla.net/except-flashallow-digest256/1490633678</td>
            </tr>
              
            <tr bgcolor="#e8e8e8">
                <td width="20%" class="indent2">Method</td><td width="80%">GET</td>
            </tr>
              
            <tr bgcolor="#e8e8e8">
                <td width="20%" class="indent2">Parameter</td><td width="80%">X-Content-Type-Options</td>
            </tr>
              
  
  
            <tr bgcolor="#e8e8e8">
                <td width="20%" class="indent1">URL</td><td width="80%">https://tracking-protection.cdn.mozilla.net/base-cryptomining-track-digest256/76.0/1604686195</td>
            </tr>
              
            <tr bgcolor="#e8e8e8">
                <td width="20%" class="indent2">Method</td><td width="80%">GET</td>
            </tr>
              
            <tr bgcolor="#e8e8e8">
                <td width="20%" class="indent2">Parameter</td><td width="80%">X-Content-Type-Options</td>
            </tr>
              
  
  
            <tr bgcolor="#e8e8e8">
                <td width="20%" class="indent1">URL</td><td width="80%">https://tracking-protection.cdn.mozilla.net/social-tracking-protection-linkedin-digest256/76.0/1586291909</td>
            </tr>
              
            <tr bgcolor="#e8e8e8">
                <td width="20%" class="indent2">Method</td><td width="80%">GET</td>
            </tr>
              
            <tr bgcolor="#e8e8e8">
                <td width="20%" class="indent2">Parameter</td><td width="80%">X-Content-Type-Options</td>
            </tr>
              
  
  
            <tr bgcolor="#e8e8e8">
                <td width="20%" class="indent1">URL</td><td width="80%">https://tracking-protection.cdn.mozilla.net/except-flashsubdoc-digest256/1517935265</td>
            </tr>
              
            <tr bgcolor="#e8e8e8">
                <td width="20%" class="indent2">Method</td><td width="80%">GET</td>
            </tr>
              
            <tr bgcolor="#e8e8e8">
                <td width="20%" class="indent2">Parameter</td><td width="80%">X-Content-Type-Options</td>
            </tr>
              
  
  
            <tr bgcolor="#e8e8e8">
                <td width="20%" class="indent1">URL</td><td width="80%">https://tracking-protection.cdn.mozilla.net/base-fingerprinting-track-digest256/76.0/1622144062</td>
            </tr>
              
            <tr bgcolor="#e8e8e8">
                <td width="20%" class="indent2">Method</td><td width="80%">GET</td>
            </tr>
              
            <tr bgcolor="#e8e8e8">
                <td width="20%" class="indent2">Parameter</td><td width="80%">X-Content-Type-Options</td>
            </tr>
              
  
  
            <tr bgcolor="#e8e8e8">
                <td width="20%" class="indent1">URL</td><td width="80%">https://tracking-protection.cdn.mozilla.net/block-flashsubdoc-digest256/1604686195</td>
            </tr>
              
            <tr bgcolor="#e8e8e8">
                <td width="20%" class="indent2">Method</td><td width="80%">GET</td>
            </tr>
              
            <tr bgcolor="#e8e8e8">
                <td width="20%" class="indent2">Parameter</td><td width="80%">X-Content-Type-Options</td>
            </tr>
              
  
  
            <tr bgcolor="#e8e8e8">
                <td width="20%" class="indent1">URL</td><td width="80%">https://tracking-protection.cdn.mozilla.net/analytics-track-digest256/76.0/1604686195</td>
            </tr>
              
            <tr bgcolor="#e8e8e8">
                <td width="20%" class="indent2">Method</td><td width="80%">GET</td>
            </tr>
              
            <tr bgcolor="#e8e8e8">
                <td width="20%" class="indent2">Parameter</td><td width="80%">X-Content-Type-Options</td>
            </tr>
              
  
  
            <tr bgcolor="#e8e8e8">
                <td width="20%" class="indent1">URL</td><td width="80%">https://tracking-protection.cdn.mozilla.net/social-tracking-protection-facebook-digest256/76.0/1604686195</td>
            </tr>
              
            <tr bgcolor="#e8e8e8">
                <td width="20%" class="indent2">Method</td><td width="80%">GET</td>
            </tr>
              
            <tr bgcolor="#e8e8e8">
                <td width="20%" class="indent2">Parameter</td><td width="80%">X-Content-Type-Options</td>
            </tr>
              
  
  
            <tr bgcolor="#e8e8e8">
                <td width="20%" class="indent1">URL</td><td width="80%">https://tracking-protection.cdn.mozilla.net/social-tracking-protection-twitter-digest256/76.0/1604686195</td>
            </tr>
              
            <tr bgcolor="#e8e8e8">
                <td width="20%" class="indent2">Method</td><td width="80%">GET</td>
            </tr>
              
            <tr bgcolor="#e8e8e8">
                <td width="20%" class="indent2">Parameter</td><td width="80%">X-Content-Type-Options</td>
            </tr>
              
  
  
            <tr bgcolor="#e8e8e8">
                <td width="20%" class="indent1">URL</td><td width="80%">https://tracking-protection.cdn.mozilla.net/social-track-digest256/76.0/1604686195</td>
            </tr>
              
            <tr bgcolor="#e8e8e8">
                <td width="20%" class="indent2">Method</td><td width="80%">GET</td>
            </tr>
              
            <tr bgcolor="#e8e8e8">
                <td width="20%" class="indent2">Parameter</td><td width="80%">X-Content-Type-Options</td>
            </tr>
              
  
  
            <tr bgcolor="#e8e8e8">
                <td width="20%" class="indent1">URL</td><td width="80%">https://tracking-protection.cdn.mozilla.net/google-trackwhite-digest256/76.0/1604686195</td>
            </tr>
              
            <tr bgcolor="#e8e8e8">
                <td width="20%" class="indent2">Method</td><td width="80%">GET</td>
            </tr>
              
            <tr bgcolor="#e8e8e8">
                <td width="20%" class="indent2">Parameter</td><td width="80%">X-Content-Type-Options</td>
            </tr>
              
  
  
            <tr bgcolor="#e8e8e8">
                <td width="20%" class="indent1">URL</td><td width="80%">https://tracking-protection.cdn.mozilla.net/content-track-digest256/76.0/1611615822</td>
            </tr>
              
            <tr bgcolor="#e8e8e8">
                <td width="20%" class="indent2">Method</td><td width="80%">GET</td>
            </tr>
              
            <tr bgcolor="#e8e8e8">
                <td width="20%" class="indent2">Parameter</td><td width="80%">X-Content-Type-Options</td>
            </tr>
              
  
  
            <tr bgcolor="#e8e8e8">
                <td width="20%" class="indent1">URL</td><td width="80%">https://tracking-protection.cdn.mozilla.net/except-flash-digest256/1604686195</td>
            </tr>
              
            <tr bgcolor="#e8e8e8">
                <td width="20%" class="indent2">Method</td><td width="80%">GET</td>
            </tr>
              
            <tr bgcolor="#e8e8e8">
                <td width="20%" class="indent2">Parameter</td><td width="80%">X-Content-Type-Options</td>
            </tr>
              
  
  
            <tr bgcolor="#e8e8e8">
                <td width="20%" class="indent1">URL</td><td width="80%">https://tracking-protection.cdn.mozilla.net/allow-flashallow-digest256/1490633678</td>
            </tr>
              
            <tr bgcolor="#e8e8e8">
                <td width="20%" class="indent2">Method</td><td width="80%">GET</td>
            </tr>
              
            <tr bgcolor="#e8e8e8">
                <td width="20%" class="indent2">Parameter</td><td width="80%">X-Content-Type-Options</td>
            </tr>
              
  
  
            <tr bgcolor="#e8e8e8">
                <td width="20%" class="indent1">URL</td><td width="80%">https://tracking-protection.cdn.mozilla.net/mozstd-trackwhite-digest256/76.0/1626816873</td>
            </tr>
              
            <tr bgcolor="#e8e8e8">
                <td width="20%" class="indent2">Method</td><td width="80%">GET</td>
            </tr>
              
            <tr bgcolor="#e8e8e8">
                <td width="20%" class="indent2">Parameter</td><td width="80%">X-Content-Type-Options</td>
            </tr>
              
  
  
            <tr bgcolor="#e8e8e8">
                <td width="20%" class="indent1">URL</td><td width="80%">https://tracking-protection.cdn.mozilla.net/ads-track-digest256/76.0/1611615822</td>
            </tr>
              
            <tr bgcolor="#e8e8e8">
                <td width="20%" class="indent2">Method</td><td width="80%">GET</td>
            </tr>
              
            <tr bgcolor="#e8e8e8">
                <td width="20%" class="indent2">Parameter</td><td width="80%">X-Content-Type-Options</td>
            </tr>
              
  
  
            <tr bgcolor="#e8e8e8">
                <td width="20%">Instances</td><td width="80%">17</td>
            </tr>
              
            <tr bgcolor="#e8e8e8">
                <td width="20%">Solution</td><td width="80%"><p>Ensure that the application/web server sets the Content-Type header appropriately, and that it sets the X-Content-Type-Options header to 'nosniff' for all web pages.</p><p>If possible, ensure that the end user uses a standards-compliant and modern web browser that does not perform MIME-sniffing at all, or that can be directed by the web application/web server to not perform MIME-sniffing.</p></td>
            </tr>
              
            <tr bgcolor="#e8e8e8">
                <td width="20%">Other information</td><td width="80%"><p>This issue still applies to error type pages (401, 403, 500, etc.) as those pages are often still affected by injection issues, in which case there is still concern for browsers sniffing pages away from their actual content type.</p><p>At "High" threshold this scan rule will not alert on client or server error responses.</p></td>
            </tr>
            <TR vAlign="top">
                <TD colspan="2"></TD>
            </TR>
              
            <tr bgcolor="#e8e8e8">
                <td width="20%">Reference</td><td width="80%"><p>http://msdn.microsoft.com/en-us/library/ie/gg622941%28v=vs.85%29.aspx</p><p>https://owasp.org/www-community/Security_Headers</p></td>
            </tr>
              
            <tr bgcolor="#e8e8e8">
                <td width="20%">CWE Id</td><td width="80%">693</td>
            </tr>
              
            <tr bgcolor="#e8e8e8">
                <td width="20%">WASC Id</td><td width="80%">15</td>
            </tr>
              
            <tr bgcolor="#e8e8e8">
                <td width="20%">Source ID</td><td width="80%">3</td>
            </tr>
            
        </table>
        <div class="spacer"></div>
        <table width="100%" class="results">
              
  
  
  
            <tr height="24" class="risk-low">
                <a name="low"></a><th width="20%">Low (Medium)</th><th width="80%">X-Content-Type-Options Header Missing</th>
            </tr>
              
  
  
  
            <tr bgcolor="#e8e8e8">
                <td width="20%">Description</td><td width="80%"><p>The Anti-MIME-Sniffing header X-Content-Type-Options was not set to 'nosniff'. This allows older versions of Internet Explorer and Chrome to perform MIME-sniffing on the response body, potentially causing the response body to be interpreted and displayed as a content type other than the declared content type. Current (early 2014) and legacy versions of Firefox will use the declared content type (if one is set), rather than performing MIME-sniffing.</p></td>
            </tr>
            <TR vAlign="top">
                <TD colspan="2"></TD>
            </TR>
              
  
  
            <tr bgcolor="#e8e8e8">
                <td width="20%" class="indent1">URL</td><td width="80%">https://shavar.services.mozilla.com/downloads?client=navclient-auto-ffox&amp;appver=76.0&amp;pver=2.2</td>
            </tr>
              
            <tr bgcolor="#e8e8e8">
                <td width="20%" class="indent2">Method</td><td width="80%">POST</td>
            </tr>
              
            <tr bgcolor="#e8e8e8">
                <td width="20%" class="indent2">Parameter</td><td width="80%">X-Content-Type-Options</td>
            </tr>
              
  
  
            <tr bgcolor="#e8e8e8">
                <td width="20%">Instances</td><td width="80%">1</td>
            </tr>
              
            <tr bgcolor="#e8e8e8">
                <td width="20%">Solution</td><td width="80%"><p>Ensure that the application/web server sets the Content-Type header appropriately, and that it sets the X-Content-Type-Options header to 'nosniff' for all web pages.</p><p>If possible, ensure that the end user uses a standards-compliant and modern web browser that does not perform MIME-sniffing at all, or that can be directed by the web application/web server to not perform MIME-sniffing.</p></td>
            </tr>
              
            <tr bgcolor="#e8e8e8">
                <td width="20%">Other information</td><td width="80%"><p>This issue still applies to error type pages (401, 403, 500, etc.) as those pages are often still affected by injection issues, in which case there is still concern for browsers sniffing pages away from their actual content type.</p><p>At "High" threshold this scan rule will not alert on client or server error responses.</p></td>
            </tr>
            <TR vAlign="top">
                <TD colspan="2"></TD>
            </TR>
              
            <tr bgcolor="#e8e8e8">
                <td width="20%">Reference</td><td width="80%"><p>http://msdn.microsoft.com/en-us/library/ie/gg622941%28v=vs.85%29.aspx</p><p>https://owasp.org/www-community/Security_Headers</p></td>
            </tr>
              
            <tr bgcolor="#e8e8e8">
                <td width="20%">CWE Id</td><td width="80%">693</td>
            </tr>
              
            <tr bgcolor="#e8e8e8">
                <td width="20%">WASC Id</td><td width="80%">15</td>
            </tr>
              
            <tr bgcolor="#e8e8e8">
                <td width="20%">Source ID</td><td width="80%">3</td>
            </tr>
            
        </table>
        <div class="spacer"></div>
        <table width="100%" class="results">
              
  
  
  
            <tr height="24" class="risk-low">
                <a name="low"></a><th width="20%">Low (Medium)</th><th width="80%">X-Content-Type-Options Header Missing</th>
            </tr>
              
  
  
  
            <tr bgcolor="#e8e8e8">
                <td width="20%">Description</td><td width="80%"><p>The Anti-MIME-Sniffing header X-Content-Type-Options was not set to 'nosniff'. This allows older versions of Internet Explorer and Chrome to perform MIME-sniffing on the response body, potentially causing the response body to be interpreted and displayed as a content type other than the declared content type. Current (early 2014) and legacy versions of Firefox will use the declared content type (if one is set), rather than performing MIME-sniffing.</p></td>
            </tr>
            <TR vAlign="top">
                <TD colspan="2"></TD>
            </TR>
              
  
  
            <tr bgcolor="#e8e8e8">
                <td width="20%" class="indent1">URL</td><td width="80%">https://analytic.rollout.io/impression/5d5a503b2385ac15e39b6051</td>
            </tr>
              
            <tr bgcolor="#e8e8e8">
                <td width="20%" class="indent2">Method</td><td width="80%">OPTIONS</td>
            </tr>
              
            <tr bgcolor="#e8e8e8">
                <td width="20%" class="indent2">Parameter</td><td width="80%">X-Content-Type-Options</td>
            </tr>
              
  
  
            <tr bgcolor="#e8e8e8">
                <td width="20%" class="indent1">URL</td><td width="80%">https://analytic.rollout.io/impression/5d5a503b2385ac15e39b6051</td>
            </tr>
              
            <tr bgcolor="#e8e8e8">
                <td width="20%" class="indent2">Method</td><td width="80%">POST</td>
            </tr>
              
            <tr bgcolor="#e8e8e8">
                <td width="20%" class="indent2">Parameter</td><td width="80%">X-Content-Type-Options</td>
            </tr>
              
  
  
            <tr bgcolor="#e8e8e8">
                <td width="20%">Instances</td><td width="80%">2</td>
            </tr>
              
            <tr bgcolor="#e8e8e8">
                <td width="20%">Solution</td><td width="80%"><p>Ensure that the application/web server sets the Content-Type header appropriately, and that it sets the X-Content-Type-Options header to 'nosniff' for all web pages.</p><p>If possible, ensure that the end user uses a standards-compliant and modern web browser that does not perform MIME-sniffing at all, or that can be directed by the web application/web server to not perform MIME-sniffing.</p></td>
            </tr>
              
            <tr bgcolor="#e8e8e8">
                <td width="20%">Other information</td><td width="80%"><p>This issue still applies to error type pages (401, 403, 500, etc.) as those pages are often still affected by injection issues, in which case there is still concern for browsers sniffing pages away from their actual content type.</p><p>At "High" threshold this scan rule will not alert on client or server error responses.</p></td>
            </tr>
            <TR vAlign="top">
                <TD colspan="2"></TD>
            </TR>
              
            <tr bgcolor="#e8e8e8">
                <td width="20%">Reference</td><td width="80%"><p>http://msdn.microsoft.com/en-us/library/ie/gg622941%28v=vs.85%29.aspx</p><p>https://owasp.org/www-community/Security_Headers</p></td>
            </tr>
              
            <tr bgcolor="#e8e8e8">
                <td width="20%">CWE Id</td><td width="80%">693</td>
            </tr>
              
            <tr bgcolor="#e8e8e8">
                <td width="20%">WASC Id</td><td width="80%">15</td>
            </tr>
              
            <tr bgcolor="#e8e8e8">
                <td width="20%">Source ID</td><td width="80%">3</td>
            </tr>
            
        </table>
        <div class="spacer"></div>
        <table width="100%" class="results">
              
  
  
  
            <tr height="24" class="risk-low">
                <a name="low"></a><th width="20%">Low (Medium)</th><th width="80%">X-Content-Type-Options Header Missing</th>
            </tr>
              
  
  
  
            <tr bgcolor="#e8e8e8">
                <td width="20%">Description</td><td width="80%"><p>The Anti-MIME-Sniffing header X-Content-Type-Options was not set to 'nosniff'. This allows older versions of Internet Explorer and Chrome to perform MIME-sniffing on the response body, potentially causing the response body to be interpreted and displayed as a content type other than the declared content type. Current (early 2014) and legacy versions of Firefox will use the declared content type (if one is set), rather than performing MIME-sniffing.</p></td>
            </tr>
            <TR vAlign="top">
                <TD colspan="2"></TD>
            </TR>
              
  
  
            <tr bgcolor="#e8e8e8">
                <td width="20%" class="indent1">URL</td><td width="80%">https://conf.rollout.io/5d5a503b2385ac15e39b6051/b859f67c45a8580d78dd322613358fe4?distinct_id=2d1f2b2c-09de-4a4a-8771-bb8a6f9e4758</td>
            </tr>
              
            <tr bgcolor="#e8e8e8">
                <td width="20%" class="indent2">Method</td><td width="80%">GET</td>
            </tr>
              
            <tr bgcolor="#e8e8e8">
                <td width="20%" class="indent2">Parameter</td><td width="80%">X-Content-Type-Options</td>
            </tr>
              
  
  
            <tr bgcolor="#e8e8e8">
                <td width="20%" class="indent1">URL</td><td width="80%">https://conf.rollout.io/5d5a503b2385ac15e39b6051/b859f67c45a8580d78dd322613358fe4?distinct_id=c0febc59-715c-42d9-b60b-e9951851284e</td>
            </tr>
              
            <tr bgcolor="#e8e8e8">
                <td width="20%" class="indent2">Method</td><td width="80%">GET</td>
            </tr>
              
            <tr bgcolor="#e8e8e8">
                <td width="20%" class="indent2">Parameter</td><td width="80%">X-Content-Type-Options</td>
            </tr>
              
  
  
            <tr bgcolor="#e8e8e8">
                <td width="20%" class="indent1">URL</td><td width="80%">https://conf.rollout.io/5d5a503b2385ac15e39b6051/b859f67c45a8580d78dd322613358fe4?distinct_id=dc0eb47b-22aa-4fcc-8620-09dd8b158809</td>
            </tr>
              
            <tr bgcolor="#e8e8e8">
                <td width="20%" class="indent2">Method</td><td width="80%">GET</td>
            </tr>
              
            <tr bgcolor="#e8e8e8">
                <td width="20%" class="indent2">Parameter</td><td width="80%">X-Content-Type-Options</td>
            </tr>
              
  
  
            <tr bgcolor="#e8e8e8">
                <td width="20%" class="indent1">URL</td><td width="80%">https://conf.rollout.io/5d5a503b2385ac15e39b6051/b859f67c45a8580d78dd322613358fe4?distinct_id=9552f91f-9fe7-4987-a399-be5f6adcd80b</td>
            </tr>
              
            <tr bgcolor="#e8e8e8">
                <td width="20%" class="indent2">Method</td><td width="80%">GET</td>
            </tr>
              
            <tr bgcolor="#e8e8e8">
                <td width="20%" class="indent2">Parameter</td><td width="80%">X-Content-Type-Options</td>
            </tr>
              
  
  
            <tr bgcolor="#e8e8e8">
                <td width="20%">Instances</td><td width="80%">4</td>
            </tr>
              
            <tr bgcolor="#e8e8e8">
                <td width="20%">Solution</td><td width="80%"><p>Ensure that the application/web server sets the Content-Type header appropriately, and that it sets the X-Content-Type-Options header to 'nosniff' for all web pages.</p><p>If possible, ensure that the end user uses a standards-compliant and modern web browser that does not perform MIME-sniffing at all, or that can be directed by the web application/web server to not perform MIME-sniffing.</p></td>
            </tr>
              
            <tr bgcolor="#e8e8e8">
                <td width="20%">Other information</td><td width="80%"><p>This issue still applies to error type pages (401, 403, 500, etc.) as those pages are often still affected by injection issues, in which case there is still concern for browsers sniffing pages away from their actual content type.</p><p>At "High" threshold this scan rule will not alert on client or server error responses.</p></td>
            </tr>
            <TR vAlign="top">
                <TD colspan="2"></TD>
            </TR>
              
            <tr bgcolor="#e8e8e8">
                <td width="20%">Reference</td><td width="80%"><p>http://msdn.microsoft.com/en-us/library/ie/gg622941%28v=vs.85%29.aspx</p><p>https://owasp.org/www-community/Security_Headers</p></td>
            </tr>
              
            <tr bgcolor="#e8e8e8">
                <td width="20%">CWE Id</td><td width="80%">693</td>
            </tr>
              
            <tr bgcolor="#e8e8e8">
                <td width="20%">WASC Id</td><td width="80%">15</td>
            </tr>
              
            <tr bgcolor="#e8e8e8">
                <td width="20%">Source ID</td><td width="80%">3</td>
            </tr>
            
        </table>
        <div class="spacer"></div>
        <table width="100%" class="results">
              
  
  
  
            <tr height="24" class="risk-low">
                <a name="low"></a><th width="20%">Low (Medium)</th><th width="80%">X-Content-Type-Options Header Missing</th>
            </tr>
              
  
  
  
            <tr bgcolor="#e8e8e8">
                <td width="20%">Description</td><td width="80%"><p>The Anti-MIME-Sniffing header X-Content-Type-Options was not set to 'nosniff'. This allows older versions of Internet Explorer and Chrome to perform MIME-sniffing on the response body, potentially causing the response body to be interpreted and displayed as a content type other than the declared content type. Current (early 2014) and legacy versions of Firefox will use the declared content type (if one is set), rather than performing MIME-sniffing.</p></td>
            </tr>
            <TR vAlign="top">
                <TD colspan="2"></TD>
            </TR>
              
  
  
            <tr bgcolor="#e8e8e8">
                <td width="20%" class="indent1">URL</td><td width="80%">https://statestore.rollout.io/5d5a503b2385ac15e39b6051/d9d56b90bcec6b76c8189066452cdbd0</td>
            </tr>
              
            <tr bgcolor="#e8e8e8">
                <td width="20%" class="indent2">Method</td><td width="80%">GET</td>
            </tr>
              
            <tr bgcolor="#e8e8e8">
                <td width="20%" class="indent2">Parameter</td><td width="80%">X-Content-Type-Options</td>
            </tr>
              
  
  
            <tr bgcolor="#e8e8e8">
                <td width="20%">Instances</td><td width="80%">1</td>
            </tr>
              
            <tr bgcolor="#e8e8e8">
                <td width="20%">Solution</td><td width="80%"><p>Ensure that the application/web server sets the Content-Type header appropriately, and that it sets the X-Content-Type-Options header to 'nosniff' for all web pages.</p><p>If possible, ensure that the end user uses a standards-compliant and modern web browser that does not perform MIME-sniffing at all, or that can be directed by the web application/web server to not perform MIME-sniffing.</p></td>
            </tr>
              
            <tr bgcolor="#e8e8e8">
                <td width="20%">Other information</td><td width="80%"><p>This issue still applies to error type pages (401, 403, 500, etc.) as those pages are often still affected by injection issues, in which case there is still concern for browsers sniffing pages away from their actual content type.</p><p>At "High" threshold this scan rule will not alert on client or server error responses.</p></td>
            </tr>
            <TR vAlign="top">
                <TD colspan="2"></TD>
            </TR>
              
            <tr bgcolor="#e8e8e8">
                <td width="20%">Reference</td><td width="80%"><p>http://msdn.microsoft.com/en-us/library/ie/gg622941%28v=vs.85%29.aspx</p><p>https://owasp.org/www-community/Security_Headers</p></td>
            </tr>
              
            <tr bgcolor="#e8e8e8">
                <td width="20%">CWE Id</td><td width="80%">693</td>
            </tr>
              
            <tr bgcolor="#e8e8e8">
                <td width="20%">WASC Id</td><td width="80%">15</td>
            </tr>
              
            <tr bgcolor="#e8e8e8">
                <td width="20%">Source ID</td><td width="80%">3</td>
            </tr>
            
        </table>
        <div class="spacer"></div>
        <table width="100%" class="results">
              
  
  
  
            <tr height="24" class="risk-low">
                <a name="low"></a><th width="20%">Low (Medium)</th><th width="80%">X-Content-Type-Options Header Missing</th>
            </tr>
              
  
  
  
            <tr bgcolor="#e8e8e8">
                <td width="20%">Description</td><td width="80%"><p>The Anti-MIME-Sniffing header X-Content-Type-Options was not set to 'nosniff'. This allows older versions of Internet Explorer and Chrome to perform MIME-sniffing on the response body, potentially causing the response body to be interpreted and displayed as a content type other than the declared content type. Current (early 2014) and legacy versions of Firefox will use the declared content type (if one is set), rather than performing MIME-sniffing.</p></td>
            </tr>
            <TR vAlign="top">
                <TD colspan="2"></TD>
            </TR>
              
  
  
            <tr bgcolor="#e8e8e8">
                <td width="20%" class="indent1">URL</td><td width="80%">https://d3ptyyxy2at9ui.cloudfront.net/Col_LoginSignupCollection-e04df0.css</td>
            </tr>
              
            <tr bgcolor="#e8e8e8">
                <td width="20%" class="indent2">Method</td><td width="80%">GET</td>
            </tr>
              
            <tr bgcolor="#e8e8e8">
                <td width="20%" class="indent2">Parameter</td><td width="80%">X-Content-Type-Options</td>
            </tr>
              
  
  
            <tr bgcolor="#e8e8e8">
                <td width="20%" class="indent1">URL</td><td width="80%">https://d3ptyyxy2at9ui.cloudfront.net/assets/app.b16f62b6de9d83044f33.css</td>
            </tr>
              
            <tr bgcolor="#e8e8e8">
                <td width="20%" class="indent2">Method</td><td width="80%">GET</td>
            </tr>
              
            <tr bgcolor="#e8e8e8">
                <td width="20%" class="indent2">Parameter</td><td width="80%">X-Content-Type-Options</td>
            </tr>
              
  
  
            <tr bgcolor="#e8e8e8">
                <td width="20%" class="indent1">URL</td><td width="80%">https://d3ptyyxy2at9ui.cloudfront.net/Col_PluginCollection-f907f0.js</td>
            </tr>
              
            <tr bgcolor="#e8e8e8">
                <td width="20%" class="indent2">Method</td><td width="80%">GET</td>
            </tr>
              
            <tr bgcolor="#e8e8e8">
                <td width="20%" class="indent2">Parameter</td><td width="80%">X-Content-Type-Options</td>
            </tr>
              
  
  
            <tr bgcolor="#e8e8e8">
                <td width="20%" class="indent1">URL</td><td width="80%">https://d3ptyyxy2at9ui.cloudfront.net/Col_StandalonePageCollection-c93f81.css</td>
            </tr>
              
            <tr bgcolor="#e8e8e8">
                <td width="20%" class="indent2">Method</td><td width="80%">GET</td>
            </tr>
              
            <tr bgcolor="#e8e8e8">
                <td width="20%" class="indent2">Parameter</td><td width="80%">X-Content-Type-Options</td>
            </tr>
              
  
  
            <tr bgcolor="#e8e8e8">
                <td width="20%" class="indent1">URL</td><td width="80%">https://d3ptyyxy2at9ui.cloudfront.net/assets/vendors~DateistDefsES.923487f1a6393b186076.js</td>
            </tr>
              
            <tr bgcolor="#e8e8e8">
                <td width="20%" class="indent2">Method</td><td width="80%">GET</td>
            </tr>
              
            <tr bgcolor="#e8e8e8">
                <td width="20%" class="indent2">Parameter</td><td width="80%">X-Content-Type-Options</td>
            </tr>
              
  
  
            <tr bgcolor="#e8e8e8">
                <td width="20%" class="indent1">URL</td><td width="80%">https://d3ptyyxy2at9ui.cloudfront.net/assets/es_filterist.71e370f9a81393ac1f58.js</td>
            </tr>
              
            <tr bgcolor="#e8e8e8">
                <td width="20%" class="indent2">Method</td><td width="80%">GET</td>
            </tr>
              
            <tr bgcolor="#e8e8e8">
                <td width="20%" class="indent2">Parameter</td><td width="80%">X-Content-Type-Options</td>
            </tr>
              
  
  
            <tr bgcolor="#e8e8e8">
                <td width="20%" class="indent1">URL</td><td width="80%">https://d3ptyyxy2at9ui.cloudfront.net/assets/app.fcd55763e38f0df90ce6.js</td>
            </tr>
              
            <tr bgcolor="#e8e8e8">
                <td width="20%" class="indent2">Method</td><td width="80%">GET</td>
            </tr>
              
            <tr bgcolor="#e8e8e8">
                <td width="20%" class="indent2">Parameter</td><td width="80%">X-Content-Type-Options</td>
            </tr>
              
  
  
            <tr bgcolor="#e8e8e8">
                <td width="20%" class="indent1">URL</td><td width="80%">https://d3ptyyxy2at9ui.cloudfront.net/Col_ICECollection-8b8f90.js</td>
            </tr>
              
            <tr bgcolor="#e8e8e8">
                <td width="20%" class="indent2">Method</td><td width="80%">GET</td>
            </tr>
              
            <tr bgcolor="#e8e8e8">
                <td width="20%" class="indent2">Parameter</td><td width="80%">X-Content-Type-Options</td>
            </tr>
              
  
  
            <tr bgcolor="#e8e8e8">
                <td width="20%" class="indent1">URL</td><td width="80%">https://d3ptyyxy2at9ui.cloudfront.net/ComposedImages-f39dd5.css</td>
            </tr>
              
            <tr bgcolor="#e8e8e8">
                <td width="20%" class="indent2">Method</td><td width="80%">GET</td>
            </tr>
              
            <tr bgcolor="#e8e8e8">
                <td width="20%" class="indent2">Parameter</td><td width="80%">X-Content-Type-Options</td>
            </tr>
              
  
  
            <tr bgcolor="#e8e8e8">
                <td width="20%" class="indent1">URL</td><td width="80%">https://d3ptyyxy2at9ui.cloudfront.net/ist_button-d717d8.css</td>
            </tr>
              
            <tr bgcolor="#e8e8e8">
                <td width="20%" class="indent2">Method</td><td width="80%">GET</td>
            </tr>
              
            <tr bgcolor="#e8e8e8">
                <td width="20%" class="indent2">Parameter</td><td width="80%">X-Content-Type-Options</td>
            </tr>
              
  
  
            <tr bgcolor="#e8e8e8">
                <td width="20%" class="indent1">URL</td><td width="80%">https://d3ptyyxy2at9ui.cloudfront.net/assets/initTheme.b1a12b68f418d0aa0577144c7364b8ab.js</td>
            </tr>
              
            <tr bgcolor="#e8e8e8">
                <td width="20%" class="indent2">Method</td><td width="80%">GET</td>
            </tr>
              
            <tr bgcolor="#e8e8e8">
                <td width="20%" class="indent2">Parameter</td><td width="80%">X-Content-Type-Options</td>
            </tr>
              
  
  
            <tr bgcolor="#e8e8e8">
                <td width="20%" class="indent1">URL</td><td width="80%">https://d3ptyyxy2at9ui.cloudfront.net/assets/vendor.28b18f1d0b1949cce512.js</td>
            </tr>
              
            <tr bgcolor="#e8e8e8">
                <td width="20%" class="indent2">Method</td><td width="80%">GET</td>
            </tr>
              
            <tr bgcolor="#e8e8e8">
                <td width="20%" class="indent2">Parameter</td><td width="80%">X-Content-Type-Options</td>
            </tr>
              
  
  
            <tr bgcolor="#e8e8e8">
                <td width="20%" class="indent1">URL</td><td width="80%">https://d3ptyyxy2at9ui.cloudfront.net/Col_LoginSignupCollection-976c4c.js</td>
            </tr>
              
            <tr bgcolor="#e8e8e8">
                <td width="20%" class="indent2">Method</td><td width="80%">GET</td>
            </tr>
              
            <tr bgcolor="#e8e8e8">
                <td width="20%" class="indent2">Parameter</td><td width="80%">X-Content-Type-Options</td>
            </tr>
              
  
  
            <tr bgcolor="#e8e8e8">
                <td width="20%" class="indent1">URL</td><td width="80%">https://d3ptyyxy2at9ui.cloudfront.net/GreyBox-b6bb57.js</td>
            </tr>
              
            <tr bgcolor="#e8e8e8">
                <td width="20%" class="indent2">Method</td><td width="80%">GET</td>
            </tr>
              
            <tr bgcolor="#e8e8e8">
                <td width="20%" class="indent2">Parameter</td><td width="80%">X-Content-Type-Options</td>
            </tr>
              
  
  
            <tr bgcolor="#e8e8e8">
                <td width="20%" class="indent1">URL</td><td width="80%">https://d3ptyyxy2at9ui.cloudfront.net/GreyBox-e9693d.css</td>
            </tr>
              
            <tr bgcolor="#e8e8e8">
                <td width="20%" class="indent2">Method</td><td width="80%">GET</td>
            </tr>
              
            <tr bgcolor="#e8e8e8">
                <td width="20%" class="indent2">Parameter</td><td width="80%">X-Content-Type-Options</td>
            </tr>
              
  
  
            <tr bgcolor="#e8e8e8">
                <td width="20%" class="indent1">URL</td><td width="80%">https://d3ptyyxy2at9ui.cloudfront.net/assets/es_gettext.3913a13a740f37872320.js</td>
            </tr>
              
            <tr bgcolor="#e8e8e8">
                <td width="20%" class="indent2">Method</td><td width="80%">GET</td>
            </tr>
              
            <tr bgcolor="#e8e8e8">
                <td width="20%" class="indent2">Parameter</td><td width="80%">X-Content-Type-Options</td>
            </tr>
              
  
  
            <tr bgcolor="#e8e8e8">
                <td width="20%" class="indent1">URL</td><td width="80%">https://d3ptyyxy2at9ui.cloudfront.net/Col_ICECollection-7c3625.css</td>
            </tr>
              
            <tr bgcolor="#e8e8e8">
                <td width="20%" class="indent2">Method</td><td width="80%">GET</td>
            </tr>
              
            <tr bgcolor="#e8e8e8">
                <td width="20%" class="indent2">Parameter</td><td width="80%">X-Content-Type-Options</td>
            </tr>
              
  
  
            <tr bgcolor="#e8e8e8">
                <td width="20%" class="indent1">URL</td><td width="80%">https://d3ptyyxy2at9ui.cloudfront.net/assets/theme_todoist.svgs.5a85838d9766d78809ba.js</td>
            </tr>
              
            <tr bgcolor="#e8e8e8">
                <td width="20%" class="indent2">Method</td><td width="80%">GET</td>
            </tr>
              
            <tr bgcolor="#e8e8e8">
                <td width="20%" class="indent2">Parameter</td><td width="80%">X-Content-Type-Options</td>
            </tr>
              
  
  
            <tr bgcolor="#e8e8e8">
                <td width="20%" class="indent1">URL</td><td width="80%">https://d3ptyyxy2at9ui.cloudfront.net/Col_PluginCollection-21278e.css</td>
            </tr>
              
            <tr bgcolor="#e8e8e8">
                <td width="20%" class="indent2">Method</td><td width="80%">GET</td>
            </tr>
              
            <tr bgcolor="#e8e8e8">
                <td width="20%" class="indent2">Parameter</td><td width="80%">X-Content-Type-Options</td>
            </tr>
              
  
  
            <tr bgcolor="#e8e8e8">
                <td width="20%" class="indent1">URL</td><td width="80%">https://d3ptyyxy2at9ui.cloudfront.net/es-e1a86c.js</td>
            </tr>
              
            <tr bgcolor="#e8e8e8">
                <td width="20%" class="indent2">Method</td><td width="80%">GET</td>
            </tr>
              
            <tr bgcolor="#e8e8e8">
                <td width="20%" class="indent2">Parameter</td><td width="80%">X-Content-Type-Options</td>
            </tr>
              
  
  
            <tr bgcolor="#e8e8e8">
                <td width="20%">Instances</td><td width="80%">22</td>
            </tr>
              
            <tr bgcolor="#e8e8e8">
                <td width="20%">Solution</td><td width="80%"><p>Ensure that the application/web server sets the Content-Type header appropriately, and that it sets the X-Content-Type-Options header to 'nosniff' for all web pages.</p><p>If possible, ensure that the end user uses a standards-compliant and modern web browser that does not perform MIME-sniffing at all, or that can be directed by the web application/web server to not perform MIME-sniffing.</p></td>
            </tr>
              
            <tr bgcolor="#e8e8e8">
                <td width="20%">Other information</td><td width="80%"><p>This issue still applies to error type pages (401, 403, 500, etc.) as those pages are often still affected by injection issues, in which case there is still concern for browsers sniffing pages away from their actual content type.</p><p>At "High" threshold this scan rule will not alert on client or server error responses.</p></td>
            </tr>
            <TR vAlign="top">
                <TD colspan="2"></TD>
            </TR>
              
            <tr bgcolor="#e8e8e8">
                <td width="20%">Reference</td><td width="80%"><p>http://msdn.microsoft.com/en-us/library/ie/gg622941%28v=vs.85%29.aspx</p><p>https://owasp.org/www-community/Security_Headers</p></td>
            </tr>
              
            <tr bgcolor="#e8e8e8">
                <td width="20%">CWE Id</td><td width="80%">693</td>
            </tr>
              
            <tr bgcolor="#e8e8e8">
                <td width="20%">WASC Id</td><td width="80%">15</td>
            </tr>
              
            <tr bgcolor="#e8e8e8">
                <td width="20%">Source ID</td><td width="80%">3</td>
            </tr>
            
        </table>
        <div class="spacer"></div>
        <table width="100%" class="results">
              
  
  
  
            <tr height="24" class="risk-low">
                <a name="low"></a><th width="20%">Low (Medium)</th><th width="80%">X-Content-Type-Options Header Missing</th>
            </tr>
              
  
  
  
            <tr bgcolor="#e8e8e8">
                <td width="20%">Description</td><td width="80%"><p>The Anti-MIME-Sniffing header X-Content-Type-Options was not set to 'nosniff'. This allows older versions of Internet Explorer and Chrome to perform MIME-sniffing on the response body, potentially causing the response body to be interpreted and displayed as a content type other than the declared content type. Current (early 2014) and legacy versions of Firefox will use the declared content type (if one is set), rather than performing MIME-sniffing.</p></td>
            </tr>
            <TR vAlign="top">
                <TD colspan="2"></TD>
            </TR>
              
  
  
            <tr bgcolor="#e8e8e8">
                <td width="20%" class="indent1">URL</td><td width="80%">https://todoist.com/_next/static/chunks/styles.5dc2a400000a299d8863.js</td>
            </tr>
              
            <tr bgcolor="#e8e8e8">
                <td width="20%" class="indent2">Method</td><td width="80%">GET</td>
            </tr>
              
            <tr bgcolor="#e8e8e8">
                <td width="20%" class="indent2">Parameter</td><td width="80%">X-Content-Type-Options</td>
            </tr>
              
  
  
            <tr bgcolor="#e8e8e8">
                <td width="20%" class="indent1">URL</td><td width="80%">https://todoist.com/_next/static/chunks/framework.3105c3e333ee10fd9558.js</td>
            </tr>
              
            <tr bgcolor="#e8e8e8">
                <td width="20%" class="indent2">Method</td><td width="80%">GET</td>
            </tr>
              
            <tr bgcolor="#e8e8e8">
                <td width="20%" class="indent2">Parameter</td><td width="80%">X-Content-Type-Options</td>
            </tr>
              
  
  
            <tr bgcolor="#e8e8e8">
                <td width="20%" class="indent1">URL</td><td width="80%">https://todoist.com/_next/static/chunks/ec39cfc4811edb60b21d247b521a20cac18b8703.50bdbf9881f6c85b5c1a.js</td>
            </tr>
              
            <tr bgcolor="#e8e8e8">
                <td width="20%" class="indent2">Method</td><td width="80%">GET</td>
            </tr>
              
            <tr bgcolor="#e8e8e8">
                <td width="20%" class="indent2">Parameter</td><td width="80%">X-Content-Type-Options</td>
            </tr>
              
  
  
            <tr bgcolor="#e8e8e8">
                <td width="20%" class="indent1">URL</td><td width="80%">https://todoist.com/_next/static/css/ec39cfc4811edb60b21d247b521a20cac18b8703_CSS.e1009e24.chunk.css</td>
            </tr>
              
            <tr bgcolor="#e8e8e8">
                <td width="20%" class="indent2">Method</td><td width="80%">GET</td>
            </tr>
              
            <tr bgcolor="#e8e8e8">
                <td width="20%" class="indent2">Parameter</td><td width="80%">X-Content-Type-Options</td>
            </tr>
              
  
  
            <tr bgcolor="#e8e8e8">
                <td width="20%" class="indent1">URL</td><td width="80%">https://todoist.com/_next/static/css/pages/index.e740e94c.chunk.css</td>
            </tr>
              
            <tr bgcolor="#e8e8e8">
                <td width="20%" class="indent2">Method</td><td width="80%">GET</td>
            </tr>
              
            <tr bgcolor="#e8e8e8">
                <td width="20%" class="indent2">Parameter</td><td width="80%">X-Content-Type-Options</td>
            </tr>
              
  
  
            <tr bgcolor="#e8e8e8">
                <td width="20%" class="indent1">URL</td><td width="80%">https://todoist.com/_next/static/chunks/ec39cfc4811edb60b21d247b521a20cac18b8703_CSS.ddce25b62cf34b951439.js</td>
            </tr>
              
            <tr bgcolor="#e8e8e8">
                <td width="20%" class="indent2">Method</td><td width="80%">GET</td>
            </tr>
              
            <tr bgcolor="#e8e8e8">
                <td width="20%" class="indent2">Parameter</td><td width="80%">X-Content-Type-Options</td>
            </tr>
              
  
  
            <tr bgcolor="#e8e8e8">
                <td width="20%" class="indent1">URL</td><td width="80%">https://todoist.com/_next/static/chunks/a52680fc7b32262e6da88792d4c55199e7c7070b.ef1131dd945b73b40945.js</td>
            </tr>
              
            <tr bgcolor="#e8e8e8">
                <td width="20%" class="indent2">Method</td><td width="80%">GET</td>
            </tr>
              
            <tr bgcolor="#e8e8e8">
                <td width="20%" class="indent2">Parameter</td><td width="80%">X-Content-Type-Options</td>
            </tr>
              
  
  
            <tr bgcolor="#e8e8e8">
                <td width="20%" class="indent1">URL</td><td width="80%">https://todoist.com/app/</td>
            </tr>
              
            <tr bgcolor="#e8e8e8">
                <td width="20%" class="indent2">Method</td><td width="80%">GET</td>
            </tr>
              
            <tr bgcolor="#e8e8e8">
                <td width="20%" class="indent2">Parameter</td><td width="80%">X-Content-Type-Options</td>
            </tr>
              
  
  
            <tr bgcolor="#e8e8e8">
                <td width="20%" class="indent1">URL</td><td width="80%">https://todoist.com/_next/static/chunks/webpack-58d5fd13edd13ddbddb0.js</td>
            </tr>
              
            <tr bgcolor="#e8e8e8">
                <td width="20%" class="indent2">Method</td><td width="80%">GET</td>
            </tr>
              
            <tr bgcolor="#e8e8e8">
                <td width="20%" class="indent2">Parameter</td><td width="80%">X-Content-Type-Options</td>
            </tr>
              
  
  
            <tr bgcolor="#e8e8e8">
                <td width="20%" class="indent1">URL</td><td width="80%">https://todoist.com/_next/static/chunks/commons.b18f7b8b8fe9524cd840.js</td>
            </tr>
              
            <tr bgcolor="#e8e8e8">
                <td width="20%" class="indent2">Method</td><td width="80%">GET</td>
            </tr>
              
            <tr bgcolor="#e8e8e8">
                <td width="20%" class="indent2">Parameter</td><td width="80%">X-Content-Type-Options</td>
            </tr>
              
  
  
            <tr bgcolor="#e8e8e8">
                <td width="20%" class="indent1">URL</td><td width="80%">https://todoist.com/static/fonts/Caecilia-RegularItalic-Web.woff</td>
            </tr>
              
            <tr bgcolor="#e8e8e8">
                <td width="20%" class="indent2">Method</td><td width="80%">GET</td>
            </tr>
              
            <tr bgcolor="#e8e8e8">
                <td width="20%" class="indent2">Parameter</td><td width="80%">X-Content-Type-Options</td>
            </tr>
              
  
  
            <tr bgcolor="#e8e8e8">
                <td width="20%" class="indent1">URL</td><td width="80%">https://todoist.com/es</td>
            </tr>
              
            <tr bgcolor="#e8e8e8">
                <td width="20%" class="indent2">Method</td><td width="80%">GET</td>
            </tr>
              
            <tr bgcolor="#e8e8e8">
                <td width="20%" class="indent2">Parameter</td><td width="80%">X-Content-Type-Options</td>
            </tr>
              
  
  
            <tr bgcolor="#e8e8e8">
                <td width="20%" class="indent1">URL</td><td width="80%">https://todoist.com/static/fonts/Graphik-Medium-Web.woff</td>
            </tr>
              
            <tr bgcolor="#e8e8e8">
                <td width="20%" class="indent2">Method</td><td width="80%">GET</td>
            </tr>
              
            <tr bgcolor="#e8e8e8">
                <td width="20%" class="indent2">Parameter</td><td width="80%">X-Content-Type-Options</td>
            </tr>
              
  
  
            <tr bgcolor="#e8e8e8">
                <td width="20%" class="indent1">URL</td><td width="80%">https://todoist.com/_next/static/chunks/4af5f773.cbea4d2bb3592e8bed23.js</td>
            </tr>
              
            <tr bgcolor="#e8e8e8">
                <td width="20%" class="indent2">Method</td><td width="80%">GET</td>
            </tr>
              
            <tr bgcolor="#e8e8e8">
                <td width="20%" class="indent2">Parameter</td><td width="80%">X-Content-Type-Options</td>
            </tr>
              
  
  
            <tr bgcolor="#e8e8e8">
                <td width="20%" class="indent1">URL</td><td width="80%">https://todoist.com/_next/static/chunks/pages/_app-87ecfa05d1f9483d94ca.js</td>
            </tr>
              
            <tr bgcolor="#e8e8e8">
                <td width="20%" class="indent2">Method</td><td width="80%">GET</td>
            </tr>
              
            <tr bgcolor="#e8e8e8">
                <td width="20%" class="indent2">Parameter</td><td width="80%">X-Content-Type-Options</td>
            </tr>
              
  
  
            <tr bgcolor="#e8e8e8">
                <td width="20%" class="indent1">URL</td><td width="80%">https://todoist.com/_next/static/chunks/main-053c43a0d73c3a67a374.js</td>
            </tr>
              
            <tr bgcolor="#e8e8e8">
                <td width="20%" class="indent2">Method</td><td width="80%">GET</td>
            </tr>
              
            <tr bgcolor="#e8e8e8">
                <td width="20%" class="indent2">Parameter</td><td width="80%">X-Content-Type-Options</td>
            </tr>
              
  
  
            <tr bgcolor="#e8e8e8">
                <td width="20%" class="indent1">URL</td><td width="80%">https://todoist.com/static/fonts/Graphik-Semibold-Web.woff</td>
            </tr>
              
            <tr bgcolor="#e8e8e8">
                <td width="20%" class="indent2">Method</td><td width="80%">GET</td>
            </tr>
              
            <tr bgcolor="#e8e8e8">
                <td width="20%" class="indent2">Parameter</td><td width="80%">X-Content-Type-Options</td>
            </tr>
              
  
  
            <tr bgcolor="#e8e8e8">
                <td width="20%" class="indent1">URL</td><td width="80%">https://todoist.com/Users/login</td>
            </tr>
              
            <tr bgcolor="#e8e8e8">
                <td width="20%" class="indent2">Method</td><td width="80%">POST</td>
            </tr>
              
            <tr bgcolor="#e8e8e8">
                <td width="20%" class="indent2">Parameter</td><td width="80%">X-Content-Type-Options</td>
            </tr>
              
  
  
            <tr bgcolor="#e8e8e8">
                <td width="20%" class="indent1">URL</td><td width="80%">https://todoist.com/_next/static/ie6hUP0chTXNaiNXXPooB/_buildManifest.js</td>
            </tr>
              
            <tr bgcolor="#e8e8e8">
                <td width="20%" class="indent2">Method</td><td width="80%">GET</td>
            </tr>
              
            <tr bgcolor="#e8e8e8">
                <td width="20%" class="indent2">Parameter</td><td width="80%">X-Content-Type-Options</td>
            </tr>
              
  
  
            <tr bgcolor="#e8e8e8">
                <td width="20%" class="indent1">URL</td><td width="80%">https://todoist.com/app/service-worker.js</td>
            </tr>
              
            <tr bgcolor="#e8e8e8">
                <td width="20%" class="indent2">Method</td><td width="80%">GET</td>
            </tr>
              
            <tr bgcolor="#e8e8e8">
                <td width="20%" class="indent2">Parameter</td><td width="80%">X-Content-Type-Options</td>
            </tr>
              
  
  
            <tr bgcolor="#e8e8e8">
                <td width="20%">Instances</td><td width="80%">30</td>
            </tr>
              
            <tr bgcolor="#e8e8e8">
                <td width="20%">Solution</td><td width="80%"><p>Ensure that the application/web server sets the Content-Type header appropriately, and that it sets the X-Content-Type-Options header to 'nosniff' for all web pages.</p><p>If possible, ensure that the end user uses a standards-compliant and modern web browser that does not perform MIME-sniffing at all, or that can be directed by the web application/web server to not perform MIME-sniffing.</p></td>
            </tr>
              
            <tr bgcolor="#e8e8e8">
                <td width="20%">Other information</td><td width="80%"><p>This issue still applies to error type pages (401, 403, 500, etc.) as those pages are often still affected by injection issues, in which case there is still concern for browsers sniffing pages away from their actual content type.</p><p>At "High" threshold this scan rule will not alert on client or server error responses.</p></td>
            </tr>
            <TR vAlign="top">
                <TD colspan="2"></TD>
            </TR>
              
            <tr bgcolor="#e8e8e8">
                <td width="20%">Reference</td><td width="80%"><p>http://msdn.microsoft.com/en-us/library/ie/gg622941%28v=vs.85%29.aspx</p><p>https://owasp.org/www-community/Security_Headers</p></td>
            </tr>
              
            <tr bgcolor="#e8e8e8">
                <td width="20%">CWE Id</td><td width="80%">693</td>
            </tr>
              
            <tr bgcolor="#e8e8e8">
                <td width="20%">WASC Id</td><td width="80%">15</td>
            </tr>
              
            <tr bgcolor="#e8e8e8">
                <td width="20%">Source ID</td><td width="80%">3</td>
            </tr>
            
        </table>
        <div class="spacer"></div>
        <table width="100%" class="results">
              
  
  
  
            <tr height="24" class="risk-low">
                <a name="low"></a><th width="20%">Low (Medium)</th><th width="80%">X-Content-Type-Options Header Missing</th>
            </tr>
              
  
  
  
            <tr bgcolor="#e8e8e8">
                <td width="20%">Description</td><td width="80%"><p>The Anti-MIME-Sniffing header X-Content-Type-Options was not set to 'nosniff'. This allows older versions of Internet Explorer and Chrome to perform MIME-sniffing on the response body, potentially causing the response body to be interpreted and displayed as a content type other than the declared content type. Current (early 2014) and legacy versions of Firefox will use the declared content type (if one is set), rather than performing MIME-sniffing.</p></td>
            </tr>
            <TR vAlign="top">
                <TD colspan="2"></TD>
            </TR>
              
  
  
            <tr bgcolor="#e8e8e8">
                <td width="20%" class="indent1">URL</td><td width="80%">https://content-signature-2.cdn.mozilla.net/chains/pinning-preload.content-signature.mozilla.org-2021-10-30-16-43-24.chain</td>
            </tr>
              
            <tr bgcolor="#e8e8e8">
                <td width="20%" class="indent2">Method</td><td width="80%">GET</td>
            </tr>
              
            <tr bgcolor="#e8e8e8">
                <td width="20%" class="indent2">Parameter</td><td width="80%">X-Content-Type-Options</td>
            </tr>
              
  
  
            <tr bgcolor="#e8e8e8">
                <td width="20%" class="indent1">URL</td><td width="80%">https://content-signature-2.cdn.mozilla.net/chains/remote-settings.content-signature.mozilla.org-2021-10-30-16-43-25.chain</td>
            </tr>
              
            <tr bgcolor="#e8e8e8">
                <td width="20%" class="indent2">Method</td><td width="80%">GET</td>
            </tr>
              
            <tr bgcolor="#e8e8e8">
                <td width="20%" class="indent2">Parameter</td><td width="80%">X-Content-Type-Options</td>
            </tr>
              
  
  
            <tr bgcolor="#e8e8e8">
                <td width="20%" class="indent1">URL</td><td width="80%">https://content-signature-2.cdn.mozilla.net/chains/onecrl.content-signature.mozilla.org-2021-10-30-16-43-22.chain</td>
            </tr>
              
            <tr bgcolor="#e8e8e8">
                <td width="20%" class="indent2">Method</td><td width="80%">GET</td>
            </tr>
              
            <tr bgcolor="#e8e8e8">
                <td width="20%" class="indent2">Parameter</td><td width="80%">X-Content-Type-Options</td>
            </tr>
              
  
  
            <tr bgcolor="#e8e8e8">
                <td width="20%">Instances</td><td width="80%">3</td>
            </tr>
              
            <tr bgcolor="#e8e8e8">
                <td width="20%">Solution</td><td width="80%"><p>Ensure that the application/web server sets the Content-Type header appropriately, and that it sets the X-Content-Type-Options header to 'nosniff' for all web pages.</p><p>If possible, ensure that the end user uses a standards-compliant and modern web browser that does not perform MIME-sniffing at all, or that can be directed by the web application/web server to not perform MIME-sniffing.</p></td>
            </tr>
              
            <tr bgcolor="#e8e8e8">
                <td width="20%">Other information</td><td width="80%"><p>This issue still applies to error type pages (401, 403, 500, etc.) as those pages are often still affected by injection issues, in which case there is still concern for browsers sniffing pages away from their actual content type.</p><p>At "High" threshold this scan rule will not alert on client or server error responses.</p></td>
            </tr>
            <TR vAlign="top">
                <TD colspan="2"></TD>
            </TR>
              
            <tr bgcolor="#e8e8e8">
                <td width="20%">Reference</td><td width="80%"><p>http://msdn.microsoft.com/en-us/library/ie/gg622941%28v=vs.85%29.aspx</p><p>https://owasp.org/www-community/Security_Headers</p></td>
            </tr>
              
            <tr bgcolor="#e8e8e8">
                <td width="20%">CWE Id</td><td width="80%">693</td>
            </tr>
              
            <tr bgcolor="#e8e8e8">
                <td width="20%">WASC Id</td><td width="80%">15</td>
            </tr>
              
            <tr bgcolor="#e8e8e8">
                <td width="20%">Source ID</td><td width="80%">3</td>
            </tr>
            
        </table>
        <div class="spacer"></div>
        <table width="100%" class="results">
              
  
  
  
            <tr height="24" class="risk-low">
                <a name="low"></a><th width="20%">Low (Medium)</th><th width="80%">X-Content-Type-Options Header Missing</th>
            </tr>
              
  
  
  
            <tr bgcolor="#e8e8e8">
                <td width="20%">Description</td><td width="80%"><p>The Anti-MIME-Sniffing header X-Content-Type-Options was not set to 'nosniff'. This allows older versions of Internet Explorer and Chrome to perform MIME-sniffing on the response body, potentially causing the response body to be interpreted and displayed as a content type other than the declared content type. Current (early 2014) and legacy versions of Firefox will use the declared content type (if one is set), rather than performing MIME-sniffing.</p></td>
            </tr>
            <TR vAlign="top">
                <TD colspan="2"></TD>
            </TR>
              
  
  
            <tr bgcolor="#e8e8e8">
                <td width="20%" class="indent1">URL</td><td width="80%">https://snippets.cdn.mozilla.net/us-west/bundles-pregen/Firefox/es-es/default.json</td>
            </tr>
              
            <tr bgcolor="#e8e8e8">
                <td width="20%" class="indent2">Method</td><td width="80%">GET</td>
            </tr>
              
            <tr bgcolor="#e8e8e8">
                <td width="20%" class="indent2">Parameter</td><td width="80%">X-Content-Type-Options</td>
            </tr>
              
  
  
            <tr bgcolor="#e8e8e8">
                <td width="20%">Instances</td><td width="80%">1</td>
            </tr>
              
            <tr bgcolor="#e8e8e8">
                <td width="20%">Solution</td><td width="80%"><p>Ensure that the application/web server sets the Content-Type header appropriately, and that it sets the X-Content-Type-Options header to 'nosniff' for all web pages.</p><p>If possible, ensure that the end user uses a standards-compliant and modern web browser that does not perform MIME-sniffing at all, or that can be directed by the web application/web server to not perform MIME-sniffing.</p></td>
            </tr>
              
            <tr bgcolor="#e8e8e8">
                <td width="20%">Other information</td><td width="80%"><p>This issue still applies to error type pages (401, 403, 500, etc.) as those pages are often still affected by injection issues, in which case there is still concern for browsers sniffing pages away from their actual content type.</p><p>At "High" threshold this scan rule will not alert on client or server error responses.</p></td>
            </tr>
            <TR vAlign="top">
                <TD colspan="2"></TD>
            </TR>
              
            <tr bgcolor="#e8e8e8">
                <td width="20%">Reference</td><td width="80%"><p>http://msdn.microsoft.com/en-us/library/ie/gg622941%28v=vs.85%29.aspx</p><p>https://owasp.org/www-community/Security_Headers</p></td>
            </tr>
              
            <tr bgcolor="#e8e8e8">
                <td width="20%">CWE Id</td><td width="80%">693</td>
            </tr>
              
            <tr bgcolor="#e8e8e8">
                <td width="20%">WASC Id</td><td width="80%">15</td>
            </tr>
              
            <tr bgcolor="#e8e8e8">
                <td width="20%">Source ID</td><td width="80%">3</td>
            </tr>
            
        </table>
        <div class="spacer"></div>
        <table width="100%" class="results">
              
  
  
  
            <tr height="24" class="risk-info">
                <th width="20%"><a name="info"></a>Informational (Low)</th><th width="80%">Cookie Slack Detector</th>
            </tr>
              
  
  
  
            <tr bgcolor="#e8e8e8">
                <td width="20%">Description</td><td width="80%"><p>Repeated GET requests: drop a different cookie each time, followed by normal request with all cookies to stabilize session, compare responses against original baseline GET. This can reveal areas where cookie based authentication/attributes are not actually enforced.</p></td>
            </tr>
            <TR vAlign="top">
                <TD colspan="2"></TD>
            </TR>
              
  
  
            <tr bgcolor="#e8e8e8">
                <td width="20%" class="indent1">URL</td><td width="80%">https://todoist.com/_next/static/chunks/commons.b18f7b8b8fe9524cd840.js</td>
            </tr>
              
            <tr bgcolor="#e8e8e8">
                <td width="20%" class="indent2">Method</td><td width="80%">GET</td>
            </tr>
              
  
  
            <tr bgcolor="#e8e8e8">
                <td width="20%" class="indent1">URL</td><td width="80%">https://todoist.com/_next/static/chunks/pages/index-48679ec33cb80820c987.js</td>
            </tr>
              
            <tr bgcolor="#e8e8e8">
                <td width="20%" class="indent2">Method</td><td width="80%">GET</td>
            </tr>
              
  
  
            <tr bgcolor="#e8e8e8">
                <td width="20%" class="indent1">URL</td><td width="80%">https://todoist.com/API/v8.7/sync</td>
            </tr>
              
            <tr bgcolor="#e8e8e8">
                <td width="20%" class="indent2">Method</td><td width="80%">POST</td>
            </tr>
              
  
  
            <tr bgcolor="#e8e8e8">
                <td width="20%" class="indent1">URL</td><td width="80%">https://todoist.com/_next/static/chunks/a52680fc7b32262e6da88792d4c55199e7c7070b.ef1131dd945b73b40945.js</td>
            </tr>
              
            <tr bgcolor="#e8e8e8">
                <td width="20%" class="indent2">Method</td><td width="80%">GET</td>
            </tr>
              
  
  
            <tr bgcolor="#e8e8e8">
                <td width="20%" class="indent1">URL</td><td width="80%">https://todoist.com/static/fonts/Graphik-Regular-Web.woff</td>
            </tr>
              
            <tr bgcolor="#e8e8e8">
                <td width="20%" class="indent2">Method</td><td width="80%">GET</td>
            </tr>
              
  
  
            <tr bgcolor="#e8e8e8">
                <td width="20%" class="indent1">URL</td><td width="80%">https://todoist.com/app/manifest_icons/icon_1024x1024.098d1a14e2f871db82d8a2392d59b587.png</td>
            </tr>
              
            <tr bgcolor="#e8e8e8">
                <td width="20%" class="indent2">Method</td><td width="80%">GET</td>
            </tr>
              
  
  
            <tr bgcolor="#e8e8e8">
                <td width="20%" class="indent1">URL</td><td width="80%">https://todoist.com/_next/static/css/pages/index.e740e94c.chunk.css</td>
            </tr>
              
            <tr bgcolor="#e8e8e8">
                <td width="20%" class="indent2">Method</td><td width="80%">GET</td>
            </tr>
              
  
  
            <tr bgcolor="#e8e8e8">
                <td width="20%" class="indent1">URL</td><td width="80%">https://todoist.com/static/favicon-16x16.png</td>
            </tr>
              
            <tr bgcolor="#e8e8e8">
                <td width="20%" class="indent2">Method</td><td width="80%">GET</td>
            </tr>
              
  
  
            <tr bgcolor="#e8e8e8">
                <td width="20%" class="indent1">URL</td><td width="80%">https://todoist.com/Users/login</td>
            </tr>
              
            <tr bgcolor="#e8e8e8">
                <td width="20%" class="indent2">Method</td><td width="80%">POST</td>
            </tr>
              
  
  
            <tr bgcolor="#e8e8e8">
                <td width="20%" class="indent1">URL</td><td width="80%">https://todoist.com/static/fonts/Graphik-Semibold-Web.woff</td>
            </tr>
              
            <tr bgcolor="#e8e8e8">
                <td width="20%" class="indent2">Method</td><td width="80%">GET</td>
            </tr>
              
  
  
            <tr bgcolor="#e8e8e8">
                <td width="20%" class="indent1">URL</td><td width="80%">https://todoist.com/_next/static/chunks/framework.3105c3e333ee10fd9558.js</td>
            </tr>
              
            <tr bgcolor="#e8e8e8">
                <td width="20%" class="indent2">Method</td><td width="80%">GET</td>
            </tr>
              
  
  
            <tr bgcolor="#e8e8e8">
                <td width="20%" class="indent1">URL</td><td width="80%">https://todoist.com/csp_report</td>
            </tr>
              
            <tr bgcolor="#e8e8e8">
                <td width="20%" class="indent2">Method</td><td width="80%">POST</td>
            </tr>
              
  
  
            <tr bgcolor="#e8e8e8">
                <td width="20%" class="indent1">URL</td><td width="80%">https://todoist.com/_next</td>
            </tr>
              
            <tr bgcolor="#e8e8e8">
                <td width="20%" class="indent2">Method</td><td width="80%">GET</td>
            </tr>
              
  
  
            <tr bgcolor="#e8e8e8">
                <td width="20%" class="indent1">URL</td><td width="80%">https://todoist.com/_next/static/ie6hUP0chTXNaiNXXPooB/_ssgManifest.js</td>
            </tr>
              
            <tr bgcolor="#e8e8e8">
                <td width="20%" class="indent2">Method</td><td width="80%">GET</td>
            </tr>
              
  
  
            <tr bgcolor="#e8e8e8">
                <td width="20%" class="indent1">URL</td><td width="80%">https://todoist.com/</td>
            </tr>
              
            <tr bgcolor="#e8e8e8">
                <td width="20%" class="indent2">Method</td><td width="80%">GET</td>
            </tr>
              
  
  
            <tr bgcolor="#e8e8e8">
                <td width="20%" class="indent1">URL</td><td width="80%">https://todoist.com/_next/static/ie6hUP0chTXNaiNXXPooB/_buildManifest.js</td>
            </tr>
              
            <tr bgcolor="#e8e8e8">
                <td width="20%" class="indent2">Method</td><td width="80%">GET</td>
            </tr>
              
  
  
            <tr bgcolor="#e8e8e8">
                <td width="20%" class="indent1">URL</td><td width="80%">https://todoist.com/app/</td>
            </tr>
              
            <tr bgcolor="#e8e8e8">
                <td width="20%" class="indent2">Method</td><td width="80%">GET</td>
            </tr>
              
  
  
            <tr bgcolor="#e8e8e8">
                <td width="20%" class="indent1">URL</td><td width="80%">https://todoist.com/_next/static</td>
            </tr>
              
            <tr bgcolor="#e8e8e8">
                <td width="20%" class="indent2">Method</td><td width="80%">GET</td>
            </tr>
              
  
  
            <tr bgcolor="#e8e8e8">
                <td width="20%" class="indent1">URL</td><td width="80%">https://todoist.com/sync/v8/tooltips/get_seen_list</td>
            </tr>
              
            <tr bgcolor="#e8e8e8">
                <td width="20%" class="indent2">Method</td><td width="80%">GET</td>
            </tr>
              
  
  
            <tr bgcolor="#e8e8e8">
                <td width="20%" class="indent1">URL</td><td width="80%">https://todoist.com/users/showlogin</td>
            </tr>
              
            <tr bgcolor="#e8e8e8">
                <td width="20%" class="indent2">Method</td><td width="80%">GET</td>
            </tr>
              
  
  
            <tr bgcolor="#e8e8e8">
                <td width="20%">Instances</td><td width="80%">42</td>
            </tr>
              
            <tr bgcolor="#e8e8e8">
                <td width="20%">Solution</td><td width="80%"><p></p></td>
            </tr>
              
            <tr bgcolor="#e8e8e8">
                <td width="20%">Other information</td><td width="80%"><p>Cookies that don't have expected effects can reveal flaws in application logic. In the worst case, this can reveal where authentication via cookie token(s) is not actually enforced.</p><p>These cookies affected the response: </p><p>These cookies did NOT affect the response: AWSALB,next-i18next,AWSALBCORS,_csrf</p><p></p></td>
            </tr>
            <TR vAlign="top">
                <TD colspan="2"></TD>
            </TR>
              
            <tr bgcolor="#e8e8e8">
                <td width="20%">Reference</td><td width="80%"><p>http://projects.webappsec.org/Fingerprinting</p><p></p></td>
            </tr>
              
            <tr bgcolor="#e8e8e8">
                <td width="20%">CWE Id</td><td width="80%">200</td>
            </tr>
              
            <tr bgcolor="#e8e8e8">
                <td width="20%">WASC Id</td><td width="80%">45</td>
            </tr>
              
            <tr bgcolor="#e8e8e8">
                <td width="20%">Source ID</td><td width="80%">1</td>
            </tr>
            
        </table>
        <div class="spacer"></div>
        <table width="100%" class="results">
              
  
  
  
            <tr height="24" class="risk-info">
                <th width="20%"><a name="info"></a>Informational (Medium)</th><th width="80%">Information Disclosure - Sensitive Information in URL</th>
            </tr>
              
  
  
  
            <tr bgcolor="#e8e8e8">
                <td width="20%">Description</td><td width="80%"><p>The request appeared to contain sensitive information leaked in the URL. This can violate PCI and most organizational compliance policies. You can configure the list of strings for this check to add or remove values specific to your environment.</p></td>
            </tr>
            <TR vAlign="top">
                <TD colspan="2"></TD>
            </TR>
              
  
  
            <tr bgcolor="#e8e8e8">
                <td width="20%" class="indent1">URL</td><td width="80%">https://ws.todoist.com/ws?token=OTEwZWE5OWNmMGQ5ODlhZjPr8FJJxdUgZ6mA3CdH-FY</td>
            </tr>
              
            <tr bgcolor="#e8e8e8">
                <td width="20%" class="indent2">Method</td><td width="80%">GET</td>
            </tr>
              
            <tr bgcolor="#e8e8e8">
                <td width="20%" class="indent2">Parameter</td><td width="80%">token</td>
            </tr>
              
            <tr bgcolor="#e8e8e8">
                <td width="20%" class="indent2">Evidence</td><td width="80%">token</td>
            </tr>
              
  
  
            <tr bgcolor="#e8e8e8">
                <td width="20%">Instances</td><td width="80%">1</td>
            </tr>
              
            <tr bgcolor="#e8e8e8">
                <td width="20%">Solution</td><td width="80%"><p>Do not pass sensitive information in URIs.</p></td>
            </tr>
              
            <tr bgcolor="#e8e8e8">
                <td width="20%">Other information</td><td width="80%"><p>The URL contains potentially sensitive information. The following string was found via the pattern: token</p><p>token</p></td>
            </tr>
            <TR vAlign="top">
                <TD colspan="2"></TD>
            </TR>
              
            <tr bgcolor="#e8e8e8">
                <td width="20%">Reference</td><td width="80%"><p></p></td>
            </tr>
              
            <tr bgcolor="#e8e8e8">
                <td width="20%">CWE Id</td><td width="80%">200</td>
            </tr>
              
            <tr bgcolor="#e8e8e8">
                <td width="20%">WASC Id</td><td width="80%">13</td>
            </tr>
              
            <tr bgcolor="#e8e8e8">
                <td width="20%">Source ID</td><td width="80%">3</td>
            </tr>
            
        </table>
        <div class="spacer"></div>
        <table width="100%" class="results">
              
  
  
  
            <tr height="24" class="risk-info">
                <th width="20%"><a name="info"></a>Informational (Low)</th><th width="80%">Information Disclosure - Suspicious Comments</th>
            </tr>
              
  
  
  
            <tr bgcolor="#e8e8e8">
                <td width="20%">Description</td><td width="80%"><p>The response appears to contain suspicious comments which may help an attacker. Note: Matches made within script blocks or files are against the entire content not only comments.</p></td>
            </tr>
            <TR vAlign="top">
                <TD colspan="2"></TD>
            </TR>
              
  
  
            <tr bgcolor="#e8e8e8">
                <td width="20%" class="indent1">URL</td><td width="80%">https://d3ptyyxy2at9ui.cloudfront.net/Col_ICECollection-8b8f90.js</td>
            </tr>
              
            <tr bgcolor="#e8e8e8">
                <td width="20%" class="indent2">Method</td><td width="80%">GET</td>
            </tr>
              
            <tr bgcolor="#e8e8e8">
                <td width="20%" class="indent2">Evidence</td><td width="80%">query</td>
            </tr>
              
  
  
            <tr bgcolor="#e8e8e8">
                <td width="20%" class="indent1">URL</td><td width="80%">https://d3ptyyxy2at9ui.cloudfront.net/assets/vendor.28b18f1d0b1949cce512.js</td>
            </tr>
              
            <tr bgcolor="#e8e8e8">
                <td width="20%" class="indent2">Method</td><td width="80%">GET</td>
            </tr>
              
            <tr bgcolor="#e8e8e8">
                <td width="20%" class="indent2">Evidence</td><td width="80%">bug</td>
            </tr>
              
  
  
            <tr bgcolor="#e8e8e8">
                <td width="20%" class="indent1">URL</td><td width="80%">https://d3ptyyxy2at9ui.cloudfront.net/es-e1a86c.js</td>
            </tr>
              
            <tr bgcolor="#e8e8e8">
                <td width="20%" class="indent2">Method</td><td width="80%">GET</td>
            </tr>
              
            <tr bgcolor="#e8e8e8">
                <td width="20%" class="indent2">Evidence</td><td width="80%">from</td>
            </tr>
              
  
  
            <tr bgcolor="#e8e8e8">
                <td width="20%" class="indent1">URL</td><td width="80%">https://d3ptyyxy2at9ui.cloudfront.net/es-e1a86c.js</td>
            </tr>
              
            <tr bgcolor="#e8e8e8">
                <td width="20%" class="indent2">Method</td><td width="80%">GET</td>
            </tr>
              
            <tr bgcolor="#e8e8e8">
                <td width="20%" class="indent2">Evidence</td><td width="80%">select</td>
            </tr>
              
  
  
            <tr bgcolor="#e8e8e8">
                <td width="20%" class="indent1">URL</td><td width="80%">https://d3ptyyxy2at9ui.cloudfront.net/assets/initTheme.b1a12b68f418d0aa0577144c7364b8ab.js</td>
            </tr>
              
            <tr bgcolor="#e8e8e8">
                <td width="20%" class="indent2">Method</td><td width="80%">GET</td>
            </tr>
              
            <tr bgcolor="#e8e8e8">
                <td width="20%" class="indent2">Evidence</td><td width="80%">from</td>
            </tr>
              
  
  
            <tr bgcolor="#e8e8e8">
                <td width="20%" class="indent1">URL</td><td width="80%">https://d3ptyyxy2at9ui.cloudfront.net/assets/vendors~DateistDefsES.923487f1a6393b186076.js</td>
            </tr>
              
            <tr bgcolor="#e8e8e8">
                <td width="20%" class="indent2">Method</td><td width="80%">GET</td>
            </tr>
              
            <tr bgcolor="#e8e8e8">
                <td width="20%" class="indent2">Evidence</td><td width="80%">todo</td>
            </tr>
              
  
  
            <tr bgcolor="#e8e8e8">
                <td width="20%" class="indent1">URL</td><td width="80%">https://d3ptyyxy2at9ui.cloudfront.net/es-e1a86c.js</td>
            </tr>
              
            <tr bgcolor="#e8e8e8">
                <td width="20%" class="indent2">Method</td><td width="80%">GET</td>
            </tr>
              
            <tr bgcolor="#e8e8e8">
                <td width="20%" class="indent2">Evidence</td><td width="80%">later</td>
            </tr>
              
  
  
            <tr bgcolor="#e8e8e8">
                <td width="20%" class="indent1">URL</td><td width="80%">https://d3ptyyxy2at9ui.cloudfront.net/assets/vendor.28b18f1d0b1949cce512.js</td>
            </tr>
              
            <tr bgcolor="#e8e8e8">
                <td width="20%" class="indent2">Method</td><td width="80%">GET</td>
            </tr>
              
            <tr bgcolor="#e8e8e8">
                <td width="20%" class="indent2">Evidence</td><td width="80%">from</td>
            </tr>
              
  
  
            <tr bgcolor="#e8e8e8">
                <td width="20%" class="indent1">URL</td><td width="80%">https://d3ptyyxy2at9ui.cloudfront.net/assets/vendor.28b18f1d0b1949cce512.js</td>
            </tr>
              
            <tr bgcolor="#e8e8e8">
                <td width="20%" class="indent2">Method</td><td width="80%">GET</td>
            </tr>
              
            <tr bgcolor="#e8e8e8">
                <td width="20%" class="indent2">Evidence</td><td width="80%">User</td>
            </tr>
              
  
  
            <tr bgcolor="#e8e8e8">
                <td width="20%" class="indent1">URL</td><td width="80%">https://d3ptyyxy2at9ui.cloudfront.net/assets/vendor.28b18f1d0b1949cce512.js</td>
            </tr>
              
            <tr bgcolor="#e8e8e8">
                <td width="20%" class="indent2">Method</td><td width="80%">GET</td>
            </tr>
              
            <tr bgcolor="#e8e8e8">
                <td width="20%" class="indent2">Evidence</td><td width="80%">SELECT</td>
            </tr>
              
  
  
            <tr bgcolor="#e8e8e8">
                <td width="20%" class="indent1">URL</td><td width="80%">https://d3ptyyxy2at9ui.cloudfront.net/assets/es_gettext.3913a13a740f37872320.js</td>
            </tr>
              
            <tr bgcolor="#e8e8e8">
                <td width="20%" class="indent2">Method</td><td width="80%">GET</td>
            </tr>
              
            <tr bgcolor="#e8e8e8">
                <td width="20%" class="indent2">Evidence</td><td width="80%">todo</td>
            </tr>
              
  
  
            <tr bgcolor="#e8e8e8">
                <td width="20%" class="indent1">URL</td><td width="80%">https://d3ptyyxy2at9ui.cloudfront.net/assets/vendor.28b18f1d0b1949cce512.js</td>
            </tr>
              
            <tr bgcolor="#e8e8e8">
                <td width="20%" class="indent2">Method</td><td width="80%">GET</td>
            </tr>
              
            <tr bgcolor="#e8e8e8">
                <td width="20%" class="indent2">Evidence</td><td width="80%">bugs</td>
            </tr>
              
  
  
            <tr bgcolor="#e8e8e8">
                <td width="20%" class="indent1">URL</td><td width="80%">https://d3ptyyxy2at9ui.cloudfront.net/assets/initTheme.b1a12b68f418d0aa0577144c7364b8ab.js</td>
            </tr>
              
            <tr bgcolor="#e8e8e8">
                <td width="20%" class="indent2">Method</td><td width="80%">GET</td>
            </tr>
              
            <tr bgcolor="#e8e8e8">
                <td width="20%" class="indent2">Evidence</td><td width="80%">User</td>
            </tr>
              
  
  
            <tr bgcolor="#e8e8e8">
                <td width="20%" class="indent1">URL</td><td width="80%">https://d3ptyyxy2at9ui.cloudfront.net/es-e1a86c.js</td>
            </tr>
              
            <tr bgcolor="#e8e8e8">
                <td width="20%" class="indent2">Method</td><td width="80%">GET</td>
            </tr>
              
            <tr bgcolor="#e8e8e8">
                <td width="20%" class="indent2">Evidence</td><td width="80%">admin</td>
            </tr>
              
  
  
            <tr bgcolor="#e8e8e8">
                <td width="20%" class="indent1">URL</td><td width="80%">https://d3ptyyxy2at9ui.cloudfront.net/assets/app.fcd55763e38f0df90ce6.js</td>
            </tr>
              
            <tr bgcolor="#e8e8e8">
                <td width="20%" class="indent2">Method</td><td width="80%">GET</td>
            </tr>
              
            <tr bgcolor="#e8e8e8">
                <td width="20%" class="indent2">Evidence</td><td width="80%">query</td>
            </tr>
              
  
  
            <tr bgcolor="#e8e8e8">
                <td width="20%" class="indent1">URL</td><td width="80%">https://d3ptyyxy2at9ui.cloudfront.net/assets/vendor.28b18f1d0b1949cce512.js</td>
            </tr>
              
            <tr bgcolor="#e8e8e8">
                <td width="20%" class="indent2">Method</td><td width="80%">GET</td>
            </tr>
              
            <tr bgcolor="#e8e8e8">
                <td width="20%" class="indent2">Evidence</td><td width="80%">db</td>
            </tr>
              
  
  
            <tr bgcolor="#e8e8e8">
                <td width="20%" class="indent1">URL</td><td width="80%">https://d3ptyyxy2at9ui.cloudfront.net/Col_ICECollection-8b8f90.js</td>
            </tr>
              
            <tr bgcolor="#e8e8e8">
                <td width="20%" class="indent2">Method</td><td width="80%">GET</td>
            </tr>
              
            <tr bgcolor="#e8e8e8">
                <td width="20%" class="indent2">Evidence</td><td width="80%">user</td>
            </tr>
              
  
  
            <tr bgcolor="#e8e8e8">
                <td width="20%" class="indent1">URL</td><td width="80%">https://d3ptyyxy2at9ui.cloudfront.net/assets/vendor.28b18f1d0b1949cce512.js</td>
            </tr>
              
            <tr bgcolor="#e8e8e8">
                <td width="20%" class="indent2">Method</td><td width="80%">GET</td>
            </tr>
              
            <tr bgcolor="#e8e8e8">
                <td width="20%" class="indent2">Evidence</td><td width="80%">username</td>
            </tr>
              
  
  
            <tr bgcolor="#e8e8e8">
                <td width="20%" class="indent1">URL</td><td width="80%">https://d3ptyyxy2at9ui.cloudfront.net/es-e1a86c.js</td>
            </tr>
              
            <tr bgcolor="#e8e8e8">
                <td width="20%" class="indent2">Method</td><td width="80%">GET</td>
            </tr>
              
            <tr bgcolor="#e8e8e8">
                <td width="20%" class="indent2">Evidence</td><td width="80%">todo</td>
            </tr>
              
  
  
            <tr bgcolor="#e8e8e8">
                <td width="20%" class="indent1">URL</td><td width="80%">https://d3ptyyxy2at9ui.cloudfront.net/Col_LoginSignupCollection-976c4c.js</td>
            </tr>
              
            <tr bgcolor="#e8e8e8">
                <td width="20%" class="indent2">Method</td><td width="80%">GET</td>
            </tr>
              
            <tr bgcolor="#e8e8e8">
                <td width="20%" class="indent2">Evidence</td><td width="80%">user</td>
            </tr>
              
  
  
            <tr bgcolor="#e8e8e8">
                <td width="20%">Instances</td><td width="80%">23</td>
            </tr>
              
            <tr bgcolor="#e8e8e8">
                <td width="20%">Solution</td><td width="80%"><p>Remove all comments that return information that may help an attacker and fix any underlying problems they refer to.</p></td>
            </tr>
              
            <tr bgcolor="#e8e8e8">
                <td width="20%">Other information</td><td width="80%"><p>The following pattern was used: \bQUERY\b and was detected in the element starting with: "function LRUCache(e){this.size=0,this.limit=e,this._keymap={}}if(!window.ICE){void 0===window.ICE_EXPORT_TO_SCOPE&amp;&amp;(window.ICE_E", see evidence field for the suspicious comment/snippet.</p></td>
            </tr>
            <TR vAlign="top">
                <TD colspan="2"></TD>
            </TR>
              
            <tr bgcolor="#e8e8e8">
                <td width="20%">Reference</td><td width="80%"><p></p></td>
            </tr>
              
            <tr bgcolor="#e8e8e8">
                <td width="20%">CWE Id</td><td width="80%">200</td>
            </tr>
              
            <tr bgcolor="#e8e8e8">
                <td width="20%">WASC Id</td><td width="80%">13</td>
            </tr>
              
            <tr bgcolor="#e8e8e8">
                <td width="20%">Source ID</td><td width="80%">3</td>
            </tr>
            
        </table>
        <div class="spacer"></div>
        <table width="100%" class="results">
              
  
  
  
            <tr height="24" class="risk-info">
                <th width="20%"><a name="info"></a>Informational (Low)</th><th width="80%">Information Disclosure - Suspicious Comments</th>
            </tr>
              
  
  
  
            <tr bgcolor="#e8e8e8">
                <td width="20%">Description</td><td width="80%"><p>The response appears to contain suspicious comments which may help an attacker. Note: Matches made within script blocks or files are against the entire content not only comments.</p></td>
            </tr>
            <TR vAlign="top">
                <TD colspan="2"></TD>
            </TR>
              
  
  
            <tr bgcolor="#e8e8e8">
                <td width="20%" class="indent1">URL</td><td width="80%">https://todoist.com/es</td>
            </tr>
              
            <tr bgcolor="#e8e8e8">
                <td width="20%" class="indent2">Method</td><td width="80%">GET</td>
            </tr>
              
            <tr bgcolor="#e8e8e8">
                <td width="20%" class="indent2">Evidence</td><td width="80%">todo</td>
            </tr>
              
  
  
            <tr bgcolor="#e8e8e8">
                <td width="20%" class="indent1">URL</td><td width="80%">https://todoist.com/_next/static/chunks/main-053c43a0d73c3a67a374.js</td>
            </tr>
              
            <tr bgcolor="#e8e8e8">
                <td width="20%" class="indent2">Method</td><td width="80%">GET</td>
            </tr>
              
            <tr bgcolor="#e8e8e8">
                <td width="20%" class="indent2">Evidence</td><td width="80%">query</td>
            </tr>
              
  
  
            <tr bgcolor="#e8e8e8">
                <td width="20%" class="indent1">URL</td><td width="80%">https://todoist.com/app/service-worker.js</td>
            </tr>
              
            <tr bgcolor="#e8e8e8">
                <td width="20%" class="indent2">Method</td><td width="80%">GET</td>
            </tr>
              
            <tr bgcolor="#e8e8e8">
                <td width="20%" class="indent2">Evidence</td><td width="80%">bug</td>
            </tr>
              
  
  
            <tr bgcolor="#e8e8e8">
                <td width="20%" class="indent1">URL</td><td width="80%">https://todoist.com/_next/static/chunks/framework.3105c3e333ee10fd9558.js</td>
            </tr>
              
            <tr bgcolor="#e8e8e8">
                <td width="20%" class="indent2">Method</td><td width="80%">GET</td>
            </tr>
              
            <tr bgcolor="#e8e8e8">
                <td width="20%" class="indent2">Evidence</td><td width="80%">select</td>
            </tr>
              
  
  
            <tr bgcolor="#e8e8e8">
                <td width="20%" class="indent1">URL</td><td width="80%">https://todoist.com/_next/static/chunks/commons.b18f7b8b8fe9524cd840.js</td>
            </tr>
              
            <tr bgcolor="#e8e8e8">
                <td width="20%" class="indent2">Method</td><td width="80%">GET</td>
            </tr>
              
            <tr bgcolor="#e8e8e8">
                <td width="20%" class="indent2">Evidence</td><td width="80%">query</td>
            </tr>
              
  
  
            <tr bgcolor="#e8e8e8">
                <td width="20%" class="indent1">URL</td><td width="80%">https://todoist.com/</td>
            </tr>
              
            <tr bgcolor="#e8e8e8">
                <td width="20%" class="indent2">Method</td><td width="80%">GET</td>
            </tr>
              
            <tr bgcolor="#e8e8e8">
                <td width="20%" class="indent2">Evidence</td><td width="80%">query</td>
            </tr>
              
  
  
            <tr bgcolor="#e8e8e8">
                <td width="20%" class="indent1">URL</td><td width="80%">https://todoist.com/_next/static/chunks/599a3c3ab2eff4db4f4c33c8ff174793a675b4e1.82b4cfb3e56a8eee03c1.js</td>
            </tr>
              
            <tr bgcolor="#e8e8e8">
                <td width="20%" class="indent2">Method</td><td width="80%">GET</td>
            </tr>
              
            <tr bgcolor="#e8e8e8">
                <td width="20%" class="indent2">Evidence</td><td width="80%">bug</td>
            </tr>
              
  
  
            <tr bgcolor="#e8e8e8">
                <td width="20%" class="indent1">URL</td><td width="80%">https://todoist.com/_next/static/chunks/4af5f773.cbea4d2bb3592e8bed23.js</td>
            </tr>
              
            <tr bgcolor="#e8e8e8">
                <td width="20%" class="indent2">Method</td><td width="80%">GET</td>
            </tr>
              
            <tr bgcolor="#e8e8e8">
                <td width="20%" class="indent2">Evidence</td><td width="80%">Bug</td>
            </tr>
              
  
  
            <tr bgcolor="#e8e8e8">
                <td width="20%" class="indent1">URL</td><td width="80%">https://todoist.com/_next/static/chunks/ec39cfc4811edb60b21d247b521a20cac18b8703.50bdbf9881f6c85b5c1a.js</td>
            </tr>
              
            <tr bgcolor="#e8e8e8">
                <td width="20%" class="indent2">Method</td><td width="80%">GET</td>
            </tr>
              
            <tr bgcolor="#e8e8e8">
                <td width="20%" class="indent2">Evidence</td><td width="80%">bug</td>
            </tr>
              
  
  
            <tr bgcolor="#e8e8e8">
                <td width="20%" class="indent1">URL</td><td width="80%">https://todoist.com/app/service-worker.js</td>
            </tr>
              
            <tr bgcolor="#e8e8e8">
                <td width="20%" class="indent2">Method</td><td width="80%">GET</td>
            </tr>
              
            <tr bgcolor="#e8e8e8">
                <td width="20%" class="indent2">Evidence</td><td width="80%">from</td>
            </tr>
              
  
  
            <tr bgcolor="#e8e8e8">
                <td width="20%" class="indent1">URL</td><td width="80%">https://todoist.com/_next/static/chunks/a52680fc7b32262e6da88792d4c55199e7c7070b.ef1131dd945b73b40945.js</td>
            </tr>
              
            <tr bgcolor="#e8e8e8">
                <td width="20%" class="indent2">Method</td><td width="80%">GET</td>
            </tr>
              
            <tr bgcolor="#e8e8e8">
                <td width="20%" class="indent2">Evidence</td><td width="80%">query</td>
            </tr>
              
  
  
            <tr bgcolor="#e8e8e8">
                <td width="20%" class="indent1">URL</td><td width="80%">https://todoist.com/_next/static/chunks/pages/index-48679ec33cb80820c987.js</td>
            </tr>
              
            <tr bgcolor="#e8e8e8">
                <td width="20%" class="indent2">Method</td><td width="80%">GET</td>
            </tr>
              
            <tr bgcolor="#e8e8e8">
                <td width="20%" class="indent2">Evidence</td><td width="80%">DB</td>
            </tr>
              
  
  
            <tr bgcolor="#e8e8e8">
                <td width="20%" class="indent1">URL</td><td width="80%">https://todoist.com/_next/static/chunks/pages/_app-87ecfa05d1f9483d94ca.js</td>
            </tr>
              
            <tr bgcolor="#e8e8e8">
                <td width="20%" class="indent2">Method</td><td width="80%">GET</td>
            </tr>
              
            <tr bgcolor="#e8e8e8">
                <td width="20%" class="indent2">Evidence</td><td width="80%">query</td>
            </tr>
              
  
  
            <tr bgcolor="#e8e8e8">
                <td width="20%" class="indent1">URL</td><td width="80%">https://todoist.com/_next/static/ie6hUP0chTXNaiNXXPooB/_buildManifest.js</td>
            </tr>
              
            <tr bgcolor="#e8e8e8">
                <td width="20%" class="indent2">Method</td><td width="80%">GET</td>
            </tr>
              
            <tr bgcolor="#e8e8e8">
                <td width="20%" class="indent2">Evidence</td><td width="80%">user</td>
            </tr>
              
  
  
            <tr bgcolor="#e8e8e8">
                <td width="20%">Instances</td><td width="80%">14</td>
            </tr>
              
            <tr bgcolor="#e8e8e8">
                <td width="20%">Solution</td><td width="80%"><p>Remove all comments that return information that may help an attacker and fix any underlying problems they refer to.</p></td>
            </tr>
              
            <tr bgcolor="#e8e8e8">
                <td width="20%">Other information</td><td width="80%"><p>The following pattern was used: \bTODO\b and was detected in the element starting with: "&lt;script id="__NEXT_DATA__" type="application/json"&gt;{"props":{"initialI18nStore":{"es":{"index":{"seoTitle":"Todoist: La \"to do ", see evidence field for the suspicious comment/snippet.</p></td>
            </tr>
            <TR vAlign="top">
                <TD colspan="2"></TD>
            </TR>
              
            <tr bgcolor="#e8e8e8">
                <td width="20%">Reference</td><td width="80%"><p></p></td>
            </tr>
              
            <tr bgcolor="#e8e8e8">
                <td width="20%">CWE Id</td><td width="80%">200</td>
            </tr>
              
            <tr bgcolor="#e8e8e8">
                <td width="20%">WASC Id</td><td width="80%">13</td>
            </tr>
              
            <tr bgcolor="#e8e8e8">
                <td width="20%">Source ID</td><td width="80%">3</td>
            </tr>
            
        </table>
        <div class="spacer"></div>
        <table width="100%" class="results">
              
  
  
  
            <tr height="24" class="risk-info">
                <th width="20%"><a name="info"></a>Informational (Low)</th><th width="80%">Timestamp Disclosure - Unix</th>
            </tr>
              
  
  
  
            <tr bgcolor="#e8e8e8">
                <td width="20%">Description</td><td width="80%"><p>A timestamp was disclosed by the application/web server - Unix</p></td>
            </tr>
            <TR vAlign="top">
                <TD colspan="2"></TD>
            </TR>
              
  
  
            <tr bgcolor="#e8e8e8">
                <td width="20%" class="indent1">URL</td><td width="80%">https://update.googleapis.com/service/update2/json?cup2key=11:2374968520&amp;cup2hreq=9b718fb9b3dba2bdac2eda037798a104783c2e560f80522d8b5eff1feb77b291</td>
            </tr>
              
            <tr bgcolor="#e8e8e8">
                <td width="20%" class="indent2">Method</td><td width="80%">POST</td>
            </tr>
              
            <tr bgcolor="#e8e8e8">
                <td width="20%" class="indent2">Evidence</td><td width="80%">20210909</td>
            </tr>
              
  
  
            <tr bgcolor="#e8e8e8">
                <td width="20%" class="indent1">URL</td><td width="80%">https://update.googleapis.com/service/update2/json?cup2key=11:2374968520&amp;cup2hreq=9b718fb9b3dba2bdac2eda037798a104783c2e560f80522d8b5eff1feb77b291</td>
            </tr>
              
            <tr bgcolor="#e8e8e8">
                <td width="20%" class="indent2">Method</td><td width="80%">POST</td>
            </tr>
              
            <tr bgcolor="#e8e8e8">
                <td width="20%" class="indent2">Evidence</td><td width="80%">20210813</td>
            </tr>
              
  
  
            <tr bgcolor="#e8e8e8">
                <td width="20%" class="indent1">URL</td><td width="80%">https://update.googleapis.com/service/update2/json?cup2key=11:4181520299&amp;cup2hreq=2e2c04cd3cc2ce0cdd616243dc9a7714672afb3fc37d21d0c9634a5f33961854</td>
            </tr>
              
            <tr bgcolor="#e8e8e8">
                <td width="20%" class="indent2">Method</td><td width="80%">POST</td>
            </tr>
              
            <tr bgcolor="#e8e8e8">
                <td width="20%" class="indent2">Evidence</td><td width="80%">20210909</td>
            </tr>
              
  
  
            <tr bgcolor="#e8e8e8">
                <td width="20%" class="indent1">URL</td><td width="80%">https://update.googleapis.com/service/update2/json?cup2key=11:4181520299&amp;cup2hreq=2e2c04cd3cc2ce0cdd616243dc9a7714672afb3fc37d21d0c9634a5f33961854</td>
            </tr>
              
            <tr bgcolor="#e8e8e8">
                <td width="20%" class="indent2">Method</td><td width="80%">POST</td>
            </tr>
              
            <tr bgcolor="#e8e8e8">
                <td width="20%" class="indent2">Evidence</td><td width="80%">396216503</td>
            </tr>
              
  
  
            <tr bgcolor="#e8e8e8">
                <td width="20%" class="indent1">URL</td><td width="80%">https://update.googleapis.com/service/update2/json?cup2key=11:4181520299&amp;cup2hreq=2e2c04cd3cc2ce0cdd616243dc9a7714672afb3fc37d21d0c9634a5f33961854</td>
            </tr>
              
            <tr bgcolor="#e8e8e8">
                <td width="20%" class="indent2">Method</td><td width="80%">POST</td>
            </tr>
              
            <tr bgcolor="#e8e8e8">
                <td width="20%" class="indent2">Evidence</td><td width="80%">20210813</td>
            </tr>
              
  
  
            <tr bgcolor="#e8e8e8">
                <td width="20%" class="indent1">URL</td><td width="80%">https://update.googleapis.com/service/update2/json?cup2key=11:2374968520&amp;cup2hreq=9b718fb9b3dba2bdac2eda037798a104783c2e560f80522d8b5eff1feb77b291</td>
            </tr>
              
            <tr bgcolor="#e8e8e8">
                <td width="20%" class="indent2">Method</td><td width="80%">POST</td>
            </tr>
              
            <tr bgcolor="#e8e8e8">
                <td width="20%" class="indent2">Evidence</td><td width="80%">396216503</td>
            </tr>
              
  
  
            <tr bgcolor="#e8e8e8">
                <td width="20%">Instances</td><td width="80%">6</td>
            </tr>
              
            <tr bgcolor="#e8e8e8">
                <td width="20%">Solution</td><td width="80%"><p>Manually confirm that the timestamp data is not sensitive, and that the data cannot be aggregated to disclose exploitable patterns.</p></td>
            </tr>
              
            <tr bgcolor="#e8e8e8">
                <td width="20%">Other information</td><td width="80%"><p>20210909, which evaluates to: 1970-08-22 17:08:29</p></td>
            </tr>
            <TR vAlign="top">
                <TD colspan="2"></TD>
            </TR>
              
            <tr bgcolor="#e8e8e8">
                <td width="20%">Reference</td><td width="80%"><p>http://projects.webappsec.org/w/page/13246936/Information%20Leakage</p></td>
            </tr>
              
            <tr bgcolor="#e8e8e8">
                <td width="20%">CWE Id</td><td width="80%">200</td>
            </tr>
              
            <tr bgcolor="#e8e8e8">
                <td width="20%">WASC Id</td><td width="80%">13</td>
            </tr>
              
            <tr bgcolor="#e8e8e8">
                <td width="20%">Source ID</td><td width="80%">3</td>
            </tr>
            
        </table>
        <div class="spacer"></div>
        <table width="100%" class="results">
              
  
  
  
            <tr height="24" class="risk-info">
                <th width="20%"><a name="info"></a>Informational (Low)</th><th width="80%">Timestamp Disclosure - Unix</th>
            </tr>
              
  
  
  
            <tr bgcolor="#e8e8e8">
                <td width="20%">Description</td><td width="80%"><p>A timestamp was disclosed by the application/web server - Unix</p></td>
            </tr>
            <TR vAlign="top">
                <TD colspan="2"></TD>
            </TR>
              
  
  
            <tr bgcolor="#e8e8e8">
                <td width="20%" class="indent1">URL</td><td width="80%">https://tracking-protection.cdn.mozilla.net/social-tracking-protection-twitter-digest256/76.0/1604686195</td>
            </tr>
              
            <tr bgcolor="#e8e8e8">
                <td width="20%" class="indent2">Method</td><td width="80%">GET</td>
            </tr>
              
            <tr bgcolor="#e8e8e8">
                <td width="20%" class="indent2">Evidence</td><td width="80%">1604686195</td>
            </tr>
              
  
  
            <tr bgcolor="#e8e8e8">
                <td width="20%" class="indent1">URL</td><td width="80%">https://tracking-protection.cdn.mozilla.net/except-flashallow-digest256/1490633678</td>
            </tr>
              
            <tr bgcolor="#e8e8e8">
                <td width="20%" class="indent2">Method</td><td width="80%">GET</td>
            </tr>
              
            <tr bgcolor="#e8e8e8">
                <td width="20%" class="indent2">Evidence</td><td width="80%">1490633678</td>
            </tr>
              
  
  
            <tr bgcolor="#e8e8e8">
                <td width="20%" class="indent1">URL</td><td width="80%">https://tracking-protection.cdn.mozilla.net/except-flash-digest256/1604686195</td>
            </tr>
              
            <tr bgcolor="#e8e8e8">
                <td width="20%" class="indent2">Method</td><td width="80%">GET</td>
            </tr>
              
            <tr bgcolor="#e8e8e8">
                <td width="20%" class="indent2">Evidence</td><td width="80%">1604686195</td>
            </tr>
              
  
  
            <tr bgcolor="#e8e8e8">
                <td width="20%" class="indent1">URL</td><td width="80%">https://tracking-protection.cdn.mozilla.net/social-tracking-protection-facebook-digest256/76.0/1604686195</td>
            </tr>
              
            <tr bgcolor="#e8e8e8">
                <td width="20%" class="indent2">Method</td><td width="80%">GET</td>
            </tr>
              
            <tr bgcolor="#e8e8e8">
                <td width="20%" class="indent2">Evidence</td><td width="80%">1604686195</td>
            </tr>
              
  
  
            <tr bgcolor="#e8e8e8">
                <td width="20%" class="indent1">URL</td><td width="80%">https://tracking-protection.cdn.mozilla.net/base-cryptomining-track-digest256/76.0/1604686195</td>
            </tr>
              
            <tr bgcolor="#e8e8e8">
                <td width="20%" class="indent2">Method</td><td width="80%">GET</td>
            </tr>
              
            <tr bgcolor="#e8e8e8">
                <td width="20%" class="indent2">Evidence</td><td width="80%">1604686195</td>
            </tr>
              
  
  
            <tr bgcolor="#e8e8e8">
                <td width="20%" class="indent1">URL</td><td width="80%">https://tracking-protection.cdn.mozilla.net/analytics-track-digest256/76.0/1604686195</td>
            </tr>
              
            <tr bgcolor="#e8e8e8">
                <td width="20%" class="indent2">Method</td><td width="80%">GET</td>
            </tr>
              
            <tr bgcolor="#e8e8e8">
                <td width="20%" class="indent2">Evidence</td><td width="80%">1604686195</td>
            </tr>
              
  
  
            <tr bgcolor="#e8e8e8">
                <td width="20%" class="indent1">URL</td><td width="80%">https://tracking-protection.cdn.mozilla.net/block-flashsubdoc-digest256/1604686195</td>
            </tr>
              
            <tr bgcolor="#e8e8e8">
                <td width="20%" class="indent2">Method</td><td width="80%">GET</td>
            </tr>
              
            <tr bgcolor="#e8e8e8">
                <td width="20%" class="indent2">Evidence</td><td width="80%">1604686195</td>
            </tr>
              
  
  
            <tr bgcolor="#e8e8e8">
                <td width="20%" class="indent1">URL</td><td width="80%">https://tracking-protection.cdn.mozilla.net/base-fingerprinting-track-digest256/76.0/1622144062</td>
            </tr>
              
            <tr bgcolor="#e8e8e8">
                <td width="20%" class="indent2">Method</td><td width="80%">GET</td>
            </tr>
              
            <tr bgcolor="#e8e8e8">
                <td width="20%" class="indent2">Evidence</td><td width="80%">1622144062</td>
            </tr>
              
  
  
            <tr bgcolor="#e8e8e8">
                <td width="20%" class="indent1">URL</td><td width="80%">https://tracking-protection.cdn.mozilla.net/google-trackwhite-digest256/76.0/1604686195</td>
            </tr>
              
            <tr bgcolor="#e8e8e8">
                <td width="20%" class="indent2">Method</td><td width="80%">GET</td>
            </tr>
              
            <tr bgcolor="#e8e8e8">
                <td width="20%" class="indent2">Evidence</td><td width="80%">1604686195</td>
            </tr>
              
  
  
            <tr bgcolor="#e8e8e8">
                <td width="20%" class="indent1">URL</td><td width="80%">https://tracking-protection.cdn.mozilla.net/allow-flashallow-digest256/1490633678</td>
            </tr>
              
            <tr bgcolor="#e8e8e8">
                <td width="20%" class="indent2">Method</td><td width="80%">GET</td>
            </tr>
              
            <tr bgcolor="#e8e8e8">
                <td width="20%" class="indent2">Evidence</td><td width="80%">1490633678</td>
            </tr>
              
  
  
            <tr bgcolor="#e8e8e8">
                <td width="20%" class="indent1">URL</td><td width="80%">https://tracking-protection.cdn.mozilla.net/social-tracking-protection-linkedin-digest256/76.0/1586291909</td>
            </tr>
              
            <tr bgcolor="#e8e8e8">
                <td width="20%" class="indent2">Method</td><td width="80%">GET</td>
            </tr>
              
            <tr bgcolor="#e8e8e8">
                <td width="20%" class="indent2">Evidence</td><td width="80%">1586291909</td>
            </tr>
              
  
  
            <tr bgcolor="#e8e8e8">
                <td width="20%" class="indent1">URL</td><td width="80%">https://tracking-protection.cdn.mozilla.net/except-flashsubdoc-digest256/1517935265</td>
            </tr>
              
            <tr bgcolor="#e8e8e8">
                <td width="20%" class="indent2">Method</td><td width="80%">GET</td>
            </tr>
              
            <tr bgcolor="#e8e8e8">
                <td width="20%" class="indent2">Evidence</td><td width="80%">1517935265</td>
            </tr>
              
  
  
            <tr bgcolor="#e8e8e8">
                <td width="20%" class="indent1">URL</td><td width="80%">https://tracking-protection.cdn.mozilla.net/social-track-digest256/76.0/1604686195</td>
            </tr>
              
            <tr bgcolor="#e8e8e8">
                <td width="20%" class="indent2">Method</td><td width="80%">GET</td>
            </tr>
              
            <tr bgcolor="#e8e8e8">
                <td width="20%" class="indent2">Evidence</td><td width="80%">1604686195</td>
            </tr>
              
  
  
            <tr bgcolor="#e8e8e8">
                <td width="20%" class="indent1">URL</td><td width="80%">https://tracking-protection.cdn.mozilla.net/mozstd-trackwhite-digest256/76.0/1626816873</td>
            </tr>
              
            <tr bgcolor="#e8e8e8">
                <td width="20%" class="indent2">Method</td><td width="80%">GET</td>
            </tr>
              
            <tr bgcolor="#e8e8e8">
                <td width="20%" class="indent2">Evidence</td><td width="80%">1626816873</td>
            </tr>
              
  
  
            <tr bgcolor="#e8e8e8">
                <td width="20%" class="indent1">URL</td><td width="80%">https://tracking-protection.cdn.mozilla.net/block-flash-digest256/1604686195</td>
            </tr>
              
            <tr bgcolor="#e8e8e8">
                <td width="20%" class="indent2">Method</td><td width="80%">GET</td>
            </tr>
              
            <tr bgcolor="#e8e8e8">
                <td width="20%" class="indent2">Evidence</td><td width="80%">1604686195</td>
            </tr>
              
  
  
            <tr bgcolor="#e8e8e8">
                <td width="20%" class="indent1">URL</td><td width="80%">https://tracking-protection.cdn.mozilla.net/content-track-digest256/76.0/1611615822</td>
            </tr>
              
            <tr bgcolor="#e8e8e8">
                <td width="20%" class="indent2">Method</td><td width="80%">GET</td>
            </tr>
              
            <tr bgcolor="#e8e8e8">
                <td width="20%" class="indent2">Evidence</td><td width="80%">1611615822</td>
            </tr>
              
  
  
            <tr bgcolor="#e8e8e8">
                <td width="20%" class="indent1">URL</td><td width="80%">https://tracking-protection.cdn.mozilla.net/ads-track-digest256/76.0/1611615822</td>
            </tr>
              
            <tr bgcolor="#e8e8e8">
                <td width="20%" class="indent2">Method</td><td width="80%">GET</td>
            </tr>
              
            <tr bgcolor="#e8e8e8">
                <td width="20%" class="indent2">Evidence</td><td width="80%">1611615822</td>
            </tr>
              
  
  
            <tr bgcolor="#e8e8e8">
                <td width="20%">Instances</td><td width="80%">17</td>
            </tr>
              
            <tr bgcolor="#e8e8e8">
                <td width="20%">Solution</td><td width="80%"><p>Manually confirm that the timestamp data is not sensitive, and that the data cannot be aggregated to disclose exploitable patterns.</p></td>
            </tr>
              
            <tr bgcolor="#e8e8e8">
                <td width="20%">Other information</td><td width="80%"><p>1604686195, which evaluates to: 2020-11-06 13:09:55</p></td>
            </tr>
            <TR vAlign="top">
                <TD colspan="2"></TD>
            </TR>
              
            <tr bgcolor="#e8e8e8">
                <td width="20%">Reference</td><td width="80%"><p>http://projects.webappsec.org/w/page/13246936/Information%20Leakage</p></td>
            </tr>
              
            <tr bgcolor="#e8e8e8">
                <td width="20%">CWE Id</td><td width="80%">200</td>
            </tr>
              
            <tr bgcolor="#e8e8e8">
                <td width="20%">WASC Id</td><td width="80%">13</td>
            </tr>
              
            <tr bgcolor="#e8e8e8">
                <td width="20%">Source ID</td><td width="80%">3</td>
            </tr>
            
        </table>
        <div class="spacer"></div>
        <table width="100%" class="results">
              
  
  
  
            <tr height="24" class="risk-info">
                <th width="20%"><a name="info"></a>Informational (Low)</th><th width="80%">Timestamp Disclosure - Unix</th>
            </tr>
              
  
  
  
            <tr bgcolor="#e8e8e8">
                <td width="20%">Description</td><td width="80%"><p>A timestamp was disclosed by the application/web server - Unix</p></td>
            </tr>
            <TR vAlign="top">
                <TD colspan="2"></TD>
            </TR>
              
  
  
            <tr bgcolor="#e8e8e8">
                <td width="20%" class="indent1">URL</td><td width="80%">https://shavar.services.mozilla.com/downloads?client=navclient-auto-ffox&amp;appver=76.0&amp;pver=2.2</td>
            </tr>
              
            <tr bgcolor="#e8e8e8">
                <td width="20%" class="indent2">Method</td><td width="80%">POST</td>
            </tr>
              
            <tr bgcolor="#e8e8e8">
                <td width="20%" class="indent2">Evidence</td><td width="80%">1604686195</td>
            </tr>
              
  
  
            <tr bgcolor="#e8e8e8">
                <td width="20%" class="indent1">URL</td><td width="80%">https://shavar.services.mozilla.com/downloads?client=navclient-auto-ffox&amp;appver=76.0&amp;pver=2.2</td>
            </tr>
              
            <tr bgcolor="#e8e8e8">
                <td width="20%" class="indent2">Method</td><td width="80%">POST</td>
            </tr>
              
            <tr bgcolor="#e8e8e8">
                <td width="20%" class="indent2">Evidence</td><td width="80%">1490633678</td>
            </tr>
              
  
  
            <tr bgcolor="#e8e8e8">
                <td width="20%" class="indent1">URL</td><td width="80%">https://shavar.services.mozilla.com/downloads?client=navclient-auto-ffox&amp;appver=76.0&amp;pver=2.2</td>
            </tr>
              
            <tr bgcolor="#e8e8e8">
                <td width="20%" class="indent2">Method</td><td width="80%">POST</td>
            </tr>
              
            <tr bgcolor="#e8e8e8">
                <td width="20%" class="indent2">Evidence</td><td width="80%">1622144062</td>
            </tr>
              
  
  
            <tr bgcolor="#e8e8e8">
                <td width="20%" class="indent1">URL</td><td width="80%">https://shavar.services.mozilla.com/downloads?client=navclient-auto-ffox&amp;appver=76.0&amp;pver=2.2</td>
            </tr>
              
            <tr bgcolor="#e8e8e8">
                <td width="20%" class="indent2">Method</td><td width="80%">POST</td>
            </tr>
              
            <tr bgcolor="#e8e8e8">
                <td width="20%" class="indent2">Evidence</td><td width="80%">1626816873</td>
            </tr>
              
  
  
            <tr bgcolor="#e8e8e8">
                <td width="20%" class="indent1">URL</td><td width="80%">https://shavar.services.mozilla.com/downloads?client=navclient-auto-ffox&amp;appver=76.0&amp;pver=2.2</td>
            </tr>
              
            <tr bgcolor="#e8e8e8">
                <td width="20%" class="indent2">Method</td><td width="80%">POST</td>
            </tr>
              
            <tr bgcolor="#e8e8e8">
                <td width="20%" class="indent2">Evidence</td><td width="80%">1586291909</td>
            </tr>
              
  
  
            <tr bgcolor="#e8e8e8">
                <td width="20%" class="indent1">URL</td><td width="80%">https://shavar.services.mozilla.com/downloads?client=navclient-auto-ffox&amp;appver=76.0&amp;pver=2.2</td>
            </tr>
              
            <tr bgcolor="#e8e8e8">
                <td width="20%" class="indent2">Method</td><td width="80%">POST</td>
            </tr>
              
            <tr bgcolor="#e8e8e8">
                <td width="20%" class="indent2">Evidence</td><td width="80%">1517935265</td>
            </tr>
              
  
  
            <tr bgcolor="#e8e8e8">
                <td width="20%" class="indent1">URL</td><td width="80%">https://shavar.services.mozilla.com/downloads?client=navclient-auto-ffox&amp;appver=76.0&amp;pver=2.2</td>
            </tr>
              
            <tr bgcolor="#e8e8e8">
                <td width="20%" class="indent2">Method</td><td width="80%">POST</td>
            </tr>
              
            <tr bgcolor="#e8e8e8">
                <td width="20%" class="indent2">Evidence</td><td width="80%">1611615822</td>
            </tr>
              
  
  
            <tr bgcolor="#e8e8e8">
                <td width="20%">Instances</td><td width="80%">7</td>
            </tr>
              
            <tr bgcolor="#e8e8e8">
                <td width="20%">Solution</td><td width="80%"><p>Manually confirm that the timestamp data is not sensitive, and that the data cannot be aggregated to disclose exploitable patterns.</p></td>
            </tr>
              
            <tr bgcolor="#e8e8e8">
                <td width="20%">Other information</td><td width="80%"><p>1604686195, which evaluates to: 2020-11-06 13:09:55</p></td>
            </tr>
            <TR vAlign="top">
                <TD colspan="2"></TD>
            </TR>
              
            <tr bgcolor="#e8e8e8">
                <td width="20%">Reference</td><td width="80%"><p>http://projects.webappsec.org/w/page/13246936/Information%20Leakage</p></td>
            </tr>
              
            <tr bgcolor="#e8e8e8">
                <td width="20%">CWE Id</td><td width="80%">200</td>
            </tr>
              
            <tr bgcolor="#e8e8e8">
                <td width="20%">WASC Id</td><td width="80%">13</td>
            </tr>
              
            <tr bgcolor="#e8e8e8">
                <td width="20%">Source ID</td><td width="80%">3</td>
            </tr>
            
        </table>
        <div class="spacer"></div>
        <table width="100%" class="results">
              
  
  
  
            <tr height="24" class="risk-info">
                <th width="20%"><a name="info"></a>Informational (Low)</th><th width="80%">Timestamp Disclosure - Unix</th>
            </tr>
              
  
  
  
            <tr bgcolor="#e8e8e8">
                <td width="20%">Description</td><td width="80%"><p>A timestamp was disclosed by the application/web server - Unix</p></td>
            </tr>
            <TR vAlign="top">
                <TD colspan="2"></TD>
            </TR>
              
  
  
            <tr bgcolor="#e8e8e8">
                <td width="20%" class="indent1">URL</td><td width="80%">https://d3ptyyxy2at9ui.cloudfront.net/assets/vendor.28b18f1d0b1949cce512.js</td>
            </tr>
              
            <tr bgcolor="#e8e8e8">
                <td width="20%" class="indent2">Method</td><td width="80%">GET</td>
            </tr>
              
            <tr bgcolor="#e8e8e8">
                <td width="20%" class="indent2">Evidence</td><td width="80%">16711935</td>
            </tr>
              
  
  
            <tr bgcolor="#e8e8e8">
                <td width="20%" class="indent1">URL</td><td width="80%">https://d3ptyyxy2at9ui.cloudfront.net/assets/vendor.28b18f1d0b1949cce512.js</td>
            </tr>
              
            <tr bgcolor="#e8e8e8">
                <td width="20%" class="indent2">Method</td><td width="80%">GET</td>
            </tr>
              
            <tr bgcolor="#e8e8e8">
                <td width="20%" class="indent2">Evidence</td><td width="80%">389564586</td>
            </tr>
              
  
  
            <tr bgcolor="#e8e8e8">
                <td width="20%" class="indent1">URL</td><td width="80%">https://d3ptyyxy2at9ui.cloudfront.net/assets/vendor.28b18f1d0b1949cce512.js</td>
            </tr>
              
            <tr bgcolor="#e8e8e8">
                <td width="20%" class="indent2">Method</td><td width="80%">GET</td>
            </tr>
              
            <tr bgcolor="#e8e8e8">
                <td width="20%" class="indent2">Evidence</td><td width="80%">35309556</td>
            </tr>
              
  
  
            <tr bgcolor="#e8e8e8">
                <td width="20%" class="indent1">URL</td><td width="80%">https://d3ptyyxy2at9ui.cloudfront.net/assets/vendor.28b18f1d0b1949cce512.js</td>
            </tr>
              
            <tr bgcolor="#e8e8e8">
                <td width="20%" class="indent2">Method</td><td width="80%">GET</td>
            </tr>
              
            <tr bgcolor="#e8e8e8">
                <td width="20%" class="indent2">Evidence</td><td width="80%">1044525330</td>
            </tr>
              
  
  
            <tr bgcolor="#e8e8e8">
                <td width="20%" class="indent1">URL</td><td width="80%">https://d3ptyyxy2at9ui.cloudfront.net/assets/vendor.28b18f1d0b1949cce512.js</td>
            </tr>
              
            <tr bgcolor="#e8e8e8">
                <td width="20%" class="indent2">Method</td><td width="80%">GET</td>
            </tr>
              
            <tr bgcolor="#e8e8e8">
                <td width="20%" class="indent2">Evidence</td><td width="80%">165796510</td>
            </tr>
              
  
  
            <tr bgcolor="#e8e8e8">
                <td width="20%" class="indent1">URL</td><td width="80%">https://d3ptyyxy2at9ui.cloudfront.net/assets/vendor.28b18f1d0b1949cce512.js</td>
            </tr>
              
            <tr bgcolor="#e8e8e8">
                <td width="20%" class="indent2">Method</td><td width="80%">GET</td>
            </tr>
              
            <tr bgcolor="#e8e8e8">
                <td width="20%" class="indent2">Evidence</td><td width="80%">252645135</td>
            </tr>
              
  
  
            <tr bgcolor="#e8e8e8">
                <td width="20%" class="indent1">URL</td><td width="80%">https://d3ptyyxy2at9ui.cloudfront.net/assets/vendor.28b18f1d0b1949cce512.js</td>
            </tr>
              
            <tr bgcolor="#e8e8e8">
                <td width="20%" class="indent2">Method</td><td width="80%">GET</td>
            </tr>
              
            <tr bgcolor="#e8e8e8">
                <td width="20%" class="indent2">Evidence</td><td width="80%">461845907</td>
            </tr>
              
  
  
            <tr bgcolor="#e8e8e8">
                <td width="20%" class="indent1">URL</td><td width="80%">https://d3ptyyxy2at9ui.cloudfront.net/assets/vendor.28b18f1d0b1949cce512.js</td>
            </tr>
              
            <tr bgcolor="#e8e8e8">
                <td width="20%" class="indent2">Method</td><td width="80%">GET</td>
            </tr>
              
            <tr bgcolor="#e8e8e8">
                <td width="20%" class="indent2">Evidence</td><td width="80%">16711680</td>
            </tr>
              
  
  
            <tr bgcolor="#e8e8e8">
                <td width="20%" class="indent1">URL</td><td width="80%">https://d3ptyyxy2at9ui.cloudfront.net/assets/vendor.28b18f1d0b1949cce512.js</td>
            </tr>
              
            <tr bgcolor="#e8e8e8">
                <td width="20%" class="indent2">Method</td><td width="80%">GET</td>
            </tr>
              
            <tr bgcolor="#e8e8e8">
                <td width="20%" class="indent2">Evidence</td><td width="80%">0123423232</td>
            </tr>
              
  
  
            <tr bgcolor="#e8e8e8">
                <td width="20%" class="indent1">URL</td><td width="80%">https://d3ptyyxy2at9ui.cloudfront.net/assets/vendor.28b18f1d0b1949cce512.js</td>
            </tr>
              
            <tr bgcolor="#e8e8e8">
                <td width="20%" class="indent2">Method</td><td width="80%">GET</td>
            </tr>
              
            <tr bgcolor="#e8e8e8">
                <td width="20%" class="indent2">Evidence</td><td width="80%">67108863</td>
            </tr>
              
  
  
            <tr bgcolor="#e8e8e8">
                <td width="20%" class="indent1">URL</td><td width="80%">https://d3ptyyxy2at9ui.cloudfront.net/assets/vendor.28b18f1d0b1949cce512.js</td>
            </tr>
              
            <tr bgcolor="#e8e8e8">
                <td width="20%" class="indent2">Method</td><td width="80%">GET</td>
            </tr>
              
            <tr bgcolor="#e8e8e8">
                <td width="20%" class="indent2">Evidence</td><td width="80%">010101010</td>
            </tr>
              
  
  
            <tr bgcolor="#e8e8e8">
                <td width="20%" class="indent1">URL</td><td width="80%">https://d3ptyyxy2at9ui.cloudfront.net/assets/app.fcd55763e38f0df90ce6.js</td>
            </tr>
              
            <tr bgcolor="#e8e8e8">
                <td width="20%" class="indent2">Method</td><td width="80%">GET</td>
            </tr>
              
            <tr bgcolor="#e8e8e8">
                <td width="20%" class="indent2">Evidence</td><td width="80%">205064592</td>
            </tr>
              
  
  
            <tr bgcolor="#e8e8e8">
                <td width="20%" class="indent1">URL</td><td width="80%">https://d3ptyyxy2at9ui.cloudfront.net/assets/vendor.28b18f1d0b1949cce512.js</td>
            </tr>
              
            <tr bgcolor="#e8e8e8">
                <td width="20%" class="indent2">Method</td><td width="80%">GET</td>
            </tr>
              
            <tr bgcolor="#e8e8e8">
                <td width="20%" class="indent2">Evidence</td><td width="80%">358537222</td>
            </tr>
              
  
  
            <tr bgcolor="#e8e8e8">
                <td width="20%" class="indent1">URL</td><td width="80%">https://d3ptyyxy2at9ui.cloudfront.net/assets/theme_todoist.svgs.5a85838d9766d78809ba.js</td>
            </tr>
              
            <tr bgcolor="#e8e8e8">
                <td width="20%" class="indent2">Method</td><td width="80%">GET</td>
            </tr>
              
            <tr bgcolor="#e8e8e8">
                <td width="20%" class="indent2">Evidence</td><td width="80%">1000022624</td>
            </tr>
              
  
  
            <tr bgcolor="#e8e8e8">
                <td width="20%" class="indent1">URL</td><td width="80%">https://d3ptyyxy2at9ui.cloudfront.net/assets/vendor.28b18f1d0b1949cce512.js</td>
            </tr>
              
            <tr bgcolor="#e8e8e8">
                <td width="20%" class="indent2">Method</td><td width="80%">GET</td>
            </tr>
              
            <tr bgcolor="#e8e8e8">
                <td width="20%" class="indent2">Evidence</td><td width="80%">1444681467</td>
            </tr>
              
  
  
            <tr bgcolor="#e8e8e8">
                <td width="20%" class="indent1">URL</td><td width="80%">https://d3ptyyxy2at9ui.cloudfront.net/assets/theme_todoist.svgs.5a85838d9766d78809ba.js</td>
            </tr>
              
            <tr bgcolor="#e8e8e8">
                <td width="20%" class="indent2">Method</td><td width="80%">GET</td>
            </tr>
              
            <tr bgcolor="#e8e8e8">
                <td width="20%" class="indent2">Evidence</td><td width="80%">60027963</td>
            </tr>
              
  
  
            <tr bgcolor="#e8e8e8">
                <td width="20%" class="indent1">URL</td><td width="80%">https://d3ptyyxy2at9ui.cloudfront.net/assets/vendor.28b18f1d0b1949cce512.js</td>
            </tr>
              
            <tr bgcolor="#e8e8e8">
                <td width="20%" class="indent2">Method</td><td width="80%">GET</td>
            </tr>
              
            <tr bgcolor="#e8e8e8">
                <td width="20%" class="indent2">Evidence</td><td width="80%">1200080426</td>
            </tr>
              
  
  
            <tr bgcolor="#e8e8e8">
                <td width="20%" class="indent1">URL</td><td width="80%">https://d3ptyyxy2at9ui.cloudfront.net/assets/vendor.28b18f1d0b1949cce512.js</td>
            </tr>
              
            <tr bgcolor="#e8e8e8">
                <td width="20%" class="indent2">Method</td><td width="80%">GET</td>
            </tr>
              
            <tr bgcolor="#e8e8e8">
                <td width="20%" class="indent2">Evidence</td><td width="80%">1894986606</td>
            </tr>
              
  
  
            <tr bgcolor="#e8e8e8">
                <td width="20%" class="indent1">URL</td><td width="80%">https://d3ptyyxy2at9ui.cloudfront.net/assets/vendor.28b18f1d0b1949cce512.js</td>
            </tr>
              
            <tr bgcolor="#e8e8e8">
                <td width="20%" class="indent2">Method</td><td width="80%">GET</td>
            </tr>
              
            <tr bgcolor="#e8e8e8">
                <td width="20%" class="indent2">Evidence</td><td width="80%">2022574463</td>
            </tr>
              
  
  
            <tr bgcolor="#e8e8e8">
                <td width="20%" class="indent1">URL</td><td width="80%">https://d3ptyyxy2at9ui.cloudfront.net/assets/app.fcd55763e38f0df90ce6.js</td>
            </tr>
              
            <tr bgcolor="#e8e8e8">
                <td width="20%" class="indent2">Method</td><td width="80%">GET</td>
            </tr>
              
            <tr bgcolor="#e8e8e8">
                <td width="20%" class="indent2">Evidence</td><td width="80%">73530912</td>
            </tr>
              
  
  
            <tr bgcolor="#e8e8e8">
                <td width="20%">Instances</td><td width="80%">158</td>
            </tr>
              
            <tr bgcolor="#e8e8e8">
                <td width="20%">Solution</td><td width="80%"><p>Manually confirm that the timestamp data is not sensitive, and that the data cannot be aggregated to disclose exploitable patterns.</p></td>
            </tr>
              
            <tr bgcolor="#e8e8e8">
                <td width="20%">Other information</td><td width="80%"><p>16711935, which evaluates to: 1970-07-13 05:12:15</p></td>
            </tr>
            <TR vAlign="top">
                <TD colspan="2"></TD>
            </TR>
              
            <tr bgcolor="#e8e8e8">
                <td width="20%">Reference</td><td width="80%"><p>http://projects.webappsec.org/w/page/13246936/Information%20Leakage</p></td>
            </tr>
              
            <tr bgcolor="#e8e8e8">
                <td width="20%">CWE Id</td><td width="80%">200</td>
            </tr>
              
            <tr bgcolor="#e8e8e8">
                <td width="20%">WASC Id</td><td width="80%">13</td>
            </tr>
              
            <tr bgcolor="#e8e8e8">
                <td width="20%">Source ID</td><td width="80%">3</td>
            </tr>
            
        </table>
        <div class="spacer"></div>
        <table width="100%" class="results">
              
  
  
  
            <tr height="24" class="risk-info">
                <th width="20%"><a name="info"></a>Informational (Low)</th><th width="80%">Timestamp Disclosure - Unix</th>
            </tr>
              
  
  
  
            <tr bgcolor="#e8e8e8">
                <td width="20%">Description</td><td width="80%"><p>A timestamp was disclosed by the application/web server - Unix</p></td>
            </tr>
            <TR vAlign="top">
                <TD colspan="2"></TD>
            </TR>
              
  
  
            <tr bgcolor="#e8e8e8">
                <td width="20%" class="indent1">URL</td><td width="80%">https://todoist.com/_next/static/chunks/a52680fc7b32262e6da88792d4c55199e7c7070b.ef1131dd945b73b40945.js</td>
            </tr>
              
            <tr bgcolor="#e8e8e8">
                <td width="20%" class="indent2">Method</td><td width="80%">GET</td>
            </tr>
              
            <tr bgcolor="#e8e8e8">
                <td width="20%" class="indent2">Evidence</td><td width="80%">57434055</td>
            </tr>
              
  
  
            <tr bgcolor="#e8e8e8">
                <td width="20%" class="indent1">URL</td><td width="80%">https://todoist.com/_next/static/chunks/a52680fc7b32262e6da88792d4c55199e7c7070b.ef1131dd945b73b40945.js</td>
            </tr>
              
            <tr bgcolor="#e8e8e8">
                <td width="20%" class="indent2">Method</td><td width="80%">GET</td>
            </tr>
              
            <tr bgcolor="#e8e8e8">
                <td width="20%" class="indent2">Evidence</td><td width="80%">165796510</td>
            </tr>
              
  
  
            <tr bgcolor="#e8e8e8">
                <td width="20%" class="indent1">URL</td><td width="80%">https://todoist.com/_next/static/chunks/a52680fc7b32262e6da88792d4c55199e7c7070b.ef1131dd945b73b40945.js</td>
            </tr>
              
            <tr bgcolor="#e8e8e8">
                <td width="20%" class="indent2">Method</td><td width="80%">GET</td>
            </tr>
              
            <tr bgcolor="#e8e8e8">
                <td width="20%" class="indent2">Evidence</td><td width="80%">1518500249</td>
            </tr>
              
  
  
            <tr bgcolor="#e8e8e8">
                <td width="20%" class="indent1">URL</td><td width="80%">https://todoist.com/_next/static/chunks/ec39cfc4811edb60b21d247b521a20cac18b8703.50bdbf9881f6c85b5c1a.js</td>
            </tr>
              
            <tr bgcolor="#e8e8e8">
                <td width="20%" class="indent2">Method</td><td width="80%">GET</td>
            </tr>
              
            <tr bgcolor="#e8e8e8">
                <td width="20%" class="indent2">Evidence</td><td width="80%">123456789</td>
            </tr>
              
  
  
            <tr bgcolor="#e8e8e8">
                <td width="20%" class="indent1">URL</td><td width="80%">https://todoist.com/_next/static/chunks/a52680fc7b32262e6da88792d4c55199e7c7070b.ef1131dd945b73b40945.js</td>
            </tr>
              
            <tr bgcolor="#e8e8e8">
                <td width="20%" class="indent2">Method</td><td width="80%">GET</td>
            </tr>
              
            <tr bgcolor="#e8e8e8">
                <td width="20%" class="indent2">Evidence</td><td width="80%">35309556</td>
            </tr>
              
  
  
            <tr bgcolor="#e8e8e8">
                <td width="20%" class="indent1">URL</td><td width="80%">https://todoist.com/_next/static/chunks/a52680fc7b32262e6da88792d4c55199e7c7070b.ef1131dd945b73b40945.js</td>
            </tr>
              
            <tr bgcolor="#e8e8e8">
                <td width="20%" class="indent2">Method</td><td width="80%">GET</td>
            </tr>
              
            <tr bgcolor="#e8e8e8">
                <td width="20%" class="indent2">Evidence</td><td width="80%">660478335</td>
            </tr>
              
  
  
            <tr bgcolor="#e8e8e8">
                <td width="20%" class="indent1">URL</td><td width="80%">https://todoist.com/_next/static/chunks/a52680fc7b32262e6da88792d4c55199e7c7070b.ef1131dd945b73b40945.js</td>
            </tr>
              
            <tr bgcolor="#e8e8e8">
                <td width="20%" class="indent2">Method</td><td width="80%">GET</td>
            </tr>
              
            <tr bgcolor="#e8e8e8">
                <td width="20%" class="indent2">Evidence</td><td width="80%">271733878</td>
            </tr>
              
  
  
            <tr bgcolor="#e8e8e8">
                <td width="20%" class="indent1">URL</td><td width="80%">https://todoist.com/_next/static/chunks/a52680fc7b32262e6da88792d4c55199e7c7070b.ef1131dd945b73b40945.js</td>
            </tr>
              
            <tr bgcolor="#e8e8e8">
                <td width="20%" class="indent2">Method</td><td width="80%">GET</td>
            </tr>
              
            <tr bgcolor="#e8e8e8">
                <td width="20%" class="indent2">Evidence</td><td width="80%">51403784</td>
            </tr>
              
  
  
            <tr bgcolor="#e8e8e8">
                <td width="20%" class="indent1">URL</td><td width="80%">https://todoist.com/_next/static/chunks/a52680fc7b32262e6da88792d4c55199e7c7070b.ef1131dd945b73b40945.js</td>
            </tr>
              
            <tr bgcolor="#e8e8e8">
                <td width="20%" class="indent2">Method</td><td width="80%">GET</td>
            </tr>
              
            <tr bgcolor="#e8e8e8">
                <td width="20%" class="indent2">Evidence</td><td width="80%">1700485571</td>
            </tr>
              
  
  
            <tr bgcolor="#e8e8e8">
                <td width="20%" class="indent1">URL</td><td width="80%">https://todoist.com/API/v8.7/sync</td>
            </tr>
              
            <tr bgcolor="#e8e8e8">
                <td width="20%" class="indent2">Method</td><td width="80%">POST</td>
            </tr>
              
            <tr bgcolor="#e8e8e8">
                <td width="20%" class="indent2">Evidence</td><td width="80%">205325931</td>
            </tr>
              
  
  
            <tr bgcolor="#e8e8e8">
                <td width="20%" class="indent1">URL</td><td width="80%">https://todoist.com/_next/static/chunks/a52680fc7b32262e6da88792d4c55199e7c7070b.ef1131dd945b73b40945.js</td>
            </tr>
              
            <tr bgcolor="#e8e8e8">
                <td width="20%" class="indent2">Method</td><td width="80%">GET</td>
            </tr>
              
            <tr bgcolor="#e8e8e8">
                <td width="20%" class="indent2">Evidence</td><td width="80%">1120210379</td>
            </tr>
              
  
  
            <tr bgcolor="#e8e8e8">
                <td width="20%" class="indent1">URL</td><td width="80%">https://todoist.com/API/v8.7/sync</td>
            </tr>
              
            <tr bgcolor="#e8e8e8">
                <td width="20%" class="indent2">Method</td><td width="80%">POST</td>
            </tr>
              
            <tr bgcolor="#e8e8e8">
                <td width="20%" class="indent2">Evidence</td><td width="80%">61916953</td>
            </tr>
              
  
  
            <tr bgcolor="#e8e8e8">
                <td width="20%" class="indent1">URL</td><td width="80%">https://todoist.com/_next/static/chunks/framework.3105c3e333ee10fd9558.js</td>
            </tr>
              
            <tr bgcolor="#e8e8e8">
                <td width="20%" class="indent2">Method</td><td width="80%">GET</td>
            </tr>
              
            <tr bgcolor="#e8e8e8">
                <td width="20%" class="indent2">Evidence</td><td width="80%">134217727</td>
            </tr>
              
  
  
            <tr bgcolor="#e8e8e8">
                <td width="20%" class="indent1">URL</td><td width="80%">https://todoist.com/_next/static/chunks/a52680fc7b32262e6da88792d4c55199e7c7070b.ef1131dd945b73b40945.js</td>
            </tr>
              
            <tr bgcolor="#e8e8e8">
                <td width="20%" class="indent2">Method</td><td width="80%">GET</td>
            </tr>
              
            <tr bgcolor="#e8e8e8">
                <td width="20%" class="indent2">Evidence</td><td width="80%">198630844</td>
            </tr>
              
  
  
            <tr bgcolor="#e8e8e8">
                <td width="20%" class="indent1">URL</td><td width="80%">https://todoist.com/_next/static/chunks/a52680fc7b32262e6da88792d4c55199e7c7070b.ef1131dd945b73b40945.js</td>
            </tr>
              
            <tr bgcolor="#e8e8e8">
                <td width="20%" class="indent2">Method</td><td width="80%">GET</td>
            </tr>
              
            <tr bgcolor="#e8e8e8">
                <td width="20%" class="indent2">Evidence</td><td width="80%">1502002290</td>
            </tr>
              
  
  
            <tr bgcolor="#e8e8e8">
                <td width="20%" class="indent1">URL</td><td width="80%">https://todoist.com/_next/static/chunks/a52680fc7b32262e6da88792d4c55199e7c7070b.ef1131dd945b73b40945.js</td>
            </tr>
              
            <tr bgcolor="#e8e8e8">
                <td width="20%" class="indent2">Method</td><td width="80%">GET</td>
            </tr>
              
            <tr bgcolor="#e8e8e8">
                <td width="20%" class="indent2">Evidence</td><td width="80%">1732584193</td>
            </tr>
              
  
  
            <tr bgcolor="#e8e8e8">
                <td width="20%" class="indent1">URL</td><td width="80%">https://todoist.com/_next/static/chunks/a52680fc7b32262e6da88792d4c55199e7c7070b.ef1131dd945b73b40945.js</td>
            </tr>
              
            <tr bgcolor="#e8e8e8">
                <td width="20%" class="indent2">Method</td><td width="80%">GET</td>
            </tr>
              
            <tr bgcolor="#e8e8e8">
                <td width="20%" class="indent2">Evidence</td><td width="80%">1473231341</td>
            </tr>
              
  
  
            <tr bgcolor="#e8e8e8">
                <td width="20%" class="indent1">URL</td><td width="80%">https://todoist.com/_next/static/chunks/a52680fc7b32262e6da88792d4c55199e7c7070b.ef1131dd945b73b40945.js</td>
            </tr>
              
            <tr bgcolor="#e8e8e8">
                <td width="20%" class="indent2">Method</td><td width="80%">GET</td>
            </tr>
              
            <tr bgcolor="#e8e8e8">
                <td width="20%" class="indent2">Evidence</td><td width="80%">722521979</td>
            </tr>
              
  
  
            <tr bgcolor="#e8e8e8">
                <td width="20%" class="indent1">URL</td><td width="80%">https://todoist.com/_next/static/chunks/a52680fc7b32262e6da88792d4c55199e7c7070b.ef1131dd945b73b40945.js</td>
            </tr>
              
            <tr bgcolor="#e8e8e8">
                <td width="20%" class="indent2">Method</td><td width="80%">GET</td>
            </tr>
              
            <tr bgcolor="#e8e8e8">
                <td width="20%" class="indent2">Evidence</td><td width="80%">38016083</td>
            </tr>
              
  
  
            <tr bgcolor="#e8e8e8">
                <td width="20%" class="indent1">URL</td><td width="80%">https://todoist.com/_next/static/chunks/a52680fc7b32262e6da88792d4c55199e7c7070b.ef1131dd945b73b40945.js</td>
            </tr>
              
            <tr bgcolor="#e8e8e8">
                <td width="20%" class="indent2">Method</td><td width="80%">GET</td>
            </tr>
              
            <tr bgcolor="#e8e8e8">
                <td width="20%" class="indent2">Evidence</td><td width="80%">1804603682</td>
            </tr>
              
  
  
            <tr bgcolor="#e8e8e8">
                <td width="20%">Instances</td><td width="80%">95</td>
            </tr>
              
            <tr bgcolor="#e8e8e8">
                <td width="20%">Solution</td><td width="80%"><p>Manually confirm that the timestamp data is not sensitive, and that the data cannot be aggregated to disclose exploitable patterns.</p></td>
            </tr>
              
            <tr bgcolor="#e8e8e8">
                <td width="20%">Other information</td><td width="80%"><p>57434055, which evaluates to: 1971-10-27 12:54:15</p></td>
            </tr>
            <TR vAlign="top">
                <TD colspan="2"></TD>
            </TR>
              
            <tr bgcolor="#e8e8e8">
                <td width="20%">Reference</td><td width="80%"><p>http://projects.webappsec.org/w/page/13246936/Information%20Leakage</p></td>
            </tr>
              
            <tr bgcolor="#e8e8e8">
                <td width="20%">CWE Id</td><td width="80%">200</td>
            </tr>
              
            <tr bgcolor="#e8e8e8">
                <td width="20%">WASC Id</td><td width="80%">13</td>
            </tr>
              
            <tr bgcolor="#e8e8e8">
                <td width="20%">Source ID</td><td width="80%">3</td>
            </tr>
            
        </table>
        <div class="spacer"></div>
        <table width="100%" class="results">
              
  
  
  
            <tr height="24" class="risk-info">
                <th width="20%"><a name="info"></a>Informational (Low)</th><th width="80%">Timestamp Disclosure - Unix</th>
            </tr>
              
  
  
  
            <tr bgcolor="#e8e8e8">
                <td width="20%">Description</td><td width="80%"><p>A timestamp was disclosed by the application/web server - Unix</p></td>
            </tr>
            <TR vAlign="top">
                <TD colspan="2"></TD>
            </TR>
              
  
  
            <tr bgcolor="#e8e8e8">
                <td width="20%" class="indent1">URL</td><td width="80%">https://firefox.settings.services.mozilla.com/v1/buckets/security-state/collections/intermediates/records?_expected=1631887048728&amp;_sort=-last_modified&amp;_since=1580831371709</td>
            </tr>
              
            <tr bgcolor="#e8e8e8">
                <td width="20%" class="indent2">Method</td><td width="80%">GET</td>
            </tr>
              
            <tr bgcolor="#e8e8e8">
                <td width="20%" class="indent2">Evidence</td><td width="80%">83964573</td>
            </tr>
              
  
  
            <tr bgcolor="#e8e8e8">
                <td width="20%" class="indent1">URL</td><td width="80%">https://firefox.settings.services.mozilla.com/v1/buckets/blocklists/collections/addons/records?_expected=1604940558744&amp;_sort=-last_modified&amp;_since=1588178650319</td>
            </tr>
              
            <tr bgcolor="#e8e8e8">
                <td width="20%" class="indent2">Method</td><td width="80%">GET</td>
            </tr>
              
            <tr bgcolor="#e8e8e8">
                <td width="20%" class="indent2">Evidence</td><td width="80%">34839545</td>
            </tr>
              
  
  
            <tr bgcolor="#e8e8e8">
                <td width="20%" class="indent1">URL</td><td width="80%">https://firefox.settings.services.mozilla.com/v1/buckets/main/collections/fxmonitor-breaches/records?_expected=1622732735407&amp;_sort=-last_modified</td>
            </tr>
              
            <tr bgcolor="#e8e8e8">
                <td width="20%" class="indent2">Method</td><td width="80%">GET</td>
            </tr>
              
            <tr bgcolor="#e8e8e8">
                <td width="20%" class="indent2">Evidence</td><td width="80%">172869660</td>
            </tr>
              
  
  
            <tr bgcolor="#e8e8e8">
                <td width="20%" class="indent1">URL</td><td width="80%">https://firefox.settings.services.mozilla.com/v1/buckets/main/collections/fxmonitor-breaches/records?_expected=1622732735407&amp;_sort=-last_modified</td>
            </tr>
              
            <tr bgcolor="#e8e8e8">
                <td width="20%" class="indent2">Method</td><td width="80%">GET</td>
            </tr>
              
            <tr bgcolor="#e8e8e8">
                <td width="20%" class="indent2">Evidence</td><td width="80%">30061037</td>
            </tr>
              
  
  
            <tr bgcolor="#e8e8e8">
                <td width="20%" class="indent1">URL</td><td width="80%">https://firefox.settings.services.mozilla.com/v1/buckets/security-state/collections/intermediates/records?_expected=1631887048728&amp;_sort=-last_modified&amp;_since=1580831371709</td>
            </tr>
              
            <tr bgcolor="#e8e8e8">
                <td width="20%" class="indent2">Method</td><td width="80%">GET</td>
            </tr>
              
            <tr bgcolor="#e8e8e8">
                <td width="20%" class="indent2">Evidence</td><td width="80%">75274961</td>
            </tr>
              
  
  
            <tr bgcolor="#e8e8e8">
                <td width="20%" class="indent1">URL</td><td width="80%">https://firefox.settings.services.mozilla.com/v1/buckets/main/collections/fxmonitor-breaches/records?_expected=1622732735407&amp;_sort=-last_modified</td>
            </tr>
              
            <tr bgcolor="#e8e8e8">
                <td width="20%" class="indent2">Method</td><td width="80%">GET</td>
            </tr>
              
            <tr bgcolor="#e8e8e8">
                <td width="20%" class="indent2">Evidence</td><td width="80%">47391665</td>
            </tr>
              
  
  
            <tr bgcolor="#e8e8e8">
                <td width="20%" class="indent1">URL</td><td width="80%">https://firefox.settings.services.mozilla.com/v1/buckets/security-state/collections/intermediates/records?_expected=1631887048728&amp;_sort=-last_modified&amp;_since=1580831371709</td>
            </tr>
              
            <tr bgcolor="#e8e8e8">
                <td width="20%" class="indent2">Method</td><td width="80%">GET</td>
            </tr>
              
            <tr bgcolor="#e8e8e8">
                <td width="20%" class="indent2">Evidence</td><td width="80%">79266315</td>
            </tr>
              
  
  
            <tr bgcolor="#e8e8e8">
                <td width="20%" class="indent1">URL</td><td width="80%">https://firefox.settings.services.mozilla.com/v1/buckets/main/collections/fxmonitor-breaches/records?_expected=1622732735407&amp;_sort=-last_modified</td>
            </tr>
              
            <tr bgcolor="#e8e8e8">
                <td width="20%" class="indent2">Method</td><td width="80%">GET</td>
            </tr>
              
            <tr bgcolor="#e8e8e8">
                <td width="20%" class="indent2">Evidence</td><td width="80%">38471094</td>
            </tr>
              
  
  
            <tr bgcolor="#e8e8e8">
                <td width="20%" class="indent1">URL</td><td width="80%">https://firefox.settings.services.mozilla.com/v1/buckets/main/collections/fxmonitor-breaches/records?_expected=1622732735407&amp;_sort=-last_modified</td>
            </tr>
              
            <tr bgcolor="#e8e8e8">
                <td width="20%" class="indent2">Method</td><td width="80%">GET</td>
            </tr>
              
            <tr bgcolor="#e8e8e8">
                <td width="20%" class="indent2">Evidence</td><td width="80%">20580060</td>
            </tr>
              
  
  
            <tr bgcolor="#e8e8e8">
                <td width="20%" class="indent1">URL</td><td width="80%">https://firefox.settings.services.mozilla.com/v1/buckets/blocklists/collections/addons/records?_expected=1604940558744&amp;_sort=-last_modified&amp;_since=1588178650319</td>
            </tr>
              
            <tr bgcolor="#e8e8e8">
                <td width="20%" class="indent2">Method</td><td width="80%">GET</td>
            </tr>
              
            <tr bgcolor="#e8e8e8">
                <td width="20%" class="indent2">Evidence</td><td width="80%">1744075311</td>
            </tr>
              
  
  
            <tr bgcolor="#e8e8e8">
                <td width="20%" class="indent1">URL</td><td width="80%">https://firefox.settings.services.mozilla.com/v1/buckets/main/collections/fxmonitor-breaches/records?_expected=1622732735407&amp;_sort=-last_modified</td>
            </tr>
              
            <tr bgcolor="#e8e8e8">
                <td width="20%" class="indent2">Method</td><td width="80%">GET</td>
            </tr>
              
            <tr bgcolor="#e8e8e8">
                <td width="20%" class="indent2">Evidence</td><td width="80%">12115583</td>
            </tr>
              
  
  
            <tr bgcolor="#e8e8e8">
                <td width="20%" class="indent1">URL</td><td width="80%">https://firefox.settings.services.mozilla.com/v1/buckets/security-state/collections/intermediates/records?_expected=1631887048728&amp;_sort=-last_modified&amp;_since=1580831371709</td>
            </tr>
              
            <tr bgcolor="#e8e8e8">
                <td width="20%" class="indent2">Method</td><td width="80%">GET</td>
            </tr>
              
            <tr bgcolor="#e8e8e8">
                <td width="20%" class="indent2">Evidence</td><td width="80%">06523722</td>
            </tr>
              
  
  
            <tr bgcolor="#e8e8e8">
                <td width="20%" class="indent1">URL</td><td width="80%">https://firefox.settings.services.mozilla.com/v1/buckets/security-state/collections/intermediates/records?_expected=1631887048728&amp;_sort=-last_modified&amp;_since=1580831371709</td>
            </tr>
              
            <tr bgcolor="#e8e8e8">
                <td width="20%" class="indent2">Method</td><td width="80%">GET</td>
            </tr>
              
            <tr bgcolor="#e8e8e8">
                <td width="20%" class="indent2">Evidence</td><td width="80%">32062381</td>
            </tr>
              
  
  
            <tr bgcolor="#e8e8e8">
                <td width="20%" class="indent1">URL</td><td width="80%">https://firefox.settings.services.mozilla.com/v1/buckets/main/collections/fxmonitor-breaches/records?_expected=1622732735407&amp;_sort=-last_modified</td>
            </tr>
              
            <tr bgcolor="#e8e8e8">
                <td width="20%" class="indent2">Method</td><td width="80%">GET</td>
            </tr>
              
            <tr bgcolor="#e8e8e8">
                <td width="20%" class="indent2">Evidence</td><td width="80%">91890110</td>
            </tr>
              
  
  
            <tr bgcolor="#e8e8e8">
                <td width="20%" class="indent1">URL</td><td width="80%">https://firefox.settings.services.mozilla.com/v1/buckets/main/collections/fxmonitor-breaches/records?_expected=1622732735407&amp;_sort=-last_modified</td>
            </tr>
              
            <tr bgcolor="#e8e8e8">
                <td width="20%" class="indent2">Method</td><td width="80%">GET</td>
            </tr>
              
            <tr bgcolor="#e8e8e8">
                <td width="20%" class="indent2">Evidence</td><td width="80%">131577763</td>
            </tr>
              
  
  
            <tr bgcolor="#e8e8e8">
                <td width="20%" class="indent1">URL</td><td width="80%">https://firefox.settings.services.mozilla.com/v1/buckets/security-state/collections/intermediates/records?_expected=1631887048728&amp;_sort=-last_modified&amp;_since=1580831371709</td>
            </tr>
              
            <tr bgcolor="#e8e8e8">
                <td width="20%" class="indent2">Method</td><td width="80%">GET</td>
            </tr>
              
            <tr bgcolor="#e8e8e8">
                <td width="20%" class="indent2">Evidence</td><td width="80%">62420655</td>
            </tr>
              
  
  
            <tr bgcolor="#e8e8e8">
                <td width="20%" class="indent1">URL</td><td width="80%">https://firefox.settings.services.mozilla.com/v1/buckets/blocklists/collections/addons/records?_expected=1604940558744&amp;_sort=-last_modified&amp;_since=1588178650319</td>
            </tr>
              
            <tr bgcolor="#e8e8e8">
                <td width="20%" class="indent2">Method</td><td width="80%">GET</td>
            </tr>
              
            <tr bgcolor="#e8e8e8">
                <td width="20%" class="indent2">Evidence</td><td width="80%">1686967414</td>
            </tr>
              
  
  
            <tr bgcolor="#e8e8e8">
                <td width="20%" class="indent1">URL</td><td width="80%">https://firefox.settings.services.mozilla.com/v1/buckets/main/collections/fxmonitor-breaches/records?_expected=1622732735407&amp;_sort=-last_modified</td>
            </tr>
              
            <tr bgcolor="#e8e8e8">
                <td width="20%" class="indent2">Method</td><td width="80%">GET</td>
            </tr>
              
            <tr bgcolor="#e8e8e8">
                <td width="20%" class="indent2">Evidence</td><td width="80%">19531820</td>
            </tr>
              
  
  
            <tr bgcolor="#e8e8e8">
                <td width="20%" class="indent1">URL</td><td width="80%">https://firefox.settings.services.mozilla.com/v1/buckets/main/collections/fxmonitor-breaches/records?_expected=1622732735407&amp;_sort=-last_modified</td>
            </tr>
              
            <tr bgcolor="#e8e8e8">
                <td width="20%" class="indent2">Method</td><td width="80%">GET</td>
            </tr>
              
            <tr bgcolor="#e8e8e8">
                <td width="20%" class="indent2">Evidence</td><td width="80%">169746810</td>
            </tr>
              
  
  
            <tr bgcolor="#e8e8e8">
                <td width="20%" class="indent1">URL</td><td width="80%">https://firefox.settings.services.mozilla.com/v1/buckets/security-state/collections/intermediates/records?_expected=1631887048728&amp;_sort=-last_modified&amp;_since=1580831371709</td>
            </tr>
              
            <tr bgcolor="#e8e8e8">
                <td width="20%" class="indent2">Method</td><td width="80%">GET</td>
            </tr>
              
            <tr bgcolor="#e8e8e8">
                <td width="20%" class="indent2">Evidence</td><td width="80%">77285945</td>
            </tr>
              
  
  
            <tr bgcolor="#e8e8e8">
                <td width="20%">Instances</td><td width="80%">219</td>
            </tr>
              
            <tr bgcolor="#e8e8e8">
                <td width="20%">Solution</td><td width="80%"><p>Manually confirm that the timestamp data is not sensitive, and that the data cannot be aggregated to disclose exploitable patterns.</p></td>
            </tr>
              
            <tr bgcolor="#e8e8e8">
                <td width="20%">Other information</td><td width="80%"><p>83964573, which evaluates to: 1972-08-29 14:29:33</p></td>
            </tr>
            <TR vAlign="top">
                <TD colspan="2"></TD>
            </TR>
              
            <tr bgcolor="#e8e8e8">
                <td width="20%">Reference</td><td width="80%"><p>http://projects.webappsec.org/w/page/13246936/Information%20Leakage</p></td>
            </tr>
              
            <tr bgcolor="#e8e8e8">
                <td width="20%">CWE Id</td><td width="80%">200</td>
            </tr>
              
            <tr bgcolor="#e8e8e8">
                <td width="20%">WASC Id</td><td width="80%">13</td>
            </tr>
              
            <tr bgcolor="#e8e8e8">
                <td width="20%">Source ID</td><td width="80%">3</td>
            </tr>
            
        </table>
        <div class="spacer"></div>
        <table width="100%" class="results">
              
  
  
  
            <tr height="24" class="risk-info">
                <th width="20%"><a name="info"></a>Informational (Medium)</th><th width="80%">User Agent Fuzzer</th>
            </tr>
              
  
  
  
            <tr bgcolor="#e8e8e8">
                <td width="20%">Description</td><td width="80%"><p>Check for differences in response based on fuzzed User Agent (eg. mobile sites, access as a Search Engine Crawler). Compares the response statuscode and the hashcode of the response body with the original response.</p></td>
            </tr>
            <TR vAlign="top">
                <TD colspan="2"></TD>
            </TR>
              
  
  
            <tr bgcolor="#e8e8e8">
                <td width="20%" class="indent1">URL</td><td width="80%">https://todoist.com/users/showlogin</td>
            </tr>
              
            <tr bgcolor="#e8e8e8">
                <td width="20%" class="indent2">Method</td><td width="80%">GET</td>
            </tr>
              
            <tr bgcolor="#e8e8e8">
                <td width="20%" class="indent2">Parameter</td><td width="80%">Header User-Agent</td>
            </tr>
              
            <tr bgcolor="#e8e8e8">
                <td width="20%" class="indent2">Attack</td><td width="80%">Mozilla/5.0 (iPhone; U; CPU iPhone OS 3_0 like Mac OS X; en-us) AppleWebKit/528.18 (KHTML, like Gecko) Version/4.0 Mobile/7A341 Safari/528.16</td>
            </tr>
              
  
  
            <tr bgcolor="#e8e8e8">
                <td width="20%" class="indent1">URL</td><td width="80%">https://todoist.com/sync</td>
            </tr>
              
            <tr bgcolor="#e8e8e8">
                <td width="20%" class="indent2">Method</td><td width="80%">GET</td>
            </tr>
              
            <tr bgcolor="#e8e8e8">
                <td width="20%" class="indent2">Parameter</td><td width="80%">Header User-Agent</td>
            </tr>
              
            <tr bgcolor="#e8e8e8">
                <td width="20%" class="indent2">Attack</td><td width="80%">Mozilla/4.0 (compatible; MSIE 6.0; Windows NT 5.1)</td>
            </tr>
              
  
  
            <tr bgcolor="#e8e8e8">
                <td width="20%" class="indent1">URL</td><td width="80%">https://todoist.com/Users</td>
            </tr>
              
            <tr bgcolor="#e8e8e8">
                <td width="20%" class="indent2">Method</td><td width="80%">GET</td>
            </tr>
              
            <tr bgcolor="#e8e8e8">
                <td width="20%" class="indent2">Parameter</td><td width="80%">Header User-Agent</td>
            </tr>
              
            <tr bgcolor="#e8e8e8">
                <td width="20%" class="indent2">Attack</td><td width="80%">Mozilla/4.0 (compatible; MSIE 6.0; Windows NT 5.1)</td>
            </tr>
              
  
  
            <tr bgcolor="#e8e8e8">
                <td width="20%" class="indent1">URL</td><td width="80%">https://todoist.com/API</td>
            </tr>
              
            <tr bgcolor="#e8e8e8">
                <td width="20%" class="indent2">Method</td><td width="80%">GET</td>
            </tr>
              
            <tr bgcolor="#e8e8e8">
                <td width="20%" class="indent2">Parameter</td><td width="80%">Header User-Agent</td>
            </tr>
              
            <tr bgcolor="#e8e8e8">
                <td width="20%" class="indent2">Attack</td><td width="80%">Mozilla/4.0 (compatible; MSIE 7.0; Windows NT 6.0)</td>
            </tr>
              
  
  
            <tr bgcolor="#e8e8e8">
                <td width="20%" class="indent1">URL</td><td width="80%">https://todoist.com/static</td>
            </tr>
              
            <tr bgcolor="#e8e8e8">
                <td width="20%" class="indent2">Method</td><td width="80%">GET</td>
            </tr>
              
            <tr bgcolor="#e8e8e8">
                <td width="20%" class="indent2">Parameter</td><td width="80%">Header User-Agent</td>
            </tr>
              
            <tr bgcolor="#e8e8e8">
                <td width="20%" class="indent2">Attack</td><td width="80%">msnbot/1.1 (+http://search.msn.com/msnbot.htm)</td>
            </tr>
              
  
  
            <tr bgcolor="#e8e8e8">
                <td width="20%" class="indent1">URL</td><td width="80%">https://todoist.com/</td>
            </tr>
              
            <tr bgcolor="#e8e8e8">
                <td width="20%" class="indent2">Method</td><td width="80%">GET</td>
            </tr>
              
            <tr bgcolor="#e8e8e8">
                <td width="20%" class="indent2">Parameter</td><td width="80%">Header User-Agent</td>
            </tr>
              
            <tr bgcolor="#e8e8e8">
                <td width="20%" class="indent2">Attack</td><td width="80%">Mozilla/4.0 (compatible; MSIE 7.0; Windows NT 6.0)</td>
            </tr>
              
  
  
            <tr bgcolor="#e8e8e8">
                <td width="20%" class="indent1">URL</td><td width="80%">https://todoist.com/_next</td>
            </tr>
              
            <tr bgcolor="#e8e8e8">
                <td width="20%" class="indent2">Method</td><td width="80%">GET</td>
            </tr>
              
            <tr bgcolor="#e8e8e8">
                <td width="20%" class="indent2">Parameter</td><td width="80%">Header User-Agent</td>
            </tr>
              
            <tr bgcolor="#e8e8e8">
                <td width="20%" class="indent2">Attack</td><td width="80%">Mozilla/4.0 (compatible; MSIE 8.0; Windows NT 6.1)</td>
            </tr>
              
  
  
            <tr bgcolor="#e8e8e8">
                <td width="20%" class="indent1">URL</td><td width="80%">https://todoist.com/app/</td>
            </tr>
              
            <tr bgcolor="#e8e8e8">
                <td width="20%" class="indent2">Method</td><td width="80%">GET</td>
            </tr>
              
            <tr bgcolor="#e8e8e8">
                <td width="20%" class="indent2">Parameter</td><td width="80%">Header User-Agent</td>
            </tr>
              
            <tr bgcolor="#e8e8e8">
                <td width="20%" class="indent2">Attack</td><td width="80%">Mozilla/4.0 (compatible; MSIE 6.0; Windows NT 5.1)</td>
            </tr>
              
  
  
            <tr bgcolor="#e8e8e8">
                <td width="20%" class="indent1">URL</td><td width="80%">https://todoist.com/sync</td>
            </tr>
              
            <tr bgcolor="#e8e8e8">
                <td width="20%" class="indent2">Method</td><td width="80%">GET</td>
            </tr>
              
            <tr bgcolor="#e8e8e8">
                <td width="20%" class="indent2">Parameter</td><td width="80%">Header User-Agent</td>
            </tr>
              
            <tr bgcolor="#e8e8e8">
                <td width="20%" class="indent2">Attack</td><td width="80%">Mozilla/5.0 (compatible; Googlebot/2.1; +http://www.google.com/bot.html)</td>
            </tr>
              
  
  
            <tr bgcolor="#e8e8e8">
                <td width="20%" class="indent1">URL</td><td width="80%">https://todoist.com/users/showlogin</td>
            </tr>
              
            <tr bgcolor="#e8e8e8">
                <td width="20%" class="indent2">Method</td><td width="80%">GET</td>
            </tr>
              
            <tr bgcolor="#e8e8e8">
                <td width="20%" class="indent2">Parameter</td><td width="80%">Header User-Agent</td>
            </tr>
              
            <tr bgcolor="#e8e8e8">
                <td width="20%" class="indent2">Attack</td><td width="80%">Mozilla/4.0 (compatible; MSIE 8.0; Windows NT 6.1)</td>
            </tr>
              
  
  
            <tr bgcolor="#e8e8e8">
                <td width="20%" class="indent1">URL</td><td width="80%">https://todoist.com/API/v8.7/sync</td>
            </tr>
              
            <tr bgcolor="#e8e8e8">
                <td width="20%" class="indent2">Method</td><td width="80%">POST</td>
            </tr>
              
            <tr bgcolor="#e8e8e8">
                <td width="20%" class="indent2">Parameter</td><td width="80%">Header User-Agent</td>
            </tr>
              
            <tr bgcolor="#e8e8e8">
                <td width="20%" class="indent2">Attack</td><td width="80%">Mozilla/4.0 (compatible; MSIE 8.0; Windows NT 6.1)</td>
            </tr>
              
  
  
            <tr bgcolor="#e8e8e8">
                <td width="20%" class="indent1">URL</td><td width="80%">https://todoist.com/app</td>
            </tr>
              
            <tr bgcolor="#e8e8e8">
                <td width="20%" class="indent2">Method</td><td width="80%">GET</td>
            </tr>
              
            <tr bgcolor="#e8e8e8">
                <td width="20%" class="indent2">Parameter</td><td width="80%">Header User-Agent</td>
            </tr>
              
            <tr bgcolor="#e8e8e8">
                <td width="20%" class="indent2">Attack</td><td width="80%">Mozilla/4.0 (compatible; MSIE 7.0; Windows NT 6.0)</td>
            </tr>
              
  
  
            <tr bgcolor="#e8e8e8">
                <td width="20%" class="indent1">URL</td><td width="80%">https://todoist.com/Users/login</td>
            </tr>
              
            <tr bgcolor="#e8e8e8">
                <td width="20%" class="indent2">Method</td><td width="80%">POST</td>
            </tr>
              
            <tr bgcolor="#e8e8e8">
                <td width="20%" class="indent2">Parameter</td><td width="80%">Header User-Agent</td>
            </tr>
              
            <tr bgcolor="#e8e8e8">
                <td width="20%" class="indent2">Attack</td><td width="80%">Mozilla/5.0 (compatible; Googlebot/2.1; +http://www.google.com/bot.html)</td>
            </tr>
              
  
  
            <tr bgcolor="#e8e8e8">
                <td width="20%" class="indent1">URL</td><td width="80%">https://todoist.com/app</td>
            </tr>
              
            <tr bgcolor="#e8e8e8">
                <td width="20%" class="indent2">Method</td><td width="80%">GET</td>
            </tr>
              
            <tr bgcolor="#e8e8e8">
                <td width="20%" class="indent2">Parameter</td><td width="80%">Header User-Agent</td>
            </tr>
              
            <tr bgcolor="#e8e8e8">
                <td width="20%" class="indent2">Attack</td><td width="80%">Mozilla/4.0 (compatible; MSIE 8.0; Windows NT 6.1)</td>
            </tr>
              
  
  
            <tr bgcolor="#e8e8e8">
                <td width="20%" class="indent1">URL</td><td width="80%">https://todoist.com/users/showlogin</td>
            </tr>
              
            <tr bgcolor="#e8e8e8">
                <td width="20%" class="indent2">Method</td><td width="80%">GET</td>
            </tr>
              
            <tr bgcolor="#e8e8e8">
                <td width="20%" class="indent2">Parameter</td><td width="80%">Header User-Agent</td>
            </tr>
              
            <tr bgcolor="#e8e8e8">
                <td width="20%" class="indent2">Attack</td><td width="80%">Mozilla/5.0 (compatible; Yahoo! Slurp; http://help.yahoo.com/help/us/ysearch/slurp)</td>
            </tr>
              
  
  
            <tr bgcolor="#e8e8e8">
                <td width="20%" class="indent1">URL</td><td width="80%">https://todoist.com/app</td>
            </tr>
              
            <tr bgcolor="#e8e8e8">
                <td width="20%" class="indent2">Method</td><td width="80%">GET</td>
            </tr>
              
            <tr bgcolor="#e8e8e8">
                <td width="20%" class="indent2">Parameter</td><td width="80%">Header User-Agent</td>
            </tr>
              
            <tr bgcolor="#e8e8e8">
                <td width="20%" class="indent2">Attack</td><td width="80%">Mozilla/5.0 (iPhone; U; CPU iPhone OS 3_0 like Mac OS X; en-us) AppleWebKit/528.18 (KHTML, like Gecko) Version/4.0 Mobile/7A341 Safari/528.16</td>
            </tr>
              
  
  
            <tr bgcolor="#e8e8e8">
                <td width="20%" class="indent1">URL</td><td width="80%">https://todoist.com/API/v8.7/sync</td>
            </tr>
              
            <tr bgcolor="#e8e8e8">
                <td width="20%" class="indent2">Method</td><td width="80%">POST</td>
            </tr>
              
            <tr bgcolor="#e8e8e8">
                <td width="20%" class="indent2">Parameter</td><td width="80%">Header User-Agent</td>
            </tr>
              
            <tr bgcolor="#e8e8e8">
                <td width="20%" class="indent2">Attack</td><td width="80%">Mozilla/4.0 (compatible; MSIE 7.0; Windows NT 6.0)</td>
            </tr>
              
  
  
            <tr bgcolor="#e8e8e8">
                <td width="20%" class="indent1">URL</td><td width="80%">https://todoist.com/API/v8.7/sync</td>
            </tr>
              
            <tr bgcolor="#e8e8e8">
                <td width="20%" class="indent2">Method</td><td width="80%">POST</td>
            </tr>
              
            <tr bgcolor="#e8e8e8">
                <td width="20%" class="indent2">Parameter</td><td width="80%">Header User-Agent</td>
            </tr>
              
            <tr bgcolor="#e8e8e8">
                <td width="20%" class="indent2">Attack</td><td width="80%">Mozilla/5.0 (iPhone; U; CPU iPhone OS 3_0 like Mac OS X; en-us) AppleWebKit/528.18 (KHTML, like Gecko) Version/4.0 Mobile/7A341 Safari/528.16</td>
            </tr>
              
  
  
            <tr bgcolor="#e8e8e8">
                <td width="20%" class="indent1">URL</td><td width="80%">https://todoist.com/Users/login</td>
            </tr>
              
            <tr bgcolor="#e8e8e8">
                <td width="20%" class="indent2">Method</td><td width="80%">POST</td>
            </tr>
              
            <tr bgcolor="#e8e8e8">
                <td width="20%" class="indent2">Parameter</td><td width="80%">Header User-Agent</td>
            </tr>
              
            <tr bgcolor="#e8e8e8">
                <td width="20%" class="indent2">Attack</td><td width="80%">Mozilla/4.0 (compatible; MSIE 6.0; Windows NT 5.1)</td>
            </tr>
              
  
  
            <tr bgcolor="#e8e8e8">
                <td width="20%" class="indent1">URL</td><td width="80%">https://todoist.com/Users/login</td>
            </tr>
              
            <tr bgcolor="#e8e8e8">
                <td width="20%" class="indent2">Method</td><td width="80%">POST</td>
            </tr>
              
            <tr bgcolor="#e8e8e8">
                <td width="20%" class="indent2">Parameter</td><td width="80%">Header User-Agent</td>
            </tr>
              
            <tr bgcolor="#e8e8e8">
                <td width="20%" class="indent2">Attack</td><td width="80%">Mozilla/4.0 (compatible; MSIE 7.0; Windows NT 6.0)</td>
            </tr>
              
  
  
            <tr bgcolor="#e8e8e8">
                <td width="20%">Instances</td><td width="80%">98</td>
            </tr>
              
            <tr bgcolor="#e8e8e8">
                <td width="20%">Solution</td><td width="80%"><p></p></td>
            </tr>
              
            <tr bgcolor="#e8e8e8">
                <td width="20%">Reference</td><td width="80%"><p>https://owasp.org/wstg</p></td>
            </tr>
              
            <tr bgcolor="#e8e8e8">
                <td width="20%">Source ID</td><td width="80%">1</td>
            </tr>
            
        </table>
    </body>
</html>

Response, Code: 200
]]></system-out>
  <system-err><![CDATA[]]></system-err>
</testsuite>
